Using pre-set license
Built from '2022.3/staging' branch; Version is '2022.3.9f1 (ea401c316338) revision 15351836'; Using compiler version '192829333'; Build Type 'Release'
OS: 'Windows 10  (10.0.19045) 64bit Enterprise' Language: 'en' Physical Memory: 32477 MB
BatchMode: 1, IsHumanControllingUs: 0, StartBugReporterOnCrash: 0, Is64bit: 1, IsPro: 1

COMMAND LINE ARGUMENTS:
C:\Program Files\Unity 2022.3.9f1\Editor\Unity.exe
-adb2
-batchMode
-noUpm
-name
AssetImportWorker2
-projectPath
C:/Users/A00297278/Desktop/GameForJohn
-logFile
Logs/AssetImportWorker2.log
-srvPort
51377
Successfully changed project path to: C:/Users/A00297278/Desktop/GameForJohn
C:/Users/A00297278/Desktop/GameForJohn
[UnityMemory] Configuration Parameters - Can be set up in boot.config
    "memorysetup-bucket-allocator-granularity=16"
    "memorysetup-bucket-allocator-bucket-count=8"
    "memorysetup-bucket-allocator-block-size=33554432"
    "memorysetup-bucket-allocator-block-count=8"
    "memorysetup-main-allocator-block-size=16777216"
    "memorysetup-thread-allocator-block-size=16777216"
    "memorysetup-gfx-main-allocator-block-size=16777216"
    "memorysetup-gfx-thread-allocator-block-size=16777216"
    "memorysetup-cache-allocator-block-size=4194304"
    "memorysetup-typetree-allocator-block-size=2097152"
    "memorysetup-profiler-bucket-allocator-granularity=16"
    "memorysetup-profiler-bucket-allocator-bucket-count=8"
    "memorysetup-profiler-bucket-allocator-block-size=33554432"
    "memorysetup-profiler-bucket-allocator-block-count=8"
    "memorysetup-profiler-allocator-block-size=16777216"
    "memorysetup-profiler-editor-allocator-block-size=1048576"
    "memorysetup-temp-allocator-size-main=16777216"
    "memorysetup-job-temp-allocator-block-size=2097152"
    "memorysetup-job-temp-allocator-block-size-background=1048576"
    "memorysetup-job-temp-allocator-reduction-small-platforms=262144"
    "memorysetup-allocator-temp-initial-block-size-main=262144"
    "memorysetup-allocator-temp-initial-block-size-worker=262144"
    "memorysetup-temp-allocator-size-background-worker=32768"
    "memorysetup-temp-allocator-size-job-worker=262144"
    "memorysetup-temp-allocator-size-preload-manager=33554432"
    "memorysetup-temp-allocator-size-nav-mesh-worker=65536"
    "memorysetup-temp-allocator-size-audio-worker=65536"
    "memorysetup-temp-allocator-size-cloud-worker=32768"
    "memorysetup-temp-allocator-size-gi-baking-worker=262144"
    "memorysetup-temp-allocator-size-gfx=262144"
Player connection [2088] Host "[IP] 192.168.23.167 [Port] 0 [Flags] 2 [Guid] 2056915517 [EditorId] 2056915517 [Version] 1048832 [Id] WindowsEditor(7,AT-X207-22) [Debug] 1 [PackageName] WindowsEditor [ProjectName] Editor" joined multi-casting on [225.0.0.222:54997]...

Player connection [2088] Host "[IP] 192.168.23.167 [Port] 0 [Flags] 2 [Guid] 2056915517 [EditorId] 2056915517 [Version] 1048832 [Id] WindowsEditor(7,AT-X207-22) [Debug] 1 [PackageName] WindowsEditor [ProjectName] Editor" joined alternative multi-casting on [225.0.0.222:34997]...

[Physics::Module] Initialized MultithreadedJobDispatcher with 19 workers.
Refreshing native plugins compatible for Editor in 18.06 ms, found 12 plugins.
Preloading 1 native plugins for Editor in 0.45 ms.
Initialize engine version: 2022.3.9f1 (ea401c316338)
[Subsystems] Discovering subsystems at path C:/Program Files/Unity 2022.3.9f1/Editor/Data/Resources/UnitySubsystems
[Subsystems] Discovering subsystems at path C:/Users/A00297278/Desktop/GameForJohn/Assets
GfxDevice: creating device client; threaded=0; jobified=0
Direct3D:
    Version:  Direct3D 11.0 [level 11.1]
    Renderer: NVIDIA GeForce RTX 3080 (ID=0x2216)
    Vendor:   NVIDIA
    VRAM:     10067 MB
    Driver:   31.0.15.3619
Initialize mono
Mono path[0] = 'C:/Program Files/Unity 2022.3.9f1/Editor/Data/Managed'
Mono path[1] = 'C:/Program Files/Unity 2022.3.9f1/Editor/Data/MonoBleedingEdge/lib/mono/unityjit-win32'
Mono config path = 'C:/Program Files/Unity 2022.3.9f1/Editor/Data/MonoBleedingEdge/etc'
Using monoOptions --debugger-agent=transport=dt_socket,embedding=1,server=y,suspend=n,address=127.0.0.1:56136
Begin MonoManager ReloadAssembly
Registering precompiled unity dll's ...
Register platform support module: C:/Program Files/Unity 2022.3.9f1/Editor/Data/PlaybackEngines/WindowsStandaloneSupport/UnityEditor.WindowsStandalone.Extensions.dll
Registered in 0.005711 seconds.
- Loaded All Assemblies, in  0.339 seconds
Native extension for WindowsStandalone target not found
Mono: successfully reloaded assembly
- Finished resetting the current domain, in  0.238 seconds
Domain Reload Profiling: 576ms
	BeginReloadAssembly (104ms)
		ExecutionOrderSort (0ms)
		DisableScriptedObjects (0ms)
		BackupInstance (0ms)
		ReleaseScriptingObjects (0ms)
		CreateAndSetChildDomain (1ms)
	RebuildCommonClasses (38ms)
	RebuildNativeTypeToScriptingClass (10ms)
	initialDomainReloadingComplete (51ms)
	LoadAllAssembliesAndSetupDomain (135ms)
		LoadAssemblies (101ms)
		RebuildTransferFunctionScriptingTraits (0ms)
		AnalyzeDomain (133ms)
			TypeCache.Refresh (132ms)
				TypeCache.ScanAssembly (118ms)
			ScanForSourceGeneratedMonoScriptInfo (0ms)
			ResolveRequiredComponents (0ms)
	FinalizeReload (238ms)
		ReleaseScriptCaches (0ms)
		RebuildScriptCaches (0ms)
		SetupLoadedEditorAssemblies (180ms)
			LogAssemblyErrors (0ms)
			InitializePlatformSupportModulesInManaged (8ms)
			SetLoadedEditorAssemblies (7ms)
			RefreshPlugins (0ms)
			BeforeProcessingInitializeOnLoad (2ms)
			ProcessInitializeOnLoadAttributes (119ms)
			ProcessInitializeOnLoadMethodAttributes (44ms)
			AfterProcessingInitializeOnLoad (0ms)
			EditorAssembliesLoaded (0ms)
		ExecutionOrderSort2 (0ms)
		AwakeInstancesAfterBackupRestoration (0ms)
========================================================================
Worker process is ready to serve import requests
Begin MonoManager ReloadAssembly
- Loaded All Assemblies, in  0.660 seconds
Refreshing native plugins compatible for Editor in 11.65 ms, found 12 plugins.
Native extension for WindowsStandalone target not found
Package Manager log level set to [2]
[Package Manager] Server::EnsureServerProcessIsRunning -- launch failed, reason: Unity was launched with the -noUpm command-line argument
[Package Manager] UpmClient::Send -- Unable to send message (not connected to UPM process).
[Package Manager] Cannot connect to Unity Package Manager local server
[Package Manager] Server::EnsureServerProcessIsRunning -- launch failed, reason: Unity was launched with the -noUpm command-line argument
[Package Manager] UpmClient::Send -- Unable to send message (not connected to UPM process).
[Package Manager] Cannot connect to Unity Package Manager local server
System.Reflection.TargetInvocationException: Exception has been thrown by the target of an invocation. ---> System.NullReferenceException: Object reference not set to an instance of an object
  at Unity.XR.Oculus.OculusLoader.AssetPathToAbsolutePath (System.String assetPath) [0x0003d] in .\Library\PackageCache\com.unity.xr.oculus@4.0.0\Runtime\OculusLoader.cs:282 
  at Unity.XR.Oculus.OculusLoader.EditorLoadOVRPlugin () [0x0007b] in .\Library\PackageCache\com.unity.xr.oculus@4.0.0\Runtime\OculusLoader.cs:267 
  at (wrapper managed-to-native) System.Reflection.RuntimeMethodInfo.InternalInvoke(System.Reflection.RuntimeMethodInfo,object,object[],System.Exception&)
  at System.Reflection.RuntimeMethodInfo.Invoke (System.Object obj, System.Reflection.BindingFlags invokeAttr, System.Reflection.Binder binder, System.Object[] parameters, System.Globalization.CultureInfo culture) [0x0006a] in <787acc3c9a4c471ba7d971300105af24>:0 
   --- End of inner exception stack trace ---
  at System.Reflection.RuntimeMethodInfo.Invoke (System.Object obj, System.Reflection.BindingFlags invokeAttr, System.Reflection.Binder binder, System.Object[] parameters, System.Globalization.CultureInfo culture) [0x00083] in <787acc3c9a4c471ba7d971300105af24>:0 
  at System.Reflection.MethodBase.Invoke (System.Object obj, System.Object[] parameters) [0x00000] in <787acc3c9a4c471ba7d971300105af24>:0 
  at UnityEditor.EditorAssemblies.ProcessInitializeOnLoadMethodAttributes () [0x000a5] in <2e279d988b9d4542841de511fbfdf8c2>:0 
UnityEngine.StackTraceUtility:ExtractStackTrace ()
UnityEngine.DebugLogHandler:LogFormat (UnityEngine.LogType,UnityEngine.Object,string,object[])
UnityEngine.Logger:Log (UnityEngine.LogType,object)
UnityEngine.Debug:LogError (object)
UnityEditor.EditorAssemblies:ProcessInitializeOnLoadMethodAttributes ()

Mono: successfully reloaded assembly
[Package Manager] Server::EnsureServerProcessIsRunning -- launch failed, reason: Unity was launched with the -noUpm command-line argument
[Package Manager] UpmClient::Send -- Unable to send message (not connected to UPM process).
[Package Manager] Cannot connect to Unity Package Manager local server
[Package Manager] Server::EnsureServerProcessIsRunning -- launch failed, reason: Unity was launched with the -noUpm command-line argument
[Package Manager] UpmClient::Send -- Unable to send message (not connected to UPM process).
[Package Manager] Cannot connect to Unity Package Manager local server
- Finished resetting the current domain, in  0.634 seconds
Domain Reload Profiling: 1291ms
	BeginReloadAssembly (146ms)
		ExecutionOrderSort (0ms)
		DisableScriptedObjects (5ms)
		BackupInstance (0ms)
		ReleaseScriptingObjects (0ms)
		CreateAndSetChildDomain (24ms)
	RebuildCommonClasses (32ms)
	RebuildNativeTypeToScriptingClass (13ms)
	initialDomainReloadingComplete (38ms)
	LoadAllAssembliesAndSetupDomain (428ms)
		LoadAssemblies (295ms)
		RebuildTransferFunctionScriptingTraits (0ms)
		AnalyzeDomain (216ms)
			TypeCache.Refresh (181ms)
				TypeCache.ScanAssembly (159ms)
			ScanForSourceGeneratedMonoScriptInfo (25ms)
			ResolveRequiredComponents (8ms)
	FinalizeReload (635ms)
		ReleaseScriptCaches (0ms)
		RebuildScriptCaches (0ms)
		SetupLoadedEditorAssemblies (474ms)
			LogAssemblyErrors (0ms)
			InitializePlatformSupportModulesInManaged (5ms)
			SetLoadedEditorAssemblies (3ms)
			RefreshPlugins (0ms)
			BeforeProcessingInitializeOnLoad (71ms)
			ProcessInitializeOnLoadAttributes (343ms)
			ProcessInitializeOnLoadMethodAttributes (48ms)
			AfterProcessingInitializeOnLoad (5ms)
			EditorAssembliesLoaded (0ms)
		ExecutionOrderSort2 (0ms)
		AwakeInstancesAfterBackupRestoration (6ms)
Launched and connected shader compiler UnityShaderCompiler.exe after 0.04 seconds
Refreshing native plugins compatible for Editor in 21.42 ms, found 12 plugins.
Preloading 1 native plugins for Editor in 0.11 ms.
Unloading 4675 Unused Serialized files (Serialized files now loaded: 0)
Unloading 76 unused Assets / (75.1 KB). Loaded Objects now: 5165.
Memory consumption went from 156.8 MB to 156.7 MB.
Total: 4.499800 ms (FindLiveObjects: 0.472800 ms CreateObjectMapping: 0.294200 ms MarkObjects: 3.568600 ms  DeleteObjects: 0.162600 ms)

AssetImportParameters requested are different than current active one (requested -> active):
  custom:container-demuxer-ogg: 62fdf1f143b41e24485cea50d1cbac27 -> 
  custom:video-decoder-ogg-theora: a1e56fd34408186e4bbccfd4996cb3dc -> 
  custom:framework-win-MediaFoundation: 216162199b28c13a410421893ffa2e32 -> 
  custom:container-demuxer-webm: 4f35f7cbe854078d1ac9338744f61a02 -> 
  custom:container-muxer-webm: aa71ff27fc2769a1b78a27578f13a17b -> 
  custom:video-decoder-webm-vp8: 9c59270c3fd7afecdb556c50c9e8de78 -> 
  custom:SearchIndexIgnoredProperties: e643bd26f0fe6173181afceb89e7c659 -> 
  custom:AudioImporter_EditorPlatform: d09bf68614088b80899f8185d706f6e7 -> 
  custom:video-encoder-webm-vp8: eb34c28f22e8b96e1ab97ce403110664 -> 
  custom:audio-decoder-ogg-vorbis: bf7c407c2cedff20999df2af8eb42d56 -> 
  custom:audio-encoder-webm-vorbis: bf7c407c2cedff20999df2af8eb42d56 -> 
========================================================================
Received Import Request.
  Time since last request: 1206182.789435 seconds.
  path: Assets/_Course Library/_Prefabs/Bins/Bin_Round_Brown.prefab
  artifactKey: Guid(aacffe4a73d9b934ea85092756f457ab) Importer(815301076,1909f56bfc062723c751e8b465ee728b)
Start importing Assets/_Course Library/_Prefabs/Bins/Bin_Round_Brown.prefab using Guid(aacffe4a73d9b934ea85092756f457ab) Importer(815301076,1909f56bfc062723c751e8b465ee728b)  -> (artifact id: '9e9814db9f1ba9f003b4f0b0520b4aec') in 0.122993 seconds
Number of updated asset objects reloaded before import = 0
Number of asset objects unloaded after import = 36
========================================================================
Received Import Request.
  Time since last request: 0.000032 seconds.
  path: Assets/_Course Library/_Prefabs/Bins/Bin_Square_White.prefab
  artifactKey: Guid(dbe7b9e1570050841a8f1d6f3ee2629f) Importer(815301076,1909f56bfc062723c751e8b465ee728b)
Start importing Assets/_Course Library/_Prefabs/Bins/Bin_Square_White.prefab using Guid(dbe7b9e1570050841a8f1d6f3ee2629f) Importer(815301076,1909f56bfc062723c751e8b465ee728b)  -> (artifact id: 'a4e07e4a856b979d51e46877a015116e') in 0.015544 seconds
Number of updated asset objects reloaded before import = 0
Number of asset objects unloaded after import = 10
========================================================================
Received Prepare
Refreshing native plugins compatible for Editor in 11.14 ms, found 12 plugins.
Preloading 1 native plugins for Editor in 0.06 ms.
Unloading 0 Unused Serialized files (Serialized files now loaded: 0)
Unloading 1 unused Assets / (0.8 KB). Loaded Objects now: 5174.
Memory consumption went from 82.8 MB to 82.8 MB.
Total: 4.392900 ms (FindLiveObjects: 0.466300 ms CreateObjectMapping: 0.292900 ms MarkObjects: 3.610200 ms  DeleteObjects: 0.022000 ms)

Prepare: number of updated asset objects reloaded= 0
AssetImportParameters requested are different than current active one (requested -> active):
  custom:container-demuxer-ogg: 62fdf1f143b41e24485cea50d1cbac27 -> 
  custom:video-decoder-ogg-theora: a1e56fd34408186e4bbccfd4996cb3dc -> 
  custom:framework-win-MediaFoundation: 216162199b28c13a410421893ffa2e32 -> 
  custom:CustomObjectIndexerAttribute: 756ad292c208cfabdd7b50bc23989ffe -> 
  custom:container-demuxer-webm: 4f35f7cbe854078d1ac9338744f61a02 -> 
  custom:container-muxer-webm: aa71ff27fc2769a1b78a27578f13a17b -> 
  custom:video-decoder-webm-vp8: 9c59270c3fd7afecdb556c50c9e8de78 -> 
  custom:SearchIndexIgnoredProperties: e643bd26f0fe6173181afceb89e7c659 -> 
  custom:AudioImporter_EditorPlatform: d09bf68614088b80899f8185d706f6e7 -> 
  custom:video-encoder-webm-vp8: eb34c28f22e8b96e1ab97ce403110664 -> 
  custom:audio-decoder-ogg-vorbis: bf7c407c2cedff20999df2af8eb42d56 -> 
  custom:audio-encoder-webm-vorbis: bf7c407c2cedff20999df2af8eb42d56 -> 
========================================================================
Received Import Request.
  Time since last request: 63.772388 seconds.
  path: Assets/_Course Library/_Prefabs/Rooms
  artifactKey: Guid(b8c01ec013b52432398ae23013d26672) Importer(815301076,1909f56bfc062723c751e8b465ee728b)
Start importing Assets/_Course Library/_Prefabs/Rooms using Guid(b8c01ec013b52432398ae23013d26672) Importer(815301076,1909f56bfc062723c751e8b465ee728b)  -> (artifact id: '508bfc1f8c15f16ee9e249bec12b0db3') in 0.001447 seconds
Number of updated asset objects reloaded before import = 0
Number of asset objects unloaded after import = 0
========================================================================
Received Import Request.
  Time since last request: 0.078669 seconds.
  path: Assets/_Course Library/_Prefabs/Rooms/Room_Modern.prefab
  artifactKey: Guid(d9470993b9bd0a541a884d6f6704a421) Importer(815301076,1909f56bfc062723c751e8b465ee728b)
Start importing Assets/_Course Library/_Prefabs/Rooms/Room_Modern.prefab using Guid(d9470993b9bd0a541a884d6f6704a421) Importer(815301076,1909f56bfc062723c751e8b465ee728b)  -> (artifact id: '412c4d57214ec54e061ab67cb6bc3e07') in 0.031973 seconds
Number of updated asset objects reloaded before import = 0
Number of asset objects unloaded after import = 60
========================================================================
Received Import Request.
  Time since last request: 0.000016 seconds.
  path: Assets/_Course Library/_Prefabs/Rooms/Room_Traditional.prefab
  artifactKey: Guid(880db112787483b4bb85a9812586967c) Importer(815301076,1909f56bfc062723c751e8b465ee728b)
Start importing Assets/_Course Library/_Prefabs/Rooms/Room_Traditional.prefab using Guid(880db112787483b4bb85a9812586967c) Importer(815301076,1909f56bfc062723c751e8b465ee728b)  -> (artifact id: '5a8423de1a315c545b37768862ec68a0') in 0.021403 seconds
Number of updated asset objects reloaded before import = 0
Number of asset objects unloaded after import = 279
========================================================================
Received Import Request.
  Time since last request: 1.782983 seconds.
  path: Assets/_Course Library/_Prefabs/Rooms/Room_Components
  artifactKey: Guid(afa97477cc69540a0924c9b274e9ece3) Importer(815301076,1909f56bfc062723c751e8b465ee728b)
Start importing Assets/_Course Library/_Prefabs/Rooms/Room_Components using Guid(afa97477cc69540a0924c9b274e9ece3) Importer(815301076,1909f56bfc062723c751e8b465ee728b)  -> (artifact id: '1bb937534de7e20a71934635a4ba920a') in 0.000691 seconds
Number of updated asset objects reloaded before import = 0
Number of asset objects unloaded after import = 0
========================================================================
Received Import Request.
  Time since last request: 1.173472 seconds.
  path: Assets/_Course Library/_Prefabs/Rooms/Room_Components/Room_Modern
  artifactKey: Guid(c7ef51eeacbea49568db3d58be29290b) Importer(815301076,1909f56bfc062723c751e8b465ee728b)
Start importing Assets/_Course Library/_Prefabs/Rooms/Room_Components/Room_Modern using Guid(c7ef51eeacbea49568db3d58be29290b) Importer(815301076,1909f56bfc062723c751e8b465ee728b)  -> (artifact id: 'a4b1dd6431583a3e019b710d0e4793fb') in 0.000530 seconds
Number of updated asset objects reloaded before import = 0
Number of asset objects unloaded after import = 0
========================================================================
Received Import Request.
  Time since last request: 0.091120 seconds.
  path: Assets/_Course Library/_Prefabs/Rooms/Room_Components/Room_Modern/Room_Modern_Ceiling.prefab
  artifactKey: Guid(3d89d97e6a6df4826875d39af54c1172) Importer(815301076,1909f56bfc062723c751e8b465ee728b)
Start importing Assets/_Course Library/_Prefabs/Rooms/Room_Components/Room_Modern/Room_Modern_Ceiling.prefab using Guid(3d89d97e6a6df4826875d39af54c1172) Importer(815301076,1909f56bfc062723c751e8b465ee728b)  -> (artifact id: 'f1ea71352f79cdae72567b6ae26faa93') in 0.017140 seconds
Number of updated asset objects reloaded before import = 0
Number of asset objects unloaded after import = 9
========================================================================
Received Import Request.
  Time since last request: 0.000026 seconds.
  path: Assets/_Course Library/_Prefabs/Rooms/Room_Components/Room_Modern/Room_Modern_WindowPanel.prefab
  artifactKey: Guid(692cb5a3367ba417095d96548dabcec7) Importer(815301076,1909f56bfc062723c751e8b465ee728b)
Start importing Assets/_Course Library/_Prefabs/Rooms/Room_Components/Room_Modern/Room_Modern_WindowPanel.prefab using Guid(692cb5a3367ba417095d96548dabcec7) Importer(815301076,1909f56bfc062723c751e8b465ee728b)  -> (artifact id: '4083d667236f3036ddbd1c17bbb137f5') in 0.030239 seconds
Number of updated asset objects reloaded before import = 0
Number of asset objects unloaded after import = 13
========================================================================
Received Import Request.
  Time since last request: 0.000029 seconds.
  path: Assets/_Course Library/_Prefabs/Rooms/Room_Components/Room_Modern/Room_Modern_Panel.prefab
  artifactKey: Guid(6f2d1921af45843f0a9af92d7b506d6a) Importer(815301076,1909f56bfc062723c751e8b465ee728b)
Start importing Assets/_Course Library/_Prefabs/Rooms/Room_Components/Room_Modern/Room_Modern_Panel.prefab using Guid(6f2d1921af45843f0a9af92d7b506d6a) Importer(815301076,1909f56bfc062723c751e8b465ee728b)  -> (artifact id: 'd1a9dd36e74a15914d97c8c7d85d0cf5') in 0.023342 seconds
Number of updated asset objects reloaded before import = 0
Number of asset objects unloaded after import = 10
========================================================================
Received Import Request.
  Time since last request: 13.956151 seconds.
  path: Assets/_Course Library/_Prefabs/Rooms/Room_Components/Room_Rustic/Room_Rustic_Door.prefab
  artifactKey: Guid(f802640d48b7d46fa96df2993c053842) Importer(815301076,1909f56bfc062723c751e8b465ee728b)
Start importing Assets/_Course Library/_Prefabs/Rooms/Room_Components/Room_Rustic/Room_Rustic_Door.prefab using Guid(f802640d48b7d46fa96df2993c053842) Importer(815301076,1909f56bfc062723c751e8b465ee728b)  -> (artifact id: '4d7f6cf9b43efd6bd4dcf9a6b8307855') in 0.030693 seconds
Number of updated asset objects reloaded before import = 0
Number of asset objects unloaded after import = 18
========================================================================
Received Import Request.
  Time since last request: 0.000017 seconds.
  path: Assets/_Course Library/_Prefabs/Rooms/Room_Components/Room_Rustic/Room_Rustic_Window.prefab
  artifactKey: Guid(6b21c20b5f1ed43e981f02cf9479dff0) Importer(815301076,1909f56bfc062723c751e8b465ee728b)
Start importing Assets/_Course Library/_Prefabs/Rooms/Room_Components/Room_Rustic/Room_Rustic_Window.prefab using Guid(6b21c20b5f1ed43e981f02cf9479dff0) Importer(815301076,1909f56bfc062723c751e8b465ee728b)  -> (artifact id: '2dd22f38c658e06931aae7e78abc9256') in 0.020677 seconds
Number of updated asset objects reloaded before import = 0
Number of asset objects unloaded after import = 10
========================================================================
Received Import Request.
  Time since last request: 0.000018 seconds.
  path: Assets/_Course Library/_Prefabs/Rooms/Room_Components/Room_Rustic/Room_Rustic_Panel.prefab
  artifactKey: Guid(19cbdbef6702d496cb3966b2e101f29c) Importer(815301076,1909f56bfc062723c751e8b465ee728b)
Start importing Assets/_Course Library/_Prefabs/Rooms/Room_Components/Room_Rustic/Room_Rustic_Panel.prefab using Guid(19cbdbef6702d496cb3966b2e101f29c) Importer(815301076,1909f56bfc062723c751e8b465ee728b)  -> (artifact id: '0b98af8f31dfc132b4d6b03480d482cd') in 0.021045 seconds
Number of updated asset objects reloaded before import = 0
Number of asset objects unloaded after import = 13
========================================================================
Received Import Request.
  Time since last request: 8.300962 seconds.
  path: Assets/_Course Library/_Prefabs/Rooms/Room_Components/Room_Traditional/Room_Traditional_Door.prefab
  artifactKey: Guid(99e7416dd880d48d887970c0bd2eef2a) Importer(815301076,1909f56bfc062723c751e8b465ee728b)
Start importing Assets/_Course Library/_Prefabs/Rooms/Room_Components/Room_Traditional/Room_Traditional_Door.prefab using Guid(99e7416dd880d48d887970c0bd2eef2a) Importer(815301076,1909f56bfc062723c751e8b465ee728b)  -> (artifact id: '72526022c66a72a46d248df832cc134a') in 0.023361 seconds
Number of updated asset objects reloaded before import = 0
Number of asset objects unloaded after import = 23
========================================================================
Received Import Request.
  Time since last request: 0.000016 seconds.
  path: Assets/_Course Library/_Prefabs/Rooms/Room_Components/Room_Traditional/Room_Traditional_WindowPanel.prefab
  artifactKey: Guid(bf67c7034bcc14a1c8c0f0d889e29981) Importer(815301076,1909f56bfc062723c751e8b465ee728b)
Start importing Assets/_Course Library/_Prefabs/Rooms/Room_Components/Room_Traditional/Room_Traditional_WindowPanel.prefab using Guid(bf67c7034bcc14a1c8c0f0d889e29981) Importer(815301076,1909f56bfc062723c751e8b465ee728b)  -> (artifact id: '428f6b9728f7c79d3338b066cb6e1c9b') in 0.017548 seconds
Number of updated asset objects reloaded before import = 0
Number of asset objects unloaded after import = 19
========================================================================
Received Import Request.
  Time since last request: 0.000017 seconds.
  path: Assets/_Course Library/_Prefabs/Rooms/Room_Components/Room_Traditional/Room_Traditional_Window.prefab
  artifactKey: Guid(89c8eb4802c454b03939f4f287bf73e3) Importer(815301076,1909f56bfc062723c751e8b465ee728b)
Start importing Assets/_Course Library/_Prefabs/Rooms/Room_Components/Room_Traditional/Room_Traditional_Window.prefab using Guid(89c8eb4802c454b03939f4f287bf73e3) Importer(815301076,1909f56bfc062723c751e8b465ee728b)  -> (artifact id: '0e19b350d322959d02f482f9767a1277') in 0.024110 seconds
Number of updated asset objects reloaded before import = 0
Number of asset objects unloaded after import = 17
========================================================================
Received Import Request.
  Time since last request: 2367.281878 seconds.
  path: Assets/_Course Library/_Prefabs/Rooms/Room_Components/Room_Traditional/Room_Traditional_Panel 1.prefab
  artifactKey: Guid(f4c8440b2ea330047bb5f3009f0db2b2) Importer(815301076,1909f56bfc062723c751e8b465ee728b)
Start importing Assets/_Course Library/_Prefabs/Rooms/Room_Components/Room_Traditional/Room_Traditional_Panel 1.prefab using Guid(f4c8440b2ea330047bb5f3009f0db2b2) Importer(815301076,1909f56bfc062723c751e8b465ee728b)  -> (artifact id: '21ffc269c238e06ca94af008f3f6460f') in 0.013500 seconds
Number of updated asset objects reloaded before import = 50
Number of asset objects unloaded after import = 12
========================================================================
Received Import Request.
  Time since last request: 10.997936 seconds.
  path: Assets/_Course Library/_Prefabs/Rooms/Room_Components/Room_Traditional/WALL_KITCHEN.prefab
  artifactKey: Guid(f4c8440b2ea330047bb5f3009f0db2b2) Importer(815301076,1909f56bfc062723c751e8b465ee728b)
Start importing Assets/_Course Library/_Prefabs/Rooms/Room_Components/Room_Traditional/WALL_KITCHEN.prefab using Guid(f4c8440b2ea330047bb5f3009f0db2b2) Importer(815301076,1909f56bfc062723c751e8b465ee728b)  -> (artifact id: 'c69c9f258308811dbb2f00f986ffe79f') in 0.014096 seconds
Number of updated asset objects reloaded before import = 0
Number of asset objects unloaded after import = 12
========================================================================
Received Import Request.
  Time since last request: 13.909972 seconds.
  path: Assets/_Course Library/Source Files/Models/Drawers_Traditional.fbx
  artifactKey: Guid(67694f14d5fd8314bb5cbefc9d95a47a) Importer(815301076,1909f56bfc062723c751e8b465ee728b)
Start importing Assets/_Course Library/Source Files/Models/Drawers_Traditional.fbx using Guid(67694f14d5fd8314bb5cbefc9d95a47a) Importer(815301076,1909f56bfc062723c751e8b465ee728b)  -> (artifact id: '6527d9e015bde6fe35e9a91dcc313a51') in 0.295998 seconds
Number of updated asset objects reloaded before import = 0
Number of asset objects unloaded after import = 61
========================================================================
Received Import Request.
  Time since last request: 3.891446 seconds.
  path: Assets/_Course Library/Materials/Object Materials/Clear.mat
  artifactKey: Guid(770a096e7a45a8b4fa527014980dc3a0) Importer(815301076,1909f56bfc062723c751e8b465ee728b)
Start importing Assets/_Course Library/Materials/Object Materials/Clear.mat using Guid(770a096e7a45a8b4fa527014980dc3a0) Importer(815301076,1909f56bfc062723c751e8b465ee728b)  -> (artifact id: '4c788eabffd6411745f94f02bd82ec4e') in 0.015959 seconds
Number of updated asset objects reloaded before import = 0
Number of asset objects unloaded after import = 1
========================================================================
Received Import Request.
  Time since last request: 30.373311 seconds.
  path: Assets/_Course Library/Source Files/Models/RoomModern_Models/Room_Modern_All.FBX
  artifactKey: Guid(be28df98030e8f64591e136832fc9829) Importer(815301076,1909f56bfc062723c751e8b465ee728b)
Start importing Assets/_Course Library/Source Files/Models/RoomModern_Models/Room_Modern_All.FBX using Guid(be28df98030e8f64591e136832fc9829) Importer(815301076,1909f56bfc062723c751e8b465ee728b)  -> (artifact id: 'b9ad64e4179bd0b2107339c7ea88f023') in 0.249860 seconds
Number of updated asset objects reloaded before import = 0
Number of asset objects unloaded after import = 34
========================================================================
Received Import Request.
  Time since last request: 0.000021 seconds.
  path: Assets/_Course Library/Source Files/Models/RoomModern_Models/Room_Modern_Panel.fbx
  artifactKey: Guid(f87e5af1ff58f1244b8f685cdc6bf9bf) Importer(815301076,1909f56bfc062723c751e8b465ee728b)
Start importing Assets/_Course Library/Source Files/Models/RoomModern_Models/Room_Modern_Panel.fbx using Guid(f87e5af1ff58f1244b8f685cdc6bf9bf) Importer(815301076,1909f56bfc062723c751e8b465ee728b)  -> (artifact id: '818661f0e781835cc07a7f750b12e0ad') in 0.034236 seconds
Number of updated asset objects reloaded before import = 0
Number of asset objects unloaded after import = 8
========================================================================
Received Import Request.
  Time since last request: 0.000025 seconds.
  path: Assets/_Course Library/Source Files/Models/RoomTraditional_Models/Room_Traditional_Door.fbx
  artifactKey: Guid(2f22d1a46ab261a4d9621f746d3a536c) Importer(815301076,1909f56bfc062723c751e8b465ee728b)
Start importing Assets/_Course Library/Source Files/Models/RoomTraditional_Models/Room_Traditional_Door.fbx using Guid(2f22d1a46ab261a4d9621f746d3a536c) Importer(815301076,1909f56bfc062723c751e8b465ee728b)  -> (artifact id: '9805d9c695984850015032b73f21cb70') in 0.049849 seconds
Number of updated asset objects reloaded before import = 0
Number of asset objects unloaded after import = 20
