Using pre-set license
Built from '2022.3/staging' branch; Version is '2022.3.9f1 (ea401c316338) revision 15351836'; Using compiler version '192829333'; Build Type 'Release'
OS: 'Windows 11  (10.0.22000) 64bit Professional' Language: 'en' Physical Memory: 16222 MB
BatchMode: 1, IsHumanControllingUs: 0, StartBugReporterOnCrash: 0, Is64bit: 1, IsPro: 1

COMMAND LINE ARGUMENTS:
C:\Program Files\Unity\Hub\Editor\2022.3.9f1\Editor\Unity.exe
-adb2
-batchMode
-noUpm
-name
AssetImportWorker24
-projectPath
C:/Users/User/Documents/ca-piotrWarkocki2003/GameForJohn
-logFile
Logs/AssetImportWorker24.log
-srvPort
59823
Successfully changed project path to: C:/Users/User/Documents/ca-piotrWarkocki2003/GameForJohn
C:/Users/User/Documents/ca-piotrWarkocki2003/GameForJohn
[UnityMemory] Configuration Parameters - Can be set up in boot.config
    "memorysetup-bucket-allocator-granularity=16"
    "memorysetup-bucket-allocator-bucket-count=8"
    "memorysetup-bucket-allocator-block-size=33554432"
    "memorysetup-bucket-allocator-block-count=8"
    "memorysetup-main-allocator-block-size=16777216"
    "memorysetup-thread-allocator-block-size=16777216"
    "memorysetup-gfx-main-allocator-block-size=16777216"
    "memorysetup-gfx-thread-allocator-block-size=16777216"
    "memorysetup-cache-allocator-block-size=4194304"
    "memorysetup-typetree-allocator-block-size=2097152"
    "memorysetup-profiler-bucket-allocator-granularity=16"
    "memorysetup-profiler-bucket-allocator-bucket-count=8"
    "memorysetup-profiler-bucket-allocator-block-size=33554432"
    "memorysetup-profiler-bucket-allocator-block-count=8"
    "memorysetup-profiler-allocator-block-size=16777216"
    "memorysetup-profiler-editor-allocator-block-size=1048576"
    "memorysetup-temp-allocator-size-main=16777216"
    "memorysetup-job-temp-allocator-block-size=2097152"
    "memorysetup-job-temp-allocator-block-size-background=1048576"
    "memorysetup-job-temp-allocator-reduction-small-platforms=262144"
    "memorysetup-allocator-temp-initial-block-size-main=262144"
    "memorysetup-allocator-temp-initial-block-size-worker=262144"
    "memorysetup-temp-allocator-size-background-worker=32768"
    "memorysetup-temp-allocator-size-job-worker=262144"
    "memorysetup-temp-allocator-size-preload-manager=33554432"
    "memorysetup-temp-allocator-size-nav-mesh-worker=65536"
    "memorysetup-temp-allocator-size-audio-worker=65536"
    "memorysetup-temp-allocator-size-cloud-worker=32768"
    "memorysetup-temp-allocator-size-gi-baking-worker=262144"
    "memorysetup-temp-allocator-size-gfx=262144"
Player connection [24032] Host "[IP] 172.19.96.16 [Port] 0 [Flags] 2 [Guid] 11533794 [EditorId] 11533794 [Version] 1048832 [Id] WindowsEditor(7,Piotr-Laptop) [Debug] 1 [PackageName] WindowsEditor [ProjectName] Editor" joined multi-casting on [225.0.0.222:54997]...

Player connection [24032] Host "[IP] 172.19.96.16 [Port] 0 [Flags] 2 [Guid] 11533794 [EditorId] 11533794 [Version] 1048832 [Id] WindowsEditor(7,Piotr-Laptop) [Debug] 1 [PackageName] WindowsEditor [ProjectName] Editor" joined alternative multi-casting on [225.0.0.222:34997]...

[Physics::Module] Initialized MultithreadedJobDispatcher with 11 workers.
Refreshing native plugins compatible for Editor in 24.51 ms, found 12 plugins.
Preloading 1 native plugins for Editor in 0.40 ms.
Initialize engine version: 2022.3.9f1 (ea401c316338)
[Subsystems] Discovering subsystems at path C:/Program Files/Unity/Hub/Editor/2022.3.9f1/Editor/Data/Resources/UnitySubsystems
[Subsystems] Discovering subsystems at path C:/Users/User/Documents/ca-piotrWarkocki2003/GameForJohn/Assets
GfxDevice: creating device client; threaded=0; jobified=0
Direct3D:
    Version:  Direct3D 11.0 [level 11.1]
    Renderer: NVIDIA GeForce RTX 2080 Super (ID=0x1ed3)
    Vendor:   NVIDIA
    VRAM:     8010 MB
    Driver:   30.0.15.1278
Initialize mono
Mono path[0] = 'C:/Program Files/Unity/Hub/Editor/2022.3.9f1/Editor/Data/Managed'
Mono path[1] = 'C:/Program Files/Unity/Hub/Editor/2022.3.9f1/Editor/Data/MonoBleedingEdge/lib/mono/unityjit-win32'
Mono config path = 'C:/Program Files/Unity/Hub/Editor/2022.3.9f1/Editor/Data/MonoBleedingEdge/etc'
Using monoOptions --debugger-agent=transport=dt_socket,embedding=1,server=y,suspend=n,address=127.0.0.1:56852
Begin MonoManager ReloadAssembly
Registering precompiled unity dll's ...
Register platform support module: C:/Program Files/Unity/Hub/Editor/2022.3.9f1/Editor/Data/PlaybackEngines/WindowsStandaloneSupport/UnityEditor.WindowsStandalone.Extensions.dll
Registered in 0.007135 seconds.
- Loaded All Assemblies, in  0.340 seconds
Native extension for WindowsStandalone target not found
Mono: successfully reloaded assembly
- Finished resetting the current domain, in  0.242 seconds
Domain Reload Profiling: 580ms
	BeginReloadAssembly (99ms)
		ExecutionOrderSort (0ms)
		DisableScriptedObjects (0ms)
		BackupInstance (0ms)
		ReleaseScriptingObjects (0ms)
		CreateAndSetChildDomain (1ms)
	RebuildCommonClasses (37ms)
	RebuildNativeTypeToScriptingClass (11ms)
	initialDomainReloadingComplete (55ms)
	LoadAllAssembliesAndSetupDomain (136ms)
		LoadAssemblies (97ms)
		RebuildTransferFunctionScriptingTraits (0ms)
		AnalyzeDomain (134ms)
			TypeCache.Refresh (133ms)
				TypeCache.ScanAssembly (121ms)
			ScanForSourceGeneratedMonoScriptInfo (0ms)
			ResolveRequiredComponents (0ms)
	FinalizeReload (242ms)
		ReleaseScriptCaches (0ms)
		RebuildScriptCaches (0ms)
		SetupLoadedEditorAssemblies (186ms)
			LogAssemblyErrors (0ms)
			InitializePlatformSupportModulesInManaged (10ms)
			SetLoadedEditorAssemblies (7ms)
			RefreshPlugins (0ms)
			BeforeProcessingInitializeOnLoad (2ms)
			ProcessInitializeOnLoadAttributes (122ms)
			ProcessInitializeOnLoadMethodAttributes (46ms)
			AfterProcessingInitializeOnLoad (0ms)
			EditorAssembliesLoaded (0ms)
		ExecutionOrderSort2 (0ms)
		AwakeInstancesAfterBackupRestoration (0ms)
========================================================================
Worker process is ready to serve import requests
Begin MonoManager ReloadAssembly
- Loaded All Assemblies, in  0.803 seconds
Refreshing native plugins compatible for Editor in 18.78 ms, found 12 plugins.
Native extension for WindowsStandalone target not found
Package Manager log level set to [2]
[Package Manager] Server::EnsureServerProcessIsRunning -- launch failed, reason: Unity was launched with the -noUpm command-line argument
[Package Manager] UpmClient::Send -- Unable to send message (not connected to UPM process).
[Package Manager] Cannot connect to Unity Package Manager local server
[MODES] ModeService[none].Initialize
[MODES] ModeService[none].LoadModes
[MODES] Loading mode Default (0) for mode-current-id-GameForJohn
[Package Manager] Server::EnsureServerProcessIsRunning -- launch failed, reason: Unity was launched with the -noUpm command-line argument
[Package Manager] UpmClient::Send -- Unable to send message (not connected to UPM process).
[Package Manager] Cannot connect to Unity Package Manager local server
System.Reflection.TargetInvocationException: Exception has been thrown by the target of an invocation. ---> System.NullReferenceException: Object reference not set to an instance of an object
  at Unity.XR.Oculus.OculusLoader.AssetPathToAbsolutePath (System.String assetPath) [0x0003d] in .\Library\PackageCache\com.unity.xr.oculus@4.0.0\Runtime\OculusLoader.cs:282 
  at Unity.XR.Oculus.OculusLoader.EditorLoadOVRPlugin () [0x0007b] in .\Library\PackageCache\com.unity.xr.oculus@4.0.0\Runtime\OculusLoader.cs:267 
  at (wrapper managed-to-native) System.Reflection.RuntimeMethodInfo.InternalInvoke(System.Reflection.RuntimeMethodInfo,object,object[],System.Exception&)
  at System.Reflection.RuntimeMethodInfo.Invoke (System.Object obj, System.Reflection.BindingFlags invokeAttr, System.Reflection.Binder binder, System.Object[] parameters, System.Globalization.CultureInfo culture) [0x0006a] in <787acc3c9a4c471ba7d971300105af24>:0 
   --- End of inner exception stack trace ---
  at System.Reflection.RuntimeMethodInfo.Invoke (System.Object obj, System.Reflection.BindingFlags invokeAttr, System.Reflection.Binder binder, System.Object[] parameters, System.Globalization.CultureInfo culture) [0x00083] in <787acc3c9a4c471ba7d971300105af24>:0 
  at System.Reflection.MethodBase.Invoke (System.Object obj, System.Object[] parameters) [0x00000] in <787acc3c9a4c471ba7d971300105af24>:0 
  at UnityEditor.EditorAssemblies.ProcessInitializeOnLoadMethodAttributes () [0x000a5] in <2e279d988b9d4542841de511fbfdf8c2>:0 
UnityEngine.StackTraceUtility:ExtractStackTrace ()
UnityEngine.DebugLogHandler:LogFormat (UnityEngine.LogType,UnityEngine.Object,string,object[])
UnityEngine.Logger:Log (UnityEngine.LogType,object)
UnityEngine.Debug:LogError (object)
UnityEditor.EditorAssemblies:ProcessInitializeOnLoadMethodAttributes ()

Mono: successfully reloaded assembly
[Package Manager] Server::EnsureServerProcessIsRunning -- launch failed, reason: Unity was launched with the -noUpm command-line argument
[Package Manager] UpmClient::Send -- Unable to send message (not connected to UPM process).
[Package Manager] Cannot connect to Unity Package Manager local server
[Package Manager] Server::EnsureServerProcessIsRunning -- launch failed, reason: Unity was launched with the -noUpm command-line argument
[Package Manager] UpmClient::Send -- Unable to send message (not connected to UPM process).
[Package Manager] Cannot connect to Unity Package Manager local server
- Finished resetting the current domain, in  0.891 seconds
Domain Reload Profiling: 1689ms
	BeginReloadAssembly (161ms)
		ExecutionOrderSort (0ms)
		DisableScriptedObjects (5ms)
		BackupInstance (0ms)
		ReleaseScriptingObjects (0ms)
		CreateAndSetChildDomain (21ms)
	RebuildCommonClasses (43ms)
	RebuildNativeTypeToScriptingClass (18ms)
	initialDomainReloadingComplete (43ms)
	LoadAllAssembliesAndSetupDomain (533ms)
		LoadAssemblies (378ms)
		RebuildTransferFunctionScriptingTraits (0ms)
		AnalyzeDomain (256ms)
			TypeCache.Refresh (214ms)
				TypeCache.ScanAssembly (193ms)
			ScanForSourceGeneratedMonoScriptInfo (30ms)
			ResolveRequiredComponents (10ms)
	FinalizeReload (891ms)
		ReleaseScriptCaches (0ms)
		RebuildScriptCaches (0ms)
		SetupLoadedEditorAssemblies (647ms)
			LogAssemblyErrors (0ms)
			InitializePlatformSupportModulesInManaged (8ms)
			SetLoadedEditorAssemblies (5ms)
			RefreshPlugins (0ms)
			BeforeProcessingInitializeOnLoad (92ms)
			ProcessInitializeOnLoadAttributes (473ms)
			ProcessInitializeOnLoadMethodAttributes (61ms)
			AfterProcessingInitializeOnLoad (8ms)
			EditorAssembliesLoaded (0ms)
		ExecutionOrderSort2 (0ms)
		AwakeInstancesAfterBackupRestoration (5ms)
Launched and connected shader compiler UnityShaderCompiler.exe after 0.05 seconds
Refreshing native plugins compatible for Editor in 22.16 ms, found 12 plugins.
Preloading 1 native plugins for Editor in 0.07 ms.
Unloading 5037 Unused Serialized files (Serialized files now loaded: 0)
Unloading 84 unused Assets / (50.3 KB). Loaded Objects now: 5535.
Memory consumption went from 167.7 MB to 167.6 MB.
Total: 5.339300 ms (FindLiveObjects: 0.468800 ms CreateObjectMapping: 0.481600 ms MarkObjects: 4.241800 ms  DeleteObjects: 0.145900 ms)

AssetImportParameters requested are different than current active one (requested -> active):
  custom:container-demuxer-ogg: 62fdf1f143b41e24485cea50d1cbac27 -> 
  custom:video-decoder-ogg-theora: a1e56fd34408186e4bbccfd4996cb3dc -> 
  custom:framework-win-MediaFoundation: 216162199b28c13a410421893ffa2e32 -> 
  custom:CustomObjectIndexerAttribute: 756ad292c208cfabdd7b50bc23989ffe -> 
  custom:container-demuxer-webm: 4f35f7cbe854078d1ac9338744f61a02 -> 
  custom:scripting/monoscript/fileName/LookCamera.cs: b5f4eb7ff0146c1b277de0a4c78474a1 -> 
  custom:container-muxer-webm: aa71ff27fc2769a1b78a27578f13a17b -> 
  custom:video-decoder-webm-vp8: 9c59270c3fd7afecdb556c50c9e8de78 -> 
  custom:scripting/monoscript/fileName/FlashlightToggle.cs: c5620d2916d4c92701121743d547c56b -> 
  custom:SearchIndexIgnoredProperties: e643bd26f0fe6173181afceb89e7c659 -> 
  custom:AudioImporter_EditorPlatform: d09bf68614088b80899f8185d706f6e7 -> 
  custom:scripting/monoscript/fileName/QuirkySeriesDemo.cs: f8068bd0b8200068f027dfb1007a3918 -> 
  custom:scripting/monoscript/fileName/RotateOnScroll.cs: 3ef7cf6f829c033adfcf5e1b21c9a004 -> 
  custom:video-encoder-webm-vp8: eb34c28f22e8b96e1ab97ce403110664 -> 
  custom:audio-decoder-ogg-vorbis: bf7c407c2cedff20999df2af8eb42d56 -> 
  custom:audio-encoder-webm-vorbis: bf7c407c2cedff20999df2af8eb42d56 -> 
========================================================================
Received Import Request.
  Time since last request: 8479.760159 seconds.
  path: Assets/_Course Library/_Prefabs/Objects/Fruit/Food_Apple_Red.prefab
  artifactKey: Guid(74d706ff2cc4eac4c85e825b7ac6d86b) Importer(815301076,1909f56bfc062723c751e8b465ee728b)
Start importing Assets/_Course Library/_Prefabs/Objects/Fruit/Food_Apple_Red.prefab using Guid(74d706ff2cc4eac4c85e825b7ac6d86b) Importer(815301076,1909f56bfc062723c751e8b465ee728b)  -> (artifact id: '286277f00d5712b13512b2499f880087') in 0.120910 seconds
Number of updated asset objects reloaded before import = 0
Number of asset objects unloaded after import = 10
========================================================================
Received Import Request.
  Time since last request: 33.183829 seconds.
  path: Assets/_Course Library/_Prefabs/Objects/Hats/Hat_Captain_Black.prefab
  artifactKey: Guid(0d90b882636c6034b8e91bb072d0c083) Importer(815301076,1909f56bfc062723c751e8b465ee728b)
Start importing Assets/_Course Library/_Prefabs/Objects/Hats/Hat_Captain_Black.prefab using Guid(0d90b882636c6034b8e91bb072d0c083) Importer(815301076,1909f56bfc062723c751e8b465ee728b)  -> (artifact id: '6e131c5a2c2c97c505d25045f1fc6a67') in 0.040741 seconds
Number of updated asset objects reloaded before import = 0
Number of asset objects unloaded after import = 10
========================================================================
Received Import Request.
  Time since last request: 8.537783 seconds.
  path: Assets/_Course Library/_Prefabs/Objects/Launchers/Launcher_Stapler.prefab
  artifactKey: Guid(891b1af7c2150f94f95fdcac2bcc28e4) Importer(815301076,1909f56bfc062723c751e8b465ee728b)
Start importing Assets/_Course Library/_Prefabs/Objects/Launchers/Launcher_Stapler.prefab using Guid(891b1af7c2150f94f95fdcac2bcc28e4) Importer(815301076,1909f56bfc062723c751e8b465ee728b)  -> (artifact id: 'b6f3510cf7302b0ddeb51c5c81f75362') in 0.051801 seconds
Number of updated asset objects reloaded before import = 0
Number of asset objects unloaded after import = 20
========================================================================
Received Import Request.
  Time since last request: 8.157234 seconds.
  path: Assets/_Course Library/_Prefabs/Objects/Light Sources/Lightsource_Lantern.prefab
  artifactKey: Guid(b8018346294f7d5488c6ddbf35ca0268) Importer(815301076,1909f56bfc062723c751e8b465ee728b)
Start importing Assets/_Course Library/_Prefabs/Objects/Light Sources/Lightsource_Lantern.prefab using Guid(b8018346294f7d5488c6ddbf35ca0268) Importer(815301076,1909f56bfc062723c751e8b465ee728b)  -> (artifact id: 'e6083e616fa6c9c71016736b3e91bcf0') in 0.028955 seconds
Number of updated asset objects reloaded before import = 0
Number of asset objects unloaded after import = 19
========================================================================
Received Import Request.
  Time since last request: 2.522076 seconds.
  path: Assets/_Course Library/_Prefabs/Objects/Miscellaneous/Object_MagnifyingGlass.prefab
  artifactKey: Guid(33dc28eb77358df4394d6ecb6e5a188b) Importer(815301076,1909f56bfc062723c751e8b465ee728b)
Start importing Assets/_Course Library/_Prefabs/Objects/Miscellaneous/Object_MagnifyingGlass.prefab using Guid(33dc28eb77358df4394d6ecb6e5a188b) Importer(815301076,1909f56bfc062723c751e8b465ee728b)  -> (artifact id: 'd6ba893809a72d53e89c904dc092efea') in 0.029512 seconds
Number of updated asset objects reloaded before import = 0
Number of asset objects unloaded after import = 32
========================================================================
Received Import Request.
  Time since last request: 2.021014 seconds.
  path: Assets/_Course Library/_Prefabs/Objects/Notebooks/Notebook_Pink.prefab
  artifactKey: Guid(6f5d36ab1a372434cb1243fa82ad4344) Importer(815301076,1909f56bfc062723c751e8b465ee728b)
Start importing Assets/_Course Library/_Prefabs/Objects/Notebooks/Notebook_Pink.prefab using Guid(6f5d36ab1a372434cb1243fa82ad4344) Importer(815301076,1909f56bfc062723c751e8b465ee728b)  -> (artifact id: '3debdb0971a53f464e9c1361524b2715') in 0.055820 seconds
Number of updated asset objects reloaded before import = 0
Number of asset objects unloaded after import = 31
========================================================================
Received Import Request.
  Time since last request: 0.697909 seconds.
  path: Assets/_Course Library/_Prefabs/Objects/Speakers/Speaker_RecordPlayer_Brown.prefab
  artifactKey: Guid(5c9438e12d91dfe4eb8c39dead753db2) Importer(815301076,1909f56bfc062723c751e8b465ee728b)
Start importing Assets/_Course Library/_Prefabs/Objects/Speakers/Speaker_RecordPlayer_Brown.prefab using Guid(5c9438e12d91dfe4eb8c39dead753db2) Importer(815301076,1909f56bfc062723c751e8b465ee728b)  -> (artifact id: '4e62ae8ce01ba141f70a76075f4aaa76') in 0.016672 seconds
Number of updated asset objects reloaded before import = 0
Number of asset objects unloaded after import = 46
========================================================================
Received Import Request.
  Time since last request: 10.107162 seconds.
  path: Assets/_Course Library/_Prefabs/Objects/Sports/Cricket_Ball.prefab
  artifactKey: Guid(ae72161d792f2c34aa80fa96e5450d2f) Importer(815301076,1909f56bfc062723c751e8b465ee728b)
Start importing Assets/_Course Library/_Prefabs/Objects/Sports/Cricket_Ball.prefab using Guid(ae72161d792f2c34aa80fa96e5450d2f) Importer(815301076,1909f56bfc062723c751e8b465ee728b)  -> (artifact id: 'b80cedb7f3070aee928b8b90eb9f250a') in 0.039498 seconds
Number of updated asset objects reloaded before import = 0
Number of asset objects unloaded after import = 10
========================================================================
Received Import Request.
  Time since last request: 0.000014 seconds.
  path: Assets/_Course Library/_Prefabs/Objects/Sports/PingPong_Paddle_Blue.prefab
  artifactKey: Guid(e975811922683be4a80132e54bc36b18) Importer(815301076,1909f56bfc062723c751e8b465ee728b)
Start importing Assets/_Course Library/_Prefabs/Objects/Sports/PingPong_Paddle_Blue.prefab using Guid(e975811922683be4a80132e54bc36b18) Importer(815301076,1909f56bfc062723c751e8b465ee728b)  -> (artifact id: '46110b09ba2c78e1b7acb5ed9426de6c') in 0.019592 seconds
Number of updated asset objects reloaded before import = 0
Number of asset objects unloaded after import = 17
========================================================================
Received Import Request.
  Time since last request: 11.761471 seconds.
  path: Assets/_Course Library/_Prefabs/Rooms/Room_Rustic.prefab
  artifactKey: Guid(991f7faf3818ce24d854dd90bfceb80b) Importer(815301076,1909f56bfc062723c751e8b465ee728b)
Start importing Assets/_Course Library/_Prefabs/Rooms/Room_Rustic.prefab using Guid(991f7faf3818ce24d854dd90bfceb80b) Importer(815301076,1909f56bfc062723c751e8b465ee728b)  -> (artifact id: '6fd2c4da3a0ef1b8d1b6dd6ca72bf7b4') in 0.035914 seconds
Number of updated asset objects reloaded before import = 0
Number of asset objects unloaded after import = 261
========================================================================
Received Import Request.
  Time since last request: 2.376154 seconds.
  path: Assets/_Course Library/_Prefabs/Rugs/Mat_Rect_Green.prefab
  artifactKey: Guid(65e1b17be55fde04f921004e190ce003) Importer(815301076,1909f56bfc062723c751e8b465ee728b)
Start importing Assets/_Course Library/_Prefabs/Rugs/Mat_Rect_Green.prefab using Guid(65e1b17be55fde04f921004e190ce003) Importer(815301076,1909f56bfc062723c751e8b465ee728b)  -> (artifact id: '82cfcd3b1284b8946915e625d2e3fcf3') in 0.040110 seconds
Number of updated asset objects reloaded before import = 0
Number of asset objects unloaded after import = 10
========================================================================
Received Import Request.
  Time since last request: 0.000014 seconds.
  path: Assets/_Course Library/_Prefabs/Rugs/Rug_Rect_Gray.prefab
  artifactKey: Guid(4fedbc191226c1146a147611e5fc67ac) Importer(815301076,1909f56bfc062723c751e8b465ee728b)
Start importing Assets/_Course Library/_Prefabs/Rugs/Rug_Rect_Gray.prefab using Guid(4fedbc191226c1146a147611e5fc67ac) Importer(815301076,1909f56bfc062723c751e8b465ee728b)  -> (artifact id: '019649246c426e1de322462a5a559c28') in 0.009642 seconds
Number of updated asset objects reloaded before import = 0
Number of asset objects unloaded after import = 10
========================================================================
Received Import Request.
  Time since last request: 1.729587 seconds.
  path: Assets/_Course Library/_Prefabs/Seating/Chair_Rustic_DarkBrown.prefab
  artifactKey: Guid(ddb8bcacf9b699b428806e528be6780f) Importer(815301076,1909f56bfc062723c751e8b465ee728b)
Start importing Assets/_Course Library/_Prefabs/Seating/Chair_Rustic_DarkBrown.prefab using Guid(ddb8bcacf9b699b428806e528be6780f) Importer(815301076,1909f56bfc062723c751e8b465ee728b)  -> (artifact id: 'e3555387e6816698c0ebaf3bd528132c') in 0.014232 seconds
Number of updated asset objects reloaded before import = 0
Number of asset objects unloaded after import = 36
========================================================================
Received Import Request.
  Time since last request: 0.000059 seconds.
  path: Assets/_Course Library/_Prefabs/Seating/Couch_Rustic_Purple.prefab
  artifactKey: Guid(b70d9d61de2878e4aaba4d25b4a4822d) Importer(815301076,1909f56bfc062723c751e8b465ee728b)
Start importing Assets/_Course Library/_Prefabs/Seating/Couch_Rustic_Purple.prefab using Guid(b70d9d61de2878e4aaba4d25b4a4822d) Importer(815301076,1909f56bfc062723c751e8b465ee728b)  -> (artifact id: '8a532d6df54566c745d236d85048c647') in 0.016080 seconds
Number of updated asset objects reloaded before import = 0
Number of asset objects unloaded after import = 33
========================================================================
Received Import Request.
  Time since last request: 0.000013 seconds.
  path: Assets/_Course Library/_Prefabs/Seating/Couch_Modern_Brown.prefab
  artifactKey: Guid(c8e40e0db574f2245814fd7983a240f2) Importer(815301076,1909f56bfc062723c751e8b465ee728b)
Start importing Assets/_Course Library/_Prefabs/Seating/Couch_Modern_Brown.prefab using Guid(c8e40e0db574f2245814fd7983a240f2) Importer(815301076,1909f56bfc062723c751e8b465ee728b)  -> (artifact id: '405177b14c78926750bb87ab6fb7102e') in 0.012462 seconds
Number of updated asset objects reloaded before import = 0
Number of asset objects unloaded after import = 24
========================================================================
Received Import Request.
  Time since last request: 17.347854 seconds.
  path: Assets/_Course Library/_Prefabs/Storage/Cabinet_Modern_Gray.prefab
  artifactKey: Guid(f7a65282a054cc846acdcfc67d1fcb9b) Importer(815301076,1909f56bfc062723c751e8b465ee728b)
Start importing Assets/_Course Library/_Prefabs/Storage/Cabinet_Modern_Gray.prefab using Guid(f7a65282a054cc846acdcfc67d1fcb9b) Importer(815301076,1909f56bfc062723c751e8b465ee728b)  -> (artifact id: '98a3c1339790279fb205ca63cb3df865') in 0.074708 seconds
Number of updated asset objects reloaded before import = 0
Number of asset objects unloaded after import = 49
========================================================================
Received Import Request.
  Time since last request: 0.000013 seconds.
  path: Assets/_Course Library/_Prefabs/Storage/Shelving_Modern_Gray.prefab
  artifactKey: Guid(9cba3f19103249f49a089c693f633e19) Importer(815301076,1909f56bfc062723c751e8b465ee728b)
Start importing Assets/_Course Library/_Prefabs/Storage/Shelving_Modern_Gray.prefab using Guid(9cba3f19103249f49a089c693f633e19) Importer(815301076,1909f56bfc062723c751e8b465ee728b)  -> (artifact id: '2844006612d55b237165da9bedae036a') in 0.074394 seconds
Number of updated asset objects reloaded before import = 0
Number of asset objects unloaded after import = 21
========================================================================
Received Import Request.
  Time since last request: 10.521464 seconds.
  path: Assets/_Course Library/_Prefabs/Tables/Table_Coffee_Traditional.prefab
  artifactKey: Guid(0d96f7bd47e015244b495190ca7e753d) Importer(815301076,1909f56bfc062723c751e8b465ee728b)
Start importing Assets/_Course Library/_Prefabs/Tables/Table_Coffee_Traditional.prefab using Guid(0d96f7bd47e015244b495190ca7e753d) Importer(815301076,1909f56bfc062723c751e8b465ee728b)  -> (artifact id: '8b7d842fe6fe34cd382d2fc00d2a2c7d') in 0.012695 seconds
Number of updated asset objects reloaded before import = 0
Number of asset objects unloaded after import = 16
========================================================================
Received Import Request.
  Time since last request: 0.000019 seconds.
  path: Assets/_Course Library/_Prefabs/Tables/Table_Side_Traditional.prefab
  artifactKey: Guid(2f20e9b17e3c892419d73072a4223c83) Importer(815301076,1909f56bfc062723c751e8b465ee728b)
Start importing Assets/_Course Library/_Prefabs/Tables/Table_Side_Traditional.prefab using Guid(2f20e9b17e3c892419d73072a4223c83) Importer(815301076,1909f56bfc062723c751e8b465ee728b)  -> (artifact id: 'fa33cd8ab55d004e142116125cb91fa6') in 0.012315 seconds
Number of updated asset objects reloaded before import = 0
Number of asset objects unloaded after import = 28
========================================================================
Received Import Request.
  Time since last request: 9.204759 seconds.
  path: Assets/_Course Library/_Prefabs/Testing/Measuring Stick.prefab
  artifactKey: Guid(699eaca3c94404be09b6807afbe64f3f) Importer(815301076,1909f56bfc062723c751e8b465ee728b)
Start importing Assets/_Course Library/_Prefabs/Testing/Measuring Stick.prefab using Guid(699eaca3c94404be09b6807afbe64f3f) Importer(815301076,1909f56bfc062723c751e8b465ee728b)  -> (artifact id: '5587d8a23c57d5c46c3b35c85a341062') in 0.007787 seconds
Number of updated asset objects reloaded before import = 0
Number of asset objects unloaded after import = 7
========================================================================
Received Import Request.
  Time since last request: 325.868391 seconds.
  path: Assets/_Course Library/Source Files/Models/Launcher_DartGun.fbx
  artifactKey: Guid(49344d184707a6d488a27aa72f9df271) Importer(815301076,1909f56bfc062723c751e8b465ee728b)
Start importing Assets/_Course Library/Source Files/Models/Launcher_DartGun.fbx using Guid(49344d184707a6d488a27aa72f9df271) Importer(815301076,1909f56bfc062723c751e8b465ee728b)  -> (artifact id: 'b4fc223e0420cbb4800c89ff8523899e') in 0.057444 seconds
Number of updated asset objects reloaded before import = 0
Number of asset objects unloaded after import = 15
========================================================================
Received Import Request.
  Time since last request: 0.670462 seconds.
  path: Assets/_Course Library/Source Files/Models/Ball_Tennis_B.fbx
  artifactKey: Guid(479d30e27e09d5d40ad7bc3e3c719170) Importer(815301076,1909f56bfc062723c751e8b465ee728b)
Start importing Assets/_Course Library/Source Files/Models/Ball_Tennis_B.fbx using Guid(479d30e27e09d5d40ad7bc3e3c719170) Importer(815301076,1909f56bfc062723c751e8b465ee728b)  -> (artifact id: '60717ebb3ddb4a605185ae297659f24f') in 0.028893 seconds
Number of updated asset objects reloaded before import = 0
Number of asset objects unloaded after import = 8
========================================================================
Received Import Request.
  Time since last request: 0.165478 seconds.
  path: Assets/_Course Library/Source Files/Models/Couch_Rustic_B.fbx
  artifactKey: Guid(258a0c3793358de4b919898e84038697) Importer(815301076,1909f56bfc062723c751e8b465ee728b)
Start importing Assets/_Course Library/Source Files/Models/Couch_Rustic_B.fbx using Guid(258a0c3793358de4b919898e84038697) Importer(815301076,1909f56bfc062723c751e8b465ee728b)  -> (artifact id: '641be41a2449981027381cf6e3c5df67') in 0.029010 seconds
Number of updated asset objects reloaded before import = 0
Number of asset objects unloaded after import = 8
========================================================================
Received Import Request.
  Time since last request: 0.524042 seconds.
  path: Assets/_Course Library/Source Files/Models/Chest_Modern.fbx
  artifactKey: Guid(59f9d2be05e0a774899ba14b1f7a1203) Importer(815301076,1909f56bfc062723c751e8b465ee728b)
Start importing Assets/_Course Library/Source Files/Models/Chest_Modern.fbx using Guid(59f9d2be05e0a774899ba14b1f7a1203) Importer(815301076,1909f56bfc062723c751e8b465ee728b)  -> (artifact id: '604ed6fd4ce0e83c542e0b03d3d53dd9') in 0.044310 seconds
Number of updated asset objects reloaded before import = 0
Number of asset objects unloaded after import = 15
========================================================================
Received Import Request.
  Time since last request: 0.000017 seconds.
  path: Assets/_Course Library/Source Files/Models/Chair_Traditional_B.fbx
  artifactKey: Guid(c85425214953d3e458c75798dc76fde9) Importer(815301076,1909f56bfc062723c751e8b465ee728b)
Start importing Assets/_Course Library/Source Files/Models/Chair_Traditional_B.fbx using Guid(c85425214953d3e458c75798dc76fde9) Importer(815301076,1909f56bfc062723c751e8b465ee728b)  -> (artifact id: '293ca4b9d83a9551a6727384e83ea7b7') in 0.034223 seconds
Number of updated asset objects reloaded before import = 0
Number of asset objects unloaded after import = 8
========================================================================
Received Import Request.
  Time since last request: 0.020471 seconds.
  path: Assets/_Course Library/Source Files/Models/Launcher_Stapler.fbx
  artifactKey: Guid(bf503a445ac29b1479b29c1dbf0ad594) Importer(815301076,1909f56bfc062723c751e8b465ee728b)
Start importing Assets/_Course Library/Source Files/Models/Launcher_Stapler.fbx using Guid(bf503a445ac29b1479b29c1dbf0ad594) Importer(815301076,1909f56bfc062723c751e8b465ee728b)  -> (artifact id: '371149212e0d54fce1034f45dddefc97') in 0.037339 seconds
Number of updated asset objects reloaded before import = 0
Number of asset objects unloaded after import = 15
========================================================================
Received Import Request.
  Time since last request: 4.270313 seconds.
  path: Assets/_Course Library/Source Files/Models/Lever_2.FBX
  artifactKey: Guid(0dfd06b0bf511764ead40699e7fd035a) Importer(815301076,1909f56bfc062723c751e8b465ee728b)
Start importing Assets/_Course Library/Source Files/Models/Lever_2.FBX using Guid(0dfd06b0bf511764ead40699e7fd035a) Importer(815301076,1909f56bfc062723c751e8b465ee728b)  -> (artifact id: 'cebbfc3686ade1b275aa127d0d84cbf5') in 0.034305 seconds
Number of updated asset objects reloaded before import = 0
Number of asset objects unloaded after import = 16
========================================================================
Received Import Request.
  Time since last request: 0.000016 seconds.
  path: Assets/_Course Library/Source Files/Models/Object_Notebook_C.fbx
  artifactKey: Guid(fb1cb1c8e9755c54690de96e0f076dfe) Importer(815301076,1909f56bfc062723c751e8b465ee728b)
Start importing Assets/_Course Library/Source Files/Models/Object_Notebook_C.fbx using Guid(fb1cb1c8e9755c54690de96e0f076dfe) Importer(815301076,1909f56bfc062723c751e8b465ee728b)  -> (artifact id: '6945a673d62551a8954ebfbe8f4f0447') in 0.051273 seconds
Number of updated asset objects reloaded before import = 0
Number of asset objects unloaded after import = 15
========================================================================
Received Import Request.
  Time since last request: 0.000023 seconds.
  path: Assets/_Course Library/Source Files/Models/Mat_A_1.fbx
  artifactKey: Guid(ab6b8c4e5561e3f4199b0733b2706002) Importer(815301076,1909f56bfc062723c751e8b465ee728b)
Start importing Assets/_Course Library/Source Files/Models/Mat_A_1.fbx using Guid(ab6b8c4e5561e3f4199b0733b2706002) Importer(815301076,1909f56bfc062723c751e8b465ee728b)  -> (artifact id: 'd68ef6839994d3b005955a55fae4fcb1') in 0.021001 seconds
Number of updated asset objects reloaded before import = 0
Number of asset objects unloaded after import = 8
========================================================================
Received Import Request.
  Time since last request: 0.000017 seconds.
  path: Assets/_Course Library/Source Files/Models/Object_Photograph.fbx
  artifactKey: Guid(5b96de882f9db8a4480c0d7c1d28c52e) Importer(815301076,1909f56bfc062723c751e8b465ee728b)
Start importing Assets/_Course Library/Source Files/Models/Object_Photograph.fbx using Guid(5b96de882f9db8a4480c0d7c1d28c52e) Importer(815301076,1909f56bfc062723c751e8b465ee728b)  -> (artifact id: '35d6f5d28a298cdab1e104f5a8edbc55') in 0.037784 seconds
Number of updated asset objects reloaded before import = 0
Number of asset objects unloaded after import = 15
========================================================================
Received Import Request.
  Time since last request: 0.000016 seconds.
  path: Assets/_Course Library/Source Files/Models/Object_Notebook_B.fbx
  artifactKey: Guid(f9eadf25bce12c649be0f96af42633ec) Importer(815301076,1909f56bfc062723c751e8b465ee728b)
Start importing Assets/_Course Library/Source Files/Models/Object_Notebook_B.fbx using Guid(f9eadf25bce12c649be0f96af42633ec) Importer(815301076,1909f56bfc062723c751e8b465ee728b)  -> (artifact id: '90ba36ae26b83c0e32b309dd3f3489ff') in 0.037402 seconds
Number of updated asset objects reloaded before import = 0
Number of asset objects unloaded after import = 15
========================================================================
Received Import Request.
  Time since last request: 0.000018 seconds.
  path: Assets/_Course Library/Source Files/Models/Mirror_A_1.fbx
  artifactKey: Guid(61988a48f5676b04d9c3c7a71e21d67f) Importer(815301076,1909f56bfc062723c751e8b465ee728b)
Start importing Assets/_Course Library/Source Files/Models/Mirror_A_1.fbx using Guid(61988a48f5676b04d9c3c7a71e21d67f) Importer(815301076,1909f56bfc062723c751e8b465ee728b)  -> (artifact id: '644dfbe07ff42012d422ae4ede1decfe') in 0.028126 seconds
Number of updated asset objects reloaded before import = 0
Number of asset objects unloaded after import = 8
========================================================================
Received Import Request.
  Time since last request: 0.000010 seconds.
  path: Assets/_Course Library/Source Files/Models/Mat_B_2.fbx
  artifactKey: Guid(22121cdf70ace6c469efdb3b7114a1e2) Importer(815301076,1909f56bfc062723c751e8b465ee728b)
Start importing Assets/_Course Library/Source Files/Models/Mat_B_2.fbx using Guid(22121cdf70ace6c469efdb3b7114a1e2) Importer(815301076,1909f56bfc062723c751e8b465ee728b)  -> (artifact id: '6f40fd45bff49e4f3da03392d0dfb6b1') in 0.029968 seconds
Number of updated asset objects reloaded before import = 0
Number of asset objects unloaded after import = 8
========================================================================
Received Import Request.
  Time since last request: 4.629385 seconds.
  path: Assets/_Course Library/Source Files/Models/Couch_Traditional_B.fbx
  artifactKey: Guid(8eb988e5c2855974ebfe21130111a1de) Importer(815301076,1909f56bfc062723c751e8b465ee728b)
Start importing Assets/_Course Library/Source Files/Models/Couch_Traditional_B.fbx using Guid(8eb988e5c2855974ebfe21130111a1de) Importer(815301076,1909f56bfc062723c751e8b465ee728b)  -> (artifact id: '2d57c6f06396b5f597dddb69d18f9793') in 0.022696 seconds
Number of updated asset objects reloaded before import = 0
Number of asset objects unloaded after import = 8
========================================================================
Received Import Request.
  Time since last request: 16.929100 seconds.
  path: Assets/Brick Project Studio/Apartment Kit/Common/Models/Modern Liquor Cabinet.fbx
  artifactKey: Guid(fe73d14489f153e4485e26243ed30d09) Importer(815301076,1909f56bfc062723c751e8b465ee728b)
Start importing Assets/Brick Project Studio/Apartment Kit/Common/Models/Modern Liquor Cabinet.fbx using Guid(fe73d14489f153e4485e26243ed30d09) Importer(815301076,1909f56bfc062723c751e8b465ee728b)  -> (artifact id: '2a1363330f10fbd3ca035c07f08a22ee') in 0.239866 seconds
Number of updated asset objects reloaded before import = 0
Number of asset objects unloaded after import = 90
========================================================================
Received Import Request.
  Time since last request: 48.361867 seconds.
  path: Assets/Brick Project Studio/_BPS Basic Assets/Common/Textures/Legacy/Brick 02 normal.png
  artifactKey: Guid(0542ca3276b27f0458ecca022955e656) Importer(815301076,1909f56bfc062723c751e8b465ee728b)
Start importing Assets/Brick Project Studio/_BPS Basic Assets/Common/Textures/Legacy/Brick 02 normal.png using Guid(0542ca3276b27f0458ecca022955e656) Importer(815301076,1909f56bfc062723c751e8b465ee728b)  -> (artifact id: 'd6bc151b9fe8f119a5d7db75639ce78c') in 0.029891 seconds
Number of updated asset objects reloaded before import = 0
Number of asset objects unloaded after import = 2
========================================================================
Received Import Request.
  Time since last request: 0.000029 seconds.
  path: Assets/Package04_Free_Kitchen/FreeKitchen/Textures/Version02/FreeCabinet02_Material_Normal.png
  artifactKey: Guid(ee9816fa396044d64a8c876416bdf2f1) Importer(815301076,1909f56bfc062723c751e8b465ee728b)
Start importing Assets/Package04_Free_Kitchen/FreeKitchen/Textures/Version02/FreeCabinet02_Material_Normal.png using Guid(ee9816fa396044d64a8c876416bdf2f1) Importer(815301076,1909f56bfc062723c751e8b465ee728b)  -> (artifact id: 'f775334a3ab15651cc2ffe3bddb85022') in 0.024261 seconds
Number of updated asset objects reloaded before import = 0
Number of asset objects unloaded after import = 2
========================================================================
Received Import Request.
  Time since last request: 0.000014 seconds.
  path: Assets/Brick Project Studio/_BPS Basic Assets/Common/Textures/Legacy/Floor_normal.png
  artifactKey: Guid(e10c0a17308ba8a459fb883b0de900e0) Importer(815301076,1909f56bfc062723c751e8b465ee728b)
Start importing Assets/Brick Project Studio/_BPS Basic Assets/Common/Textures/Legacy/Floor_normal.png using Guid(e10c0a17308ba8a459fb883b0de900e0) Importer(815301076,1909f56bfc062723c751e8b465ee728b)  -> (artifact id: 'e74e3d0a6965c6740c47b1a55fe8cd1d') in 0.039789 seconds
Number of updated asset objects reloaded before import = 0
Number of asset objects unloaded after import = 2
========================================================================
Received Import Request.
  Time since last request: 0.000026 seconds.
  path: Assets/Brick Project Studio/_BPS Basic Assets/Common/Models/Build Kits/Build Kit Doors_01.fbx
  artifactKey: Guid(cb07ca870cf1d5444b85ea4e3ee49a58) Importer(815301076,1909f56bfc062723c751e8b465ee728b)
Start importing Assets/Brick Project Studio/_BPS Basic Assets/Common/Models/Build Kits/Build Kit Doors_01.fbx using Guid(cb07ca870cf1d5444b85ea4e3ee49a58) Importer(815301076,1909f56bfc062723c751e8b465ee728b)  -> (artifact id: '3159696ad29ad7d1c8fc78f0267f7ba8') in 0.190675 seconds
Number of updated asset objects reloaded before import = 0
Number of asset objects unloaded after import = 44
Editor requested this worker to shutdown with reason: Scaling down because of idle timeout
TcpMessagingSession - receive error: operation aborted. errorcode: 995, details: The I/O operation has been aborted because of either a thread exit or an application request.
AssetImportWorker is now disconnected from the server
Process exiting
Exiting without the bug reporter. Application will terminate with return code 0