Using pre-set license
Built from '2022.3/staging' branch; Version is '2022.3.9f1 (ea401c316338) revision 15351836'; Using compiler version '192829333'; Build Type 'Release'
OS: 'Windows 10  (10.0.19045) 64bit Enterprise' Language: 'en' Physical Memory: 32477 MB
BatchMode: 1, IsHumanControllingUs: 0, StartBugReporterOnCrash: 0, Is64bit: 1, IsPro: 1

COMMAND LINE ARGUMENTS:
C:\Program Files\Unity 2022.3.9f1\Editor\Unity.exe
-adb2
-batchMode
-noUpm
-name
AssetImportWorker7
-projectPath
C:/Users/A00297278/Desktop/ca-piotrWarkocki2003/GameForJohn
-logFile
Logs/AssetImportWorker7.log
-srvPort
55488
Successfully changed project path to: C:/Users/A00297278/Desktop/ca-piotrWarkocki2003/GameForJohn
C:/Users/A00297278/Desktop/ca-piotrWarkocki2003/GameForJohn
[UnityMemory] Configuration Parameters - Can be set up in boot.config
    "memorysetup-bucket-allocator-granularity=16"
    "memorysetup-bucket-allocator-bucket-count=8"
    "memorysetup-bucket-allocator-block-size=33554432"
    "memorysetup-bucket-allocator-block-count=8"
    "memorysetup-main-allocator-block-size=16777216"
    "memorysetup-thread-allocator-block-size=16777216"
    "memorysetup-gfx-main-allocator-block-size=16777216"
    "memorysetup-gfx-thread-allocator-block-size=16777216"
    "memorysetup-cache-allocator-block-size=4194304"
    "memorysetup-typetree-allocator-block-size=2097152"
    "memorysetup-profiler-bucket-allocator-granularity=16"
    "memorysetup-profiler-bucket-allocator-bucket-count=8"
    "memorysetup-profiler-bucket-allocator-block-size=33554432"
    "memorysetup-profiler-bucket-allocator-block-count=8"
    "memorysetup-profiler-allocator-block-size=16777216"
    "memorysetup-profiler-editor-allocator-block-size=1048576"
    "memorysetup-temp-allocator-size-main=16777216"
    "memorysetup-job-temp-allocator-block-size=2097152"
    "memorysetup-job-temp-allocator-block-size-background=1048576"
    "memorysetup-job-temp-allocator-reduction-small-platforms=262144"
    "memorysetup-allocator-temp-initial-block-size-main=262144"
    "memorysetup-allocator-temp-initial-block-size-worker=262144"
    "memorysetup-temp-allocator-size-background-worker=32768"
    "memorysetup-temp-allocator-size-job-worker=262144"
    "memorysetup-temp-allocator-size-preload-manager=33554432"
    "memorysetup-temp-allocator-size-nav-mesh-worker=65536"
    "memorysetup-temp-allocator-size-audio-worker=65536"
    "memorysetup-temp-allocator-size-cloud-worker=32768"
    "memorysetup-temp-allocator-size-gi-baking-worker=262144"
    "memorysetup-temp-allocator-size-gfx=262144"
Player connection [22028] Host "[IP] 192.168.23.167 [Port] 0 [Flags] 2 [Guid] 3764978322 [EditorId] 3764978322 [Version] 1048832 [Id] WindowsEditor(7,AT-X207-22) [Debug] 1 [PackageName] WindowsEditor [ProjectName] Editor" joined multi-casting on [225.0.0.222:54997]...

Player connection [22028] Host "[IP] 192.168.23.167 [Port] 0 [Flags] 2 [Guid] 3764978322 [EditorId] 3764978322 [Version] 1048832 [Id] WindowsEditor(7,AT-X207-22) [Debug] 1 [PackageName] WindowsEditor [ProjectName] Editor" joined alternative multi-casting on [225.0.0.222:34997]...

[Physics::Module] Initialized MultithreadedJobDispatcher with 19 workers.
Refreshing native plugins compatible for Editor in 19.76 ms, found 12 plugins.
Preloading 1 native plugins for Editor in 0.44 ms.
Initialize engine version: 2022.3.9f1 (ea401c316338)
[Subsystems] Discovering subsystems at path C:/Program Files/Unity 2022.3.9f1/Editor/Data/Resources/UnitySubsystems
[Subsystems] Discovering subsystems at path C:/Users/A00297278/Desktop/ca-piotrWarkocki2003/GameForJohn/Assets
GfxDevice: creating device client; threaded=0; jobified=0
Direct3D:
    Version:  Direct3D 11.0 [level 11.1]
    Renderer: NVIDIA GeForce RTX 3080 (ID=0x2216)
    Vendor:   NVIDIA
    VRAM:     10067 MB
    Driver:   31.0.15.3619
Initialize mono
Mono path[0] = 'C:/Program Files/Unity 2022.3.9f1/Editor/Data/Managed'
Mono path[1] = 'C:/Program Files/Unity 2022.3.9f1/Editor/Data/MonoBleedingEdge/lib/mono/unityjit-win32'
Mono config path = 'C:/Program Files/Unity 2022.3.9f1/Editor/Data/MonoBleedingEdge/etc'
Using monoOptions --debugger-agent=transport=dt_socket,embedding=1,server=y,suspend=n,address=127.0.0.1:56448
Begin MonoManager ReloadAssembly
Registering precompiled unity dll's ...
Register platform support module: C:/Program Files/Unity 2022.3.9f1/Editor/Data/PlaybackEngines/WindowsStandaloneSupport/UnityEditor.WindowsStandalone.Extensions.dll
Registered in 0.007223 seconds.
- Loaded All Assemblies, in  0.327 seconds
Native extension for WindowsStandalone target not found
Mono: successfully reloaded assembly
- Finished resetting the current domain, in  0.227 seconds
Domain Reload Profiling: 553ms
	BeginReloadAssembly (102ms)
		ExecutionOrderSort (0ms)
		DisableScriptedObjects (0ms)
		BackupInstance (0ms)
		ReleaseScriptingObjects (0ms)
		CreateAndSetChildDomain (1ms)
	RebuildCommonClasses (32ms)
	RebuildNativeTypeToScriptingClass (10ms)
	initialDomainReloadingComplete (53ms)
	LoadAllAssembliesAndSetupDomain (128ms)
		LoadAssemblies (99ms)
		RebuildTransferFunctionScriptingTraits (0ms)
		AnalyzeDomain (127ms)
			TypeCache.Refresh (125ms)
				TypeCache.ScanAssembly (112ms)
			ScanForSourceGeneratedMonoScriptInfo (0ms)
			ResolveRequiredComponents (0ms)
	FinalizeReload (228ms)
		ReleaseScriptCaches (0ms)
		RebuildScriptCaches (0ms)
		SetupLoadedEditorAssemblies (175ms)
			LogAssemblyErrors (0ms)
			InitializePlatformSupportModulesInManaged (8ms)
			SetLoadedEditorAssemblies (7ms)
			RefreshPlugins (0ms)
			BeforeProcessingInitializeOnLoad (2ms)
			ProcessInitializeOnLoadAttributes (115ms)
			ProcessInitializeOnLoadMethodAttributes (44ms)
			AfterProcessingInitializeOnLoad (0ms)
			EditorAssembliesLoaded (0ms)
		ExecutionOrderSort2 (0ms)
		AwakeInstancesAfterBackupRestoration (0ms)
========================================================================
Worker process is ready to serve import requests
Begin MonoManager ReloadAssembly
- Loaded All Assemblies, in  0.652 seconds
Refreshing native plugins compatible for Editor in 11.22 ms, found 12 plugins.
Native extension for WindowsStandalone target not found
Package Manager log level set to [2]
[Package Manager] Server::EnsureServerProcessIsRunning -- launch failed, reason: Unity was launched with the -noUpm command-line argument
[Package Manager] UpmClient::Send -- Unable to send message (not connected to UPM process).
[Package Manager] Cannot connect to Unity Package Manager local server
[Package Manager] Server::EnsureServerProcessIsRunning -- launch failed, reason: Unity was launched with the -noUpm command-line argument
[Package Manager] UpmClient::Send -- Unable to send message (not connected to UPM process).
[Package Manager] Cannot connect to Unity Package Manager local server
System.Reflection.TargetInvocationException: Exception has been thrown by the target of an invocation. ---> System.NullReferenceException: Object reference not set to an instance of an object
  at Unity.XR.Oculus.OculusLoader.AssetPathToAbsolutePath (System.String assetPath) [0x0003d] in .\Library\PackageCache\com.unity.xr.oculus@4.0.0\Runtime\OculusLoader.cs:282 
  at Unity.XR.Oculus.OculusLoader.EditorLoadOVRPlugin () [0x0007b] in .\Library\PackageCache\com.unity.xr.oculus@4.0.0\Runtime\OculusLoader.cs:267 
  at (wrapper managed-to-native) System.Reflection.RuntimeMethodInfo.InternalInvoke(System.Reflection.RuntimeMethodInfo,object,object[],System.Exception&)
  at System.Reflection.RuntimeMethodInfo.Invoke (System.Object obj, System.Reflection.BindingFlags invokeAttr, System.Reflection.Binder binder, System.Object[] parameters, System.Globalization.CultureInfo culture) [0x0006a] in <787acc3c9a4c471ba7d971300105af24>:0 
   --- End of inner exception stack trace ---
  at System.Reflection.RuntimeMethodInfo.Invoke (System.Object obj, System.Reflection.BindingFlags invokeAttr, System.Reflection.Binder binder, System.Object[] parameters, System.Globalization.CultureInfo culture) [0x00083] in <787acc3c9a4c471ba7d971300105af24>:0 
  at System.Reflection.MethodBase.Invoke (System.Object obj, System.Object[] parameters) [0x00000] in <787acc3c9a4c471ba7d971300105af24>:0 
  at UnityEditor.EditorAssemblies.ProcessInitializeOnLoadMethodAttributes () [0x000a5] in <2e279d988b9d4542841de511fbfdf8c2>:0 
UnityEngine.StackTraceUtility:ExtractStackTrace ()
UnityEngine.DebugLogHandler:LogFormat (UnityEngine.LogType,UnityEngine.Object,string,object[])
UnityEngine.Logger:Log (UnityEngine.LogType,object)
UnityEngine.Debug:LogError (object)
UnityEditor.EditorAssemblies:ProcessInitializeOnLoadMethodAttributes ()

Mono: successfully reloaded assembly
[Package Manager] Server::EnsureServerProcessIsRunning -- launch failed, reason: Unity was launched with the -noUpm command-line argument
[Package Manager] UpmClient::Send -- Unable to send message (not connected to UPM process).
[Package Manager] Cannot connect to Unity Package Manager local server
[Package Manager] Server::EnsureServerProcessIsRunning -- launch failed, reason: Unity was launched with the -noUpm command-line argument
[Package Manager] UpmClient::Send -- Unable to send message (not connected to UPM process).
[Package Manager] Cannot connect to Unity Package Manager local server
- Finished resetting the current domain, in  0.628 seconds
Domain Reload Profiling: 1277ms
	BeginReloadAssembly (144ms)
		ExecutionOrderSort (0ms)
		DisableScriptedObjects (7ms)
		BackupInstance (0ms)
		ReleaseScriptingObjects (0ms)
		CreateAndSetChildDomain (24ms)
	RebuildCommonClasses (31ms)
	RebuildNativeTypeToScriptingClass (10ms)
	initialDomainReloadingComplete (37ms)
	LoadAllAssembliesAndSetupDomain (426ms)
		LoadAssemblies (287ms)
		RebuildTransferFunctionScriptingTraits (0ms)
		AnalyzeDomain (217ms)
			TypeCache.Refresh (181ms)
				TypeCache.ScanAssembly (162ms)
			ScanForSourceGeneratedMonoScriptInfo (25ms)
			ResolveRequiredComponents (10ms)
	FinalizeReload (629ms)
		ReleaseScriptCaches (0ms)
		RebuildScriptCaches (0ms)
		SetupLoadedEditorAssemblies (477ms)
			LogAssemblyErrors (0ms)
			InitializePlatformSupportModulesInManaged (5ms)
			SetLoadedEditorAssemblies (3ms)
			RefreshPlugins (0ms)
			BeforeProcessingInitializeOnLoad (72ms)
			ProcessInitializeOnLoadAttributes (340ms)
			ProcessInitializeOnLoadMethodAttributes (49ms)
			AfterProcessingInitializeOnLoad (7ms)
			EditorAssembliesLoaded (0ms)
		ExecutionOrderSort2 (0ms)
		AwakeInstancesAfterBackupRestoration (7ms)
Launched and connected shader compiler UnityShaderCompiler.exe after 0.03 seconds
Refreshing native plugins compatible for Editor in 11.13 ms, found 12 plugins.
Preloading 1 native plugins for Editor in 0.07 ms.
Unloading 4675 Unused Serialized files (Serialized files now loaded: 0)
Unloading 76 unused Assets / (75.4 KB). Loaded Objects now: 5165.
Memory consumption went from 157.7 MB to 157.6 MB.
Total: 4.166100 ms (FindLiveObjects: 0.443300 ms CreateObjectMapping: 0.305000 ms MarkObjects: 3.261600 ms  DeleteObjects: 0.155300 ms)

AssetImportParameters requested are different than current active one (requested -> active):
  custom:container-demuxer-ogg: 62fdf1f143b41e24485cea50d1cbac27 -> 
  custom:video-decoder-ogg-theora: a1e56fd34408186e4bbccfd4996cb3dc -> 
  custom:framework-win-MediaFoundation: 216162199b28c13a410421893ffa2e32 -> 
  custom:CustomObjectIndexerAttribute: 756ad292c208cfabdd7b50bc23989ffe -> 
  custom:container-demuxer-webm: 4f35f7cbe854078d1ac9338744f61a02 -> 
  custom:container-muxer-webm: aa71ff27fc2769a1b78a27578f13a17b -> 
  custom:video-decoder-webm-vp8: 9c59270c3fd7afecdb556c50c9e8de78 -> 
  custom:SearchIndexIgnoredProperties: e643bd26f0fe6173181afceb89e7c659 -> 
  custom:AudioImporter_EditorPlatform: d09bf68614088b80899f8185d706f6e7 -> 
  custom:video-encoder-webm-vp8: eb34c28f22e8b96e1ab97ce403110664 -> 
  custom:audio-decoder-ogg-vorbis: bf7c407c2cedff20999df2af8eb42d56 -> 
  custom:audio-encoder-webm-vorbis: bf7c407c2cedff20999df2af8eb42d56 -> 
========================================================================
Received Import Request.
  Time since last request: 71175.604323 seconds.
  path: Assets/Package04_Free_Kitchen/FreeKitchen/Prefabs/Version01/FreeBowl02.prefab
  artifactKey: Guid(e0cd751eb70ae4bf8bdf7f8885891659) Importer(815301076,1909f56bfc062723c751e8b465ee728b)
Start importing Assets/Package04_Free_Kitchen/FreeKitchen/Prefabs/Version01/FreeBowl02.prefab using Guid(e0cd751eb70ae4bf8bdf7f8885891659) Importer(815301076,1909f56bfc062723c751e8b465ee728b)  -> (artifact id: '8320794f11d3d6877367999b19b4be01') in 0.186862 seconds
Number of updated asset objects reloaded before import = 0
Number of asset objects unloaded after import = 13
========================================================================
Received Import Request.
  Time since last request: 0.000037 seconds.
  path: Assets/Package04_Free_Kitchen/FreeKitchen/Prefabs/Version01/StoveWithExtractorHood.prefab
  artifactKey: Guid(648853ee3e2944b0d83d3420dbb52fa0) Importer(815301076,1909f56bfc062723c751e8b465ee728b)
Start importing Assets/Package04_Free_Kitchen/FreeKitchen/Prefabs/Version01/StoveWithExtractorHood.prefab using Guid(648853ee3e2944b0d83d3420dbb52fa0) Importer(815301076,1909f56bfc062723c751e8b465ee728b)  -> (artifact id: 'bb280f6a77f14e59a880b888031caa7b') in 0.071409 seconds
Number of updated asset objects reloaded before import = 0
Number of asset objects unloaded after import = 50
========================================================================
Received Import Request.
  Time since last request: 0.000028 seconds.
  path: Assets/Package04_Free_Kitchen/FreeKitchen/Prefabs/Version01/FreeCabinet01_DoorRight.prefab
  artifactKey: Guid(c05978aee78c54b47bda1138481145be) Importer(815301076,1909f56bfc062723c751e8b465ee728b)
Start importing Assets/Package04_Free_Kitchen/FreeKitchen/Prefabs/Version01/FreeCabinet01_DoorRight.prefab using Guid(c05978aee78c54b47bda1138481145be) Importer(815301076,1909f56bfc062723c751e8b465ee728b)  -> (artifact id: '35e8bae44652470dcf325ec80c229e14') in 0.036710 seconds
Number of updated asset objects reloaded before import = 0
Number of asset objects unloaded after import = 13
========================================================================
Received Import Request.
  Time since last request: 0.000016 seconds.
  path: Assets/Package04_Free_Kitchen/FreeKitchen/Prefabs/Version01/FreePlate.prefab
  artifactKey: Guid(ce79dbb34713241978debb72446fa860) Importer(815301076,1909f56bfc062723c751e8b465ee728b)
Start importing Assets/Package04_Free_Kitchen/FreeKitchen/Prefabs/Version01/FreePlate.prefab using Guid(ce79dbb34713241978debb72446fa860) Importer(815301076,1909f56bfc062723c751e8b465ee728b)  -> (artifact id: '8f1fb36c688199a2b41325697b0247a3') in 0.022416 seconds
Number of updated asset objects reloaded before import = 0
Number of asset objects unloaded after import = 13
========================================================================
Received Import Request.
  Time since last request: 0.000042 seconds.
  path: Assets/Package04_Free_Kitchen/FreeKitchen/Prefabs/Version01/FreeCarpet.prefab
  artifactKey: Guid(94df118b0eeb14596ac008db17d24a8f) Importer(815301076,1909f56bfc062723c751e8b465ee728b)
Start importing Assets/Package04_Free_Kitchen/FreeKitchen/Prefabs/Version01/FreeCarpet.prefab using Guid(94df118b0eeb14596ac008db17d24a8f) Importer(815301076,1909f56bfc062723c751e8b465ee728b)  -> (artifact id: '5c906a2a56880fd04e1c4a0ee1a2b0f1') in 0.028074 seconds
Number of updated asset objects reloaded before import = 0
Number of asset objects unloaded after import = 12
========================================================================
Received Import Request.
  Time since last request: 0.000021 seconds.
  path: Assets/Package04_Free_Kitchen/FreeKitchen/Prefabs/Version01/FreeCabinet02_DrawerSmall.prefab
  artifactKey: Guid(01c1649a861864384aa164a54d5e22f6) Importer(815301076,1909f56bfc062723c751e8b465ee728b)
Start importing Assets/Package04_Free_Kitchen/FreeKitchen/Prefabs/Version01/FreeCabinet02_DrawerSmall.prefab using Guid(01c1649a861864384aa164a54d5e22f6) Importer(815301076,1909f56bfc062723c751e8b465ee728b)  -> (artifact id: '061328bd54f6d48a1559edb0d4a920cb') in 0.024397 seconds
Number of updated asset objects reloaded before import = 0
Number of asset objects unloaded after import = 13
========================================================================
Received Import Request.
  Time since last request: 0.000024 seconds.
  path: Assets/Package04_Free_Kitchen/FreeKitchen/Prefabs/Version01/FreeLamp.prefab
  artifactKey: Guid(b4bf0657188dd44ff878e2fb0dba8d20) Importer(815301076,1909f56bfc062723c751e8b465ee728b)
Start importing Assets/Package04_Free_Kitchen/FreeKitchen/Prefabs/Version01/FreeLamp.prefab using Guid(b4bf0657188dd44ff878e2fb0dba8d20) Importer(815301076,1909f56bfc062723c751e8b465ee728b)  -> (artifact id: '3eb7c1c6cabbdd8cd83b9164bbe1be79') in 0.024540 seconds
Number of updated asset objects reloaded before import = 0
Number of asset objects unloaded after import = 15
========================================================================
Received Import Request.
  Time since last request: 0.000018 seconds.
  path: Assets/Package04_Free_Kitchen/FreeKitchen/Prefabs/Version01/FreeSaltShaker.prefab
  artifactKey: Guid(4416b98c4484848b393bc467ca0845bb) Importer(815301076,1909f56bfc062723c751e8b465ee728b)
Start importing Assets/Package04_Free_Kitchen/FreeKitchen/Prefabs/Version01/FreeSaltShaker.prefab using Guid(4416b98c4484848b393bc467ca0845bb) Importer(815301076,1909f56bfc062723c751e8b465ee728b)  -> (artifact id: 'ab83830e18813a5c34bd7630bea5bfaa') in 0.023307 seconds
Number of updated asset objects reloaded before import = 0
Number of asset objects unloaded after import = 13
========================================================================
Received Import Request.
  Time since last request: 0.000019 seconds.
  path: Assets/Package04_Free_Kitchen/FreeKitchen/Prefabs/Version01/FreeCabinet01_DoorLeft.prefab
  artifactKey: Guid(1a38065cf7a124a358a86f6ac65a1a34) Importer(815301076,1909f56bfc062723c751e8b465ee728b)
Start importing Assets/Package04_Free_Kitchen/FreeKitchen/Prefabs/Version01/FreeCabinet01_DoorLeft.prefab using Guid(1a38065cf7a124a358a86f6ac65a1a34) Importer(815301076,1909f56bfc062723c751e8b465ee728b)  -> (artifact id: '78505c6685a2c21f33a0eef4064b4a37') in 0.026425 seconds
Number of updated asset objects reloaded before import = 0
Number of asset objects unloaded after import = 13
========================================================================
Received Import Request.
  Time since last request: 1.272349 seconds.
  path: Assets/Package04_Free_Kitchen/FreeKitchen/Prefabs/Version02/FreeBowl02.prefab
  artifactKey: Guid(37a684543466346ddad0629d23c32189) Importer(815301076,1909f56bfc062723c751e8b465ee728b)
Start importing Assets/Package04_Free_Kitchen/FreeKitchen/Prefabs/Version02/FreeBowl02.prefab using Guid(37a684543466346ddad0629d23c32189) Importer(815301076,1909f56bfc062723c751e8b465ee728b)  -> (artifact id: '706606e6dc0ce6d935e8c603cfef2fdb') in 0.032083 seconds
Number of updated asset objects reloaded before import = 0
Number of asset objects unloaded after import = 13
========================================================================
Received Import Request.
  Time since last request: 0.000017 seconds.
  path: Assets/Package04_Free_Kitchen/FreeKitchen/Prefabs/Version02/FreeCabinet01_DoorLeft.prefab
  artifactKey: Guid(99ee90d1610c340478aa3a25e9c2b009) Importer(815301076,1909f56bfc062723c751e8b465ee728b)
Start importing Assets/Package04_Free_Kitchen/FreeKitchen/Prefabs/Version02/FreeCabinet01_DoorLeft.prefab using Guid(99ee90d1610c340478aa3a25e9c2b009) Importer(815301076,1909f56bfc062723c751e8b465ee728b)  -> (artifact id: '3cb5b663be54477dd597fa45a817a687') in 0.028979 seconds
Number of updated asset objects reloaded before import = 0
Number of asset objects unloaded after import = 13
========================================================================
Received Import Request.
  Time since last request: 0.000023 seconds.
  path: Assets/Package04_Free_Kitchen/FreeKitchen/Prefabs/Version02/ShelfWithEquipment02.prefab
  artifactKey: Guid(6617f31a484b648878d478db800ec3ca) Importer(815301076,1909f56bfc062723c751e8b465ee728b)
Start importing Assets/Package04_Free_Kitchen/FreeKitchen/Prefabs/Version02/ShelfWithEquipment02.prefab using Guid(6617f31a484b648878d478db800ec3ca) Importer(815301076,1909f56bfc062723c751e8b465ee728b)  -> (artifact id: 'f5c85202a6a12ff7adc66bba99bd5825') in 0.040728 seconds
Number of updated asset objects reloaded before import = 0
Number of asset objects unloaded after import = 85
========================================================================
Received Import Request.
  Time since last request: 0.000021 seconds.
  path: Assets/Package04_Free_Kitchen/FreeKitchen/Prefabs/Version02/FreePepperShaker.prefab
  artifactKey: Guid(51c217fc5967344cfbbdfe07d710b205) Importer(815301076,1909f56bfc062723c751e8b465ee728b)
Start importing Assets/Package04_Free_Kitchen/FreeKitchen/Prefabs/Version02/FreePepperShaker.prefab using Guid(51c217fc5967344cfbbdfe07d710b205) Importer(815301076,1909f56bfc062723c751e8b465ee728b)  -> (artifact id: '145493b26204ad5f4682458f61f58322') in 0.025677 seconds
Number of updated asset objects reloaded before import = 0
Number of asset objects unloaded after import = 13
========================================================================
Received Import Request.
  Time since last request: 0.000025 seconds.
  path: Assets/Package04_Free_Kitchen/FreeKitchen/Prefabs/Version02/FreeCabinet03.prefab
  artifactKey: Guid(dfa7877a09a8949199d86352f80adc8e) Importer(815301076,1909f56bfc062723c751e8b465ee728b)
Start importing Assets/Package04_Free_Kitchen/FreeKitchen/Prefabs/Version02/FreeCabinet03.prefab using Guid(dfa7877a09a8949199d86352f80adc8e) Importer(815301076,1909f56bfc062723c751e8b465ee728b)  -> (artifact id: '16ae504ac4063e75fcaf5d515297e021') in 0.044168 seconds
Number of updated asset objects reloaded before import = 0
Number of asset objects unloaded after import = 57
========================================================================
Received Import Request.
  Time since last request: 0.000026 seconds.
  path: Assets/Package04_Free_Kitchen/FreeKitchen/Prefabs/Version02/FreeCabinet01_DoorRight.prefab
  artifactKey: Guid(8db0836c2768d4672b6a6a5769326053) Importer(815301076,1909f56bfc062723c751e8b465ee728b)
Start importing Assets/Package04_Free_Kitchen/FreeKitchen/Prefabs/Version02/FreeCabinet01_DoorRight.prefab using Guid(8db0836c2768d4672b6a6a5769326053) Importer(815301076,1909f56bfc062723c751e8b465ee728b)  -> (artifact id: '24575dda7db3e5ac977c6b41683271e7') in 0.025574 seconds
Number of updated asset objects reloaded before import = 0
Number of asset objects unloaded after import = 13
========================================================================
Received Import Request.
  Time since last request: 0.000033 seconds.
  path: Assets/Package04_Free_Kitchen/FreeKitchen/Prefabs/Version02/ShelfWithEquipment01.prefab
  artifactKey: Guid(5c80faee74c12463e8d89a51b01b1b7a) Importer(815301076,1909f56bfc062723c751e8b465ee728b)
Start importing Assets/Package04_Free_Kitchen/FreeKitchen/Prefabs/Version02/ShelfWithEquipment01.prefab using Guid(5c80faee74c12463e8d89a51b01b1b7a) Importer(815301076,1909f56bfc062723c751e8b465ee728b)  -> (artifact id: 'afb4bad2b4828a23138f21eb8d3710fb') in 0.065277 seconds
Number of updated asset objects reloaded before import = 0
Number of asset objects unloaded after import = 196
========================================================================
Received Import Request.
  Time since last request: 1.310495 seconds.
  path: Assets/Package04_Free_Kitchen/FreeKitchen/Prefabs/Version03/FreeBowl02.prefab
  artifactKey: Guid(e846334a742a443e3bea8b7fb0ad986e) Importer(815301076,1909f56bfc062723c751e8b465ee728b)
Start importing Assets/Package04_Free_Kitchen/FreeKitchen/Prefabs/Version03/FreeBowl02.prefab using Guid(e846334a742a443e3bea8b7fb0ad986e) Importer(815301076,1909f56bfc062723c751e8b465ee728b)  -> (artifact id: 'c6876c2131eb9034dcbd4a6b2beb14c5') in 0.031886 seconds
Number of updated asset objects reloaded before import = 0
Number of asset objects unloaded after import = 13
========================================================================
Received Import Request.
  Time since last request: 0.000024 seconds.
  path: Assets/Package04_Free_Kitchen/FreeKitchen/Prefabs/Version03/FreeCabinet03_DrawerBig.prefab
  artifactKey: Guid(db2dc204cd5a442a9be3b4488af257be) Importer(815301076,1909f56bfc062723c751e8b465ee728b)
Start importing Assets/Package04_Free_Kitchen/FreeKitchen/Prefabs/Version03/FreeCabinet03_DrawerBig.prefab using Guid(db2dc204cd5a442a9be3b4488af257be) Importer(815301076,1909f56bfc062723c751e8b465ee728b)  -> (artifact id: 'a9cbcd16876ba211afb1996c6f1529e2') in 0.029400 seconds
Number of updated asset objects reloaded before import = 0
Number of asset objects unloaded after import = 13
========================================================================
Received Import Request.
  Time since last request: 0.000031 seconds.
  path: Assets/Package04_Free_Kitchen/FreeKitchen/Prefabs/Version03/FreeSpoon.prefab
  artifactKey: Guid(c1f9c36f50fdd477297e3ddc26b2da5a) Importer(815301076,1909f56bfc062723c751e8b465ee728b)
Start importing Assets/Package04_Free_Kitchen/FreeKitchen/Prefabs/Version03/FreeSpoon.prefab using Guid(c1f9c36f50fdd477297e3ddc26b2da5a) Importer(815301076,1909f56bfc062723c751e8b465ee728b)  -> (artifact id: '2f2c086ced2f8678cbb1e0832d24fbcb') in 0.026410 seconds
Number of updated asset objects reloaded before import = 0
Number of asset objects unloaded after import = 13
========================================================================
Received Import Request.
  Time since last request: 0.000036 seconds.
  path: Assets/Package04_Free_Kitchen/FreeKitchen/Prefabs/Version03/FreeCarpet.prefab
  artifactKey: Guid(cd843efa35c674c83864516cd9ee737c) Importer(815301076,1909f56bfc062723c751e8b465ee728b)
Start importing Assets/Package04_Free_Kitchen/FreeKitchen/Prefabs/Version03/FreeCarpet.prefab using Guid(cd843efa35c674c83864516cd9ee737c) Importer(815301076,1909f56bfc062723c751e8b465ee728b)  -> (artifact id: 'be4d7dc9f43f40642f269d35d9f40f14') in 0.026777 seconds
Number of updated asset objects reloaded before import = 0
Number of asset objects unloaded after import = 12
========================================================================
Received Import Request.
  Time since last request: 0.000022 seconds.
  path: Assets/Package04_Free_Kitchen/FreeKitchen/Prefabs/Version03/FreeSpatula03.prefab
  artifactKey: Guid(668b5f2d7a1ae4d7487f27b276c1585e) Importer(815301076,1909f56bfc062723c751e8b465ee728b)
Start importing Assets/Package04_Free_Kitchen/FreeKitchen/Prefabs/Version03/FreeSpatula03.prefab using Guid(668b5f2d7a1ae4d7487f27b276c1585e) Importer(815301076,1909f56bfc062723c751e8b465ee728b)  -> (artifact id: '937dcb75ca3d863b4c21156a769c6afa') in 0.028157 seconds
Number of updated asset objects reloaded before import = 0
Number of asset objects unloaded after import = 13
========================================================================
Received Import Request.
  Time since last request: 0.000023 seconds.
  path: Assets/Package04_Free_Kitchen/FreeKitchen/Prefabs/Version03/FreeSpatula02.prefab
  artifactKey: Guid(c5d95c401ebb6498abb86c916d32dc5b) Importer(815301076,1909f56bfc062723c751e8b465ee728b)
Start importing Assets/Package04_Free_Kitchen/FreeKitchen/Prefabs/Version03/FreeSpatula02.prefab using Guid(c5d95c401ebb6498abb86c916d32dc5b) Importer(815301076,1909f56bfc062723c751e8b465ee728b)  -> (artifact id: 'f100315d57bb99fe16fa71e3f2ea8878') in 0.027618 seconds
Number of updated asset objects reloaded before import = 0
Number of asset objects unloaded after import = 13
========================================================================
Received Import Request.
  Time since last request: 0.000017 seconds.
  path: Assets/Package04_Free_Kitchen/FreeKitchen/Prefabs/Version03/FreeSaltShaker.prefab
  artifactKey: Guid(7f496ac96f3ab4b058545abc0cfec9ca) Importer(815301076,1909f56bfc062723c751e8b465ee728b)
Start importing Assets/Package04_Free_Kitchen/FreeKitchen/Prefabs/Version03/FreeSaltShaker.prefab using Guid(7f496ac96f3ab4b058545abc0cfec9ca) Importer(815301076,1909f56bfc062723c751e8b465ee728b)  -> (artifact id: 'd33fd043d7e7cf1dc4f892ef46e8fd75') in 0.027653 seconds
Number of updated asset objects reloaded before import = 0
Number of asset objects unloaded after import = 13
========================================================================
Received Import Request.
  Time since last request: 0.000021 seconds.
  path: Assets/Package04_Free_Kitchen/FreeKitchen/Prefabs/Version03/FreeCabinet01_DoorRight.prefab
  artifactKey: Guid(fb99711c181754fd9b52ac203b135dd9) Importer(815301076,1909f56bfc062723c751e8b465ee728b)
Start importing Assets/Package04_Free_Kitchen/FreeKitchen/Prefabs/Version03/FreeCabinet01_DoorRight.prefab using Guid(fb99711c181754fd9b52ac203b135dd9) Importer(815301076,1909f56bfc062723c751e8b465ee728b)  -> (artifact id: '6f23783e3ae1acc101196fc20a5877c4') in 0.026269 seconds
Number of updated asset objects reloaded before import = 0
Number of asset objects unloaded after import = 13
========================================================================
Received Import Request.
  Time since last request: 0.000023 seconds.
  path: Assets/Package04_Free_Kitchen/FreeKitchen/Prefabs/Version03/ShelfWithEquipment01.prefab
  artifactKey: Guid(b1682c080b95e4d0cbad249d2c896d99) Importer(815301076,1909f56bfc062723c751e8b465ee728b)
Start importing Assets/Package04_Free_Kitchen/FreeKitchen/Prefabs/Version03/ShelfWithEquipment01.prefab using Guid(b1682c080b95e4d0cbad249d2c896d99) Importer(815301076,1909f56bfc062723c751e8b465ee728b)  -> (artifact id: '7ee4b58bd77e33a24950e82a78819543') in 0.055190 seconds
Number of updated asset objects reloaded before import = 0
Number of asset objects unloaded after import = 196
========================================================================
Received Import Request.
  Time since last request: 144.019574 seconds.
  path: Assets/ATLAS/Customizable Kitchen Pack/Prefabs/Counter_3Drawer_1.prefab
  artifactKey: Guid(f52bf9d31a4b7c243a3810895f9bc39f) Importer(815301076,1909f56bfc062723c751e8b465ee728b)
Start importing Assets/ATLAS/Customizable Kitchen Pack/Prefabs/Counter_3Drawer_1.prefab using Guid(f52bf9d31a4b7c243a3810895f9bc39f) Importer(815301076,1909f56bfc062723c751e8b465ee728b)  -> (artifact id: '0cf5d2a9eb9d48f9e4d3e429716f685c') in 0.073454 seconds
Number of updated asset objects reloaded before import = 0
Number of asset objects unloaded after import = 33
========================================================================
Received Import Request.
  Time since last request: 0.000021 seconds.
  path: Assets/ATLAS/Customizable Kitchen Pack/Prefabs/Stove_Electric_Stainless.prefab
  artifactKey: Guid(0f6e6330f9b801a4bacb8b3c63927da5) Importer(815301076,1909f56bfc062723c751e8b465ee728b)
Start importing Assets/ATLAS/Customizable Kitchen Pack/Prefabs/Stove_Electric_Stainless.prefab using Guid(0f6e6330f9b801a4bacb8b3c63927da5) Importer(815301076,1909f56bfc062723c751e8b465ee728b)  -> (artifact id: 'd35b30526057bd01ea0863824e005c6c') in 0.069404 seconds
Number of updated asset objects reloaded before import = 0
Number of asset objects unloaded after import = 10
========================================================================
Received Import Request.
  Time since last request: 0.000054 seconds.
  path: Assets/ATLAS/Customizable Kitchen Pack/Prefabs/Sink_Single.prefab
  artifactKey: Guid(223b7f5807eec7a4d9dd7196e1a0ba91) Importer(815301076,1909f56bfc062723c751e8b465ee728b)
Start importing Assets/ATLAS/Customizable Kitchen Pack/Prefabs/Sink_Single.prefab using Guid(223b7f5807eec7a4d9dd7196e1a0ba91) Importer(815301076,1909f56bfc062723c751e8b465ee728b)  -> (artifact id: 'b4de8ef26ae4350c00cd98849275c008') in 0.024623 seconds
Number of updated asset objects reloaded before import = 0
Number of asset objects unloaded after import = 40
========================================================================
Received Import Request.
  Time since last request: 0.000020 seconds.
  path: Assets/ATLAS/Customizable Kitchen Pack/Prefabs/Counter_Corner.prefab
  artifactKey: Guid(95102a92351eef148b15412db653526b) Importer(815301076,1909f56bfc062723c751e8b465ee728b)
Start importing Assets/ATLAS/Customizable Kitchen Pack/Prefabs/Counter_Corner.prefab using Guid(95102a92351eef148b15412db653526b) Importer(815301076,1909f56bfc062723c751e8b465ee728b)  -> (artifact id: 'd733ff80fcca9143e3276b730b42f324') in 0.028722 seconds
Number of updated asset objects reloaded before import = 0
Number of asset objects unloaded after import = 18
========================================================================
Received Import Request.
  Time since last request: 0.000028 seconds.
  path: Assets/ATLAS/Customizable Kitchen Pack/Prefabs/Sink_Double.prefab
  artifactKey: Guid(6034c645c164d414faf6a0d0869ef3de) Importer(815301076,1909f56bfc062723c751e8b465ee728b)
Start importing Assets/ATLAS/Customizable Kitchen Pack/Prefabs/Sink_Double.prefab using Guid(6034c645c164d414faf6a0d0869ef3de) Importer(815301076,1909f56bfc062723c751e8b465ee728b)  -> (artifact id: 'b224a2caaa4185ed593ca80dbcc936c4') in 0.030700 seconds
Number of updated asset objects reloaded before import = 0
Number of asset objects unloaded after import = 48
========================================================================
Received Import Request.
  Time since last request: 0.000031 seconds.
  path: Assets/ATLAS/Customizable Kitchen Pack/Prefabs/Stove_Electric_Black.prefab
  artifactKey: Guid(3e1f8ddfcf0279844ac9fb55e5a36624) Importer(815301076,1909f56bfc062723c751e8b465ee728b)
Start importing Assets/ATLAS/Customizable Kitchen Pack/Prefabs/Stove_Electric_Black.prefab using Guid(3e1f8ddfcf0279844ac9fb55e5a36624) Importer(815301076,1909f56bfc062723c751e8b465ee728b)  -> (artifact id: '80008fae77fcf89a22dbc5f9c56b5d4d') in 0.016650 seconds
Number of updated asset objects reloaded before import = 0
Number of asset objects unloaded after import = 10
========================================================================
Received Import Request.
  Time since last request: 0.000026 seconds.
  path: Assets/ATLAS/Customizable Kitchen Pack/Prefabs/Stove_Electric_Red.prefab
  artifactKey: Guid(bf0715a1d53a1094dae22974decc7c06) Importer(815301076,1909f56bfc062723c751e8b465ee728b)
Start importing Assets/ATLAS/Customizable Kitchen Pack/Prefabs/Stove_Electric_Red.prefab using Guid(bf0715a1d53a1094dae22974decc7c06) Importer(815301076,1909f56bfc062723c751e8b465ee728b)  -> (artifact id: 'b0beb1bbc2fd2d4db415fd39e652f2ff') in 0.015418 seconds
Number of updated asset objects reloaded before import = 0
Number of asset objects unloaded after import = 10
========================================================================
Received Import Request.
  Time since last request: 0.000022 seconds.
  path: Assets/ATLAS/Customizable Kitchen Pack/Prefabs/Dishwasher_Stainless.prefab
  artifactKey: Guid(ff0c40ae2d3241249a3d79a3a1e24d40) Importer(815301076,1909f56bfc062723c751e8b465ee728b)
Start importing Assets/ATLAS/Customizable Kitchen Pack/Prefabs/Dishwasher_Stainless.prefab using Guid(ff0c40ae2d3241249a3d79a3a1e24d40) Importer(815301076,1909f56bfc062723c751e8b465ee728b)  -> (artifact id: '1438fcc5554a45561323f03b8fabdaf7') in 0.014797 seconds
Number of updated asset objects reloaded before import = 0
Number of asset objects unloaded after import = 10
Editor requested this worker to shutdown with reason: Scaling down because of idle timeout
TcpMessagingSession - receive error: operation aborted. errorcode: 995, details: The I/O operation has been aborted because of either a thread exit or an application request.
AssetImportWorker is now disconnected from the server
Process exiting
Exiting without the bug reporter. Application will terminate with return code 0