Using pre-set license
Built from '2022.3/staging' branch; Version is '2022.3.9f1 (ea401c316338) revision 15351836'; Using compiler version '192829333'; Build Type 'Release'
OS: 'Windows 11  (10.0.22000) 64bit Professional' Language: 'en' Physical Memory: 16222 MB
BatchMode: 1, IsHumanControllingUs: 0, StartBugReporterOnCrash: 0, Is64bit: 1, IsPro: 1

COMMAND LINE ARGUMENTS:
C:\Program Files\Unity\Hub\Editor\2022.3.9f1\Editor\Unity.exe
-adb2
-batchMode
-noUpm
-name
AssetImportWorker22
-projectPath
C:/Users/User/Documents/ca-piotrWarkocki2003/GameForJohn
-logFile
Logs/AssetImportWorker22.log
-srvPort
59823
Successfully changed project path to: C:/Users/User/Documents/ca-piotrWarkocki2003/GameForJohn
C:/Users/User/Documents/ca-piotrWarkocki2003/GameForJohn
[UnityMemory] Configuration Parameters - Can be set up in boot.config
    "memorysetup-bucket-allocator-granularity=16"
    "memorysetup-bucket-allocator-bucket-count=8"
    "memorysetup-bucket-allocator-block-size=33554432"
    "memorysetup-bucket-allocator-block-count=8"
    "memorysetup-main-allocator-block-size=16777216"
    "memorysetup-thread-allocator-block-size=16777216"
    "memorysetup-gfx-main-allocator-block-size=16777216"
    "memorysetup-gfx-thread-allocator-block-size=16777216"
    "memorysetup-cache-allocator-block-size=4194304"
    "memorysetup-typetree-allocator-block-size=2097152"
    "memorysetup-profiler-bucket-allocator-granularity=16"
    "memorysetup-profiler-bucket-allocator-bucket-count=8"
    "memorysetup-profiler-bucket-allocator-block-size=33554432"
    "memorysetup-profiler-bucket-allocator-block-count=8"
    "memorysetup-profiler-allocator-block-size=16777216"
    "memorysetup-profiler-editor-allocator-block-size=1048576"
    "memorysetup-temp-allocator-size-main=16777216"
    "memorysetup-job-temp-allocator-block-size=2097152"
    "memorysetup-job-temp-allocator-block-size-background=1048576"
    "memorysetup-job-temp-allocator-reduction-small-platforms=262144"
    "memorysetup-allocator-temp-initial-block-size-main=262144"
    "memorysetup-allocator-temp-initial-block-size-worker=262144"
    "memorysetup-temp-allocator-size-background-worker=32768"
    "memorysetup-temp-allocator-size-job-worker=262144"
    "memorysetup-temp-allocator-size-preload-manager=33554432"
    "memorysetup-temp-allocator-size-nav-mesh-worker=65536"
    "memorysetup-temp-allocator-size-audio-worker=65536"
    "memorysetup-temp-allocator-size-cloud-worker=32768"
    "memorysetup-temp-allocator-size-gi-baking-worker=262144"
    "memorysetup-temp-allocator-size-gfx=262144"
Player connection [18108] Host "[IP] 172.19.96.16 [Port] 0 [Flags] 2 [Guid] 3238092052 [EditorId] 3238092052 [Version] 1048832 [Id] WindowsEditor(7,Piotr-Laptop) [Debug] 1 [PackageName] WindowsEditor [ProjectName] Editor" joined multi-casting on [225.0.0.222:54997]...

Player connection [18108] Host "[IP] 172.19.96.16 [Port] 0 [Flags] 2 [Guid] 3238092052 [EditorId] 3238092052 [Version] 1048832 [Id] WindowsEditor(7,Piotr-Laptop) [Debug] 1 [PackageName] WindowsEditor [ProjectName] Editor" joined alternative multi-casting on [225.0.0.222:34997]...

[Physics::Module] Initialized MultithreadedJobDispatcher with 11 workers.
Refreshing native plugins compatible for Editor in 24.25 ms, found 12 plugins.
Preloading 1 native plugins for Editor in 0.46 ms.
Initialize engine version: 2022.3.9f1 (ea401c316338)
[Subsystems] Discovering subsystems at path C:/Program Files/Unity/Hub/Editor/2022.3.9f1/Editor/Data/Resources/UnitySubsystems
[Subsystems] Discovering subsystems at path C:/Users/User/Documents/ca-piotrWarkocki2003/GameForJohn/Assets
GfxDevice: creating device client; threaded=0; jobified=0
Direct3D:
    Version:  Direct3D 11.0 [level 11.1]
    Renderer: NVIDIA GeForce RTX 2080 Super (ID=0x1ed3)
    Vendor:   NVIDIA
    VRAM:     8010 MB
    Driver:   30.0.15.1278
Initialize mono
Mono path[0] = 'C:/Program Files/Unity/Hub/Editor/2022.3.9f1/Editor/Data/Managed'
Mono path[1] = 'C:/Program Files/Unity/Hub/Editor/2022.3.9f1/Editor/Data/MonoBleedingEdge/lib/mono/unityjit-win32'
Mono config path = 'C:/Program Files/Unity/Hub/Editor/2022.3.9f1/Editor/Data/MonoBleedingEdge/etc'
Using monoOptions --debugger-agent=transport=dt_socket,embedding=1,server=y,suspend=n,address=127.0.0.1:56844
Begin MonoManager ReloadAssembly
Registering precompiled unity dll's ...
Register platform support module: C:/Program Files/Unity/Hub/Editor/2022.3.9f1/Editor/Data/PlaybackEngines/WindowsStandaloneSupport/UnityEditor.WindowsStandalone.Extensions.dll
Registered in 0.008457 seconds.
- Loaded All Assemblies, in  0.381 seconds
Native extension for WindowsStandalone target not found
Mono: successfully reloaded assembly
- Finished resetting the current domain, in  0.248 seconds
Domain Reload Profiling: 627ms
	BeginReloadAssembly (112ms)
		ExecutionOrderSort (0ms)
		DisableScriptedObjects (0ms)
		BackupInstance (0ms)
		ReleaseScriptingObjects (0ms)
		CreateAndSetChildDomain (1ms)
	RebuildCommonClasses (36ms)
	RebuildNativeTypeToScriptingClass (13ms)
	initialDomainReloadingComplete (66ms)
	LoadAllAssembliesAndSetupDomain (152ms)
		LoadAssemblies (109ms)
		RebuildTransferFunctionScriptingTraits (0ms)
		AnalyzeDomain (150ms)
			TypeCache.Refresh (149ms)
				TypeCache.ScanAssembly (136ms)
			ScanForSourceGeneratedMonoScriptInfo (0ms)
			ResolveRequiredComponents (0ms)
	FinalizeReload (249ms)
		ReleaseScriptCaches (0ms)
		RebuildScriptCaches (0ms)
		SetupLoadedEditorAssemblies (190ms)
			LogAssemblyErrors (0ms)
			InitializePlatformSupportModulesInManaged (11ms)
			SetLoadedEditorAssemblies (7ms)
			RefreshPlugins (0ms)
			BeforeProcessingInitializeOnLoad (2ms)
			ProcessInitializeOnLoadAttributes (125ms)
			ProcessInitializeOnLoadMethodAttributes (46ms)
			AfterProcessingInitializeOnLoad (0ms)
			EditorAssembliesLoaded (0ms)
		ExecutionOrderSort2 (0ms)
		AwakeInstancesAfterBackupRestoration (0ms)
========================================================================
Worker process is ready to serve import requests
Begin MonoManager ReloadAssembly
- Loaded All Assemblies, in  0.732 seconds
Refreshing native plugins compatible for Editor in 16.05 ms, found 12 plugins.
Native extension for WindowsStandalone target not found
Package Manager log level set to [2]
[Package Manager] Server::EnsureServerProcessIsRunning -- launch failed, reason: Unity was launched with the -noUpm command-line argument
[Package Manager] UpmClient::Send -- Unable to send message (not connected to UPM process).
[Package Manager] Cannot connect to Unity Package Manager local server
[MODES] ModeService[none].Initialize
[MODES] ModeService[none].LoadModes
[MODES] Loading mode Default (0) for mode-current-id-GameForJohn
[Package Manager] Server::EnsureServerProcessIsRunning -- launch failed, reason: Unity was launched with the -noUpm command-line argument
[Package Manager] UpmClient::Send -- Unable to send message (not connected to UPM process).
[Package Manager] Cannot connect to Unity Package Manager local server
System.Reflection.TargetInvocationException: Exception has been thrown by the target of an invocation. ---> System.NullReferenceException: Object reference not set to an instance of an object
  at Unity.XR.Oculus.OculusLoader.AssetPathToAbsolutePath (System.String assetPath) [0x0003d] in .\Library\PackageCache\com.unity.xr.oculus@4.0.0\Runtime\OculusLoader.cs:282 
  at Unity.XR.Oculus.OculusLoader.EditorLoadOVRPlugin () [0x0007b] in .\Library\PackageCache\com.unity.xr.oculus@4.0.0\Runtime\OculusLoader.cs:267 
  at (wrapper managed-to-native) System.Reflection.RuntimeMethodInfo.InternalInvoke(System.Reflection.RuntimeMethodInfo,object,object[],System.Exception&)
  at System.Reflection.RuntimeMethodInfo.Invoke (System.Object obj, System.Reflection.BindingFlags invokeAttr, System.Reflection.Binder binder, System.Object[] parameters, System.Globalization.CultureInfo culture) [0x0006a] in <787acc3c9a4c471ba7d971300105af24>:0 
   --- End of inner exception stack trace ---
  at System.Reflection.RuntimeMethodInfo.Invoke (System.Object obj, System.Reflection.BindingFlags invokeAttr, System.Reflection.Binder binder, System.Object[] parameters, System.Globalization.CultureInfo culture) [0x00083] in <787acc3c9a4c471ba7d971300105af24>:0 
  at System.Reflection.MethodBase.Invoke (System.Object obj, System.Object[] parameters) [0x00000] in <787acc3c9a4c471ba7d971300105af24>:0 
  at UnityEditor.EditorAssemblies.ProcessInitializeOnLoadMethodAttributes () [0x000a5] in <2e279d988b9d4542841de511fbfdf8c2>:0 
UnityEngine.StackTraceUtility:ExtractStackTrace ()
UnityEngine.DebugLogHandler:LogFormat (UnityEngine.LogType,UnityEngine.Object,string,object[])
UnityEngine.Logger:Log (UnityEngine.LogType,object)
UnityEngine.Debug:LogError (object)
UnityEditor.EditorAssemblies:ProcessInitializeOnLoadMethodAttributes ()

Mono: successfully reloaded assembly
[Package Manager] Server::EnsureServerProcessIsRunning -- launch failed, reason: Unity was launched with the -noUpm command-line argument
[Package Manager] UpmClient::Send -- Unable to send message (not connected to UPM process).
[Package Manager] Cannot connect to Unity Package Manager local server
[Package Manager] Server::EnsureServerProcessIsRunning -- launch failed, reason: Unity was launched with the -noUpm command-line argument
[Package Manager] UpmClient::Send -- Unable to send message (not connected to UPM process).
[Package Manager] Cannot connect to Unity Package Manager local server
- Finished resetting the current domain, in  0.769 seconds
Domain Reload Profiling: 1496ms
	BeginReloadAssembly (149ms)
		ExecutionOrderSort (0ms)
		DisableScriptedObjects (5ms)
		BackupInstance (0ms)
		ReleaseScriptingObjects (0ms)
		CreateAndSetChildDomain (19ms)
	RebuildCommonClasses (32ms)
	RebuildNativeTypeToScriptingClass (11ms)
	initialDomainReloadingComplete (44ms)
	LoadAllAssembliesAndSetupDomain (491ms)
		LoadAssemblies (334ms)
		RebuildTransferFunctionScriptingTraits (0ms)
		AnalyzeDomain (244ms)
			TypeCache.Refresh (207ms)
				TypeCache.ScanAssembly (188ms)
			ScanForSourceGeneratedMonoScriptInfo (27ms)
			ResolveRequiredComponents (9ms)
	FinalizeReload (769ms)
		ReleaseScriptCaches (0ms)
		RebuildScriptCaches (0ms)
		SetupLoadedEditorAssemblies (597ms)
			LogAssemblyErrors (0ms)
			InitializePlatformSupportModulesInManaged (6ms)
			SetLoadedEditorAssemblies (4ms)
			RefreshPlugins (0ms)
			BeforeProcessingInitializeOnLoad (81ms)
			ProcessInitializeOnLoadAttributes (438ms)
			ProcessInitializeOnLoadMethodAttributes (60ms)
			AfterProcessingInitializeOnLoad (8ms)
			EditorAssembliesLoaded (0ms)
		ExecutionOrderSort2 (0ms)
		AwakeInstancesAfterBackupRestoration (5ms)
Launched and connected shader compiler UnityShaderCompiler.exe after 0.03 seconds
Refreshing native plugins compatible for Editor in 21.68 ms, found 12 plugins.
Preloading 1 native plugins for Editor in 0.09 ms.
Unloading 5037 Unused Serialized files (Serialized files now loaded: 0)
Unloading 84 unused Assets / (50.3 KB). Loaded Objects now: 5535.
Memory consumption went from 167.8 MB to 167.8 MB.
Total: 5.400600 ms (FindLiveObjects: 0.561000 ms CreateObjectMapping: 0.647500 ms MarkObjects: 4.035000 ms  DeleteObjects: 0.154900 ms)

AssetImportParameters requested are different than current active one (requested -> active):
  custom:container-demuxer-ogg: 62fdf1f143b41e24485cea50d1cbac27 -> 
  custom:video-decoder-ogg-theora: a1e56fd34408186e4bbccfd4996cb3dc -> 
  custom:framework-win-MediaFoundation: 216162199b28c13a410421893ffa2e32 -> 
  custom:CustomObjectIndexerAttribute: 756ad292c208cfabdd7b50bc23989ffe -> 
  custom:container-demuxer-webm: 4f35f7cbe854078d1ac9338744f61a02 -> 
  custom:scripting/monoscript/fileName/LookCamera.cs: b5f4eb7ff0146c1b277de0a4c78474a1 -> 
  custom:container-muxer-webm: aa71ff27fc2769a1b78a27578f13a17b -> 
  custom:video-decoder-webm-vp8: 9c59270c3fd7afecdb556c50c9e8de78 -> 
  custom:scripting/monoscript/fileName/FlashlightToggle.cs: c5620d2916d4c92701121743d547c56b -> 
  custom:SearchIndexIgnoredProperties: e643bd26f0fe6173181afceb89e7c659 -> 
  custom:AudioImporter_EditorPlatform: d09bf68614088b80899f8185d706f6e7 -> 
  custom:scripting/monoscript/fileName/QuirkySeriesDemo.cs: f8068bd0b8200068f027dfb1007a3918 -> 
  custom:scripting/monoscript/fileName/RotateOnScroll.cs: 3ef7cf6f829c033adfcf5e1b21c9a004 -> 
  custom:video-encoder-webm-vp8: eb34c28f22e8b96e1ab97ce403110664 -> 
  custom:audio-decoder-ogg-vorbis: bf7c407c2cedff20999df2af8eb42d56 -> 
  custom:audio-encoder-webm-vorbis: bf7c407c2cedff20999df2af8eb42d56 -> 
========================================================================
Received Import Request.
  Time since last request: 8127.095231 seconds.
  path: Assets/VRTemplateAssets/Materials/Locomotion/BlinkOcclusionTexture.png
  artifactKey: Guid(325bac5adcc39b044b58a1cc8c02ef0f) Importer(815301076,1909f56bfc062723c751e8b465ee728b)
Start importing Assets/VRTemplateAssets/Materials/Locomotion/BlinkOcclusionTexture.png using Guid(325bac5adcc39b044b58a1cc8c02ef0f) Importer(815301076,1909f56bfc062723c751e8b465ee728b)  -> (artifact id: '055a9f980c9fdd582f43617d5ef41104') in 0.054521 seconds
Number of updated asset objects reloaded before import = 0
Number of asset objects unloaded after import = 2
========================================================================
Received Import Request.
  Time since last request: 13.541930 seconds.
  path: Assets/HDRPFurniturePack/Plant_Potted_Monstera_Deliciosa/Materials/Plant_Potted_Monstera_Deliciosa_Leaves.mat
  artifactKey: Guid(e82d28b261152db43b283d8d2ed034f0) Importer(815301076,1909f56bfc062723c751e8b465ee728b)
Start importing Assets/HDRPFurniturePack/Plant_Potted_Monstera_Deliciosa/Materials/Plant_Potted_Monstera_Deliciosa_Leaves.mat using Guid(e82d28b261152db43b283d8d2ed034f0) Importer(815301076,1909f56bfc062723c751e8b465ee728b)  -> (artifact id: '8ea68a5c5aed38e5465a369b853aa5bf') in 0.067569 seconds
Number of updated asset objects reloaded before import = 0
Number of asset objects unloaded after import = 2
========================================================================
Received Import Request.
  Time since last request: 2.473274 seconds.
  path: Assets/HDRPFurniturePack/Plant_Potted_Monstera_Deliciosa/Plant_Potted_Monstera_Deliciosa.prefab
  artifactKey: Guid(da7afa674a6fd354a93985d54347752f) Importer(815301076,1909f56bfc062723c751e8b465ee728b)
Start importing Assets/HDRPFurniturePack/Plant_Potted_Monstera_Deliciosa/Plant_Potted_Monstera_Deliciosa.prefab using Guid(da7afa674a6fd354a93985d54347752f) Importer(815301076,1909f56bfc062723c751e8b465ee728b)  -> (artifact id: '1a744f311686e82942c20599b18926f6') in 0.032411 seconds
Number of updated asset objects reloaded before import = 0
Number of asset objects unloaded after import = 28
========================================================================
Received Import Request.
  Time since last request: 7.240448 seconds.
  path: Assets/ATLAS/Customizable Kitchen Pack/Materials/Seamless/Granite/Countertop_Granite_Medium009.mat
  artifactKey: Guid(cb1775778f4def04fa73b62abf8cb518) Importer(815301076,1909f56bfc062723c751e8b465ee728b)
Start importing Assets/ATLAS/Customizable Kitchen Pack/Materials/Seamless/Granite/Countertop_Granite_Medium009.mat using Guid(cb1775778f4def04fa73b62abf8cb518) Importer(815301076,1909f56bfc062723c751e8b465ee728b)  -> (artifact id: 'ba3e4062e017f4769ebb71969abb69f6') in 0.011707 seconds
Number of updated asset objects reloaded before import = 0
Number of asset objects unloaded after import = 4
========================================================================
Received Import Request.
  Time since last request: 0.000024 seconds.
  path: Assets/ATLAS/Customizable Kitchen Pack/Materials/Seamless/Marble/Countertop_Marble_Dark001.mat
  artifactKey: Guid(a984029f819062c4abc045734f845074) Importer(815301076,1909f56bfc062723c751e8b465ee728b)
Start importing Assets/ATLAS/Customizable Kitchen Pack/Materials/Seamless/Marble/Countertop_Marble_Dark001.mat using Guid(a984029f819062c4abc045734f845074) Importer(815301076,1909f56bfc062723c751e8b465ee728b)  -> (artifact id: '43023d8829a96834cfd35809656db433') in 0.010349 seconds
Number of updated asset objects reloaded before import = 0
Number of asset objects unloaded after import = 2
========================================================================
Received Import Request.
  Time since last request: 0.000017 seconds.
  path: Assets/ATLAS/Customizable Kitchen Pack/Materials/Seamless/Marble/Countertop_Marble_Medium001.mat
  artifactKey: Guid(6b3e8eff7023bb5458b64952ced38679) Importer(815301076,1909f56bfc062723c751e8b465ee728b)
Start importing Assets/ATLAS/Customizable Kitchen Pack/Materials/Seamless/Marble/Countertop_Marble_Medium001.mat using Guid(6b3e8eff7023bb5458b64952ced38679) Importer(815301076,1909f56bfc062723c751e8b465ee728b)  -> (artifact id: '017402fccf0ff5360ec509915bb6c7e9') in 0.025166 seconds
Number of updated asset objects reloaded before import = 0
Number of asset objects unloaded after import = 2
========================================================================
Received Import Request.
  Time since last request: 0.000013 seconds.
  path: Assets/ATLAS/Customizable Kitchen Pack/Materials/Seamless/Marble/Countertop_Marble_Medium004.mat
  artifactKey: Guid(6958e5c0f651988459cd14d4e047e141) Importer(815301076,1909f56bfc062723c751e8b465ee728b)
Start importing Assets/ATLAS/Customizable Kitchen Pack/Materials/Seamless/Marble/Countertop_Marble_Medium004.mat using Guid(6958e5c0f651988459cd14d4e047e141) Importer(815301076,1909f56bfc062723c751e8b465ee728b)  -> (artifact id: '9144e78de4b499196ac8ffcbb3530701') in 0.012424 seconds
Number of updated asset objects reloaded before import = 0
Number of asset objects unloaded after import = 2
========================================================================
Received Import Request.
  Time since last request: 0.000029 seconds.
  path: Assets/Brick Project Studio/Apartment Kit/Common/Materials/Surface/Ebony Wood.mat
  artifactKey: Guid(5af27c19293d0ff4cb00b35cc2189634) Importer(815301076,1909f56bfc062723c751e8b465ee728b)
Start importing Assets/Brick Project Studio/Apartment Kit/Common/Materials/Surface/Ebony Wood.mat using Guid(5af27c19293d0ff4cb00b35cc2189634) Importer(815301076,1909f56bfc062723c751e8b465ee728b)  -> (artifact id: '5f07267c5e3de3d151bf9f249e8d1cb6') in 0.060749 seconds
Number of updated asset objects reloaded before import = 0
Number of asset objects unloaded after import = 4
========================================================================
Received Import Request.
  Time since last request: 0.000023 seconds.
  path: Assets/Samples/XR Interaction Toolkit/2.4.3/Starter Assets/Models/Primitive_Cylinder.fbx
  artifactKey: Guid(9e1dc1c14313460d872de39e35129b39) Importer(815301076,1909f56bfc062723c751e8b465ee728b)
Start importing Assets/Samples/XR Interaction Toolkit/2.4.3/Starter Assets/Models/Primitive_Cylinder.fbx using Guid(9e1dc1c14313460d872de39e35129b39) Importer(815301076,1909f56bfc062723c751e8b465ee728b)  -> (artifact id: '4271bee558398ca1415502e4ed1f6d50') in 0.043989 seconds
Number of updated asset objects reloaded before import = 0
Number of asset objects unloaded after import = 8
========================================================================
Received Import Request.
  Time since last request: 0.000037 seconds.
  path: Assets/_Course Library/Source Files/Models/Chair_Rustic_B.fbx
  artifactKey: Guid(524a1d56c9e4b094ab81b571f753ce16) Importer(815301076,1909f56bfc062723c751e8b465ee728b)
Start importing Assets/_Course Library/Source Files/Models/Chair_Rustic_B.fbx using Guid(524a1d56c9e4b094ab81b571f753ce16) Importer(815301076,1909f56bfc062723c751e8b465ee728b)  -> (artifact id: 'd64a3c5b7127fd9b0cdacdc6b97f5323') in 0.015874 seconds
Number of updated asset objects reloaded before import = 0
Number of asset objects unloaded after import = 8
========================================================================
Received Import Request.
  Time since last request: 0.000021 seconds.
  path: Assets/VRTemplateAssets/Models/Poke/PokePointer.fbx
  artifactKey: Guid(a7a48ffe8eca1b6418fba110a2d48baa) Importer(815301076,1909f56bfc062723c751e8b465ee728b)
Start importing Assets/VRTemplateAssets/Models/Poke/PokePointer.fbx using Guid(a7a48ffe8eca1b6418fba110a2d48baa) Importer(815301076,1909f56bfc062723c751e8b465ee728b)  -> (artifact id: 'e50adcf476d2b58f4273ff4b38a88e3e') in 0.017293 seconds
Number of updated asset objects reloaded before import = 0
Number of asset objects unloaded after import = 8
========================================================================
Received Import Request.
  Time since last request: 0.000029 seconds.
  path: Assets/_Course Library/Source Files/Models/Chair_Modern.fbx
  artifactKey: Guid(54de80ef7ba578842b2dbc6098b94a74) Importer(815301076,1909f56bfc062723c751e8b465ee728b)
Start importing Assets/_Course Library/Source Files/Models/Chair_Modern.fbx using Guid(54de80ef7ba578842b2dbc6098b94a74) Importer(815301076,1909f56bfc062723c751e8b465ee728b)  -> (artifact id: '0265783d3a5708ed6a3d03e6d324a69f') in 0.014329 seconds
Number of updated asset objects reloaded before import = 0
Number of asset objects unloaded after import = 8
========================================================================
Received Import Request.
  Time since last request: 0.000015 seconds.
  path: Assets/_Course Library/Source Files/Models/Button_Pause.fbx
  artifactKey: Guid(b29014f100d952745a4548e8069f1d95) Importer(815301076,1909f56bfc062723c751e8b465ee728b)
Start importing Assets/_Course Library/Source Files/Models/Button_Pause.fbx using Guid(b29014f100d952745a4548e8069f1d95) Importer(815301076,1909f56bfc062723c751e8b465ee728b)  -> (artifact id: '9a9b22fbb370965d23719499a9ea086a') in 0.016242 seconds
Number of updated asset objects reloaded before import = 0
Number of asset objects unloaded after import = 8
========================================================================
Received Import Request.
  Time since last request: 0.000013 seconds.
  path: Assets/VRTemplateAssets/Models/Primitives/Tapered Cylinder.fbx
  artifactKey: Guid(759e8ecdd66ef614b844d0f68de1f901) Importer(815301076,1909f56bfc062723c751e8b465ee728b)
Start importing Assets/VRTemplateAssets/Models/Primitives/Tapered Cylinder.fbx using Guid(759e8ecdd66ef614b844d0f68de1f901) Importer(815301076,1909f56bfc062723c751e8b465ee728b)  -> (artifact id: 'cd7f09d8fcef7a0e101c150e8f599310') in 0.014115 seconds
Number of updated asset objects reloaded before import = 0
Number of asset objects unloaded after import = 8
========================================================================
Received Import Request.
  Time since last request: 0.000016 seconds.
  path: Assets/Brick Project Studio/_BPS Basic Assets/Common/Models/Build Kits/Build Kit Exterior.fbx
  artifactKey: Guid(1e4c9d0deb3bcc144ae6e91318e143a7) Importer(815301076,1909f56bfc062723c751e8b465ee728b)
Start importing Assets/Brick Project Studio/_BPS Basic Assets/Common/Models/Build Kits/Build Kit Exterior.fbx using Guid(1e4c9d0deb3bcc144ae6e91318e143a7) Importer(815301076,1909f56bfc062723c751e8b465ee728b)  -> (artifact id: '8da2f10d750ba8d61fb01ce326b17ad1') in 0.077671 seconds
Number of updated asset objects reloaded before import = 0
Number of asset objects unloaded after import = 50
========================================================================
Received Import Request.
  Time since last request: 0.000018 seconds.
  path: Assets/Brick Project Studio/_BPS Basic Assets/Common/Models/BA_Ceiling Light_01.fbx
  artifactKey: Guid(f10ecbc237630d9469cea29121d074f4) Importer(815301076,1909f56bfc062723c751e8b465ee728b)
Start importing Assets/Brick Project Studio/_BPS Basic Assets/Common/Models/BA_Ceiling Light_01.fbx using Guid(f10ecbc237630d9469cea29121d074f4) Importer(815301076,1909f56bfc062723c751e8b465ee728b)  -> (artifact id: '343dfa0e41bbef922281d6aceb25effc') in 0.025990 seconds
Number of updated asset objects reloaded before import = 0
Number of asset objects unloaded after import = 13
========================================================================
Received Import Request.
  Time since last request: 0.000013 seconds.
  path: Assets/Samples/XR Interaction Toolkit/2.4.3/Starter Assets/Models/Primitive_Pyramid.fbx
  artifactKey: Guid(63e02ddb08ce42da868504e1333d48ae) Importer(815301076,1909f56bfc062723c751e8b465ee728b)
Start importing Assets/Samples/XR Interaction Toolkit/2.4.3/Starter Assets/Models/Primitive_Pyramid.fbx using Guid(63e02ddb08ce42da868504e1333d48ae) Importer(815301076,1909f56bfc062723c751e8b465ee728b)  -> (artifact id: 'c49138edb0e78778c302b9f0a704f85b') in 0.016597 seconds
Number of updated asset objects reloaded before import = 0
Number of asset objects unloaded after import = 8
========================================================================
Received Import Request.
  Time since last request: 0.000017 seconds.
  path: Assets/_Course Library/Source Files/Models/Shelving_Modern_B.fbx
  artifactKey: Guid(e72b5c9bb3c86124c9bdf9f506645054) Importer(815301076,1909f56bfc062723c751e8b465ee728b)
Start importing Assets/_Course Library/Source Files/Models/Shelving_Modern_B.fbx using Guid(e72b5c9bb3c86124c9bdf9f506645054) Importer(815301076,1909f56bfc062723c751e8b465ee728b)  -> (artifact id: 'd6ddc46f897b94c2b84316961ffa880a') in 0.014611 seconds
Number of updated asset objects reloaded before import = 0
Number of asset objects unloaded after import = 8
========================================================================
Received Import Request.
  Time since last request: 0.000018 seconds.
  path: Assets/_Course Library/Source Files/Models/VR_Reticle_1_A.fbx
  artifactKey: Guid(307e23520cfd9f14d941b0f76117a0cb) Importer(815301076,1909f56bfc062723c751e8b465ee728b)
Start importing Assets/_Course Library/Source Files/Models/VR_Reticle_1_A.fbx using Guid(307e23520cfd9f14d941b0f76117a0cb) Importer(815301076,1909f56bfc062723c751e8b465ee728b)  -> (artifact id: '5e0dd7db28e0fc3dc6dd8c40ff75b3e8') in 0.014373 seconds
Number of updated asset objects reloaded before import = 0
Number of asset objects unloaded after import = 8
========================================================================
Received Import Request.
  Time since last request: 0.000018 seconds.
  path: Assets/Brick Project Studio/Apartment Kit/Common/Materials/Surface/Plastic_02.mat
  artifactKey: Guid(a2c29511873a89c4b8ec41360c9dd9cf) Importer(815301076,1909f56bfc062723c751e8b465ee728b)
Start importing Assets/Brick Project Studio/Apartment Kit/Common/Materials/Surface/Plastic_02.mat using Guid(a2c29511873a89c4b8ec41360c9dd9cf) Importer(815301076,1909f56bfc062723c751e8b465ee728b)  -> (artifact id: '4c29336ed43ecab11a008e26bfb9ecab') in 0.027646 seconds
Number of updated asset objects reloaded before import = 0
Number of asset objects unloaded after import = 4
========================================================================
Received Import Request.
  Time since last request: 0.000019 seconds.
  path: Assets/VRTemplateAssets/Materials/Pointer/Pointer Outline.mat
  artifactKey: Guid(94eebd9d324eddd49be6e843f56d7ec0) Importer(815301076,1909f56bfc062723c751e8b465ee728b)
Start importing Assets/VRTemplateAssets/Materials/Pointer/Pointer Outline.mat using Guid(94eebd9d324eddd49be6e843f56d7ec0) Importer(815301076,1909f56bfc062723c751e8b465ee728b)  -> (artifact id: 'fa69ec3be547302e1b0bbe3ab3dd633e') in 0.006871 seconds
Number of updated asset objects reloaded before import = 0
Number of asset objects unloaded after import = 1
========================================================================
Received Import Request.
  Time since last request: 0.000022 seconds.
  path: Assets/Brick Project Studio/_BPS Basic Assets/Common/Materials/Restroom/RR_Restroom_Sign.mat
  artifactKey: Guid(5b7c74c7b0bc859459d4dd7b7f164fb2) Importer(815301076,1909f56bfc062723c751e8b465ee728b)
Start importing Assets/Brick Project Studio/_BPS Basic Assets/Common/Materials/Restroom/RR_Restroom_Sign.mat using Guid(5b7c74c7b0bc859459d4dd7b7f164fb2) Importer(815301076,1909f56bfc062723c751e8b465ee728b)  -> (artifact id: '057fc822526846b179e0249745734555') in 0.008977 seconds
Number of updated asset objects reloaded before import = 0
Number of asset objects unloaded after import = 2
========================================================================
Received Import Request.
  Time since last request: 0.000020 seconds.
  path: Assets/Brick Project Studio/Apartment Kit/Common/Materials/Misc/ScreenMonitor_01.mat
  artifactKey: Guid(be58df235057e3040b40406a31bcbf58) Importer(815301076,1909f56bfc062723c751e8b465ee728b)
Start importing Assets/Brick Project Studio/Apartment Kit/Common/Materials/Misc/ScreenMonitor_01.mat using Guid(be58df235057e3040b40406a31bcbf58) Importer(815301076,1909f56bfc062723c751e8b465ee728b)  -> (artifact id: '62bfcea3b0095166e620dc81407e6cc1') in 0.030090 seconds
Number of updated asset objects reloaded before import = 0
Number of asset objects unloaded after import = 2
========================================================================
Received Import Request.
  Time since last request: 0.000019 seconds.
  path: Assets/_Course Library/Source Files/Models/Rug_Oval_2.fbx
  artifactKey: Guid(9489287415015c24b9f6cb9dfbc0cfb0) Importer(815301076,1909f56bfc062723c751e8b465ee728b)
Start importing Assets/_Course Library/Source Files/Models/Rug_Oval_2.fbx using Guid(9489287415015c24b9f6cb9dfbc0cfb0) Importer(815301076,1909f56bfc062723c751e8b465ee728b)  -> (artifact id: '12e016160e1c100d4cf8e7a1b62efe57') in 0.013905 seconds
Number of updated asset objects reloaded before import = 0
Number of asset objects unloaded after import = 8
========================================================================
Received Import Request.
  Time since last request: 0.000015 seconds.
  path: Assets/_Course Library/Source Files/Models/Lighter_Candle_1.FBX
  artifactKey: Guid(4d5b819e06f8ee2419773fc88520c607) Importer(815301076,1909f56bfc062723c751e8b465ee728b)
Start importing Assets/_Course Library/Source Files/Models/Lighter_Candle_1.FBX using Guid(4d5b819e06f8ee2419773fc88520c607) Importer(815301076,1909f56bfc062723c751e8b465ee728b)  -> (artifact id: '8951058efc460665187352fbc0d002c7') in 0.017760 seconds
Number of updated asset objects reloaded before import = 0
Number of asset objects unloaded after import = 9
========================================================================
Received Import Request.
  Time since last request: 0.000013 seconds.
  path: Assets/_Course Library/Source Files/Models/Fireplace_Rustic_Log4.FBX
  artifactKey: Guid(31c163289e5a4a14a89443673679f516) Importer(815301076,1909f56bfc062723c751e8b465ee728b)
Start importing Assets/_Course Library/Source Files/Models/Fireplace_Rustic_Log4.FBX using Guid(31c163289e5a4a14a89443673679f516) Importer(815301076,1909f56bfc062723c751e8b465ee728b)  -> (artifact id: 'fa46417726b9af90ff6c6e35a76477c3') in 0.019533 seconds
Number of updated asset objects reloaded before import = 0
Number of asset objects unloaded after import = 9
========================================================================
Received Import Request.
  Time since last request: 0.000018 seconds.
  path: Assets/Brick Project Studio/_BPS Basic Assets/Common/Models/Legacy/office chair.fbx
  artifactKey: Guid(0156872a951ba6e44a3a8596040789c9) Importer(815301076,1909f56bfc062723c751e8b465ee728b)
Start importing Assets/Brick Project Studio/_BPS Basic Assets/Common/Models/Legacy/office chair.fbx using Guid(0156872a951ba6e44a3a8596040789c9) Importer(815301076,1909f56bfc062723c751e8b465ee728b)  -> (artifact id: 'c3989d968e2fdebf0f336cdde1350eed') in 0.089532 seconds
Number of updated asset objects reloaded before import = 0
Number of asset objects unloaded after import = 48
========================================================================
Received Import Request.
  Time since last request: 0.000014 seconds.
  path: Assets/_Course Library/Source Files/Models/Fireplace_modern_Log5.FBX
  artifactKey: Guid(9f194f8008a68124eb5eac565ed9f9f9) Importer(815301076,1909f56bfc062723c751e8b465ee728b)
Start importing Assets/_Course Library/Source Files/Models/Fireplace_modern_Log5.FBX using Guid(9f194f8008a68124eb5eac565ed9f9f9) Importer(815301076,1909f56bfc062723c751e8b465ee728b)  -> (artifact id: '217422020bce45cc84178c15836ccc4e') in 0.019634 seconds
Number of updated asset objects reloaded before import = 0
Number of asset objects unloaded after import = 9
========================================================================
Received Import Request.
  Time since last request: 0.000023 seconds.
  path: Assets/_Course Library/Materials/Particle Materials/PartilcleMaterial_Fire.mat
  artifactKey: Guid(04dc29ccdba6849658c5b0a7c1c541f6) Importer(815301076,1909f56bfc062723c751e8b465ee728b)
Start importing Assets/_Course Library/Materials/Particle Materials/PartilcleMaterial_Fire.mat using Guid(04dc29ccdba6849658c5b0a7c1c541f6) Importer(815301076,1909f56bfc062723c751e8b465ee728b)  -> (artifact id: '858f32ad66da50b46b58993d8a11b8bc') in 0.014230 seconds
Number of updated asset objects reloaded before import = 0
Number of asset objects unloaded after import = 1
========================================================================
Received Import Request.
  Time since last request: 0.000028 seconds.
  path: Assets/_Course Library/Source Files/Models/Fireplace_Traditional_Log5.FBX
  artifactKey: Guid(2ca5b4c69a70354458bbe61a53e0d628) Importer(815301076,1909f56bfc062723c751e8b465ee728b)
Start importing Assets/_Course Library/Source Files/Models/Fireplace_Traditional_Log5.FBX using Guid(2ca5b4c69a70354458bbe61a53e0d628) Importer(815301076,1909f56bfc062723c751e8b465ee728b)  -> (artifact id: '40f162c673303e2ce286ec110ffe6f33') in 0.020348 seconds
Number of updated asset objects reloaded before import = 0
Number of asset objects unloaded after import = 9
========================================================================
Received Import Request.
  Time since last request: 0.000016 seconds.
  path: Assets/_Course Library/Source Files/Models/Sports_PingPongPaddle.fbx
  artifactKey: Guid(7bd01e90df23b1b449ba1be9b0bb7ee5) Importer(815301076,1909f56bfc062723c751e8b465ee728b)
Start importing Assets/_Course Library/Source Files/Models/Sports_PingPongPaddle.fbx using Guid(7bd01e90df23b1b449ba1be9b0bb7ee5) Importer(815301076,1909f56bfc062723c751e8b465ee728b)  -> (artifact id: '1fa8902140ac34ae643327671e9b4dd9') in 0.015423 seconds
Number of updated asset objects reloaded before import = 0
Number of asset objects unloaded after import = 8
========================================================================
Received Import Request.
  Time since last request: 0.000022 seconds.
  path: Assets/_Course Library/Source Files/Models/Knob_1.fbx
  artifactKey: Guid(87163ac1ec6d0c44eb1bec5a7e23bc5b) Importer(815301076,1909f56bfc062723c751e8b465ee728b)
Start importing Assets/_Course Library/Source Files/Models/Knob_1.fbx using Guid(87163ac1ec6d0c44eb1bec5a7e23bc5b) Importer(815301076,1909f56bfc062723c751e8b465ee728b)  -> (artifact id: '8ce2ed6fdbdd90a9efe6aa954dc02fcf') in 0.017473 seconds
Number of updated asset objects reloaded before import = 0
Number of asset objects unloaded after import = 8
========================================================================
Received Import Request.
  Time since last request: 0.000014 seconds.
  path: Assets/_Course Library/Source Files/Models/Button_Play.fbx
  artifactKey: Guid(d8793a748e79fa64fb6518525754b624) Importer(815301076,1909f56bfc062723c751e8b465ee728b)
Start importing Assets/_Course Library/Source Files/Models/Button_Play.fbx using Guid(d8793a748e79fa64fb6518525754b624) Importer(815301076,1909f56bfc062723c751e8b465ee728b)  -> (artifact id: '8421a46553a780b91fb21d4c0f2932ac') in 0.015942 seconds
Number of updated asset objects reloaded before import = 0
Number of asset objects unloaded after import = 8
========================================================================
Received Import Request.
  Time since last request: 0.000017 seconds.
  path: Assets/VRTemplateAssets/Materials/Primitive/Torus.mat
  artifactKey: Guid(bf6a673a7ceb9fd45968b0283b67b5bf) Importer(815301076,1909f56bfc062723c751e8b465ee728b)
Start importing Assets/VRTemplateAssets/Materials/Primitive/Torus.mat using Guid(bf6a673a7ceb9fd45968b0283b67b5bf) Importer(815301076,1909f56bfc062723c751e8b465ee728b)  -> (artifact id: '460bbde00f9e9fad9f92bcd054f4b0f9') in 0.009502 seconds
Number of updated asset objects reloaded before import = 0
Number of asset objects unloaded after import = 3
========================================================================
Received Import Request.
  Time since last request: 0.000020 seconds.
  path: Assets/_Course Library/Source Files/Models/RoomModern_Models/Room_Modern_WindowPanel.fbx
  artifactKey: Guid(2778dad60f753d44094bdd4e836725df) Importer(815301076,1909f56bfc062723c751e8b465ee728b)
Start importing Assets/_Course Library/Source Files/Models/RoomModern_Models/Room_Modern_WindowPanel.fbx using Guid(2778dad60f753d44094bdd4e836725df) Importer(815301076,1909f56bfc062723c751e8b465ee728b)  -> (artifact id: '88c69ecf54b92a51890cbd8a816ef37f') in 0.015936 seconds
Number of updated asset objects reloaded before import = 0
Number of asset objects unloaded after import = 8
========================================================================
Received Import Request.
  Time since last request: 0.000014 seconds.
  path: Assets/VRTemplateAssets/Materials/UI/VideoTexture.mat
  artifactKey: Guid(21b7c0feceb2bd14d96ca4c49a2a776b) Importer(815301076,1909f56bfc062723c751e8b465ee728b)
Start importing Assets/VRTemplateAssets/Materials/UI/VideoTexture.mat using Guid(21b7c0feceb2bd14d96ca4c49a2a776b) Importer(815301076,1909f56bfc062723c751e8b465ee728b)  -> (artifact id: '5f458afa9a3b32fa3927cd15c0ef1e82') in 0.005532 seconds
Number of updated asset objects reloaded before import = 0
Number of asset objects unloaded after import = 1
========================================================================
Received Import Request.
  Time since last request: 0.000012 seconds.
  path: Assets/Brick Project Studio/Apartment Kit/Common/Materials/Misc/WallArt_Apt_02.mat
  artifactKey: Guid(9fe643e01fee71e4e8eb0fdd60b24118) Importer(815301076,1909f56bfc062723c751e8b465ee728b)
Start importing Assets/Brick Project Studio/Apartment Kit/Common/Materials/Misc/WallArt_Apt_02.mat using Guid(9fe643e01fee71e4e8eb0fdd60b24118) Importer(815301076,1909f56bfc062723c751e8b465ee728b)  -> (artifact id: '6b07e7b757b409cbacaae9aa3d7fcec9') in 0.009360 seconds
Number of updated asset objects reloaded before import = 0
Number of asset objects unloaded after import = 2
========================================================================
Received Import Request.
  Time since last request: 0.000018 seconds.
  path: Assets/Brick Project Studio/_BPS Basic Assets/Common/Materials/Legacy/Wood Floor 01.mat
  artifactKey: Guid(049ac0e838cb3a342887cf48a2b06db4) Importer(815301076,1909f56bfc062723c751e8b465ee728b)
Start importing Assets/Brick Project Studio/_BPS Basic Assets/Common/Materials/Legacy/Wood Floor 01.mat using Guid(049ac0e838cb3a342887cf48a2b06db4) Importer(815301076,1909f56bfc062723c751e8b465ee728b)  -> (artifact id: '8eca67b223b36b568cc844d982e6175d') in 0.012925 seconds
Number of updated asset objects reloaded before import = 0
Number of asset objects unloaded after import = 2
========================================================================
Received Import Request.
  Time since last request: 0.000021 seconds.
  path: Assets/Brick Project Studio/Apartment Kit/Common/Materials/Surface/Shiny Metal_02.mat
  artifactKey: Guid(b73dbd0dbafdfa944ac875a3b40515e4) Importer(815301076,1909f56bfc062723c751e8b465ee728b)
Start importing Assets/Brick Project Studio/Apartment Kit/Common/Materials/Surface/Shiny Metal_02.mat using Guid(b73dbd0dbafdfa944ac875a3b40515e4) Importer(815301076,1909f56bfc062723c751e8b465ee728b)  -> (artifact id: '675f393afb2d42ae8726d6c50984e82b') in 0.008238 seconds
Number of updated asset objects reloaded before import = 0
Number of asset objects unloaded after import = 1
========================================================================
Received Import Request.
  Time since last request: 0.000017 seconds.
  path: Assets/Brick Project Studio/Apartment Kit/Common/Materials/Surface/porc_01.mat
  artifactKey: Guid(691850c8ec9fa6d44ae662bfdbe6c53a) Importer(815301076,1909f56bfc062723c751e8b465ee728b)
Start importing Assets/Brick Project Studio/Apartment Kit/Common/Materials/Surface/porc_01.mat using Guid(691850c8ec9fa6d44ae662bfdbe6c53a) Importer(815301076,1909f56bfc062723c751e8b465ee728b)  -> (artifact id: '9117a24abd45014e6aa8d7a33fa667ac') in 0.007017 seconds
Number of updated asset objects reloaded before import = 0
Number of asset objects unloaded after import = 1
========================================================================
Received Import Request.
  Time since last request: 0.000017 seconds.
  path: Assets/ATLAS/Customizable Kitchen Pack/Textures/Seamless/Wood/PSD/Materials/Wood_Smooth.mat
  artifactKey: Guid(2363ba7b723956440a45767f1ec084c9) Importer(815301076,1909f56bfc062723c751e8b465ee728b)
Start importing Assets/ATLAS/Customizable Kitchen Pack/Textures/Seamless/Wood/PSD/Materials/Wood_Smooth.mat using Guid(2363ba7b723956440a45767f1ec084c9) Importer(815301076,1909f56bfc062723c751e8b465ee728b)  -> (artifact id: '9de4c385082eb1f6a191090f9b5301b3') in 0.007678 seconds
Number of updated asset objects reloaded before import = 0
Number of asset objects unloaded after import = 2
========================================================================
Received Import Request.
  Time since last request: 0.000016 seconds.
  path: Assets/VRTemplateAssets/Materials/Primitive/Interactables 4.mat
  artifactKey: Guid(f5cd77343d6ca1949b1d2d7511848832) Importer(815301076,1909f56bfc062723c751e8b465ee728b)
Start importing Assets/VRTemplateAssets/Materials/Primitive/Interactables 4.mat using Guid(f5cd77343d6ca1949b1d2d7511848832) Importer(815301076,1909f56bfc062723c751e8b465ee728b)  -> (artifact id: 'd3717a73f48af2392577d8dba8eca42f') in 0.008861 seconds
Number of updated asset objects reloaded before import = 0
Number of asset objects unloaded after import = 2
========================================================================
Received Import Request.
  Time since last request: 0.000022 seconds.
  path: Assets/Brick Project Studio/Apartment Kit/Common/Materials/Surface/White Wood.mat
  artifactKey: Guid(fb7d7a07b2942ca4cb6a6c38d807c8ea) Importer(815301076,1909f56bfc062723c751e8b465ee728b)
Start importing Assets/Brick Project Studio/Apartment Kit/Common/Materials/Surface/White Wood.mat using Guid(fb7d7a07b2942ca4cb6a6c38d807c8ea) Importer(815301076,1909f56bfc062723c751e8b465ee728b)  -> (artifact id: 'edeaf25d330a352f7c579c4784a5e525') in 0.011738 seconds
Number of updated asset objects reloaded before import = 0
Number of asset objects unloaded after import = 3
========================================================================
Received Import Request.
  Time since last request: 0.000016 seconds.
  path: Assets/_Course Library/Source Files/Models/Plant_Pot_Cylinder.fbx
  artifactKey: Guid(9a839d2141cd30746b46c090e6638fbe) Importer(815301076,1909f56bfc062723c751e8b465ee728b)
Start importing Assets/_Course Library/Source Files/Models/Plant_Pot_Cylinder.fbx using Guid(9a839d2141cd30746b46c090e6638fbe) Importer(815301076,1909f56bfc062723c751e8b465ee728b)  -> (artifact id: '5ace5d54f4ed3d364ea4fd3e92e4a271') in 0.019072 seconds
Number of updated asset objects reloaded before import = 0
Number of asset objects unloaded after import = 9
========================================================================
Received Import Request.
  Time since last request: 0.000017 seconds.
  path: Assets/_Course Library/Source Files/Models/RoomModern_Models/Room_Modern_Floor.fbx
  artifactKey: Guid(57fe5a64b5d206f4f984ca9de0b7fb89) Importer(815301076,1909f56bfc062723c751e8b465ee728b)
Start importing Assets/_Course Library/Source Files/Models/RoomModern_Models/Room_Modern_Floor.fbx using Guid(57fe5a64b5d206f4f984ca9de0b7fb89) Importer(815301076,1909f56bfc062723c751e8b465ee728b)  -> (artifact id: 'c115cbf518b5d788aca49d205fcdd35b') in 0.015481 seconds
Number of updated asset objects reloaded before import = 0
Number of asset objects unloaded after import = 8
========================================================================
Received Import Request.
  Time since last request: 0.000028 seconds.
  path: Assets/VRTemplateAssets/Materials/Skybox/skybox01_openGL.mat
  artifactKey: Guid(ec46d2188d4b8774e847e75f1e12a8db) Importer(815301076,1909f56bfc062723c751e8b465ee728b)
Start importing Assets/VRTemplateAssets/Materials/Skybox/skybox01_openGL.mat using Guid(ec46d2188d4b8774e847e75f1e12a8db) Importer(815301076,1909f56bfc062723c751e8b465ee728b)  -> (artifact id: '97ffd0a13cea060cfef626bcd3fcfc10') in 0.023561 seconds
Number of updated asset objects reloaded before import = 0
Number of asset objects unloaded after import = 2
========================================================================
Received Import Request.
  Time since last request: 0.000035 seconds.
  path: Assets/HDRPFurniturePack/Decorative_Throw_Pillows/Materials/Decorative_Throw_Pillow_9_Fabric.mat
  artifactKey: Guid(4f05f5f322f4961479faa0b63c83250d) Importer(815301076,1909f56bfc062723c751e8b465ee728b)
Start importing Assets/HDRPFurniturePack/Decorative_Throw_Pillows/Materials/Decorative_Throw_Pillow_9_Fabric.mat using Guid(4f05f5f322f4961479faa0b63c83250d) Importer(815301076,1909f56bfc062723c751e8b465ee728b)  -> (artifact id: '3108b2a64adac34a361513d0de8d2633') in 0.014346 seconds
Number of updated asset objects reloaded before import = 0
Number of asset objects unloaded after import = 6
========================================================================
Received Import Request.
  Time since last request: 0.000016 seconds.
  path: Assets/_Course Library/Source Files/Models/RoomModern_Models/Room_Modern_DoorPanel.fbx
  artifactKey: Guid(06fa93e6873e8c44fbd668b15d71fb14) Importer(815301076,1909f56bfc062723c751e8b465ee728b)
Start importing Assets/_Course Library/Source Files/Models/RoomModern_Models/Room_Modern_DoorPanel.fbx using Guid(06fa93e6873e8c44fbd668b15d71fb14) Importer(815301076,1909f56bfc062723c751e8b465ee728b)  -> (artifact id: '94120f9544d856c06e0ee1072c2b9cca') in 0.015182 seconds
Number of updated asset objects reloaded before import = 0
Number of asset objects unloaded after import = 8
========================================================================
Received Import Request.
  Time since last request: 0.000026 seconds.
  path: Assets/_Course Library/Source Files/Models/Speaker_Modern.fbx
  artifactKey: Guid(170cd692d79b1384c9bbe47b262ea1fb) Importer(815301076,1909f56bfc062723c751e8b465ee728b)
Start importing Assets/_Course Library/Source Files/Models/Speaker_Modern.fbx using Guid(170cd692d79b1384c9bbe47b262ea1fb) Importer(815301076,1909f56bfc062723c751e8b465ee728b)  -> (artifact id: 'e03f0254ad06cd85d3f4e0e355869419') in 0.017394 seconds
Number of updated asset objects reloaded before import = 0
Number of asset objects unloaded after import = 8
========================================================================
Received Import Request.
  Time since last request: 0.000019 seconds.
  path: Assets/_Course Library/Source Files/Models/Table_Dining_Modern_B 1.fbx
  artifactKey: Guid(1e9d9eaccd24a604e8f8c113d2bcd6b3) Importer(815301076,1909f56bfc062723c751e8b465ee728b)
Start importing Assets/_Course Library/Source Files/Models/Table_Dining_Modern_B 1.fbx using Guid(1e9d9eaccd24a604e8f8c113d2bcd6b3) Importer(815301076,1909f56bfc062723c751e8b465ee728b)  -> (artifact id: 'f4093010050c90cfde10a452014e5234') in 0.016440 seconds
Number of updated asset objects reloaded before import = 0
Number of asset objects unloaded after import = 8
========================================================================
Received Import Request.
  Time since last request: 0.000021 seconds.
  path: Assets/HDRPFurniturePack/Artek/Stool 60 Artek/Materials/Stool_60_Artek_Wood_natural.mat
  artifactKey: Guid(7df19a8e9e2759e40a0802a13f2d4380) Importer(815301076,1909f56bfc062723c751e8b465ee728b)
Start importing Assets/HDRPFurniturePack/Artek/Stool 60 Artek/Materials/Stool_60_Artek_Wood_natural.mat using Guid(7df19a8e9e2759e40a0802a13f2d4380) Importer(815301076,1909f56bfc062723c751e8b465ee728b)  -> (artifact id: 'baccb457894b4b8ba44e3cac87ee2fc0') in 0.010269 seconds
Number of updated asset objects reloaded before import = 0
Number of asset objects unloaded after import = 4
========================================================================
Received Import Request.
  Time since last request: 0.000019 seconds.
  path: Assets/laptops/Materials/silver_laptop_OFF.mat
  artifactKey: Guid(c39b25f2c378d9c4f92eedf6417a3003) Importer(815301076,1909f56bfc062723c751e8b465ee728b)
Start importing Assets/laptops/Materials/silver_laptop_OFF.mat using Guid(c39b25f2c378d9c4f92eedf6417a3003) Importer(815301076,1909f56bfc062723c751e8b465ee728b)  -> (artifact id: '86d1cd6746f814031318f91bd4707d47') in 0.033223 seconds
Number of updated asset objects reloaded before import = 0
Number of asset objects unloaded after import = 5
========================================================================
Received Import Request.
  Time since last request: 9.454933 seconds.
  path: Assets/Brick Project Studio/_BPS Basic Assets/Common/Materials/Fire/Fire_Alpha_01.mat
  artifactKey: Guid(cdb5cf50c86c5e1479a217fd032beff8) Importer(815301076,1909f56bfc062723c751e8b465ee728b)
Start importing Assets/Brick Project Studio/_BPS Basic Assets/Common/Materials/Fire/Fire_Alpha_01.mat using Guid(cdb5cf50c86c5e1479a217fd032beff8) Importer(815301076,1909f56bfc062723c751e8b465ee728b)  -> (artifact id: '31c866ddfe461d52e30f1b89bc517e06') in 0.017025 seconds
Number of updated asset objects reloaded before import = 0
Number of asset objects unloaded after import = 2
========================================================================
Received Import Request.
  Time since last request: 0.000021 seconds.
  path: Assets/Package04_Free_Kitchen/FreeKitchen/Materials/Version02/FreeCabinet03_Material.mat
  artifactKey: Guid(b2e39e52f0d41476e970b9fad56e03a8) Importer(815301076,1909f56bfc062723c751e8b465ee728b)
Start importing Assets/Package04_Free_Kitchen/FreeKitchen/Materials/Version02/FreeCabinet03_Material.mat using Guid(b2e39e52f0d41476e970b9fad56e03a8) Importer(815301076,1909f56bfc062723c751e8b465ee728b)  -> (artifact id: 'a6f2e9c6429e517eccc41f42816ae291') in 0.061211 seconds
Number of updated asset objects reloaded before import = 0
Number of asset objects unloaded after import = 5
========================================================================
Received Import Request.
  Time since last request: 0.000011 seconds.
  path: Assets/Package04_Free_Kitchen/FreeKitchen/Materials/Version03/FreeStoveMaterial.mat
  artifactKey: Guid(a0506e1017c10478393efcf653538fc7) Importer(815301076,1909f56bfc062723c751e8b465ee728b)
Start importing Assets/Package04_Free_Kitchen/FreeKitchen/Materials/Version03/FreeStoveMaterial.mat using Guid(a0506e1017c10478393efcf653538fc7) Importer(815301076,1909f56bfc062723c751e8b465ee728b)  -> (artifact id: '9638330d8ca265b939b56d4d61c2355e') in 0.044484 seconds
Number of updated asset objects reloaded before import = 0
Number of asset objects unloaded after import = 5
========================================================================
Received Import Request.
  Time since last request: 0.000015 seconds.
  path: Assets/Package04_Free_Kitchen/FreeKitchen/Materials/Version03/FreeRoomMaterial.mat
  artifactKey: Guid(bf8e8c212182c4788b57b49b100f54ed) Importer(815301076,1909f56bfc062723c751e8b465ee728b)
Start importing Assets/Package04_Free_Kitchen/FreeKitchen/Materials/Version03/FreeRoomMaterial.mat using Guid(bf8e8c212182c4788b57b49b100f54ed) Importer(815301076,1909f56bfc062723c751e8b465ee728b)  -> (artifact id: 'f04cce3fcf4377ed6b56e5c7596a6a1d') in 0.028601 seconds
Number of updated asset objects reloaded before import = 0
Number of asset objects unloaded after import = 5
========================================================================
Received Import Request.
  Time since last request: 0.000020 seconds.
  path: Assets/_Course Library/Source Files/Models/Ball_Pingpong.fbx
  artifactKey: Guid(3237f124fd401c146981f5411d5e48cb) Importer(815301076,1909f56bfc062723c751e8b465ee728b)
Start importing Assets/_Course Library/Source Files/Models/Ball_Pingpong.fbx using Guid(3237f124fd401c146981f5411d5e48cb) Importer(815301076,1909f56bfc062723c751e8b465ee728b)  -> (artifact id: 'd89e39d2911b908a685d1387725c9835') in 0.019216 seconds
Number of updated asset objects reloaded before import = 0
Number of asset objects unloaded after import = 8
========================================================================
Received Import Request.
  Time since last request: 0.000018 seconds.
  path: Assets/_Course Library/Materials/Object Materials/Material_Main_Matte.mat
  artifactKey: Guid(b4d6302e31e55472d96a0cbb775a6314) Importer(815301076,1909f56bfc062723c751e8b465ee728b)
Start importing Assets/_Course Library/Materials/Object Materials/Material_Main_Matte.mat using Guid(b4d6302e31e55472d96a0cbb775a6314) Importer(815301076,1909f56bfc062723c751e8b465ee728b)  -> (artifact id: '3aaa5276192c4b2b6a219864215272cb') in 0.012310 seconds
Number of updated asset objects reloaded before import = 0
Number of asset objects unloaded after import = 2
========================================================================
Received Import Request.
  Time since last request: 0.000028 seconds.
  path: Assets/Package04_Free_Kitchen/FreeKitchen/Materials/Version01/FreeCabinet03_Material.mat
  artifactKey: Guid(7bbdba66bc24f465cac07ee3725d318b) Importer(815301076,1909f56bfc062723c751e8b465ee728b)
Start importing Assets/Package04_Free_Kitchen/FreeKitchen/Materials/Version01/FreeCabinet03_Material.mat using Guid(7bbdba66bc24f465cac07ee3725d318b) Importer(815301076,1909f56bfc062723c751e8b465ee728b)  -> (artifact id: '080bc7bb0cd0c5c97bea4f6c2b07ed4a') in 0.019299 seconds
Number of updated asset objects reloaded before import = 0
Number of asset objects unloaded after import = 5
========================================================================
Received Import Request.
  Time since last request: 0.000014 seconds.
  path: Assets/_Course Library/Source Files/Models/Chandelier_Rustic.fbx
  artifactKey: Guid(18c0edda600483b4789dbdccc43b1e13) Importer(815301076,1909f56bfc062723c751e8b465ee728b)
Start importing Assets/_Course Library/Source Files/Models/Chandelier_Rustic.fbx using Guid(18c0edda600483b4789dbdccc43b1e13) Importer(815301076,1909f56bfc062723c751e8b465ee728b)  -> (artifact id: '242aa952b5e6f412ef9a558b42686922') in 0.037030 seconds
Number of updated asset objects reloaded before import = 0
Number of asset objects unloaded after import = 16
========================================================================
Received Import Request.
  Time since last request: 0.000014 seconds.
  path: Assets/HDRPFurniturePack/Rug_Woven_Wool_Natural/Materials/New Material.mat
  artifactKey: Guid(e1f8746c8f3366740aa6340c315656f5) Importer(815301076,1909f56bfc062723c751e8b465ee728b)
Start importing Assets/HDRPFurniturePack/Rug_Woven_Wool_Natural/Materials/New Material.mat using Guid(e1f8746c8f3366740aa6340c315656f5) Importer(815301076,1909f56bfc062723c751e8b465ee728b)  -> (artifact id: 'd05c11f1669776ed2ff883785e6a1af1') in 0.011722 seconds
Number of updated asset objects reloaded before import = 0
Number of asset objects unloaded after import = 3
========================================================================
Received Import Request.
  Time since last request: 0.000028 seconds.
  path: Assets/Package04_Free_Kitchen/FreeKitchen/Materials/Version03/FreeRoomAccessoriesMaterial.mat
  artifactKey: Guid(f169e9ddef99845198915d08232fbfa1) Importer(815301076,1909f56bfc062723c751e8b465ee728b)
Start importing Assets/Package04_Free_Kitchen/FreeKitchen/Materials/Version03/FreeRoomAccessoriesMaterial.mat using Guid(f169e9ddef99845198915d08232fbfa1) Importer(815301076,1909f56bfc062723c751e8b465ee728b)  -> (artifact id: '75b4245f480e80dcb4265c36c1628319') in 0.019633 seconds
Number of updated asset objects reloaded before import = 0
Number of asset objects unloaded after import = 5
========================================================================
Received Import Request.
  Time since last request: 22.551400 seconds.
  path: Assets/HDRPFurniturePack/Artek/Stool 60 Artek/Stool 60 Artek.prefab
  artifactKey: Guid(6236b6fc42f362d47946e045efef3244) Importer(815301076,1909f56bfc062723c751e8b465ee728b)
Start importing Assets/HDRPFurniturePack/Artek/Stool 60 Artek/Stool 60 Artek.prefab using Guid(6236b6fc42f362d47946e045efef3244) Importer(815301076,1909f56bfc062723c751e8b465ee728b)  -> (artifact id: 'f5d7bbd704ba26e10f57de3f161c1f75') in 0.008368 seconds
Number of updated asset objects reloaded before import = 0
Number of asset objects unloaded after import = 8
========================================================================
Received Import Request.
  Time since last request: 1.622035 seconds.
  path: Assets/HDRPFurniturePack/Artek/Armchair_406_Artek/Armchair_406_Artek.prefab
  artifactKey: Guid(f6937c647c8b29344b261e700c620f65) Importer(815301076,1909f56bfc062723c751e8b465ee728b)
Start importing Assets/HDRPFurniturePack/Artek/Armchair_406_Artek/Armchair_406_Artek.prefab using Guid(f6937c647c8b29344b261e700c620f65) Importer(815301076,1909f56bfc062723c751e8b465ee728b)  -> (artifact id: '6f5922551f7f588d6585f6998c9f6d4d') in 0.017922 seconds
Number of updated asset objects reloaded before import = 0
Number of asset objects unloaded after import = 21
========================================================================
Received Import Request.
  Time since last request: 0.639528 seconds.
  path: Assets/HDRPFurniturePack/Artek/Coffee_Table_90D_Artek/Coffee_Table_90D_Artek.prefab
  artifactKey: Guid(d2a38f138b6bd9c4999e5d1d412fb175) Importer(815301076,1909f56bfc062723c751e8b465ee728b)
Start importing Assets/HDRPFurniturePack/Artek/Coffee_Table_90D_Artek/Coffee_Table_90D_Artek.prefab using Guid(d2a38f138b6bd9c4999e5d1d412fb175) Importer(815301076,1909f56bfc062723c751e8b465ee728b)  -> (artifact id: 'f5c7893066cac42543bcf458e2f8ee7d') in 0.009789 seconds
Number of updated asset objects reloaded before import = 0
Number of asset objects unloaded after import = 19
========================================================================
Received Import Request.
  Time since last request: 3.250832 seconds.
  path: Assets/HDRPFurniturePack/Artek/Coffee_Table_90D_Artek/Textures
  artifactKey: Guid(7181fb2b8893f464685b9ccdc1b8cfdf) Importer(815301076,1909f56bfc062723c751e8b465ee728b)
Start importing Assets/HDRPFurniturePack/Artek/Coffee_Table_90D_Artek/Textures using Guid(7181fb2b8893f464685b9ccdc1b8cfdf) Importer(815301076,1909f56bfc062723c751e8b465ee728b)  -> (artifact id: 'f58979b9dd6719a8cd6809a760f45dda') in 0.000608 seconds
Number of updated asset objects reloaded before import = 0
Number of asset objects unloaded after import = 0
========================================================================
Received Import Request.
  Time since last request: 0.053241 seconds.
  path: Assets/HDRPFurniturePack/Artek/Coffee_Table_90D_Artek/Textures/Coffee_Table_90D_Artek_AO.png
  artifactKey: Guid(97b4805a19e51164c8fb7b7cdded76f6) Importer(815301076,1909f56bfc062723c751e8b465ee728b)
Start importing Assets/HDRPFurniturePack/Artek/Coffee_Table_90D_Artek/Textures/Coffee_Table_90D_Artek_AO.png using Guid(97b4805a19e51164c8fb7b7cdded76f6) Importer(815301076,1909f56bfc062723c751e8b465ee728b)  -> (artifact id: 'e84d5b2c66a2792014a63a3a90e55ca1') in 0.015888 seconds
Number of updated asset objects reloaded before import = 0
Number of asset objects unloaded after import = 2
========================================================================
Received Import Request.
  Time since last request: 1.212658 seconds.
  path: Assets/HDRPFurniturePack/Artek/Coffee_Table_90D_Artek/Models/Coffee_Table_90D_Artek.fbx
  artifactKey: Guid(564d5009621483e4fbad0919c3896b80) Importer(815301076,1909f56bfc062723c751e8b465ee728b)
Start importing Assets/HDRPFurniturePack/Artek/Coffee_Table_90D_Artek/Models/Coffee_Table_90D_Artek.fbx using Guid(564d5009621483e4fbad0919c3896b80) Importer(815301076,1909f56bfc062723c751e8b465ee728b)  -> (artifact id: 'e42dfa94d353d9615716490210804dff') in 0.018368 seconds
Number of updated asset objects reloaded before import = 0
Number of asset objects unloaded after import = 14
========================================================================
Received Import Request.
  Time since last request: 8.449359 seconds.
  path: Assets/HDRPFurniturePack/Artek/Coffee_Table_90D_Artek/Materials
  artifactKey: Guid(f6dfb078aa7425e49904ab73091ff6d7) Importer(815301076,1909f56bfc062723c751e8b465ee728b)
Start importing Assets/HDRPFurniturePack/Artek/Coffee_Table_90D_Artek/Materials using Guid(f6dfb078aa7425e49904ab73091ff6d7) Importer(815301076,1909f56bfc062723c751e8b465ee728b)  -> (artifact id: '8355d5af44c2b40b6c1d2ce841b2664f') in 0.000532 seconds
Number of updated asset objects reloaded before import = 0
Number of asset objects unloaded after import = 0
========================================================================
Received Import Request.
  Time since last request: 2.485291 seconds.
  path: Assets/HDRPFurniturePack/Artek/Coffee_Table_90D_Artek/Models
  artifactKey: Guid(12bc4846cb1ba7749885b805d8d7997e) Importer(815301076,1909f56bfc062723c751e8b465ee728b)
Start importing Assets/HDRPFurniturePack/Artek/Coffee_Table_90D_Artek/Models using Guid(12bc4846cb1ba7749885b805d8d7997e) Importer(815301076,1909f56bfc062723c751e8b465ee728b)  -> (artifact id: 'd4933987b93bcb1c4768fc3ecac601fb') in 0.000480 seconds
Number of updated asset objects reloaded before import = 0
Number of asset objects unloaded after import = 0
========================================================================
Received Import Request.
  Time since last request: 1.874014 seconds.
  path: Assets/HDRPFurniturePack/Artek/Armchair_406_Artek/Materials
  artifactKey: Guid(fdb259306381f834eb0bb7ddf998e7a9) Importer(815301076,1909f56bfc062723c751e8b465ee728b)
Start importing Assets/HDRPFurniturePack/Artek/Armchair_406_Artek/Materials using Guid(fdb259306381f834eb0bb7ddf998e7a9) Importer(815301076,1909f56bfc062723c751e8b465ee728b)  -> (artifact id: 'e78f48922b2e5972ef0a11c1a46df69f') in 0.000765 seconds
Number of updated asset objects reloaded before import = 0
Number of asset objects unloaded after import = 0
========================================================================
Received Import Request.
  Time since last request: 2.136988 seconds.
  path: Assets/HDRPFurniturePack/Artek/Armchair_406_Artek/Models/Armchair_406_Artek.fbx
  artifactKey: Guid(258987b8edaa24b40b1b3168608f92b5) Importer(815301076,1909f56bfc062723c751e8b465ee728b)
Start importing Assets/HDRPFurniturePack/Artek/Armchair_406_Artek/Models/Armchair_406_Artek.fbx using Guid(258987b8edaa24b40b1b3168608f92b5) Importer(815301076,1909f56bfc062723c751e8b465ee728b)  -> (artifact id: '7438a18b7d77fefbe66f5a2b71f9269c') in 0.032742 seconds
Number of updated asset objects reloaded before import = 0
Number of asset objects unloaded after import = 14
========================================================================
Received Import Request.
  Time since last request: 0.521058 seconds.
  path: Assets/HDRPFurniturePack/Artek/Armchair_406_Artek/Textures/Armchair_406_AO.png
  artifactKey: Guid(f28aaa2804907da4cac60ee410f7f33c) Importer(815301076,1909f56bfc062723c751e8b465ee728b)
Start importing Assets/HDRPFurniturePack/Artek/Armchair_406_Artek/Textures/Armchair_406_AO.png using Guid(f28aaa2804907da4cac60ee410f7f33c) Importer(815301076,1909f56bfc062723c751e8b465ee728b)  -> (artifact id: '1f4abba4cad1036ac90da3c9e6313330') in 0.025916 seconds
Number of updated asset objects reloaded before import = 0
Number of asset objects unloaded after import = 2
========================================================================
Received Import Request.
  Time since last request: 24.674464 seconds.
  path: Assets/Package04_Free_Kitchen/FreeKitchen/Materials/Version03/FreeCoffeeMaker_ToasterMaterial.mat
  artifactKey: Guid(d80da336b7bb64ad98e8821f23321115) Importer(815301076,1909f56bfc062723c751e8b465ee728b)
Start importing Assets/Package04_Free_Kitchen/FreeKitchen/Materials/Version03/FreeCoffeeMaker_ToasterMaterial.mat using Guid(d80da336b7bb64ad98e8821f23321115) Importer(815301076,1909f56bfc062723c751e8b465ee728b)  -> (artifact id: '2b9f64fef7f1624d6a19546611e27feb') in 0.019048 seconds
Number of updated asset objects reloaded before import = 0
Number of asset objects unloaded after import = 5
========================================================================
Received Import Request.
  Time since last request: 0.000014 seconds.
  path: Assets/Brick Project Studio/Apartment Kit/Common/Materials/Interior Exterior/Int_Apt_02.mat
  artifactKey: Guid(1189fd509fb646c4bbef59dd93c02b71) Importer(815301076,1909f56bfc062723c751e8b465ee728b)
Start importing Assets/Brick Project Studio/Apartment Kit/Common/Materials/Interior Exterior/Int_Apt_02.mat using Guid(1189fd509fb646c4bbef59dd93c02b71) Importer(815301076,1909f56bfc062723c751e8b465ee728b)  -> (artifact id: '9d55aaf52e2dd5a4e42acc4e2996ff52') in 0.030690 seconds
Number of updated asset objects reloaded before import = 0
Number of asset objects unloaded after import = 3
========================================================================
Received Import Request.
  Time since last request: 0.000013 seconds.
  path: Assets/Brick Project Studio/Apartment Kit/Common/Materials/Misc/Lamp 02 Standing.mat
  artifactKey: Guid(fe8413b8ec60cb04f81b8c9b23e233f6) Importer(815301076,1909f56bfc062723c751e8b465ee728b)
Start importing Assets/Brick Project Studio/Apartment Kit/Common/Materials/Misc/Lamp 02 Standing.mat using Guid(fe8413b8ec60cb04f81b8c9b23e233f6) Importer(815301076,1909f56bfc062723c751e8b465ee728b)  -> (artifact id: 'c11da770e59e69498932c18c36d187c5') in 0.015944 seconds
Number of updated asset objects reloaded before import = 0
Number of asset objects unloaded after import = 2
========================================================================
Received Import Request.
  Time since last request: 0.000018 seconds.
  path: Assets/_Course Library/Materials/Object Materials/MagnifyingGlass.mat
  artifactKey: Guid(3422b815209ba4046af45b5df9c39d39) Importer(815301076,1909f56bfc062723c751e8b465ee728b)
Start importing Assets/_Course Library/Materials/Object Materials/MagnifyingGlass.mat using Guid(3422b815209ba4046af45b5df9c39d39) Importer(815301076,1909f56bfc062723c751e8b465ee728b)  -> (artifact id: '342200bfc106cdb290bd46801616b2f2') in 0.011639 seconds
Number of updated asset objects reloaded before import = 0
Number of asset objects unloaded after import = 2
========================================================================
Received Import Request.
  Time since last request: 0.000017 seconds.
  path: Assets/TextMesh Pro/Resources/Fonts & Materials/LiberationSans SDF - Drop Shadow.mat
  artifactKey: Guid(e73a58f6e2794ae7b1b7e50b7fb811b0) Importer(815301076,1909f56bfc062723c751e8b465ee728b)
Start importing Assets/TextMesh Pro/Resources/Fonts & Materials/LiberationSans SDF - Drop Shadow.mat using Guid(e73a58f6e2794ae7b1b7e50b7fb811b0) Importer(815301076,1909f56bfc062723c751e8b465ee728b)  -> (artifact id: '4537d6744cb5e58d9869cd63dbaaa19a') in 0.027885 seconds
Number of updated asset objects reloaded before import = 0
Number of asset objects unloaded after import = 2
========================================================================
Received Import Request.
  Time since last request: 0.000019 seconds.
  path: Assets/HDRPFurniturePack/Demo_Scene/Light.mat
  artifactKey: Guid(9c3657daaf0c80e43b482cc33dd63596) Importer(815301076,1909f56bfc062723c751e8b465ee728b)
Start importing Assets/HDRPFurniturePack/Demo_Scene/Light.mat using Guid(9c3657daaf0c80e43b482cc33dd63596) Importer(815301076,1909f56bfc062723c751e8b465ee728b)  -> (artifact id: '9bf7e78ba60e27cf14c4bdc926f35177') in 0.009897 seconds
Number of updated asset objects reloaded before import = 0
Number of asset objects unloaded after import = 1
========================================================================
Received Import Request.
  Time since last request: 28.659848 seconds.
  path: Assets/VRTemplateAssets/Graphics/Post Process Volume Profile.asset
  artifactKey: Guid(12bd4b8ecc486d84b9e059255860c49b) Importer(815301076,1909f56bfc062723c751e8b465ee728b)
Start importing Assets/VRTemplateAssets/Graphics/Post Process Volume Profile.asset using Guid(12bd4b8ecc486d84b9e059255860c49b) Importer(815301076,1909f56bfc062723c751e8b465ee728b)  -> (artifact id: 'db3e20c857fd0c3bb7c94c684e0b4b20') in 0.001844 seconds
Number of updated asset objects reloaded before import = 0
Number of asset objects unloaded after import = 1
========================================================================
Received Import Request.
  Time since last request: 1.551041 seconds.
  path: Assets/VRTemplateAssets/Materials/Controller/DefaultMaterial_AO.png
  artifactKey: Guid(7438999bc10061a4db23c995a4d56f21) Importer(815301076,1909f56bfc062723c751e8b465ee728b)
Start importing Assets/VRTemplateAssets/Materials/Controller/DefaultMaterial_AO.png using Guid(7438999bc10061a4db23c995a4d56f21) Importer(815301076,1909f56bfc062723c751e8b465ee728b)  -> (artifact id: 'f91aa98e94a2a46d82f86dd44f1db45c') in 0.014675 seconds
Number of updated asset objects reloaded before import = 0
Number of asset objects unloaded after import = 2
========================================================================
Received Import Request.
  Time since last request: 0.748788 seconds.
  path: Assets/VRTemplateAssets/Fonts
  artifactKey: Guid(0d03abdfbcb43db40a2aafe9a42564fa) Importer(815301076,1909f56bfc062723c751e8b465ee728b)
Start importing Assets/VRTemplateAssets/Fonts using Guid(0d03abdfbcb43db40a2aafe9a42564fa) Importer(815301076,1909f56bfc062723c751e8b465ee728b)  -> (artifact id: '145cc5fb37f692108c71048a0f534b82') in 0.000689 seconds
Number of updated asset objects reloaded before import = 0
Number of asset objects unloaded after import = 0
========================================================================
Received Import Request.
  Time since last request: 2.738628 seconds.
  path: Assets/VRTemplateAssets/Materials/UI
  artifactKey: Guid(3e600e37ec52273479aa51c76614052c) Importer(815301076,1909f56bfc062723c751e8b465ee728b)
Start importing Assets/VRTemplateAssets/Materials/UI using Guid(3e600e37ec52273479aa51c76614052c) Importer(815301076,1909f56bfc062723c751e8b465ee728b)  -> (artifact id: '459a7283d7979d67052c84b246971dcb') in 0.000720 seconds
Number of updated asset objects reloaded before import = 0
Number of asset objects unloaded after import = 0
========================================================================
Received Import Request.
  Time since last request: 0.495306 seconds.
  path: Assets/VRTemplateAssets/Materials/Skybox
  artifactKey: Guid(e4a9c49c28b8ded4b941806dc736b7de) Importer(815301076,1909f56bfc062723c751e8b465ee728b)
Start importing Assets/VRTemplateAssets/Materials/Skybox using Guid(e4a9c49c28b8ded4b941806dc736b7de) Importer(815301076,1909f56bfc062723c751e8b465ee728b)  -> (artifact id: 'c755d2d2dce61dc2aa7bcdedb83fd1aa') in 0.000781 seconds
Number of updated asset objects reloaded before import = 0
Number of asset objects unloaded after import = 0
========================================================================
Received Import Request.
  Time since last request: 0.298168 seconds.
  path: Assets/VRTemplateAssets/Materials/Primitive
  artifactKey: Guid(400355baa84dccb47b888589b4a11790) Importer(815301076,1909f56bfc062723c751e8b465ee728b)
Start importing Assets/VRTemplateAssets/Materials/Primitive using Guid(400355baa84dccb47b888589b4a11790) Importer(815301076,1909f56bfc062723c751e8b465ee728b)  -> (artifact id: '887216a9c7b9ad91240941bbc6bc8ea0') in 0.000631 seconds
Number of updated asset objects reloaded before import = 0
Number of asset objects unloaded after import = 0
========================================================================
Received Import Request.
  Time since last request: 12.141180 seconds.
  path: Assets/3dModel/Remy_Body_Diffuse.png
  artifactKey: Guid(4a9a632dcf950da45a3413759e66872a) Importer(815301076,1909f56bfc062723c751e8b465ee728b)
Start importing Assets/3dModel/Remy_Body_Diffuse.png using Guid(4a9a632dcf950da45a3413759e66872a) Importer(815301076,1909f56bfc062723c751e8b465ee728b)  -> (artifact id: 'f96551dfa574ad6ee4fbb90500aa9de5') in 0.029410 seconds
Number of updated asset objects reloaded before import = 0
Number of asset objects unloaded after import = 2
========================================================================
Received Import Request.
  Time since last request: 0.000011 seconds.
  path: Assets/3dModel/Remy_Bottom_Specular.png
  artifactKey: Guid(05166384d74787543806f223dd0365a2) Importer(815301076,1909f56bfc062723c751e8b465ee728b)
Start importing Assets/3dModel/Remy_Bottom_Specular.png using Guid(05166384d74787543806f223dd0365a2) Importer(815301076,1909f56bfc062723c751e8b465ee728b)  -> (artifact id: '5490c4aa356175a7317d4f183a8f8893') in 0.023113 seconds
Number of updated asset objects reloaded before import = 0
Number of asset objects unloaded after import = 2
========================================================================
Received Import Request.
  Time since last request: 0.000011 seconds.
  path: Assets/3dModel/Remy_Shoes_Gloss.png
  artifactKey: Guid(bc3977e62217af54f8c0fe0094d9fe53) Importer(815301076,1909f56bfc062723c751e8b465ee728b)
Start importing Assets/3dModel/Remy_Shoes_Gloss.png using Guid(bc3977e62217af54f8c0fe0094d9fe53) Importer(815301076,1909f56bfc062723c751e8b465ee728b)  -> (artifact id: 'f77251b9c8537b9594071507df18948d') in 0.038917 seconds
Number of updated asset objects reloaded before import = 0
Number of asset objects unloaded after import = 2
========================================================================
Received Import Request.
  Time since last request: 0.000015 seconds.
  path: Assets/3dModel/Remy_Bottom_Normal.png
  artifactKey: Guid(9349be9320187dc459aea0d44d578443) Importer(815301076,1909f56bfc062723c751e8b465ee728b)
Start importing Assets/3dModel/Remy_Bottom_Normal.png using Guid(9349be9320187dc459aea0d44d578443) Importer(815301076,1909f56bfc062723c751e8b465ee728b)  -> (artifact id: 'a7c570f54780d46231dcf6ff3924daef') in 0.036831 seconds
Number of updated asset objects reloaded before import = 0
Number of asset objects unloaded after import = 2
========================================================================
Received Import Request.
  Time since last request: 58.666934 seconds.
  path: Assets/Remy.fbx
  artifactKey: Guid(abc330482bc254443acfc40fda95d869) Importer(815301076,1909f56bfc062723c751e8b465ee728b)
Start importing Assets/Remy.fbx using Guid(abc330482bc254443acfc40fda95d869) Importer(815301076,1909f56bfc062723c751e8b465ee728b)  -> (artifact id: 'e355739316ce3c083961c1dbbeda5c2a') in 0.130410 seconds
Number of updated asset objects reloaded before import = 0
Number of asset objects unloaded after import = 169
========================================================================
Received Import Request.
  Time since last request: 1.401531 seconds.
  path: Assets/_Course Library/_Prefabs/Art/Art_Painting_Birds.prefab
  artifactKey: Guid(2cdc705002a6a784580137dd120e64e7) Importer(815301076,1909f56bfc062723c751e8b465ee728b)
Start importing Assets/_Course Library/_Prefabs/Art/Art_Painting_Birds.prefab using Guid(2cdc705002a6a784580137dd120e64e7) Importer(815301076,1909f56bfc062723c751e8b465ee728b)  -> (artifact id: '06399150366075b2820b35a1698aa66c') in 0.035075 seconds
Number of updated asset objects reloaded before import = 0
Number of asset objects unloaded after import = 10
========================================================================
Received Import Request.
  Time since last request: 2.666318 seconds.
  path: Assets/_Course Library/_Prefabs/Bins/Bin_Round_White.prefab
  artifactKey: Guid(f53b75d63a0f12e4f9207b643d400e0c) Importer(815301076,1909f56bfc062723c751e8b465ee728b)
Start importing Assets/_Course Library/_Prefabs/Bins/Bin_Round_White.prefab using Guid(f53b75d63a0f12e4f9207b643d400e0c) Importer(815301076,1909f56bfc062723c751e8b465ee728b)  -> (artifact id: 'e1ae85b7da311c68d73eab8186b175c9') in 0.044585 seconds
Number of updated asset objects reloaded before import = 0
Number of asset objects unloaded after import = 36
========================================================================
Received Import Request.
  Time since last request: 0.662113 seconds.
  path: Assets/_Course Library/_Prefabs/Controls/Control_Button.prefab
  artifactKey: Guid(4350e15b07f2fc44483310bd26db1d49) Importer(815301076,1909f56bfc062723c751e8b465ee728b)
Start importing Assets/_Course Library/_Prefabs/Controls/Control_Button.prefab using Guid(4350e15b07f2fc44483310bd26db1d49) Importer(815301076,1909f56bfc062723c751e8b465ee728b)  -> (artifact id: '775cd989186f6ef2d6aedf09accf607c') in 0.012015 seconds
Number of updated asset objects reloaded before import = 0
Number of asset objects unloaded after import = 10
========================================================================
Received Import Request.
  Time since last request: 0.003683 seconds.
  path: Assets/_Course Library/_Prefabs/Controls/Control_Joystick.prefab
  artifactKey: Guid(0952ab382e51745468fbfd655b1a4552) Importer(815301076,1909f56bfc062723c751e8b465ee728b)
Start importing Assets/_Course Library/_Prefabs/Controls/Control_Joystick.prefab using Guid(0952ab382e51745468fbfd655b1a4552) Importer(815301076,1909f56bfc062723c751e8b465ee728b)  -> (artifact id: 'd7dc11505f6b69158466b9ddf055d50e') in 0.026507 seconds
Number of updated asset objects reloaded before import = 0
Number of asset objects unloaded after import = 23
========================================================================
Received Import Request.
  Time since last request: 0.000013 seconds.
  path: Assets/_Course Library/_Prefabs/Controls/Control_Slider_Blue.prefab
  artifactKey: Guid(9d212ff47e36da14ab04befe7439b445) Importer(815301076,1909f56bfc062723c751e8b465ee728b)
Start importing Assets/_Course Library/_Prefabs/Controls/Control_Slider_Blue.prefab using Guid(9d212ff47e36da14ab04befe7439b445) Importer(815301076,1909f56bfc062723c751e8b465ee728b)  -> (artifact id: 'b5d1ef79938bde5580b00debbf225dc4') in 0.019750 seconds
Number of updated asset objects reloaded before import = 0
Number of asset objects unloaded after import = 18
========================================================================
Received Import Request.
  Time since last request: 11.038714 seconds.
  path: Assets/_Course Library/_Prefabs/Environments/Background_Buildings.prefab
  artifactKey: Guid(4e12f80178b8d6e47a7b602b9e2f58fb) Importer(815301076,1909f56bfc062723c751e8b465ee728b)
Start importing Assets/_Course Library/_Prefabs/Environments/Background_Buildings.prefab using Guid(4e12f80178b8d6e47a7b602b9e2f58fb) Importer(815301076,1909f56bfc062723c751e8b465ee728b)  -> (artifact id: '994e39b99ae352fdd7ca027c018943ce') in 0.009290 seconds
Number of updated asset objects reloaded before import = 0
Number of asset objects unloaded after import = 9
========================================================================
Received Import Request.
  Time since last request: 5.428974 seconds.
  path: Assets/_Course Library/_Prefabs/Hooks/Hook_Modern.prefab
  artifactKey: Guid(9c50d789c0c63e14f8e1f1447e1132bc) Importer(815301076,1909f56bfc062723c751e8b465ee728b)
Start importing Assets/_Course Library/_Prefabs/Hooks/Hook_Modern.prefab using Guid(9c50d789c0c63e14f8e1f1447e1132bc) Importer(815301076,1909f56bfc062723c751e8b465ee728b)  -> (artifact id: '8cb96573e325b95373b26cff35949c19') in 0.015435 seconds
Number of updated asset objects reloaded before import = 0
Number of asset objects unloaded after import = 10
========================================================================
Received Import Request.
  Time since last request: 0.996382 seconds.
  path: Assets/_Course Library/_Prefabs/Lighting/CeilingFan.prefab
  artifactKey: Guid(a742bb07c68d7b644ab99195b3b5eeb7) Importer(815301076,1909f56bfc062723c751e8b465ee728b)
Start importing Assets/_Course Library/_Prefabs/Lighting/CeilingFan.prefab using Guid(a742bb07c68d7b644ab99195b3b5eeb7) Importer(815301076,1909f56bfc062723c751e8b465ee728b)  -> (artifact id: 'b6e39f44ed0723f66cc3bb9207b06aa6') in 0.013560 seconds
Number of updated asset objects reloaded before import = 0
Number of asset objects unloaded after import = 30
========================================================================
Received Import Request.
  Time since last request: 0.000019 seconds.
  path: Assets/_Course Library/_Prefabs/Lighting/Lamp_Table_Red.prefab
  artifactKey: Guid(26d3e19b3dd80ed4eb2217904b56f876) Importer(815301076,1909f56bfc062723c751e8b465ee728b)
Start importing Assets/_Course Library/_Prefabs/Lighting/Lamp_Table_Red.prefab using Guid(26d3e19b3dd80ed4eb2217904b56f876) Importer(815301076,1909f56bfc062723c751e8b465ee728b)  -> (artifact id: '59f1769a5aa7f1334749b6add5af6264') in 0.014063 seconds
Number of updated asset objects reloaded before import = 0
Number of asset objects unloaded after import = 37
Editor requested this worker to shutdown with reason: Scaling down because of idle timeout
TcpMessagingSession - receive error: operation aborted. errorcode: 995, details: The I/O operation has been aborted because of either a thread exit or an application request.
AssetImportWorker is now disconnected from the server
Process exiting
Exiting without the bug reporter. Application will terminate with return code 0