Using pre-set license
Built from '2022.3/staging' branch; Version is '2022.3.9f1 (ea401c316338) revision 15351836'; Using compiler version '192829333'; Build Type 'Release'
OS: 'Windows 11  (10.0.22000) 64bit Professional' Language: 'en' Physical Memory: 16222 MB
BatchMode: 1, IsHumanControllingUs: 0, StartBugReporterOnCrash: 0, Is64bit: 1, IsPro: 1

COMMAND LINE ARGUMENTS:
C:\Program Files\Unity\Hub\Editor\2022.3.9f1\Editor\Unity.exe
-adb2
-batchMode
-noUpm
-name
AssetImportWorker38
-projectPath
C:/Users/User/Documents/GitHub/ca-piotrWarkocki2003/ca-piotrWarkocki2003/GameForJohn
-logFile
Logs/AssetImportWorker38.log
-srvPort
56485
Successfully changed project path to: C:/Users/User/Documents/GitHub/ca-piotrWarkocki2003/ca-piotrWarkocki2003/GameForJohn
C:/Users/User/Documents/GitHub/ca-piotrWarkocki2003/ca-piotrWarkocki2003/GameForJohn
[UnityMemory] Configuration Parameters - Can be set up in boot.config
    "memorysetup-bucket-allocator-granularity=16"
    "memorysetup-bucket-allocator-bucket-count=8"
    "memorysetup-bucket-allocator-block-size=33554432"
    "memorysetup-bucket-allocator-block-count=8"
    "memorysetup-main-allocator-block-size=16777216"
    "memorysetup-thread-allocator-block-size=16777216"
    "memorysetup-gfx-main-allocator-block-size=16777216"
    "memorysetup-gfx-thread-allocator-block-size=16777216"
    "memorysetup-cache-allocator-block-size=4194304"
    "memorysetup-typetree-allocator-block-size=2097152"
    "memorysetup-profiler-bucket-allocator-granularity=16"
    "memorysetup-profiler-bucket-allocator-bucket-count=8"
    "memorysetup-profiler-bucket-allocator-block-size=33554432"
    "memorysetup-profiler-bucket-allocator-block-count=8"
    "memorysetup-profiler-allocator-block-size=16777216"
    "memorysetup-profiler-editor-allocator-block-size=1048576"
    "memorysetup-temp-allocator-size-main=16777216"
    "memorysetup-job-temp-allocator-block-size=2097152"
    "memorysetup-job-temp-allocator-block-size-background=1048576"
    "memorysetup-job-temp-allocator-reduction-small-platforms=262144"
    "memorysetup-allocator-temp-initial-block-size-main=262144"
    "memorysetup-allocator-temp-initial-block-size-worker=262144"
    "memorysetup-temp-allocator-size-background-worker=32768"
    "memorysetup-temp-allocator-size-job-worker=262144"
    "memorysetup-temp-allocator-size-preload-manager=33554432"
    "memorysetup-temp-allocator-size-nav-mesh-worker=65536"
    "memorysetup-temp-allocator-size-audio-worker=65536"
    "memorysetup-temp-allocator-size-cloud-worker=32768"
    "memorysetup-temp-allocator-size-gi-baking-worker=262144"
    "memorysetup-temp-allocator-size-gfx=262144"
Player connection [28620] Host "[IP] 172.17.122.58 [Port] 0 [Flags] 2 [Guid] 3579948797 [EditorId] 3579948797 [Version] 1048832 [Id] WindowsEditor(7,Piotr-Laptop) [Debug] 1 [PackageName] WindowsEditor [ProjectName] Editor" joined multi-casting on [225.0.0.222:54997]...

Player connection [28620] Host "[IP] 172.17.122.58 [Port] 0 [Flags] 2 [Guid] 3579948797 [EditorId] 3579948797 [Version] 1048832 [Id] WindowsEditor(7,Piotr-Laptop) [Debug] 1 [PackageName] WindowsEditor [ProjectName] Editor" joined alternative multi-casting on [225.0.0.222:34997]...

[Physics::Module] Initialized MultithreadedJobDispatcher with 11 workers.
Refreshing native plugins compatible for Editor in 23.76 ms, found 12 plugins.
Preloading 1 native plugins for Editor in 0.52 ms.
Initialize engine version: 2022.3.9f1 (ea401c316338)
[Subsystems] Discovering subsystems at path C:/Program Files/Unity/Hub/Editor/2022.3.9f1/Editor/Data/Resources/UnitySubsystems
[Subsystems] Discovering subsystems at path C:/Users/User/Documents/GitHub/ca-piotrWarkocki2003/ca-piotrWarkocki2003/GameForJohn/Assets
GfxDevice: creating device client; threaded=0; jobified=0
Direct3D:
    Version:  Direct3D 11.0 [level 11.1]
    Renderer: NVIDIA GeForce RTX 2080 Super (ID=0x1ed3)
    Vendor:   NVIDIA
    VRAM:     8010 MB
    Driver:   30.0.15.1278
Initialize mono
Mono path[0] = 'C:/Program Files/Unity/Hub/Editor/2022.3.9f1/Editor/Data/Managed'
Mono path[1] = 'C:/Program Files/Unity/Hub/Editor/2022.3.9f1/Editor/Data/MonoBleedingEdge/lib/mono/unityjit-win32'
Mono config path = 'C:/Program Files/Unity/Hub/Editor/2022.3.9f1/Editor/Data/MonoBleedingEdge/etc'
Using monoOptions --debugger-agent=transport=dt_socket,embedding=1,server=y,suspend=n,address=127.0.0.1:56124
Begin MonoManager ReloadAssembly
Registering precompiled unity dll's ...
Register platform support module: C:/Program Files/Unity/Hub/Editor/2022.3.9f1/Editor/Data/PlaybackEngines/WindowsStandaloneSupport/UnityEditor.WindowsStandalone.Extensions.dll
Registered in 0.007929 seconds.
- Loaded All Assemblies, in  0.348 seconds
Native extension for WindowsStandalone target not found
Mono: successfully reloaded assembly
- Finished resetting the current domain, in  0.242 seconds
Domain Reload Profiling: 588ms
	BeginReloadAssembly (100ms)
		ExecutionOrderSort (0ms)
		DisableScriptedObjects (0ms)
		BackupInstance (0ms)
		ReleaseScriptingObjects (0ms)
		CreateAndSetChildDomain (1ms)
	RebuildCommonClasses (33ms)
	RebuildNativeTypeToScriptingClass (14ms)
	initialDomainReloadingComplete (61ms)
	LoadAllAssembliesAndSetupDomain (138ms)
		LoadAssemblies (98ms)
		RebuildTransferFunctionScriptingTraits (0ms)
		AnalyzeDomain (136ms)
			TypeCache.Refresh (135ms)
				TypeCache.ScanAssembly (123ms)
			ScanForSourceGeneratedMonoScriptInfo (0ms)
			ResolveRequiredComponents (0ms)
	FinalizeReload (242ms)
		ReleaseScriptCaches (0ms)
		RebuildScriptCaches (0ms)
		SetupLoadedEditorAssemblies (187ms)
			LogAssemblyErrors (0ms)
			InitializePlatformSupportModulesInManaged (10ms)
			SetLoadedEditorAssemblies (7ms)
			RefreshPlugins (0ms)
			BeforeProcessingInitializeOnLoad (2ms)
			ProcessInitializeOnLoadAttributes (124ms)
			ProcessInitializeOnLoadMethodAttributes (43ms)
			AfterProcessingInitializeOnLoad (0ms)
			EditorAssembliesLoaded (0ms)
		ExecutionOrderSort2 (0ms)
		AwakeInstancesAfterBackupRestoration (0ms)
========================================================================
Worker process is ready to serve import requests
Begin MonoManager ReloadAssembly
- Loaded All Assemblies, in  0.762 seconds
Refreshing native plugins compatible for Editor in 13.52 ms, found 12 plugins.
Native extension for WindowsStandalone target not found
Package Manager log level set to [2]
[Package Manager] Server::EnsureServerProcessIsRunning -- launch failed, reason: Unity was launched with the -noUpm command-line argument
[Package Manager] UpmClient::Send -- Unable to send message (not connected to UPM process).
[Package Manager] Cannot connect to Unity Package Manager local server
[Package Manager] Server::EnsureServerProcessIsRunning -- launch failed, reason: Unity was launched with the -noUpm command-line argument
[Package Manager] UpmClient::Send -- Unable to send message (not connected to UPM process).
[Package Manager] Cannot connect to Unity Package Manager local server
System.Reflection.TargetInvocationException: Exception has been thrown by the target of an invocation. ---> System.NullReferenceException: Object reference not set to an instance of an object
  at Unity.XR.Oculus.OculusLoader.AssetPathToAbsolutePath (System.String assetPath) [0x0003d] in .\Library\PackageCache\com.unity.xr.oculus@4.0.0\Runtime\OculusLoader.cs:282 
  at Unity.XR.Oculus.OculusLoader.EditorLoadOVRPlugin () [0x0007b] in .\Library\PackageCache\com.unity.xr.oculus@4.0.0\Runtime\OculusLoader.cs:267 
  at (wrapper managed-to-native) System.Reflection.RuntimeMethodInfo.InternalInvoke(System.Reflection.RuntimeMethodInfo,object,object[],System.Exception&)
  at System.Reflection.RuntimeMethodInfo.Invoke (System.Object obj, System.Reflection.BindingFlags invokeAttr, System.Reflection.Binder binder, System.Object[] parameters, System.Globalization.CultureInfo culture) [0x0006a] in <787acc3c9a4c471ba7d971300105af24>:0 
   --- End of inner exception stack trace ---
  at System.Reflection.RuntimeMethodInfo.Invoke (System.Object obj, System.Reflection.BindingFlags invokeAttr, System.Reflection.Binder binder, System.Object[] parameters, System.Globalization.CultureInfo culture) [0x00083] in <787acc3c9a4c471ba7d971300105af24>:0 
  at System.Reflection.MethodBase.Invoke (System.Object obj, System.Object[] parameters) [0x00000] in <787acc3c9a4c471ba7d971300105af24>:0 
  at UnityEditor.EditorAssemblies.ProcessInitializeOnLoadMethodAttributes () [0x000a5] in <2e279d988b9d4542841de511fbfdf8c2>:0 
UnityEngine.StackTraceUtility:ExtractStackTrace ()
UnityEngine.DebugLogHandler:LogFormat (UnityEngine.LogType,UnityEngine.Object,string,object[])
UnityEngine.Logger:Log (UnityEngine.LogType,object)
UnityEngine.Debug:LogError (object)
UnityEditor.EditorAssemblies:ProcessInitializeOnLoadMethodAttributes ()

Mono: successfully reloaded assembly
[Package Manager] Server::EnsureServerProcessIsRunning -- launch failed, reason: Unity was launched with the -noUpm command-line argument
[Package Manager] UpmClient::Send -- Unable to send message (not connected to UPM process).
[Package Manager] Cannot connect to Unity Package Manager local server
[Package Manager] Server::EnsureServerProcessIsRunning -- launch failed, reason: Unity was launched with the -noUpm command-line argument
[Package Manager] UpmClient::Send -- Unable to send message (not connected to UPM process).
[Package Manager] Cannot connect to Unity Package Manager local server
- Finished resetting the current domain, in  0.683 seconds
Domain Reload Profiling: 1441ms
	BeginReloadAssembly (176ms)
		ExecutionOrderSort (0ms)
		DisableScriptedObjects (6ms)
		BackupInstance (0ms)
		ReleaseScriptingObjects (0ms)
		CreateAndSetChildDomain (28ms)
	RebuildCommonClasses (44ms)
	RebuildNativeTypeToScriptingClass (13ms)
	initialDomainReloadingComplete (44ms)
	LoadAllAssembliesAndSetupDomain (481ms)
		LoadAssemblies (331ms)
		RebuildTransferFunctionScriptingTraits (0ms)
		AnalyzeDomain (252ms)
			TypeCache.Refresh (218ms)
				TypeCache.ScanAssembly (199ms)
			ScanForSourceGeneratedMonoScriptInfo (25ms)
			ResolveRequiredComponents (7ms)
	FinalizeReload (683ms)
		ReleaseScriptCaches (0ms)
		RebuildScriptCaches (0ms)
		SetupLoadedEditorAssemblies (521ms)
			LogAssemblyErrors (0ms)
			InitializePlatformSupportModulesInManaged (5ms)
			SetLoadedEditorAssemblies (4ms)
			RefreshPlugins (0ms)
			BeforeProcessingInitializeOnLoad (74ms)
			ProcessInitializeOnLoadAttributes (379ms)
			ProcessInitializeOnLoadMethodAttributes (51ms)
			AfterProcessingInitializeOnLoad (8ms)
			EditorAssembliesLoaded (0ms)
		ExecutionOrderSort2 (0ms)
		AwakeInstancesAfterBackupRestoration (5ms)
Launched and connected shader compiler UnityShaderCompiler.exe after 0.04 seconds
Refreshing native plugins compatible for Editor in 24.38 ms, found 12 plugins.
Preloading 1 native plugins for Editor in 0.10 ms.
Unloading 4694 Unused Serialized files (Serialized files now loaded: 0)
Unloading 76 unused Assets / (75.2 KB). Loaded Objects now: 5182.
Memory consumption went from 158.2 MB to 158.1 MB.
Total: 5.803200 ms (FindLiveObjects: 0.511000 ms CreateObjectMapping: 0.478200 ms MarkObjects: 4.607400 ms  DeleteObjects: 0.205400 ms)

AssetImportParameters requested are different than current active one (requested -> active):
  custom:container-demuxer-ogg: 62fdf1f143b41e24485cea50d1cbac27 -> 
  custom:video-decoder-ogg-theora: a1e56fd34408186e4bbccfd4996cb3dc -> 
  custom:framework-win-MediaFoundation: 216162199b28c13a410421893ffa2e32 -> 
  custom:CustomObjectIndexerAttribute: 756ad292c208cfabdd7b50bc23989ffe -> 
  custom:container-demuxer-webm: 4f35f7cbe854078d1ac9338744f61a02 -> 
  custom:container-muxer-webm: aa71ff27fc2769a1b78a27578f13a17b -> 
  custom:video-decoder-webm-vp8: 9c59270c3fd7afecdb556c50c9e8de78 -> 
  custom:SearchIndexIgnoredProperties: e643bd26f0fe6173181afceb89e7c659 -> 
  custom:AudioImporter_EditorPlatform: d09bf68614088b80899f8185d706f6e7 -> 
  custom:video-encoder-webm-vp8: eb34c28f22e8b96e1ab97ce403110664 -> 
  custom:audio-decoder-ogg-vorbis: bf7c407c2cedff20999df2af8eb42d56 -> 
  custom:audio-encoder-webm-vorbis: bf7c407c2cedff20999df2af8eb42d56 -> 
========================================================================
Received Import Request.
  Time since last request: 6826.090858 seconds.
  path: Assets/_Course Library/Source Files/Models/Lightsource_Flashlight_B.fbx
  artifactKey: Guid(8cf70768566c78c49858ce5ac149a07d) Importer(815301076,1909f56bfc062723c751e8b465ee728b)
Start importing Assets/_Course Library/Source Files/Models/Lightsource_Flashlight_B.fbx using Guid(8cf70768566c78c49858ce5ac149a07d) Importer(815301076,1909f56bfc062723c751e8b465ee728b)  -> (artifact id: 'cb717a94b8a2da4cb5a2c9ebf77d3b63') in 0.150649 seconds
Number of updated asset objects reloaded before import = 0
Number of asset objects unloaded after import = 8
========================================================================
Received Import Request.
  Time since last request: 0.518539 seconds.
  path: Assets/_Course Library/Source Files/Models/Button_Next.fbx
  artifactKey: Guid(b065673e4a3ed054e9d7f2713980b30a) Importer(815301076,1909f56bfc062723c751e8b465ee728b)
Start importing Assets/_Course Library/Source Files/Models/Button_Next.fbx using Guid(b065673e4a3ed054e9d7f2713980b30a) Importer(815301076,1909f56bfc062723c751e8b465ee728b)  -> (artifact id: '4e6c2ef5371afabd165d92012f667f83') in 0.021081 seconds
Number of updated asset objects reloaded before import = 0
Number of asset objects unloaded after import = 8
========================================================================
Received Import Request.
  Time since last request: 1.125728 seconds.
  path: Assets/_Course Library/Source Files/Models/Lightsource_Candle_B.fbx
  artifactKey: Guid(e201a0032a480c8428237afc249cd112) Importer(815301076,1909f56bfc062723c751e8b465ee728b)
Start importing Assets/_Course Library/Source Files/Models/Lightsource_Candle_B.fbx using Guid(e201a0032a480c8428237afc249cd112) Importer(815301076,1909f56bfc062723c751e8b465ee728b)  -> (artifact id: '46cb233141752a780d3253cb4b686810') in 0.032316 seconds
Number of updated asset objects reloaded before import = 0
Number of asset objects unloaded after import = 15
========================================================================
Received Import Request.
  Time since last request: 0.022329 seconds.
  path: Assets/_Course Library/Source Files/Models/Sports_TennisRacket_B.fbx
  artifactKey: Guid(86ebb47e575661946a469999ad83c0c9) Importer(815301076,1909f56bfc062723c751e8b465ee728b)
Start importing Assets/_Course Library/Source Files/Models/Sports_TennisRacket_B.fbx using Guid(86ebb47e575661946a469999ad83c0c9) Importer(815301076,1909f56bfc062723c751e8b465ee728b)  -> (artifact id: '62e4eccdc81632a9a6f90758d4e70d19') in 0.025010 seconds
Number of updated asset objects reloaded before import = 0
Number of asset objects unloaded after import = 8
========================================================================
Received Import Request.
  Time since last request: 0.187755 seconds.
  path: Assets/_Course Library/Source Files/Models/Table_Side_Modern_B.fbx
  artifactKey: Guid(4972fc4c3bc90024795a1c8937b927fd) Importer(815301076,1909f56bfc062723c751e8b465ee728b)
Start importing Assets/_Course Library/Source Files/Models/Table_Side_Modern_B.fbx using Guid(4972fc4c3bc90024795a1c8937b927fd) Importer(815301076,1909f56bfc062723c751e8b465ee728b)  -> (artifact id: 'a7a83ac497d901bb83589d553b1becd0') in 0.027388 seconds
Number of updated asset objects reloaded before import = 0
Number of asset objects unloaded after import = 8
========================================================================
Received Import Request.
  Time since last request: 0.000043 seconds.
  path: Assets/_Course Library/Source Files/Models/Table_Coffee_Traditional.fbx
  artifactKey: Guid(816f02e84cfc7ac418847b8e5396a9c3) Importer(815301076,1909f56bfc062723c751e8b465ee728b)
Start importing Assets/_Course Library/Source Files/Models/Table_Coffee_Traditional.fbx using Guid(816f02e84cfc7ac418847b8e5396a9c3) Importer(815301076,1909f56bfc062723c751e8b465ee728b)  -> (artifact id: '6d2fa60ee7d3c63982bf0046f55d1e34') in 0.025524 seconds
Number of updated asset objects reloaded before import = 0
Number of asset objects unloaded after import = 8
========================================================================
Received Import Request.
  Time since last request: 0.000739 seconds.
  path: Assets/_Course Library/Source Files/Models/Sports_PingPongPaddle.fbx
  artifactKey: Guid(7bd01e90df23b1b449ba1be9b0bb7ee5) Importer(815301076,1909f56bfc062723c751e8b465ee728b)
Start importing Assets/_Course Library/Source Files/Models/Sports_PingPongPaddle.fbx using Guid(7bd01e90df23b1b449ba1be9b0bb7ee5) Importer(815301076,1909f56bfc062723c751e8b465ee728b)  -> (artifact id: '1fa8902140ac34ae643327671e9b4dd9') in 0.032499 seconds
Number of updated asset objects reloaded before import = 0
Number of asset objects unloaded after import = 8
========================================================================
Received Import Request.
  Time since last request: 0.203192 seconds.
  path: Assets/_Course Library/Source Files/Models/Speaker_RecordPlayer.fbx
  artifactKey: Guid(f421bf55cae3aa8488d771ccf269bca2) Importer(815301076,1909f56bfc062723c751e8b465ee728b)
Start importing Assets/_Course Library/Source Files/Models/Speaker_RecordPlayer.fbx using Guid(f421bf55cae3aa8488d771ccf269bca2) Importer(815301076,1909f56bfc062723c751e8b465ee728b)  -> (artifact id: '7c6fa277741a41335c8d1c2df60685cd') in 0.044619 seconds
Number of updated asset objects reloaded before import = 0
Number of asset objects unloaded after import = 30
========================================================================
Received Import Request.
  Time since last request: 0.036188 seconds.
  path: Assets/_Course Library/Source Files/Models/Bin_B_2.fbx
  artifactKey: Guid(518df1129d5b1fe4d9f4bce622b1011b) Importer(815301076,1909f56bfc062723c751e8b465ee728b)
Start importing Assets/_Course Library/Source Files/Models/Bin_B_2.fbx using Guid(518df1129d5b1fe4d9f4bce622b1011b) Importer(815301076,1909f56bfc062723c751e8b465ee728b)  -> (artifact id: 'fa98074aef73c275ee17021606e170d5') in 0.011733 seconds
Number of updated asset objects reloaded before import = 0
Number of asset objects unloaded after import = 8
========================================================================
Received Import Request.
  Time since last request: 0.206990 seconds.
  path: Assets/_Course Library/Source Files/Models/VR_Reticle_2_A.fbx
  artifactKey: Guid(b277dae6d3c4d774d954c70940701b62) Importer(815301076,1909f56bfc062723c751e8b465ee728b)
Start importing Assets/_Course Library/Source Files/Models/VR_Reticle_2_A.fbx using Guid(b277dae6d3c4d774d954c70940701b62) Importer(815301076,1909f56bfc062723c751e8b465ee728b)  -> (artifact id: 'd4a9d2e9ced8b41f1725a1fb01c1ffc3') in 0.016253 seconds
Number of updated asset objects reloaded before import = 0
Number of asset objects unloaded after import = 8
========================================================================
Received Import Request.
  Time since last request: 0.020496 seconds.
  path: Assets/_Course Library/Source Files/Models/RoomRustic_Models/Room_Rustic_Door.fbx
  artifactKey: Guid(fb6def4110e9f5e47867742140db3077) Importer(815301076,1909f56bfc062723c751e8b465ee728b)
Start importing Assets/_Course Library/Source Files/Models/RoomRustic_Models/Room_Rustic_Door.fbx using Guid(fb6def4110e9f5e47867742140db3077) Importer(815301076,1909f56bfc062723c751e8b465ee728b)  -> (artifact id: 'e3e81a10fbbd86140ebd6e9b3f361730') in 0.027900 seconds
Number of updated asset objects reloaded before import = 0
Number of asset objects unloaded after import = 15
========================================================================
Received Import Request.
  Time since last request: 0.025899 seconds.
  path: Assets/_Course Library/Source Files/Models/Bin_B_3.fbx
  artifactKey: Guid(9f64811e76fa71149b69f8a24ef0d061) Importer(815301076,1909f56bfc062723c751e8b465ee728b)
Start importing Assets/_Course Library/Source Files/Models/Bin_B_3.fbx using Guid(9f64811e76fa71149b69f8a24ef0d061) Importer(815301076,1909f56bfc062723c751e8b465ee728b)  -> (artifact id: '00bace51b531c6c47bf8171e67acf465') in 0.012856 seconds
Number of updated asset objects reloaded before import = 0
Number of asset objects unloaded after import = 8
========================================================================
Received Import Request.
  Time since last request: 0.186238 seconds.
  path: Assets/_Course Library/Source Files/Models/Hat_Captain_B.fbx
  artifactKey: Guid(3ba68e88150d5894ab9f81fd605819d0) Importer(815301076,1909f56bfc062723c751e8b465ee728b)
Start importing Assets/_Course Library/Source Files/Models/Hat_Captain_B.fbx using Guid(3ba68e88150d5894ab9f81fd605819d0) Importer(815301076,1909f56bfc062723c751e8b465ee728b)  -> (artifact id: 'a1b2a5017435b75bdaa292a907c158a6') in 0.015284 seconds
Number of updated asset objects reloaded before import = 0
Number of asset objects unloaded after import = 8
========================================================================
Received Import Request.
  Time since last request: 0.039813 seconds.
  path: Assets/_Course Library/Source Files/Models/Hat_Witch.fbx
  artifactKey: Guid(203f50d46d6e5ac42af7ac45c9b4987a) Importer(815301076,1909f56bfc062723c751e8b465ee728b)
Start importing Assets/_Course Library/Source Files/Models/Hat_Witch.fbx using Guid(203f50d46d6e5ac42af7ac45c9b4987a) Importer(815301076,1909f56bfc062723c751e8b465ee728b)  -> (artifact id: 'fa5ad747597c4ecdfa73ea794a55d61d') in 0.014660 seconds
Number of updated asset objects reloaded before import = 0
Number of asset objects unloaded after import = 8
========================================================================
Received Import Request.
  Time since last request: 0.201478 seconds.
  path: Assets/_Course Library/Source Files/Models/Hat_Cap.fbx
  artifactKey: Guid(60d768ce4d3e8bf4e977015d18b28e23) Importer(815301076,1909f56bfc062723c751e8b465ee728b)
Start importing Assets/_Course Library/Source Files/Models/Hat_Cap.fbx using Guid(60d768ce4d3e8bf4e977015d18b28e23) Importer(815301076,1909f56bfc062723c751e8b465ee728b)  -> (artifact id: '680b44e585d2f023f52b675d376e7840') in 0.014062 seconds
Number of updated asset objects reloaded before import = 0
Number of asset objects unloaded after import = 8
========================================================================
Received Import Request.
  Time since last request: 0.025770 seconds.
  path: Assets/_Course Library/Source Files/Models/Joystick_1.fbx
  artifactKey: Guid(555e7d4cf3ee70344a01ecaeae005ccb) Importer(815301076,1909f56bfc062723c751e8b465ee728b)
Start importing Assets/_Course Library/Source Files/Models/Joystick_1.fbx using Guid(555e7d4cf3ee70344a01ecaeae005ccb) Importer(815301076,1909f56bfc062723c751e8b465ee728b)  -> (artifact id: 'dc4883f694bb72b71dfc28579ab814fd') in 0.029138 seconds
Number of updated asset objects reloaded before import = 0
Number of asset objects unloaded after import = 20
========================================================================
Received Import Request.
  Time since last request: 101.854434 seconds.
  path: Assets/saus.mat
  artifactKey: Guid(f8378bd6d9bbbc648a0567f53b5f4d2c) Importer(815301076,1909f56bfc062723c751e8b465ee728b)
Start importing Assets/saus.mat using Guid(f8378bd6d9bbbc648a0567f53b5f4d2c) Importer(815301076,1909f56bfc062723c751e8b465ee728b)  -> (artifact id: '67eefff3330347b3d5e836dc974fcff8') in 0.018258 seconds
Number of updated asset objects reloaded before import = 0
Number of asset objects unloaded after import = 3
========================================================================
Received Import Request.
  Time since last request: 5.196860 seconds.
  path: Assets/Piotr_Mirror.mat
  artifactKey: Guid(b73759623ab109d49b0ddc06cb74de39) Importer(815301076,1909f56bfc062723c751e8b465ee728b)
Start importing Assets/Piotr_Mirror.mat using Guid(b73759623ab109d49b0ddc06cb74de39) Importer(815301076,1909f56bfc062723c751e8b465ee728b)  -> (artifact id: '0d88c57e0fb689cb947ed992911d0943') in 0.009735 seconds
Number of updated asset objects reloaded before import = 0
Number of asset objects unloaded after import = 2
========================================================================
Received Import Request.
  Time since last request: 0.000012 seconds.
  path: Assets/Piotr_Txture.renderTexture
  artifactKey: Guid(e77150c84485c0045ba2401776f4a7a6) Importer(815301076,1909f56bfc062723c751e8b465ee728b)
Start importing Assets/Piotr_Txture.renderTexture using Guid(e77150c84485c0045ba2401776f4a7a6) Importer(815301076,1909f56bfc062723c751e8b465ee728b)  -> (artifact id: '676ecb7fd5a0c2af32ead18471c22a61') in 0.013825 seconds
Number of updated asset objects reloaded before import = 0
Number of asset objects unloaded after import = 2
========================================================================
Received Import Request.
  Time since last request: 291.471479 seconds.
  path: Assets/VRTemplateAssets/Materials/Anchor Materials/White_Mixed_AO.png
  artifactKey: Guid(61c3552c05bd1b842a62ef7c70a99944) Importer(815301076,1909f56bfc062723c751e8b465ee728b)
Start importing Assets/VRTemplateAssets/Materials/Anchor Materials/White_Mixed_AO.png using Guid(61c3552c05bd1b842a62ef7c70a99944) Importer(815301076,1909f56bfc062723c751e8b465ee728b)  -> (artifact id: '1f19ce517a2abd72482f765a2037f33a') in 0.037685 seconds
Number of updated asset objects reloaded before import = 0
Number of asset objects unloaded after import = 3
========================================================================
Received Import Request.
  Time since last request: 0.007131 seconds.
  path: Assets/Brick Project Studio/Apartment Kit/Common/Textures/Surface/Wood_Ebony_01_AO.png
  artifactKey: Guid(288cf7adf0d7df7428fd6de295b12e20) Importer(815301076,1909f56bfc062723c751e8b465ee728b)
Start importing Assets/Brick Project Studio/Apartment Kit/Common/Textures/Surface/Wood_Ebony_01_AO.png using Guid(288cf7adf0d7df7428fd6de295b12e20) Importer(815301076,1909f56bfc062723c751e8b465ee728b)  -> (artifact id: 'c394c33007a2f3b69c5b2e96933e1699') in 0.015815 seconds
Number of updated asset objects reloaded before import = 0
Number of asset objects unloaded after import = 2
========================================================================
Received Import Request.
  Time since last request: 0.115978 seconds.
  path: Assets/ATLAS/Customizable Kitchen Pack/Textures/Seamless/Wood/PNG/Wood_Oak.png
  artifactKey: Guid(84045578798a8c04580b448b8c1b982f) Importer(815301076,1909f56bfc062723c751e8b465ee728b)
Start importing Assets/ATLAS/Customizable Kitchen Pack/Textures/Seamless/Wood/PNG/Wood_Oak.png using Guid(84045578798a8c04580b448b8c1b982f) Importer(815301076,1909f56bfc062723c751e8b465ee728b)  -> (artifact id: 'b8d6e5d3738544eb22af0ae3ec27c03d') in 0.017737 seconds
Number of updated asset objects reloaded before import = 0
Number of asset objects unloaded after import = 2
========================================================================
Received Import Request.
  Time since last request: 0.000013 seconds.
  path: Assets/ATLAS/Customizable Kitchen Pack/Textures/Seamless/Wood/PNG/Wood_Pine.png
  artifactKey: Guid(f9172267005fe7b44a20f259e4c9440e) Importer(815301076,1909f56bfc062723c751e8b465ee728b)
Start importing Assets/ATLAS/Customizable Kitchen Pack/Textures/Seamless/Wood/PNG/Wood_Pine.png using Guid(f9172267005fe7b44a20f259e4c9440e) Importer(815301076,1909f56bfc062723c751e8b465ee728b)  -> (artifact id: '0da2146aa7557a2c77cf471961dc9dc3') in 0.013253 seconds
Number of updated asset objects reloaded before import = 0
Number of asset objects unloaded after import = 2
Editor requested this worker to shutdown with reason: Scaling down because of idle timeout
TcpMessagingSession - receive error: operation aborted. errorcode: 995, details: The I/O operation has been aborted because of either a thread exit or an application request.
AssetImportWorker is now disconnected from the server
Process exiting
Exiting without the bug reporter. Application will terminate with return code 0