Using pre-set license
Built from '2022.3/staging' branch; Version is '2022.3.9f1 (ea401c316338) revision 15351836'; Using compiler version '192829333'; Build Type 'Release'
OS: 'Windows 10  (10.0.19045) 64bit Enterprise' Language: 'en' Physical Memory: 32477 MB
BatchMode: 1, IsHumanControllingUs: 0, StartBugReporterOnCrash: 0, Is64bit: 1, IsPro: 1

COMMAND LINE ARGUMENTS:
C:\Program Files\Unity 2022.3.9f1\Editor\Unity.exe
-adb2
-batchMode
-noUpm
-name
AssetImportWorker15
-projectPath
C:/Users/A00297278/Desktop/ca-piotrWarkocki2003/GameForJohn
-logFile
Logs/AssetImportWorker15.log
-srvPort
51211
Successfully changed project path to: C:/Users/A00297278/Desktop/ca-piotrWarkocki2003/GameForJohn
C:/Users/A00297278/Desktop/ca-piotrWarkocki2003/GameForJohn
[UnityMemory] Configuration Parameters - Can be set up in boot.config
    "memorysetup-bucket-allocator-granularity=16"
    "memorysetup-bucket-allocator-bucket-count=8"
    "memorysetup-bucket-allocator-block-size=33554432"
    "memorysetup-bucket-allocator-block-count=8"
    "memorysetup-main-allocator-block-size=16777216"
    "memorysetup-thread-allocator-block-size=16777216"
    "memorysetup-gfx-main-allocator-block-size=16777216"
    "memorysetup-gfx-thread-allocator-block-size=16777216"
    "memorysetup-cache-allocator-block-size=4194304"
    "memorysetup-typetree-allocator-block-size=2097152"
    "memorysetup-profiler-bucket-allocator-granularity=16"
    "memorysetup-profiler-bucket-allocator-bucket-count=8"
    "memorysetup-profiler-bucket-allocator-block-size=33554432"
    "memorysetup-profiler-bucket-allocator-block-count=8"
    "memorysetup-profiler-allocator-block-size=16777216"
    "memorysetup-profiler-editor-allocator-block-size=1048576"
    "memorysetup-temp-allocator-size-main=16777216"
    "memorysetup-job-temp-allocator-block-size=2097152"
    "memorysetup-job-temp-allocator-block-size-background=1048576"
    "memorysetup-job-temp-allocator-reduction-small-platforms=262144"
    "memorysetup-allocator-temp-initial-block-size-main=262144"
    "memorysetup-allocator-temp-initial-block-size-worker=262144"
    "memorysetup-temp-allocator-size-background-worker=32768"
    "memorysetup-temp-allocator-size-job-worker=262144"
    "memorysetup-temp-allocator-size-preload-manager=33554432"
    "memorysetup-temp-allocator-size-nav-mesh-worker=65536"
    "memorysetup-temp-allocator-size-audio-worker=65536"
    "memorysetup-temp-allocator-size-cloud-worker=32768"
    "memorysetup-temp-allocator-size-gi-baking-worker=262144"
    "memorysetup-temp-allocator-size-gfx=262144"
Player connection [12732] Host "[IP] 192.168.23.167 [Port] 0 [Flags] 2 [Guid] 2125538357 [EditorId] 2125538357 [Version] 1048832 [Id] WindowsEditor(7,AT-X207-22) [Debug] 1 [PackageName] WindowsEditor [ProjectName] Editor" joined multi-casting on [225.0.0.222:54997]...

Player connection [12732] Host "[IP] 192.168.23.167 [Port] 0 [Flags] 2 [Guid] 2125538357 [EditorId] 2125538357 [Version] 1048832 [Id] WindowsEditor(7,AT-X207-22) [Debug] 1 [PackageName] WindowsEditor [ProjectName] Editor" joined alternative multi-casting on [225.0.0.222:34997]...

[Physics::Module] Initialized MultithreadedJobDispatcher with 19 workers.
Refreshing native plugins compatible for Editor in 17.70 ms, found 12 plugins.
Preloading 1 native plugins for Editor in 0.49 ms.
Initialize engine version: 2022.3.9f1 (ea401c316338)
[Subsystems] Discovering subsystems at path C:/Program Files/Unity 2022.3.9f1/Editor/Data/Resources/UnitySubsystems
[Subsystems] Discovering subsystems at path C:/Users/A00297278/Desktop/ca-piotrWarkocki2003/GameForJohn/Assets
GfxDevice: creating device client; threaded=0; jobified=0
Direct3D:
    Version:  Direct3D 11.0 [level 11.1]
    Renderer: NVIDIA GeForce RTX 3080 (ID=0x2216)
    Vendor:   NVIDIA
    VRAM:     10067 MB
    Driver:   31.0.15.3619
Initialize mono
Mono path[0] = 'C:/Program Files/Unity 2022.3.9f1/Editor/Data/Managed'
Mono path[1] = 'C:/Program Files/Unity 2022.3.9f1/Editor/Data/MonoBleedingEdge/lib/mono/unityjit-win32'
Mono config path = 'C:/Program Files/Unity 2022.3.9f1/Editor/Data/MonoBleedingEdge/etc'
Using monoOptions --debugger-agent=transport=dt_socket,embedding=1,server=y,suspend=n,address=127.0.0.1:56532
Begin MonoManager ReloadAssembly
Registering precompiled unity dll's ...
Register platform support module: C:/Program Files/Unity 2022.3.9f1/Editor/Data/PlaybackEngines/WindowsStandaloneSupport/UnityEditor.WindowsStandalone.Extensions.dll
Registered in 0.006012 seconds.
- Loaded All Assemblies, in  0.328 seconds
Native extension for WindowsStandalone target not found
Mono: successfully reloaded assembly
- Finished resetting the current domain, in  0.232 seconds
Domain Reload Profiling: 558ms
	BeginReloadAssembly (102ms)
		ExecutionOrderSort (0ms)
		DisableScriptedObjects (0ms)
		BackupInstance (0ms)
		ReleaseScriptingObjects (0ms)
		CreateAndSetChildDomain (1ms)
	RebuildCommonClasses (33ms)
	RebuildNativeTypeToScriptingClass (10ms)
	initialDomainReloadingComplete (51ms)
	LoadAllAssembliesAndSetupDomain (129ms)
		LoadAssemblies (100ms)
		RebuildTransferFunctionScriptingTraits (0ms)
		AnalyzeDomain (128ms)
			TypeCache.Refresh (126ms)
				TypeCache.ScanAssembly (113ms)
			ScanForSourceGeneratedMonoScriptInfo (0ms)
			ResolveRequiredComponents (0ms)
	FinalizeReload (232ms)
		ReleaseScriptCaches (0ms)
		RebuildScriptCaches (0ms)
		SetupLoadedEditorAssemblies (177ms)
			LogAssemblyErrors (0ms)
			InitializePlatformSupportModulesInManaged (9ms)
			SetLoadedEditorAssemblies (7ms)
			RefreshPlugins (0ms)
			BeforeProcessingInitializeOnLoad (2ms)
			ProcessInitializeOnLoadAttributes (116ms)
			ProcessInitializeOnLoadMethodAttributes (44ms)
			AfterProcessingInitializeOnLoad (0ms)
			EditorAssembliesLoaded (0ms)
		ExecutionOrderSort2 (0ms)
		AwakeInstancesAfterBackupRestoration (0ms)
========================================================================
Worker process is ready to serve import requests
Begin MonoManager ReloadAssembly
- Loaded All Assemblies, in  0.663 seconds
Refreshing native plugins compatible for Editor in 10.81 ms, found 12 plugins.
Native extension for WindowsStandalone target not found
Package Manager log level set to [2]
[Package Manager] Server::EnsureServerProcessIsRunning -- launch failed, reason: Unity was launched with the -noUpm command-line argument
[Package Manager] UpmClient::Send -- Unable to send message (not connected to UPM process).
[Package Manager] Cannot connect to Unity Package Manager local server
[Package Manager] Server::EnsureServerProcessIsRunning -- launch failed, reason: Unity was launched with the -noUpm command-line argument
[Package Manager] UpmClient::Send -- Unable to send message (not connected to UPM process).
[Package Manager] Cannot connect to Unity Package Manager local server
System.Reflection.TargetInvocationException: Exception has been thrown by the target of an invocation. ---> System.NullReferenceException: Object reference not set to an instance of an object
  at Unity.XR.Oculus.OculusLoader.AssetPathToAbsolutePath (System.String assetPath) [0x0003d] in .\Library\PackageCache\com.unity.xr.oculus@4.0.0\Runtime\OculusLoader.cs:282 
  at Unity.XR.Oculus.OculusLoader.EditorLoadOVRPlugin () [0x0007b] in .\Library\PackageCache\com.unity.xr.oculus@4.0.0\Runtime\OculusLoader.cs:267 
  at (wrapper managed-to-native) System.Reflection.RuntimeMethodInfo.InternalInvoke(System.Reflection.RuntimeMethodInfo,object,object[],System.Exception&)
  at System.Reflection.RuntimeMethodInfo.Invoke (System.Object obj, System.Reflection.BindingFlags invokeAttr, System.Reflection.Binder binder, System.Object[] parameters, System.Globalization.CultureInfo culture) [0x0006a] in <787acc3c9a4c471ba7d971300105af24>:0 
   --- End of inner exception stack trace ---
  at System.Reflection.RuntimeMethodInfo.Invoke (System.Object obj, System.Reflection.BindingFlags invokeAttr, System.Reflection.Binder binder, System.Object[] parameters, System.Globalization.CultureInfo culture) [0x00083] in <787acc3c9a4c471ba7d971300105af24>:0 
  at System.Reflection.MethodBase.Invoke (System.Object obj, System.Object[] parameters) [0x00000] in <787acc3c9a4c471ba7d971300105af24>:0 
  at UnityEditor.EditorAssemblies.ProcessInitializeOnLoadMethodAttributes () [0x000a5] in <2e279d988b9d4542841de511fbfdf8c2>:0 
UnityEngine.StackTraceUtility:ExtractStackTrace ()
UnityEngine.DebugLogHandler:LogFormat (UnityEngine.LogType,UnityEngine.Object,string,object[])
UnityEngine.Logger:Log (UnityEngine.LogType,object)
UnityEngine.Debug:LogError (object)
UnityEditor.EditorAssemblies:ProcessInitializeOnLoadMethodAttributes ()

Mono: successfully reloaded assembly
[Package Manager] Server::EnsureServerProcessIsRunning -- launch failed, reason: Unity was launched with the -noUpm command-line argument
[Package Manager] UpmClient::Send -- Unable to send message (not connected to UPM process).
[Package Manager] Cannot connect to Unity Package Manager local server
[Package Manager] Server::EnsureServerProcessIsRunning -- launch failed, reason: Unity was launched with the -noUpm command-line argument
[Package Manager] UpmClient::Send -- Unable to send message (not connected to UPM process).
[Package Manager] Cannot connect to Unity Package Manager local server
- Finished resetting the current domain, in  0.661 seconds
Domain Reload Profiling: 1321ms
	BeginReloadAssembly (147ms)
		ExecutionOrderSort (0ms)
		DisableScriptedObjects (5ms)
		BackupInstance (0ms)
		ReleaseScriptingObjects (0ms)
		CreateAndSetChildDomain (24ms)
	RebuildCommonClasses (31ms)
	RebuildNativeTypeToScriptingClass (10ms)
	initialDomainReloadingComplete (37ms)
	LoadAllAssembliesAndSetupDomain (433ms)
		LoadAssemblies (307ms)
		RebuildTransferFunctionScriptingTraits (0ms)
		AnalyzeDomain (212ms)
			TypeCache.Refresh (173ms)
				TypeCache.ScanAssembly (155ms)
			ScanForSourceGeneratedMonoScriptInfo (29ms)
			ResolveRequiredComponents (8ms)
	FinalizeReload (662ms)
		ReleaseScriptCaches (0ms)
		RebuildScriptCaches (0ms)
		SetupLoadedEditorAssemblies (504ms)
			LogAssemblyErrors (0ms)
			InitializePlatformSupportModulesInManaged (5ms)
			SetLoadedEditorAssemblies (3ms)
			RefreshPlugins (0ms)
			BeforeProcessingInitializeOnLoad (70ms)
			ProcessInitializeOnLoadAttributes (372ms)
			ProcessInitializeOnLoadMethodAttributes (48ms)
			AfterProcessingInitializeOnLoad (6ms)
			EditorAssembliesLoaded (0ms)
		ExecutionOrderSort2 (0ms)
		AwakeInstancesAfterBackupRestoration (6ms)
Launched and connected shader compiler UnityShaderCompiler.exe after 0.03 seconds
Refreshing native plugins compatible for Editor in 14.90 ms, found 12 plugins.
Preloading 1 native plugins for Editor in 0.07 ms.
Unloading 4697 Unused Serialized files (Serialized files now loaded: 0)
Unloading 76 unused Assets / (75.3 KB). Loaded Objects now: 5189.
Memory consumption went from 158.7 MB to 158.6 MB.
Total: 5.019900 ms (FindLiveObjects: 0.549900 ms CreateObjectMapping: 0.399300 ms MarkObjects: 3.853700 ms  DeleteObjects: 0.215800 ms)

AssetImportParameters requested are different than current active one (requested -> active):
  custom:container-demuxer-ogg: 62fdf1f143b41e24485cea50d1cbac27 -> 
  custom:video-decoder-ogg-theora: a1e56fd34408186e4bbccfd4996cb3dc -> 
  custom:framework-win-MediaFoundation: 216162199b28c13a410421893ffa2e32 -> 
  custom:CustomObjectIndexerAttribute: 756ad292c208cfabdd7b50bc23989ffe -> 
  custom:container-demuxer-webm: 4f35f7cbe854078d1ac9338744f61a02 -> 
  custom:container-muxer-webm: aa71ff27fc2769a1b78a27578f13a17b -> 
  custom:video-decoder-webm-vp8: 9c59270c3fd7afecdb556c50c9e8de78 -> 
  custom:SearchIndexIgnoredProperties: e643bd26f0fe6173181afceb89e7c659 -> 
  custom:AudioImporter_EditorPlatform: d09bf68614088b80899f8185d706f6e7 -> 
  custom:video-encoder-webm-vp8: eb34c28f22e8b96e1ab97ce403110664 -> 
  custom:audio-decoder-ogg-vorbis: bf7c407c2cedff20999df2af8eb42d56 -> 
  custom:audio-encoder-webm-vorbis: bf7c407c2cedff20999df2af8eb42d56 -> 
========================================================================
Received Import Request.
  Time since last request: 415306.747364 seconds.
  path: Assets/UrbanNightSky/Demo/Materials/UrbanNightSkyMaterial.mat
  artifactKey: Guid(3876d0e183013044aab5adba683217d7) Importer(815301076,1909f56bfc062723c751e8b465ee728b)
Start importing Assets/UrbanNightSky/Demo/Materials/UrbanNightSkyMaterial.mat using Guid(3876d0e183013044aab5adba683217d7) Importer(815301076,1909f56bfc062723c751e8b465ee728b)  -> (artifact id: '04b9baf1cc12bad7cfb735d7bde4686d') in 0.255675 seconds
Number of updated asset objects reloaded before import = 0
Number of asset objects unloaded after import = 7
========================================================================
Received Import Request.
  Time since last request: 0.333104 seconds.
  path: Assets/VRTemplateAssets/Materials/Environment/Dark Green.mat
  artifactKey: Guid(d2fd0fd7f230ce14d89e18fb555b7469) Importer(815301076,1909f56bfc062723c751e8b465ee728b)
Start importing Assets/VRTemplateAssets/Materials/Environment/Dark Green.mat using Guid(d2fd0fd7f230ce14d89e18fb555b7469) Importer(815301076,1909f56bfc062723c751e8b465ee728b)  -> (artifact id: 'c476675a743080f993c73f28a2a7fc92') in 0.012291 seconds
Number of updated asset objects reloaded before import = 0
Number of asset objects unloaded after import = 3
========================================================================
Received Import Request.
  Time since last request: 12.085137 seconds.
  path: Assets/VRTemplateAssets/Materials/Environment/Grey.mat
  artifactKey: Guid(e1b4debff657aa94293a2e4e5f15b8a0) Importer(815301076,1909f56bfc062723c751e8b465ee728b)
Start importing Assets/VRTemplateAssets/Materials/Environment/Grey.mat using Guid(e1b4debff657aa94293a2e4e5f15b8a0) Importer(815301076,1909f56bfc062723c751e8b465ee728b)  -> (artifact id: 'e0f6cd6454eb4505710ebf973dbd6f1d') in 0.011339 seconds
Number of updated asset objects reloaded before import = 0
Number of asset objects unloaded after import = 3
========================================================================
Received Import Request.
  Time since last request: 0.891826 seconds.
  path: Assets/Package04_Free_Kitchen/FreeKitchen/Materials/GroundMaterial.mat
  artifactKey: Guid(7795727b08de5499297abd25be168839) Importer(815301076,1909f56bfc062723c751e8b465ee728b)
Start importing Assets/Package04_Free_Kitchen/FreeKitchen/Materials/GroundMaterial.mat using Guid(7795727b08de5499297abd25be168839) Importer(815301076,1909f56bfc062723c751e8b465ee728b)  -> (artifact id: '227d4962502dcfb76d3f838ba87f4b4e') in 0.021382 seconds
Number of updated asset objects reloaded before import = 0
Number of asset objects unloaded after import = 1
========================================================================
Received Import Request.
  Time since last request: 0.282518 seconds.
  path: Assets/VR Hands/Materials/Hands.mat
  artifactKey: Guid(1eed0e546b0063242b1e5bfc8b9fdffd) Importer(815301076,1909f56bfc062723c751e8b465ee728b)
Start importing Assets/VR Hands/Materials/Hands.mat using Guid(1eed0e546b0063242b1e5bfc8b9fdffd) Importer(815301076,1909f56bfc062723c751e8b465ee728b)  -> (artifact id: '2dae05c59ef9eb7ef33b6f0d742bf6ed') in 0.009923 seconds
Number of updated asset objects reloaded before import = 0
Number of asset objects unloaded after import = 3
========================================================================
Received Import Request.
  Time since last request: 0.277875 seconds.
  path: Assets/Sci-Fi Styled Modular Pack/Materials/hologram_particle.mat
  artifactKey: Guid(d37e8378fe566f84a8b75b0083ec4838) Importer(815301076,1909f56bfc062723c751e8b465ee728b)
Start importing Assets/Sci-Fi Styled Modular Pack/Materials/hologram_particle.mat using Guid(d37e8378fe566f84a8b75b0083ec4838) Importer(815301076,1909f56bfc062723c751e8b465ee728b)  -> (artifact id: 'd36216afda3967b72551ee3b036077f2') in 0.037884 seconds
Number of updated asset objects reloaded before import = 0
Number of asset objects unloaded after import = 1
========================================================================
Received Import Request.
  Time since last request: 0.359377 seconds.
  path: Assets/VRTemplateAssets/Materials/Skybox/Hub Skybox Blue 2.mat
  artifactKey: Guid(5334f277fcb843944aebc29131d0b5a6) Importer(815301076,1909f56bfc062723c751e8b465ee728b)
Start importing Assets/VRTemplateAssets/Materials/Skybox/Hub Skybox Blue 2.mat using Guid(5334f277fcb843944aebc29131d0b5a6) Importer(815301076,1909f56bfc062723c751e8b465ee728b)  -> (artifact id: '649e217b4371dea2599a0761d03531ff') in 0.014968 seconds
Number of updated asset objects reloaded before import = 0
Number of asset objects unloaded after import = 1
========================================================================
Received Import Request.
  Time since last request: 0.417543 seconds.
  path: Assets/Brick Project Studio/Apartment Kit/Common/Materials/Interior Exterior/Int_Apt_02.mat
  artifactKey: Guid(1189fd509fb646c4bbef59dd93c02b71) Importer(815301076,1909f56bfc062723c751e8b465ee728b)
Start importing Assets/Brick Project Studio/Apartment Kit/Common/Materials/Interior Exterior/Int_Apt_02.mat using Guid(1189fd509fb646c4bbef59dd93c02b71) Importer(815301076,1909f56bfc062723c751e8b465ee728b)  -> (artifact id: '9d55aaf52e2dd5a4e42acc4e2996ff52') in 0.027393 seconds
Number of updated asset objects reloaded before import = 0
Number of asset objects unloaded after import = 3
========================================================================
Received Import Request.
  Time since last request: 0.021931 seconds.
  path: Assets/Brick Project Studio/Apartment Kit/Common/Materials/Misc/Int_Apt_MarbleWall_01.mat
  artifactKey: Guid(14caf24636c53854ea2f3f8ca2dd0fc1) Importer(815301076,1909f56bfc062723c751e8b465ee728b)
Start importing Assets/Brick Project Studio/Apartment Kit/Common/Materials/Misc/Int_Apt_MarbleWall_01.mat using Guid(14caf24636c53854ea2f3f8ca2dd0fc1) Importer(815301076,1909f56bfc062723c751e8b465ee728b)  -> (artifact id: '14b6c0352131493174c039f5296795dd') in 0.028560 seconds
Number of updated asset objects reloaded before import = 0
Number of asset objects unloaded after import = 2
========================================================================
Received Import Request.
  Time since last request: 0.656555 seconds.
  path: Assets/Brick Project Studio/_BPS Basic Assets/Common/Materials/Basic Assets/Int_BS_02.mat
  artifactKey: Guid(1f972757765558b46aa948a406f8542a) Importer(815301076,1909f56bfc062723c751e8b465ee728b)
Start importing Assets/Brick Project Studio/_BPS Basic Assets/Common/Materials/Basic Assets/Int_BS_02.mat using Guid(1f972757765558b46aa948a406f8542a) Importer(815301076,1909f56bfc062723c751e8b465ee728b)  -> (artifact id: '8670554b6cbff7a5911939af3924eed8') in 0.025463 seconds
Number of updated asset objects reloaded before import = 0
Number of asset objects unloaded after import = 2
========================================================================
Received Import Request.
  Time since last request: 0.045374 seconds.
  path: Assets/VRTemplateAssets/Fonts/Inter/Inter-Regular SDF Material XRay Blue.mat
  artifactKey: Guid(af07a37023b9de24a8da02768ceff3df) Importer(815301076,1909f56bfc062723c751e8b465ee728b)
Start importing Assets/VRTemplateAssets/Fonts/Inter/Inter-Regular SDF Material XRay Blue.mat using Guid(af07a37023b9de24a8da02768ceff3df) Importer(815301076,1909f56bfc062723c751e8b465ee728b)  -> (artifact id: 'e3e6e0171179ba5208392d9559cdc6ba') in 0.087299 seconds
Number of updated asset objects reloaded before import = 0
Number of asset objects unloaded after import = 2
========================================================================
Received Import Request.
  Time since last request: 0.982367 seconds.
  path: Assets/Brick Project Studio/_BPS Basic Assets/Common/Materials/Legacy/Gold.mat
  artifactKey: Guid(e767d86cbf3099a478162f1692b1edf3) Importer(815301076,1909f56bfc062723c751e8b465ee728b)
Start importing Assets/Brick Project Studio/_BPS Basic Assets/Common/Materials/Legacy/Gold.mat using Guid(e767d86cbf3099a478162f1692b1edf3) Importer(815301076,1909f56bfc062723c751e8b465ee728b)  -> (artifact id: '2a3cc0d7f082979034048e15f4b3045c') in 0.017673 seconds
Number of updated asset objects reloaded before import = 0
Number of asset objects unloaded after import = 1
========================================================================
Received Import Request.
  Time since last request: 0.021949 seconds.
  path: Assets/Brick Project Studio/Apartment Kit/Common/Materials/Surface/Glass Wine Bottle Wrapper 02.mat
  artifactKey: Guid(5d5f7ba22899a774081673e045e96cc5) Importer(815301076,1909f56bfc062723c751e8b465ee728b)
Start importing Assets/Brick Project Studio/Apartment Kit/Common/Materials/Surface/Glass Wine Bottle Wrapper 02.mat using Guid(5d5f7ba22899a774081673e045e96cc5) Importer(815301076,1909f56bfc062723c751e8b465ee728b)  -> (artifact id: '168c0ba2782bb8e9ef8cce2ea73f07c2') in 0.016881 seconds
Number of updated asset objects reloaded before import = 0
Number of asset objects unloaded after import = 1
========================================================================
Received Import Request.
  Time since last request: 0.230377 seconds.
  path: Assets/Sci-Fi Styled Modular Pack/Materials/glass.mat
  artifactKey: Guid(2ce01831e9f3ae441bb48623e5fbe0c0) Importer(815301076,1909f56bfc062723c751e8b465ee728b)
Start importing Assets/Sci-Fi Styled Modular Pack/Materials/glass.mat using Guid(2ce01831e9f3ae441bb48623e5fbe0c0) Importer(815301076,1909f56bfc062723c751e8b465ee728b)  -> (artifact id: 'c21b462ce05d2fad7e93adbaa22e1208') in 0.106045 seconds
Number of updated asset objects reloaded before import = 0
Number of asset objects unloaded after import = 1
========================================================================
Received Import Request.
  Time since last request: 0.008699 seconds.
  path: Assets/ATLAS/Customizable Kitchen Pack/Materials/Mapped/Fridge_Red.mat
  artifactKey: Guid(c675a4930b03a514fa3d1d44489d9b8e) Importer(815301076,1909f56bfc062723c751e8b465ee728b)
Start importing Assets/ATLAS/Customizable Kitchen Pack/Materials/Mapped/Fridge_Red.mat using Guid(c675a4930b03a514fa3d1d44489d9b8e) Importer(815301076,1909f56bfc062723c751e8b465ee728b)  -> (artifact id: '70ef28303ac9883a8dbf43d6cb5ac820') in 0.022028 seconds
Number of updated asset objects reloaded before import = 0
Number of asset objects unloaded after import = 2
========================================================================
Received Import Request.
  Time since last request: 0.203783 seconds.
  path: Assets/Package04_Free_Kitchen/FreeKitchen/Materials/Version03/FreeStoveMaterial.mat
  artifactKey: Guid(a0506e1017c10478393efcf653538fc7) Importer(815301076,1909f56bfc062723c751e8b465ee728b)
Start importing Assets/Package04_Free_Kitchen/FreeKitchen/Materials/Version03/FreeStoveMaterial.mat using Guid(a0506e1017c10478393efcf653538fc7) Importer(815301076,1909f56bfc062723c751e8b465ee728b)  -> (artifact id: '9638330d8ca265b939b56d4d61c2355e') in 0.060813 seconds
Number of updated asset objects reloaded before import = 0
Number of asset objects unloaded after import = 5
========================================================================
Received Import Request.
  Time since last request: 0.002630 seconds.
  path: Assets/Package04_Free_Kitchen/FreeKitchen/Materials/Version03/FreeRoomMaterial.mat
  artifactKey: Guid(bf8e8c212182c4788b57b49b100f54ed) Importer(815301076,1909f56bfc062723c751e8b465ee728b)
Start importing Assets/Package04_Free_Kitchen/FreeKitchen/Materials/Version03/FreeRoomMaterial.mat using Guid(bf8e8c212182c4788b57b49b100f54ed) Importer(815301076,1909f56bfc062723c751e8b465ee728b)  -> (artifact id: 'f04cce3fcf4377ed6b56e5c7596a6a1d') in 0.043494 seconds
Number of updated asset objects reloaded before import = 0
Number of asset objects unloaded after import = 5
========================================================================
Received Import Request.
  Time since last request: 10.802770 seconds.
  path: Assets/_Course Library/_Prefabs/Objects/Books/Book_C_Green.prefab
  artifactKey: Guid(aceac99ed0f74f443850d9a9365d671f) Importer(815301076,1909f56bfc062723c751e8b465ee728b)
Start importing Assets/_Course Library/_Prefabs/Objects/Books/Book_C_Green.prefab using Guid(aceac99ed0f74f443850d9a9365d671f) Importer(815301076,1909f56bfc062723c751e8b465ee728b)  -> (artifact id: 'f6209dd23adc963478ed4b15af461152') in 0.028661 seconds
Number of updated asset objects reloaded before import = 0
Number of asset objects unloaded after import = 10
========================================================================
Received Import Request.
  Time since last request: 0.001336 seconds.
  path: Assets/_Course Library/_Prefabs/Objects/Sports/Tennis_Ball_Green.prefab
  artifactKey: Guid(d0c00082fbae52742bbd03cc0bccf5ea) Importer(815301076,1909f56bfc062723c751e8b465ee728b)
Start importing Assets/_Course Library/_Prefabs/Objects/Sports/Tennis_Ball_Green.prefab using Guid(d0c00082fbae52742bbd03cc0bccf5ea) Importer(815301076,1909f56bfc062723c751e8b465ee728b)  -> (artifact id: '653691641f5fe7fa4037e72b6752b3c1') in 0.034724 seconds
Number of updated asset objects reloaded before import = 0
Number of asset objects unloaded after import = 13
========================================================================
Received Import Request.
  Time since last request: 60.054765 seconds.
  path: Assets/VRTemplateAssets/Models/Environment/Arrows.fbx
  artifactKey: Guid(a8211a3e0e87d014e8326e23ae022d39) Importer(815301076,1909f56bfc062723c751e8b465ee728b)
Start importing Assets/VRTemplateAssets/Models/Environment/Arrows.fbx using Guid(a8211a3e0e87d014e8326e23ae022d39) Importer(815301076,1909f56bfc062723c751e8b465ee728b)  -> (artifact id: '7da0b5fbb50624904366492f41901d72') in 0.064261 seconds
Number of updated asset objects reloaded before import = 0
Number of asset objects unloaded after import = 15
========================================================================
Received Import Request.
  Time since last request: 0.000023 seconds.
  path: Assets/HDRPFurniturePack/Decorative_Throw_Pillows/Models/Decorative_Throw_Pillow.fbx
  artifactKey: Guid(18e8f2e1faf424e45b447fbb9f657077) Importer(815301076,1909f56bfc062723c751e8b465ee728b)
Start importing Assets/HDRPFurniturePack/Decorative_Throw_Pillows/Models/Decorative_Throw_Pillow.fbx using Guid(18e8f2e1faf424e45b447fbb9f657077) Importer(815301076,1909f56bfc062723c751e8b465ee728b)  -> (artifact id: '91ef363487292c9f92cfe54cb252a723') in 0.035192 seconds
Number of updated asset objects reloaded before import = 0
Number of asset objects unloaded after import = 7
========================================================================
Received Import Request.
  Time since last request: 0.000019 seconds.
  path: Assets/Brick Project Studio/Apartment Kit/_Prefabs/Apt Build Kit/Interiors/Walls Frames & Doors/Apt_03/Int_Apt_03_Pillar_4x4.prefab
  artifactKey: Guid(ad9c053ed14d8004ea68366cfcbf751a) Importer(815301076,1909f56bfc062723c751e8b465ee728b)
Start importing Assets/Brick Project Studio/Apartment Kit/_Prefabs/Apt Build Kit/Interiors/Walls Frames & Doors/Apt_03/Int_Apt_03_Pillar_4x4.prefab using Guid(ad9c053ed14d8004ea68366cfcbf751a) Importer(815301076,1909f56bfc062723c751e8b465ee728b)  -> (artifact id: '601740b36312296c34efd51232723955') in 0.027940 seconds
Number of updated asset objects reloaded before import = 0
Number of asset objects unloaded after import = 11
========================================================================
Received Import Request.
  Time since last request: 0.000019 seconds.
  path: Assets/Brick Project Studio/_BPS Basic Assets/_Prefabs/Basic Asset/BA Build Kit/Exterior/Ext_BA_01_Pillar_3x3.prefab
  artifactKey: Guid(933e1ae6be3df0a4495b29a809e3b3ae) Importer(815301076,1909f56bfc062723c751e8b465ee728b)
Start importing Assets/Brick Project Studio/_BPS Basic Assets/_Prefabs/Basic Asset/BA Build Kit/Exterior/Ext_BA_01_Pillar_3x3.prefab using Guid(933e1ae6be3df0a4495b29a809e3b3ae) Importer(815301076,1909f56bfc062723c751e8b465ee728b)  -> (artifact id: 'db3456f35559eb7a145f15fa734b48df') in 0.050061 seconds
Number of updated asset objects reloaded before import = 0
Number of asset objects unloaded after import = 10
========================================================================
Received Import Request.
  Time since last request: 0.000022 seconds.
  path: Assets/Brick Project Studio/_BPS Basic Assets/_Prefabs/Basic Asset/BA Build Kit/Interior/Int_02/Int_BA_02_Pillar_3x3.prefab
  artifactKey: Guid(9068914faab841c49adc9e106827f827) Importer(815301076,1909f56bfc062723c751e8b465ee728b)
Start importing Assets/Brick Project Studio/_BPS Basic Assets/_Prefabs/Basic Asset/BA Build Kit/Interior/Int_02/Int_BA_02_Pillar_3x3.prefab using Guid(9068914faab841c49adc9e106827f827) Importer(815301076,1909f56bfc062723c751e8b465ee728b)  -> (artifact id: '0c2bb1c663b1b88b6a332ea98cf30779') in 0.016740 seconds
Number of updated asset objects reloaded before import = 0
Number of asset objects unloaded after import = 10
========================================================================
Received Import Request.
  Time since last request: 0.000024 seconds.
  path: Assets/Brick Project Studio/Apartment Kit/_Prefabs/Apt Build Kit/Interiors/Walls Frames & Doors/Apt_02/Int_Apt_02_Pillar_1x1.prefab
  artifactKey: Guid(b5b612cc5cb971b459b8c21f79f75715) Importer(815301076,1909f56bfc062723c751e8b465ee728b)
Start importing Assets/Brick Project Studio/Apartment Kit/_Prefabs/Apt Build Kit/Interiors/Walls Frames & Doors/Apt_02/Int_Apt_02_Pillar_1x1.prefab using Guid(b5b612cc5cb971b459b8c21f79f75715) Importer(815301076,1909f56bfc062723c751e8b465ee728b)  -> (artifact id: 'a5e3c368912da35ecb3af1b2a67930b4') in 0.040722 seconds
Number of updated asset objects reloaded before import = 0
Number of asset objects unloaded after import = 11
========================================================================
Received Import Request.
  Time since last request: 0.000018 seconds.
  path: Assets/HDRPFurniturePack/Decorative_Throw_Pillows/Textures/Decorative_Throw_Pillow_9_Fabric_DetailMap.png
  artifactKey: Guid(c305f5f16c8f9034788da1775ec58313) Importer(815301076,1909f56bfc062723c751e8b465ee728b)
Start importing Assets/HDRPFurniturePack/Decorative_Throw_Pillows/Textures/Decorative_Throw_Pillow_9_Fabric_DetailMap.png using Guid(c305f5f16c8f9034788da1775ec58313) Importer(815301076,1909f56bfc062723c751e8b465ee728b)  -> (artifact id: '5cbad6c7b61494bf3f7088cde3cc6187') in 0.024462 seconds
Number of updated asset objects reloaded before import = 0
Number of asset objects unloaded after import = 2
========================================================================
Received Import Request.
  Time since last request: 0.000017 seconds.
  path: Assets/Brick Project Studio/Apartment Kit/_Prefabs/Apt Build Kit/Interiors/Walls Frames & Doors/Apt_02/Int_Apt_02_Pillar_4x4.prefab
  artifactKey: Guid(b6eb91e203f46fb4c8f3ae98b953a325) Importer(815301076,1909f56bfc062723c751e8b465ee728b)
Start importing Assets/Brick Project Studio/Apartment Kit/_Prefabs/Apt Build Kit/Interiors/Walls Frames & Doors/Apt_02/Int_Apt_02_Pillar_4x4.prefab using Guid(b6eb91e203f46fb4c8f3ae98b953a325) Importer(815301076,1909f56bfc062723c751e8b465ee728b)  -> (artifact id: '02e8f126c1460204e92b3482cc3e74f4') in 0.025941 seconds
Number of updated asset objects reloaded before import = 0
Number of asset objects unloaded after import = 11
========================================================================
Received Import Request.
  Time since last request: 0.000016 seconds.
  path: Assets/Brick Project Studio/Apartment Kit/_Prefabs/Apt Build Kit/Exteriors/Ext_Apt_01/Ext_Apt_01_Pillar_1x1.prefab
  artifactKey: Guid(68a3631d9068c5246954790f8f2e4708) Importer(815301076,1909f56bfc062723c751e8b465ee728b)
Start importing Assets/Brick Project Studio/Apartment Kit/_Prefabs/Apt Build Kit/Exteriors/Ext_Apt_01/Ext_Apt_01_Pillar_1x1.prefab using Guid(68a3631d9068c5246954790f8f2e4708) Importer(815301076,1909f56bfc062723c751e8b465ee728b)  -> (artifact id: 'aac4dd35c2a9cd620b1aef2be7708d4c') in 0.047960 seconds
Number of updated asset objects reloaded before import = 0
Number of asset objects unloaded after import = 11
========================================================================
Received Import Request.
  Time since last request: 0.000018 seconds.
  path: Assets/Sci-Fi Styled Modular Pack/Models/decorative_pilow_LOD0.fbx
  artifactKey: Guid(f3db2c97405c89448891b5f5e6f734db) Importer(815301076,1909f56bfc062723c751e8b465ee728b)
Start importing Assets/Sci-Fi Styled Modular Pack/Models/decorative_pilow_LOD0.fbx using Guid(f3db2c97405c89448891b5f5e6f734db) Importer(815301076,1909f56bfc062723c751e8b465ee728b)  -> (artifact id: '61db13b630dec725272482c7f9601fc2') in 0.018191 seconds
Number of updated asset objects reloaded before import = 0
Number of asset objects unloaded after import = 8
========================================================================
Received Import Request.
  Time since last request: 0.000017 seconds.
  path: Assets/Brick Project Studio/Apartment Kit/_Prefabs/Apt Build Kit/Interiors/Walls Frames & Doors/Apt_02/Int_Apt_02_Pillar_2x2.prefab
  artifactKey: Guid(2cf7605246c1a3c4a8bff50e0beb194b) Importer(815301076,1909f56bfc062723c751e8b465ee728b)
Start importing Assets/Brick Project Studio/Apartment Kit/_Prefabs/Apt Build Kit/Interiors/Walls Frames & Doors/Apt_02/Int_Apt_02_Pillar_2x2.prefab using Guid(2cf7605246c1a3c4a8bff50e0beb194b) Importer(815301076,1909f56bfc062723c751e8b465ee728b)  -> (artifact id: '0c83ec02e74aee6df223d0fc19267394') in 0.025988 seconds
Number of updated asset objects reloaded before import = 0
Number of asset objects unloaded after import = 11
========================================================================
Received Import Request.
  Time since last request: 0.000020 seconds.
  path: Assets/HDRPFurniturePack/Decorative_Throw_Pillows/Decorative_Throw_Pillow.prefab
  artifactKey: Guid(37492f94553713c42851311ed794e3bf) Importer(815301076,1909f56bfc062723c751e8b465ee728b)
Start importing Assets/HDRPFurniturePack/Decorative_Throw_Pillows/Decorative_Throw_Pillow.prefab using Guid(37492f94553713c42851311ed794e3bf) Importer(815301076,1909f56bfc062723c751e8b465ee728b)  -> (artifact id: '509dd272a4aef7121bbbe9effdff9c4c') in 0.013727 seconds
Number of updated asset objects reloaded before import = 0
Number of asset objects unloaded after import = 13
========================================================================
Received Import Request.
  Time since last request: 0.000020 seconds.
  path: Assets/Brick Project Studio/Apartment Kit/_Prefabs/Apt Build Kit/Exteriors/Ext_Apt_01/Ext_Apt_01_Pillar_2x2.prefab
  artifactKey: Guid(26ae75b7e5c390d4f8755cadf4903875) Importer(815301076,1909f56bfc062723c751e8b465ee728b)
Start importing Assets/Brick Project Studio/Apartment Kit/_Prefabs/Apt Build Kit/Exteriors/Ext_Apt_01/Ext_Apt_01_Pillar_2x2.prefab using Guid(26ae75b7e5c390d4f8755cadf4903875) Importer(815301076,1909f56bfc062723c751e8b465ee728b)  -> (artifact id: '4e8c72a70f1b2819c42125400763bb7c') in 0.043395 seconds
Number of updated asset objects reloaded before import = 0
Number of asset objects unloaded after import = 11
========================================================================
Received Import Request.
  Time since last request: 0.000031 seconds.
  path: Assets/Brick Project Studio/Apartment Kit/_Prefabs/Apt Build Kit/Interiors/Walls Frames & Doors/Apt_01/Int_Apt_01_Pillar_4x4.prefab
  artifactKey: Guid(336374783a6a6f9438803704ebba706f) Importer(815301076,1909f56bfc062723c751e8b465ee728b)
Start importing Assets/Brick Project Studio/Apartment Kit/_Prefabs/Apt Build Kit/Interiors/Walls Frames & Doors/Apt_01/Int_Apt_01_Pillar_4x4.prefab using Guid(336374783a6a6f9438803704ebba706f) Importer(815301076,1909f56bfc062723c751e8b465ee728b)  -> (artifact id: '088cd3aa7a1939e9f9b0883864fccd29') in 0.178540 seconds
Number of updated asset objects reloaded before import = 0
Number of asset objects unloaded after import = 12
========================================================================
Received Import Request.
  Time since last request: 0.000018 seconds.
  path: Assets/Brick Project Studio/_BPS Basic Assets/_Prefabs/Basic Asset/BA Build Kit/Exterior/Ext_BA_01_Pillar_4x4.prefab
  artifactKey: Guid(94c14dfc6c607a44486aa4e3dbc3f125) Importer(815301076,1909f56bfc062723c751e8b465ee728b)
Start importing Assets/Brick Project Studio/_BPS Basic Assets/_Prefabs/Basic Asset/BA Build Kit/Exterior/Ext_BA_01_Pillar_4x4.prefab using Guid(94c14dfc6c607a44486aa4e3dbc3f125) Importer(815301076,1909f56bfc062723c751e8b465ee728b)  -> (artifact id: 'bcc04b2a847245ed0d0c97cbca5181c5') in 0.027579 seconds
Number of updated asset objects reloaded before import = 0
Number of asset objects unloaded after import = 10
========================================================================
Received Import Request.
  Time since last request: 8.040912 seconds.
  path: Assets/ATLAS/Customizable Kitchen Pack/Textures/Seamless/Wood/PSD/Materials/Wood_Pine.mat
  artifactKey: Guid(32dd022397e765b4fb6dc98c55c16a60) Importer(815301076,1909f56bfc062723c751e8b465ee728b)
Start importing Assets/ATLAS/Customizable Kitchen Pack/Textures/Seamless/Wood/PSD/Materials/Wood_Pine.mat using Guid(32dd022397e765b4fb6dc98c55c16a60) Importer(815301076,1909f56bfc062723c751e8b465ee728b)  -> (artifact id: '230fa057b96c4d8a14496f4fddb94cf1') in 0.018514 seconds
Number of updated asset objects reloaded before import = 0
Number of asset objects unloaded after import = 2
========================================================================
Received Import Request.
  Time since last request: 2.352688 seconds.
  path: Assets/HDRPFurniturePack/Artek/Floor_Light_A810_Artek/Materials/A810_Artek_Metal_painted_white_glossy.mat
  artifactKey: Guid(973d4e3830a48db41934b1279115bd31) Importer(815301076,1909f56bfc062723c751e8b465ee728b)
Start importing Assets/HDRPFurniturePack/Artek/Floor_Light_A810_Artek/Materials/A810_Artek_Metal_painted_white_glossy.mat using Guid(973d4e3830a48db41934b1279115bd31) Importer(815301076,1909f56bfc062723c751e8b465ee728b)  -> (artifact id: '24ac12b450c33b5a2f325feff0d4427f') in 0.008908 seconds
Number of updated asset objects reloaded before import = 0
Number of asset objects unloaded after import = 3
========================================================================
Received Import Request.
  Time since last request: 0.000019 seconds.
  path: Assets/Brick Project Studio/Apartment Kit/Common/Materials/Surface/Burlap_01.mat
  artifactKey: Guid(4c3e122e15d5d984083bffaa2d094ff5) Importer(815301076,1909f56bfc062723c751e8b465ee728b)
Start importing Assets/Brick Project Studio/Apartment Kit/Common/Materials/Surface/Burlap_01.mat using Guid(4c3e122e15d5d984083bffaa2d094ff5) Importer(815301076,1909f56bfc062723c751e8b465ee728b)  -> (artifact id: 'fcef15c9235acc7e73d9ee493f134cd2') in 0.018775 seconds
Number of updated asset objects reloaded before import = 0
Number of asset objects unloaded after import = 3
========================================================================
Received Import Request.
  Time since last request: 3.082154 seconds.
  path: Assets/Brick Project Studio/_BPS Basic Assets/Common/Materials/Basic Assets/BA_Metal_Brushed_01.mat
  artifactKey: Guid(fe522d7b1289c4345b686fc29ee51adf) Importer(815301076,1909f56bfc062723c751e8b465ee728b)
Start importing Assets/Brick Project Studio/_BPS Basic Assets/Common/Materials/Basic Assets/BA_Metal_Brushed_01.mat using Guid(fe522d7b1289c4345b686fc29ee51adf) Importer(815301076,1909f56bfc062723c751e8b465ee728b)  -> (artifact id: '2d5d951dd95e8ee12d7937b4857efd8c') in 0.041463 seconds
Number of updated asset objects reloaded before import = 0
Number of asset objects unloaded after import = 3
Editor requested this worker to shutdown with reason: Scaling down because of idle timeout
TcpMessagingSession - receive error: operation aborted. errorcode: 995, details: The I/O operation has been aborted because of either a thread exit or an application request.
AssetImportWorker is now disconnected from the server
Process exiting
Exiting without the bug reporter. Application will terminate with return code 0