Using pre-set license
Built from '2022.3/staging' branch; Version is '2022.3.9f1 (ea401c316338) revision 15351836'; Using compiler version '192829333'; Build Type 'Release'
OS: 'Windows 11  (10.0.22000) 64bit Professional' Language: 'en' Physical Memory: 16222 MB
BatchMode: 1, IsHumanControllingUs: 0, StartBugReporterOnCrash: 0, Is64bit: 1, IsPro: 1

COMMAND LINE ARGUMENTS:
C:\Program Files\Unity\Hub\Editor\2022.3.9f1\Editor\Unity.exe
-adb2
-batchMode
-noUpm
-name
AssetImportWorker0
-projectPath
C:/Users/User/Desktop/ca-piotrWarkocki2003/Create with VR/VR Room-Piotr
-logFile
Logs/AssetImportWorker0.log
-srvPort
61823
Successfully changed project path to: C:/Users/User/Desktop/ca-piotrWarkocki2003/Create with VR/VR Room-Piotr
C:/Users/User/Desktop/ca-piotrWarkocki2003/Create with VR/VR Room-Piotr
[UnityMemory] Configuration Parameters - Can be set up in boot.config
    "memorysetup-bucket-allocator-granularity=16"
    "memorysetup-bucket-allocator-bucket-count=8"
    "memorysetup-bucket-allocator-block-size=33554432"
    "memorysetup-bucket-allocator-block-count=8"
    "memorysetup-main-allocator-block-size=16777216"
    "memorysetup-thread-allocator-block-size=16777216"
    "memorysetup-gfx-main-allocator-block-size=16777216"
    "memorysetup-gfx-thread-allocator-block-size=16777216"
    "memorysetup-cache-allocator-block-size=4194304"
    "memorysetup-typetree-allocator-block-size=2097152"
    "memorysetup-profiler-bucket-allocator-granularity=16"
    "memorysetup-profiler-bucket-allocator-bucket-count=8"
    "memorysetup-profiler-bucket-allocator-block-size=33554432"
    "memorysetup-profiler-bucket-allocator-block-count=8"
    "memorysetup-profiler-allocator-block-size=16777216"
    "memorysetup-profiler-editor-allocator-block-size=1048576"
    "memorysetup-temp-allocator-size-main=16777216"
    "memorysetup-job-temp-allocator-block-size=2097152"
    "memorysetup-job-temp-allocator-block-size-background=1048576"
    "memorysetup-job-temp-allocator-reduction-small-platforms=262144"
    "memorysetup-allocator-temp-initial-block-size-main=262144"
    "memorysetup-allocator-temp-initial-block-size-worker=262144"
    "memorysetup-temp-allocator-size-background-worker=32768"
    "memorysetup-temp-allocator-size-job-worker=262144"
    "memorysetup-temp-allocator-size-preload-manager=33554432"
    "memorysetup-temp-allocator-size-nav-mesh-worker=65536"
    "memorysetup-temp-allocator-size-audio-worker=65536"
    "memorysetup-temp-allocator-size-cloud-worker=32768"
    "memorysetup-temp-allocator-size-gi-baking-worker=262144"
    "memorysetup-temp-allocator-size-gfx=262144"
Player connection [16028] Host "[IP] 172.17.122.121 [Port] 0 [Flags] 2 [Guid] 1311498901 [EditorId] 1311498901 [Version] 1048832 [Id] WindowsEditor(7,Piotr-Laptop) [Debug] 1 [PackageName] WindowsEditor [ProjectName] Editor" joined multi-casting on [225.0.0.222:54997]...

Player connection [16028] Host "[IP] 172.17.122.121 [Port] 0 [Flags] 2 [Guid] 1311498901 [EditorId] 1311498901 [Version] 1048832 [Id] WindowsEditor(7,Piotr-Laptop) [Debug] 1 [PackageName] WindowsEditor [ProjectName] Editor" joined alternative multi-casting on [225.0.0.222:34997]...

[Physics::Module] Initialized MultithreadedJobDispatcher with 11 workers.
Refreshing native plugins compatible for Editor in 22.99 ms, found 10 plugins.
Preloading 1 native plugins for Editor in 0.54 ms.
Initialize engine version: 2022.3.9f1 (ea401c316338)
[Subsystems] Discovering subsystems at path C:/Program Files/Unity/Hub/Editor/2022.3.9f1/Editor/Data/Resources/UnitySubsystems
[Subsystems] Discovering subsystems at path C:/Users/User/Desktop/ca-piotrWarkocki2003/Create with VR/VR Room-Piotr/Assets
GfxDevice: creating device client; threaded=0; jobified=0
Direct3D:
    Version:  Direct3D 11.0 [level 11.1]
    Renderer: NVIDIA GeForce RTX 2080 Super (ID=0x1ed3)
    Vendor:   NVIDIA
    VRAM:     8010 MB
    Driver:   30.0.15.1278
Initialize mono
Mono path[0] = 'C:/Program Files/Unity/Hub/Editor/2022.3.9f1/Editor/Data/Managed'
Mono path[1] = 'C:/Program Files/Unity/Hub/Editor/2022.3.9f1/Editor/Data/MonoBleedingEdge/lib/mono/unityjit-win32'
Mono config path = 'C:/Program Files/Unity/Hub/Editor/2022.3.9f1/Editor/Data/MonoBleedingEdge/etc'
Using monoOptions --debugger-agent=transport=dt_socket,embedding=1,server=y,suspend=n,address=127.0.0.1:56388
Begin MonoManager ReloadAssembly
Registering precompiled unity dll's ...
Register platform support module: C:/Program Files/Unity/Hub/Editor/2022.3.9f1/Editor/Data/PlaybackEngines/WindowsStandaloneSupport/UnityEditor.WindowsStandalone.Extensions.dll
Registered in 0.009332 seconds.
- Loaded All Assemblies, in  0.414 seconds
Native extension for WindowsStandalone target not found
Mono: successfully reloaded assembly
- Finished resetting the current domain, in  0.283 seconds
Domain Reload Profiling: 695ms
	BeginReloadAssembly (111ms)
		ExecutionOrderSort (0ms)
		DisableScriptedObjects (0ms)
		BackupInstance (0ms)
		ReleaseScriptingObjects (0ms)
		CreateAndSetChildDomain (1ms)
	RebuildCommonClasses (44ms)
	RebuildNativeTypeToScriptingClass (13ms)
	initialDomainReloadingComplete (80ms)
	LoadAllAssembliesAndSetupDomain (163ms)
		LoadAssemblies (109ms)
		RebuildTransferFunctionScriptingTraits (0ms)
		AnalyzeDomain (161ms)
			TypeCache.Refresh (159ms)
				TypeCache.ScanAssembly (143ms)
			ScanForSourceGeneratedMonoScriptInfo (1ms)
			ResolveRequiredComponents (0ms)
	FinalizeReload (284ms)
		ReleaseScriptCaches (0ms)
		RebuildScriptCaches (0ms)
		SetupLoadedEditorAssemblies (208ms)
			LogAssemblyErrors (0ms)
			InitializePlatformSupportModulesInManaged (9ms)
			SetLoadedEditorAssemblies (7ms)
			RefreshPlugins (0ms)
			BeforeProcessingInitializeOnLoad (2ms)
			ProcessInitializeOnLoadAttributes (141ms)
			ProcessInitializeOnLoadMethodAttributes (48ms)
			AfterProcessingInitializeOnLoad (0ms)
			EditorAssembliesLoaded (0ms)
		ExecutionOrderSort2 (0ms)
		AwakeInstancesAfterBackupRestoration (0ms)
========================================================================
Worker process is ready to serve import requests
Begin MonoManager ReloadAssembly
- Loaded All Assemblies, in  0.931 seconds
Refreshing native plugins compatible for Editor in 20.51 ms, found 10 plugins.
Native extension for WindowsStandalone target not found
Package Manager log level set to [2]
[Package Manager] Server::EnsureServerProcessIsRunning -- launch failed, reason: Unity was launched with the -noUpm command-line argument
[Package Manager] UpmClient::Send -- Unable to send message (not connected to UPM process).
[Package Manager] Cannot connect to Unity Package Manager local server
[Package Manager] Server::EnsureServerProcessIsRunning -- launch failed, reason: Unity was launched with the -noUpm command-line argument
[Package Manager] UpmClient::Send -- Unable to send message (not connected to UPM process).
[Package Manager] Cannot connect to Unity Package Manager local server
Mono: successfully reloaded assembly
[Package Manager] Server::EnsureServerProcessIsRunning -- launch failed, reason: Unity was launched with the -noUpm command-line argument
[Package Manager] UpmClient::Send -- Unable to send message (not connected to UPM process).
[Package Manager] Cannot connect to Unity Package Manager local server
[Package Manager] Server::EnsureServerProcessIsRunning -- launch failed, reason: Unity was launched with the -noUpm command-line argument
[Package Manager] UpmClient::Send -- Unable to send message (not connected to UPM process).
[Package Manager] Cannot connect to Unity Package Manager local server
- Finished resetting the current domain, in  0.919 seconds
Domain Reload Profiling: 1839ms
	BeginReloadAssembly (170ms)
		ExecutionOrderSort (0ms)
		DisableScriptedObjects (5ms)
		BackupInstance (0ms)
		ReleaseScriptingObjects (0ms)
		CreateAndSetChildDomain (21ms)
	RebuildCommonClasses (40ms)
	RebuildNativeTypeToScriptingClass (14ms)
	initialDomainReloadingComplete (53ms)
	LoadAllAssembliesAndSetupDomain (643ms)
		LoadAssemblies (426ms)
		RebuildTransferFunctionScriptingTraits (0ms)
		AnalyzeDomain (316ms)
			TypeCache.Refresh (254ms)
				TypeCache.ScanAssembly (231ms)
			ScanForSourceGeneratedMonoScriptInfo (42ms)
			ResolveRequiredComponents (17ms)
	FinalizeReload (919ms)
		ReleaseScriptCaches (0ms)
		RebuildScriptCaches (0ms)
		SetupLoadedEditorAssemblies (693ms)
			LogAssemblyErrors (0ms)
			InitializePlatformSupportModulesInManaged (7ms)
			SetLoadedEditorAssemblies (5ms)
			RefreshPlugins (0ms)
			BeforeProcessingInitializeOnLoad (111ms)
			ProcessInitializeOnLoadAttributes (448ms)
			ProcessInitializeOnLoadMethodAttributes (113ms)
			AfterProcessingInitializeOnLoad (8ms)
			EditorAssembliesLoaded (0ms)
		ExecutionOrderSort2 (0ms)
		AwakeInstancesAfterBackupRestoration (8ms)
Launched and connected shader compiler UnityShaderCompiler.exe after 0.05 seconds
Refreshing native plugins compatible for Editor in 14.51 ms, found 10 plugins.
Preloading 1 native plugins for Editor in 0.05 ms.
Unloading 6159 Unused Serialized files (Serialized files now loaded: 0)
Unloading 108 unused Assets / (367.1 KB). Loaded Objects now: 6623.
Memory consumption went from 226.8 MB to 226.4 MB.
Total: 4.381500 ms (FindLiveObjects: 0.595600 ms CreateObjectMapping: 0.579900 ms MarkObjects: 2.988300 ms  DeleteObjects: 0.216700 ms)

AssetImportParameters requested are different than current active one (requested -> active):
  custom:container-demuxer-ogg: 62fdf1f143b41e24485cea50d1cbac27 -> 
  custom:video-decoder-ogg-theora: a1e56fd34408186e4bbccfd4996cb3dc -> 
  custom:framework-win-MediaFoundation: 216162199b28c13a410421893ffa2e32 -> 
  custom:CustomObjectIndexerAttribute: a3ef5dd2817f97addfee359851a9dba5 -> 
  custom:container-demuxer-webm: 4f35f7cbe854078d1ac9338744f61a02 -> 
  custom:container-muxer-webm: aa71ff27fc2769a1b78a27578f13a17b -> 
  custom:video-decoder-webm-vp8: 9c59270c3fd7afecdb556c50c9e8de78 -> 
  custom:SearchIndexIgnoredProperties: e643bd26f0fe6173181afceb89e7c659 -> 
  custom:AudioImporter_EditorPlatform: d09bf68614088b80899f8185d706f6e7 -> 
  custom:video-encoder-webm-vp8: eb34c28f22e8b96e1ab97ce403110664 -> 
  custom:audio-decoder-ogg-vorbis: bf7c407c2cedff20999df2af8eb42d56 -> 
  custom:audio-encoder-webm-vorbis: bf7c407c2cedff20999df2af8eb42d56 -> 
========================================================================
Received Import Request.
  Time since last request: 11508.428713 seconds.
  path: Assets/Stairs Pack/Wood Stairs.fbx
  artifactKey: Guid(5d19a846b47ebc347af3c33f673a167d) Importer(815301076,1909f56bfc062723c751e8b465ee728b)
Start importing Assets/Stairs Pack/Wood Stairs.fbx using Guid(5d19a846b47ebc347af3c33f673a167d) Importer(815301076,1909f56bfc062723c751e8b465ee728b)  -> (artifact id: '0d0be959186bb834d09dcda010628d49') in 0.360796 seconds
Number of updated asset objects reloaded before import = 0
Number of asset objects unloaded after import = 13
========================================================================
Received Import Request.
  Time since last request: 0.000036 seconds.
  path: Assets/Stairs Pack/Concrete Stairs 2.fbx
  artifactKey: Guid(cbb6e400472736d48978e48d57da6316) Importer(815301076,1909f56bfc062723c751e8b465ee728b)
Start importing Assets/Stairs Pack/Concrete Stairs 2.fbx using Guid(cbb6e400472736d48978e48d57da6316) Importer(815301076,1909f56bfc062723c751e8b465ee728b)  -> (artifact id: '4272b3857aa0e3f8736ca544718a623c') in 0.023954 seconds
Number of updated asset objects reloaded before import = 0
Number of asset objects unloaded after import = 13
========================================================================
Received Import Request.
  Time since last request: 143.945084 seconds.
  path: Assets/_Course Library/Particles/Particle_Water.prefab
  artifactKey: Guid(ecf7736a659284e99804c6bde923b1c6) Importer(815301076,1909f56bfc062723c751e8b465ee728b)
Start importing Assets/_Course Library/Particles/Particle_Water.prefab using Guid(ecf7736a659284e99804c6bde923b1c6) Importer(815301076,1909f56bfc062723c751e8b465ee728b)  -> (artifact id: 'fc3bbe3ab04295226f62027bd69c0163') in 0.014909 seconds
Number of updated asset objects reloaded before import = 0
Number of asset objects unloaded after import = 8
========================================================================
Received Import Request.
  Time since last request: 0.122800 seconds.
  path: Assets/MinimalistBedroom/Models/Exterior/Walls_01.fbx
  artifactKey: Guid(786e4fc6b7b54924f802bcb188c5c68a) Importer(815301076,1909f56bfc062723c751e8b465ee728b)
Start importing Assets/MinimalistBedroom/Models/Exterior/Walls_01.fbx using Guid(786e4fc6b7b54924f802bcb188c5c68a) Importer(815301076,1909f56bfc062723c751e8b465ee728b)  -> (artifact id: 'a27aba4e8e9a493068f867f77775bdee') in 0.018236 seconds
Number of updated asset objects reloaded before import = 0
Number of asset objects unloaded after import = 8
========================================================================
Received Import Request.
  Time since last request: 0.000021 seconds.
  path: Assets/Challenges/01_Architecture/Prefabs/Wall.prefab
  artifactKey: Guid(b425eb33b57f29f449ca9b014c3bb6d8) Importer(815301076,1909f56bfc062723c751e8b465ee728b)
Start importing Assets/Challenges/01_Architecture/Prefabs/Wall.prefab using Guid(b425eb33b57f29f449ca9b014c3bb6d8) Importer(815301076,1909f56bfc062723c751e8b465ee728b)  -> (artifact id: 'bc7cdddcd15369d5629f5f032a4704d1') in 0.011383 seconds
Number of updated asset objects reloaded before import = 0
Number of asset objects unloaded after import = 8
========================================================================
Received Import Request.
  Time since last request: 0.000023 seconds.
  path: Assets/Oculus/Spatializer/scenes/sounds/water.mp3
  artifactKey: Guid(a05d082cd207b4b12a47c089be8b7a62) Importer(815301076,1909f56bfc062723c751e8b465ee728b)
Start importing Assets/Oculus/Spatializer/scenes/sounds/water.mp3 using Guid(a05d082cd207b4b12a47c089be8b7a62) Importer(815301076,1909f56bfc062723c751e8b465ee728b)  -> (artifact id: 'a4b4c5a9160016395c6bb1344009b3ad') in 0.033350 seconds
Number of updated asset objects reloaded before import = 0
Number of asset objects unloaded after import = 2
========================================================================
Received Import Request.
  Time since last request: 38.542642 seconds.
  path: Assets/MinimalistBedroom/Models/Interior/RoundBox_b_01.fbx
  artifactKey: Guid(6061819b0d4e6a44a9e7103a631c5d01) Importer(815301076,1909f56bfc062723c751e8b465ee728b)
Start importing Assets/MinimalistBedroom/Models/Interior/RoundBox_b_01.fbx using Guid(6061819b0d4e6a44a9e7103a631c5d01) Importer(815301076,1909f56bfc062723c751e8b465ee728b)  -> (artifact id: '4546c2bde80e0ff9c252484588de48b3') in 0.013009 seconds
Number of updated asset objects reloaded before import = 0
Number of asset objects unloaded after import = 8
========================================================================
Received Import Request.
  Time since last request: 0.126844 seconds.
  path: Assets/MinimalistBedroom/Models/Interior/Sculpture_a_01.fbx
  artifactKey: Guid(da1176389899d1a469eb2928c03bdda8) Importer(815301076,1909f56bfc062723c751e8b465ee728b)
Start importing Assets/MinimalistBedroom/Models/Interior/Sculpture_a_01.fbx using Guid(da1176389899d1a469eb2928c03bdda8) Importer(815301076,1909f56bfc062723c751e8b465ee728b)  -> (artifact id: 'eec11892feae030b817370ab41f82a74') in 0.020230 seconds
Number of updated asset objects reloaded before import = 0
Number of asset objects unloaded after import = 8
========================================================================
Received Import Request.
  Time since last request: 0.113643 seconds.
  path: Assets/MinimalistBedroom/Models/Interior/Sculpture_d_01.fbx
  artifactKey: Guid(754391049f619ea41980c06aaf7a9d9a) Importer(815301076,1909f56bfc062723c751e8b465ee728b)
Start importing Assets/MinimalistBedroom/Models/Interior/Sculpture_d_01.fbx using Guid(754391049f619ea41980c06aaf7a9d9a) Importer(815301076,1909f56bfc062723c751e8b465ee728b)  -> (artifact id: '3b0b057107af15c027dd252c4de9b1c6') in 0.013471 seconds
Number of updated asset objects reloaded before import = 0
Number of asset objects unloaded after import = 8
========================================================================
Received Import Request.
  Time since last request: 0.000021 seconds.
  path: Assets/Furniture/Source/Mesh/RoundTable.fbx
  artifactKey: Guid(c4bf5ec91ea67e94fb25bfe2b9808275) Importer(815301076,1909f56bfc062723c751e8b465ee728b)
Start importing Assets/Furniture/Source/Mesh/RoundTable.fbx using Guid(c4bf5ec91ea67e94fb25bfe2b9808275) Importer(815301076,1909f56bfc062723c751e8b465ee728b)  -> (artifact id: '4a487020e6070520ddf5669731c0a530') in 0.058239 seconds
Number of updated asset objects reloaded before import = 0
Number of asset objects unloaded after import = 13
========================================================================
Received Import Request.
  Time since last request: 0.000023 seconds.
  path: Assets/MinimalistBedroom/Models/Interior/ShirtStackTwo_01.fbx
  artifactKey: Guid(d77c80db5eeeb2e4a92efe944f99e7e2) Importer(815301076,1909f56bfc062723c751e8b465ee728b)
Start importing Assets/MinimalistBedroom/Models/Interior/ShirtStackTwo_01.fbx using Guid(d77c80db5eeeb2e4a92efe944f99e7e2) Importer(815301076,1909f56bfc062723c751e8b465ee728b)  -> (artifact id: 'be54de863a7532499e9bc95b68ad87da') in 0.016113 seconds
Number of updated asset objects reloaded before import = 0
Number of asset objects unloaded after import = 8
========================================================================
Received Import Request.
  Time since last request: 5.606045 seconds.
  path: Assets/Furniture/Source/Materials/komm2_BaseColor.mat
  artifactKey: Guid(331e08cdd401b9445adbabe2ad6b1da7) Importer(815301076,1909f56bfc062723c751e8b465ee728b)
Start importing Assets/Furniture/Source/Materials/komm2_BaseColor.mat using Guid(331e08cdd401b9445adbabe2ad6b1da7) Importer(815301076,1909f56bfc062723c751e8b465ee728b)  -> (artifact id: '1b6c3f6b0f2eb6407854cfe24e758140') in 0.025236 seconds
Number of updated asset objects reloaded before import = 0
Number of asset objects unloaded after import = 5
Editor requested this worker to shutdown with reason: Scaling down because of idle timeout
TcpMessagingSession - receive error: operation aborted. errorcode: 995, details: The I/O operation has been aborted because of either a thread exit or an application request.
AssetImportWorker is now disconnected from the server
Process exiting
Exiting without the bug reporter. Application will terminate with return code 0