Using pre-set license
Built from '2022.3/staging' branch; Version is '2022.3.9f1 (ea401c316338) revision 15351836'; Using compiler version '192829333'; Build Type 'Release'
OS: 'Windows 11  (10.0.22000) 64bit Professional' Language: 'en' Physical Memory: 16222 MB
BatchMode: 1, IsHumanControllingUs: 0, StartBugReporterOnCrash: 0, Is64bit: 1, IsPro: 1

COMMAND LINE ARGUMENTS:
C:\Program Files\Unity\Hub\Editor\2022.3.9f1\Editor\Unity.exe
-adb2
-batchMode
-noUpm
-name
AssetImportWorker18
-projectPath
C:/Users/User/Desktop/ca-piotrWarkocki2003/Create with VR/VR Room-Piotr
-logFile
Logs/AssetImportWorker18.log
-srvPort
65084
Successfully changed project path to: C:/Users/User/Desktop/ca-piotrWarkocki2003/Create with VR/VR Room-Piotr
C:/Users/User/Desktop/ca-piotrWarkocki2003/Create with VR/VR Room-Piotr
[UnityMemory] Configuration Parameters - Can be set up in boot.config
    "memorysetup-bucket-allocator-granularity=16"
    "memorysetup-bucket-allocator-bucket-count=8"
    "memorysetup-bucket-allocator-block-size=33554432"
    "memorysetup-bucket-allocator-block-count=8"
    "memorysetup-main-allocator-block-size=16777216"
    "memorysetup-thread-allocator-block-size=16777216"
    "memorysetup-gfx-main-allocator-block-size=16777216"
    "memorysetup-gfx-thread-allocator-block-size=16777216"
    "memorysetup-cache-allocator-block-size=4194304"
    "memorysetup-typetree-allocator-block-size=2097152"
    "memorysetup-profiler-bucket-allocator-granularity=16"
    "memorysetup-profiler-bucket-allocator-bucket-count=8"
    "memorysetup-profiler-bucket-allocator-block-size=33554432"
    "memorysetup-profiler-bucket-allocator-block-count=8"
    "memorysetup-profiler-allocator-block-size=16777216"
    "memorysetup-profiler-editor-allocator-block-size=1048576"
    "memorysetup-temp-allocator-size-main=16777216"
    "memorysetup-job-temp-allocator-block-size=2097152"
    "memorysetup-job-temp-allocator-block-size-background=1048576"
    "memorysetup-job-temp-allocator-reduction-small-platforms=262144"
    "memorysetup-allocator-temp-initial-block-size-main=262144"
    "memorysetup-allocator-temp-initial-block-size-worker=262144"
    "memorysetup-temp-allocator-size-background-worker=32768"
    "memorysetup-temp-allocator-size-job-worker=262144"
    "memorysetup-temp-allocator-size-preload-manager=33554432"
    "memorysetup-temp-allocator-size-nav-mesh-worker=65536"
    "memorysetup-temp-allocator-size-audio-worker=65536"
    "memorysetup-temp-allocator-size-cloud-worker=32768"
    "memorysetup-temp-allocator-size-gi-baking-worker=262144"
    "memorysetup-temp-allocator-size-gfx=262144"
Player connection [10616] Host "[IP] 172.17.122.121 [Port] 0 [Flags] 2 [Guid] 2269098573 [EditorId] 2269098573 [Version] 1048832 [Id] WindowsEditor(7,Piotr-Laptop) [Debug] 1 [PackageName] WindowsEditor [ProjectName] Editor" joined multi-casting on [225.0.0.222:54997]...

Player connection [10616] Host "[IP] 172.17.122.121 [Port] 0 [Flags] 2 [Guid] 2269098573 [EditorId] 2269098573 [Version] 1048832 [Id] WindowsEditor(7,Piotr-Laptop) [Debug] 1 [PackageName] WindowsEditor [ProjectName] Editor" joined alternative multi-casting on [225.0.0.222:34997]...

[Physics::Module] Initialized MultithreadedJobDispatcher with 11 workers.
Refreshing native plugins compatible for Editor in 24.92 ms, found 10 plugins.
Preloading 1 native plugins for Editor in 0.65 ms.
Initialize engine version: 2022.3.9f1 (ea401c316338)
[Subsystems] Discovering subsystems at path C:/Program Files/Unity/Hub/Editor/2022.3.9f1/Editor/Data/Resources/UnitySubsystems
[Subsystems] Discovering subsystems at path C:/Users/User/Desktop/ca-piotrWarkocki2003/Create with VR/VR Room-Piotr/Assets
GfxDevice: creating device client; threaded=0; jobified=0
Direct3D:
    Version:  Direct3D 11.0 [level 11.1]
    Renderer: NVIDIA GeForce RTX 2080 Super (ID=0x1ed3)
    Vendor:   NVIDIA
    VRAM:     8010 MB
    Driver:   30.0.15.1278
Initialize mono
Mono path[0] = 'C:/Program Files/Unity/Hub/Editor/2022.3.9f1/Editor/Data/Managed'
Mono path[1] = 'C:/Program Files/Unity/Hub/Editor/2022.3.9f1/Editor/Data/MonoBleedingEdge/lib/mono/unityjit-win32'
Mono config path = 'C:/Program Files/Unity/Hub/Editor/2022.3.9f1/Editor/Data/MonoBleedingEdge/etc'
Using monoOptions --debugger-agent=transport=dt_socket,embedding=1,server=y,suspend=n,address=127.0.0.1:56548
Begin MonoManager ReloadAssembly
Registering precompiled unity dll's ...
Register platform support module: C:/Program Files/Unity/Hub/Editor/2022.3.9f1/Editor/Data/PlaybackEngines/WindowsStandaloneSupport/UnityEditor.WindowsStandalone.Extensions.dll
Registered in 0.010057 seconds.
- Loaded All Assemblies, in  0.355 seconds
Native extension for WindowsStandalone target not found
Mono: successfully reloaded assembly
- Finished resetting the current domain, in  0.264 seconds
Domain Reload Profiling: 618ms
	BeginReloadAssembly (105ms)
		ExecutionOrderSort (0ms)
		DisableScriptedObjects (0ms)
		BackupInstance (0ms)
		ReleaseScriptingObjects (0ms)
		CreateAndSetChildDomain (1ms)
	RebuildCommonClasses (29ms)
	RebuildNativeTypeToScriptingClass (12ms)
	initialDomainReloadingComplete (58ms)
	LoadAllAssembliesAndSetupDomain (149ms)
		LoadAssemblies (103ms)
		RebuildTransferFunctionScriptingTraits (0ms)
		AnalyzeDomain (148ms)
			TypeCache.Refresh (147ms)
				TypeCache.ScanAssembly (133ms)
			ScanForSourceGeneratedMonoScriptInfo (0ms)
			ResolveRequiredComponents (0ms)
	FinalizeReload (265ms)
		ReleaseScriptCaches (0ms)
		RebuildScriptCaches (0ms)
		SetupLoadedEditorAssemblies (201ms)
			LogAssemblyErrors (0ms)
			InitializePlatformSupportModulesInManaged (11ms)
			SetLoadedEditorAssemblies (7ms)
			RefreshPlugins (0ms)
			BeforeProcessingInitializeOnLoad (2ms)
			ProcessInitializeOnLoadAttributes (138ms)
			ProcessInitializeOnLoadMethodAttributes (42ms)
			AfterProcessingInitializeOnLoad (0ms)
			EditorAssembliesLoaded (0ms)
		ExecutionOrderSort2 (0ms)
		AwakeInstancesAfterBackupRestoration (0ms)
========================================================================
Worker process is ready to serve import requests
Begin MonoManager ReloadAssembly
- Loaded All Assemblies, in  0.760 seconds
Refreshing native plugins compatible for Editor in 12.64 ms, found 10 plugins.
Native extension for WindowsStandalone target not found
Package Manager log level set to [2]
[Package Manager] Server::EnsureServerProcessIsRunning -- launch failed, reason: Unity was launched with the -noUpm command-line argument
[Package Manager] UpmClient::Send -- Unable to send message (not connected to UPM process).
[Package Manager] Cannot connect to Unity Package Manager local server
[Package Manager] Server::EnsureServerProcessIsRunning -- launch failed, reason: Unity was launched with the -noUpm command-line argument
[Package Manager] UpmClient::Send -- Unable to send message (not connected to UPM process).
[Package Manager] Cannot connect to Unity Package Manager local server
Mono: successfully reloaded assembly
[Package Manager] Server::EnsureServerProcessIsRunning -- launch failed, reason: Unity was launched with the -noUpm command-line argument
[Package Manager] UpmClient::Send -- Unable to send message (not connected to UPM process).
[Package Manager] Cannot connect to Unity Package Manager local server
[Package Manager] Server::EnsureServerProcessIsRunning -- launch failed, reason: Unity was launched with the -noUpm command-line argument
[Package Manager] UpmClient::Send -- Unable to send message (not connected to UPM process).
[Package Manager] Cannot connect to Unity Package Manager local server
- Finished resetting the current domain, in  0.840 seconds
Domain Reload Profiling: 1595ms
	BeginReloadAssembly (139ms)
		ExecutionOrderSort (0ms)
		DisableScriptedObjects (6ms)
		BackupInstance (0ms)
		ReleaseScriptingObjects (0ms)
		CreateAndSetChildDomain (20ms)
	RebuildCommonClasses (50ms)
	RebuildNativeTypeToScriptingClass (13ms)
	initialDomainReloadingComplete (43ms)
	LoadAllAssembliesAndSetupDomain (510ms)
		LoadAssemblies (293ms)
		RebuildTransferFunctionScriptingTraits (0ms)
		AnalyzeDomain (291ms)
			TypeCache.Refresh (251ms)
				TypeCache.ScanAssembly (231ms)
			ScanForSourceGeneratedMonoScriptInfo (27ms)
			ResolveRequiredComponents (12ms)
	FinalizeReload (840ms)
		ReleaseScriptCaches (0ms)
		RebuildScriptCaches (0ms)
		SetupLoadedEditorAssemblies (643ms)
			LogAssemblyErrors (0ms)
			InitializePlatformSupportModulesInManaged (6ms)
			SetLoadedEditorAssemblies (3ms)
			RefreshPlugins (0ms)
			BeforeProcessingInitializeOnLoad (97ms)
			ProcessInitializeOnLoadAttributes (426ms)
			ProcessInitializeOnLoadMethodAttributes (105ms)
			AfterProcessingInitializeOnLoad (6ms)
			EditorAssembliesLoaded (0ms)
		ExecutionOrderSort2 (0ms)
		AwakeInstancesAfterBackupRestoration (8ms)
Launched and connected shader compiler UnityShaderCompiler.exe after 0.04 seconds
Refreshing native plugins compatible for Editor in 20.92 ms, found 10 plugins.
Preloading 1 native plugins for Editor in 0.09 ms.
Unloading 6159 Unused Serialized files (Serialized files now loaded: 0)
Unloading 108 unused Assets / (368.0 KB). Loaded Objects now: 6623.
Memory consumption went from 232.9 MB to 232.5 MB.
Total: 4.705200 ms (FindLiveObjects: 0.463600 ms CreateObjectMapping: 0.530000 ms MarkObjects: 3.485400 ms  DeleteObjects: 0.225300 ms)

AssetImportParameters requested are different than current active one (requested -> active):
  custom:container-demuxer-ogg: 62fdf1f143b41e24485cea50d1cbac27 -> 
  custom:video-decoder-ogg-theora: a1e56fd34408186e4bbccfd4996cb3dc -> 
  custom:framework-win-MediaFoundation: 216162199b28c13a410421893ffa2e32 -> 
  custom:CustomObjectIndexerAttribute: a3ef5dd2817f97addfee359851a9dba5 -> 
  custom:container-demuxer-webm: 4f35f7cbe854078d1ac9338744f61a02 -> 
  custom:container-muxer-webm: aa71ff27fc2769a1b78a27578f13a17b -> 
  custom:video-decoder-webm-vp8: 9c59270c3fd7afecdb556c50c9e8de78 -> 
  custom:SearchIndexIgnoredProperties: e643bd26f0fe6173181afceb89e7c659 -> 
  custom:AudioImporter_EditorPlatform: d09bf68614088b80899f8185d706f6e7 -> 
  custom:video-encoder-webm-vp8: eb34c28f22e8b96e1ab97ce403110664 -> 
  custom:audio-decoder-ogg-vorbis: bf7c407c2cedff20999df2af8eb42d56 -> 
  custom:audio-encoder-webm-vorbis: bf7c407c2cedff20999df2af8eb42d56 -> 
========================================================================
Received Import Request.
  Time since last request: 66941.333546 seconds.
  path: Assets/Package04_Free_Kitchen/FreeKitchen/Materials/Version01/FreeCabinet01_Material.mat
  artifactKey: Guid(92a7699b563e4465eb3c8a886a327bda) Importer(815301076,1909f56bfc062723c751e8b465ee728b)
Start importing Assets/Package04_Free_Kitchen/FreeKitchen/Materials/Version01/FreeCabinet01_Material.mat using Guid(92a7699b563e4465eb3c8a886a327bda) Importer(815301076,1909f56bfc062723c751e8b465ee728b)  -> (artifact id: '0158eec33f209ccbf96dc6a77fc44c0c') in 0.318325 seconds
Number of updated asset objects reloaded before import = 0
Number of asset objects unloaded after import = 6
========================================================================
Received Import Request.
  Time since last request: 0.096939 seconds.
  path: Assets/Package04_Free_Kitchen/FreeKitchen/Materials/Version02/FreeCabinet02_Material.mat
  artifactKey: Guid(f975158e276ca49338d3c61c29e25cb3) Importer(815301076,1909f56bfc062723c751e8b465ee728b)
Start importing Assets/Package04_Free_Kitchen/FreeKitchen/Materials/Version02/FreeCabinet02_Material.mat using Guid(f975158e276ca49338d3c61c29e25cb3) Importer(815301076,1909f56bfc062723c751e8b465ee728b)  -> (artifact id: '25452b389b6fa9a3eb6c2033c6731640') in 0.026487 seconds
Number of updated asset objects reloaded before import = 0
Number of asset objects unloaded after import = 6
========================================================================
Received Import Request.
  Time since last request: 0.000021 seconds.
  path: Assets/Package04_Free_Kitchen/FreeKitchen/Materials/Version02/FreeCabinet03_Material.mat
  artifactKey: Guid(b2e39e52f0d41476e970b9fad56e03a8) Importer(815301076,1909f56bfc062723c751e8b465ee728b)
Start importing Assets/Package04_Free_Kitchen/FreeKitchen/Materials/Version02/FreeCabinet03_Material.mat using Guid(b2e39e52f0d41476e970b9fad56e03a8) Importer(815301076,1909f56bfc062723c751e8b465ee728b)  -> (artifact id: '5e89a5bf3375503a97a988435c9709ee') in 0.018127 seconds
Number of updated asset objects reloaded before import = 0
Number of asset objects unloaded after import = 6
========================================================================
Received Import Request.
  Time since last request: 0.000017 seconds.
  path: Assets/Package04_Free_Kitchen/FreeKitchen/Materials/Version03/FreeCabinet03_Material.mat
  artifactKey: Guid(a6643aa8a4e444a6f820f9c34936bd59) Importer(815301076,1909f56bfc062723c751e8b465ee728b)
Start importing Assets/Package04_Free_Kitchen/FreeKitchen/Materials/Version03/FreeCabinet03_Material.mat using Guid(a6643aa8a4e444a6f820f9c34936bd59) Importer(815301076,1909f56bfc062723c751e8b465ee728b)  -> (artifact id: '5b177a1de2789a74fd6514592e50574d') in 0.018630 seconds
Number of updated asset objects reloaded before import = 0
Number of asset objects unloaded after import = 6
========================================================================
Received Import Request.
  Time since last request: 13.835136 seconds.
  path: Assets/ATLAS/Customizable Kitchen Pack/Textures/Seamless/Abstract/PSD/Countertop_Abstact_Brushstrokes.psd
  artifactKey: Guid(7b079c4e630999d458241a43d1d3e1a4) Importer(815301076,1909f56bfc062723c751e8b465ee728b)
Start importing Assets/ATLAS/Customizable Kitchen Pack/Textures/Seamless/Abstract/PSD/Countertop_Abstact_Brushstrokes.psd using Guid(7b079c4e630999d458241a43d1d3e1a4) Importer(815301076,1909f56bfc062723c751e8b465ee728b)  -> (artifact id: '2ba0cf1d4351e23386c537ad7eebaacd') in 0.023766 seconds
Number of updated asset objects reloaded before import = 0
Number of asset objects unloaded after import = 2
========================================================================
Received Import Request.
  Time since last request: 0.000025 seconds.
  path: Assets/ATLAS/Customizable Kitchen Pack/Textures/Seamless/Formica/PSD/Countertop_Formica_Light001.psd
  artifactKey: Guid(6610e995d5ada714087e1d0d056d2cbd) Importer(815301076,1909f56bfc062723c751e8b465ee728b)
Start importing Assets/ATLAS/Customizable Kitchen Pack/Textures/Seamless/Formica/PSD/Countertop_Formica_Light001.psd using Guid(6610e995d5ada714087e1d0d056d2cbd) Importer(815301076,1909f56bfc062723c751e8b465ee728b)  -> (artifact id: '2528b90eb9a8ea12a4d9f5f29c014cfc') in 0.019815 seconds
Number of updated asset objects reloaded before import = 0
Number of asset objects unloaded after import = 2
========================================================================
Received Import Request.
  Time since last request: 0.000018 seconds.
  path: Assets/ATLAS/Customizable Kitchen Pack/Textures/Seamless/Formica/PSD/CounterTop_Formica_Medium002.psd
  artifactKey: Guid(5659e36f6a409c54cb2de5ef5c740818) Importer(815301076,1909f56bfc062723c751e8b465ee728b)
Start importing Assets/ATLAS/Customizable Kitchen Pack/Textures/Seamless/Formica/PSD/CounterTop_Formica_Medium002.psd using Guid(5659e36f6a409c54cb2de5ef5c740818) Importer(815301076,1909f56bfc062723c751e8b465ee728b)  -> (artifact id: '1d96ac54612d9df4564e48465d04295b') in 0.030329 seconds
Number of updated asset objects reloaded before import = 0
Number of asset objects unloaded after import = 2
========================================================================
Received Import Request.
  Time since last request: 0.000043 seconds.
  path: Assets/ATLAS/Customizable Kitchen Pack/Textures/Seamless/Granite/PNG/Countertop_Granite_Dark002.png
  artifactKey: Guid(ff90ef8dcf9ccf045a595d83e2678005) Importer(815301076,1909f56bfc062723c751e8b465ee728b)
Start importing Assets/ATLAS/Customizable Kitchen Pack/Textures/Seamless/Granite/PNG/Countertop_Granite_Dark002.png using Guid(ff90ef8dcf9ccf045a595d83e2678005) Importer(815301076,1909f56bfc062723c751e8b465ee728b)  -> (artifact id: '3dd45c2bda2b2d6621dac9d2add7e2b4') in 0.044070 seconds
Number of updated asset objects reloaded before import = 0
Number of asset objects unloaded after import = 2
========================================================================
Received Import Request.
  Time since last request: 0.000022 seconds.
  path: Assets/ATLAS/Customizable Kitchen Pack/Textures/Seamless/Granite/PNG/Countertop_Granite_Dark001.png
  artifactKey: Guid(d59ca40b3f859ef4784f26328dcefc9f) Importer(815301076,1909f56bfc062723c751e8b465ee728b)
Start importing Assets/ATLAS/Customizable Kitchen Pack/Textures/Seamless/Granite/PNG/Countertop_Granite_Dark001.png using Guid(d59ca40b3f859ef4784f26328dcefc9f) Importer(815301076,1909f56bfc062723c751e8b465ee728b)  -> (artifact id: '123f28499425a71614b73825bee2e3b6') in 0.018544 seconds
Number of updated asset objects reloaded before import = 0
Number of asset objects unloaded after import = 2
========================================================================
Received Import Request.
  Time since last request: 0.000018 seconds.
  path: Assets/ATLAS/Customizable Kitchen Pack/Textures/Seamless/Formica/PNG/Countertop_Formica_Light001.png
  artifactKey: Guid(7a5f396328388e94598a9ecf64e5edb0) Importer(815301076,1909f56bfc062723c751e8b465ee728b)
Start importing Assets/ATLAS/Customizable Kitchen Pack/Textures/Seamless/Formica/PNG/Countertop_Formica_Light001.png using Guid(7a5f396328388e94598a9ecf64e5edb0) Importer(815301076,1909f56bfc062723c751e8b465ee728b)  -> (artifact id: '1a0772da2c6c159039c92a50c3160c55') in 0.022749 seconds
Number of updated asset objects reloaded before import = 0
Number of asset objects unloaded after import = 2
========================================================================
Received Import Request.
  Time since last request: 195.151504 seconds.
  path: Assets/ATLAS/Customizable Kitchen Pack/Materials/Seamless/Formica/Countertop_Formica_Medium002.mat
  artifactKey: Guid(be6f831a54d3c994d85b5ac840597286) Importer(815301076,1909f56bfc062723c751e8b465ee728b)
Start importing Assets/ATLAS/Customizable Kitchen Pack/Materials/Seamless/Formica/Countertop_Formica_Medium002.mat using Guid(be6f831a54d3c994d85b5ac840597286) Importer(815301076,1909f56bfc062723c751e8b465ee728b)  -> (artifact id: 'ee08cd1e72e6fb3fc831bc5d0add1b6e') in 0.022359 seconds
Number of updated asset objects reloaded before import = 0
Number of asset objects unloaded after import = 3
========================================================================
Received Import Request.
  Time since last request: 1262.483040 seconds.
  path: Assets/Alstrainfinite/KitchenAppliances/Models/Seperated For Animation/Stovetop.fbx
  artifactKey: Guid(a458eddf41afe1a4793dca03fc1105be) Importer(815301076,1909f56bfc062723c751e8b465ee728b)
Start importing Assets/Alstrainfinite/KitchenAppliances/Models/Seperated For Animation/Stovetop.fbx using Guid(a458eddf41afe1a4793dca03fc1105be) Importer(815301076,1909f56bfc062723c751e8b465ee728b)  -> (artifact id: '7c76a9b31ff9e6bab4b2ee4ad61ef8be') in 0.060452 seconds
Number of updated asset objects reloaded before import = 0
Number of asset objects unloaded after import = 10
========================================================================
Received Import Request.
  Time since last request: 0.074350 seconds.
  path: Assets/ATLAS/Customizable Kitchen Pack/Materials/Seamless/Metal/Metal_Scratched001.mat
  artifactKey: Guid(c6cce788c90b3bb47ac8f017bd673bb8) Importer(815301076,1909f56bfc062723c751e8b465ee728b)
Start importing Assets/ATLAS/Customizable Kitchen Pack/Materials/Seamless/Metal/Metal_Scratched001.mat using Guid(c6cce788c90b3bb47ac8f017bd673bb8) Importer(815301076,1909f56bfc062723c751e8b465ee728b)  -> (artifact id: 'd8aa327794aa38aff99067858bef5db6') in 0.017536 seconds
Number of updated asset objects reloaded before import = 0
Number of asset objects unloaded after import = 3
========================================================================
Received Import Request.
  Time since last request: 0.000017 seconds.
  path: Assets/ATLAS/Customizable Kitchen Pack/Materials/Seamless/Metal/Metal_Scratched002.mat
  artifactKey: Guid(471f8e04b6f28f34fbbb3b5b9d3d7244) Importer(815301076,1909f56bfc062723c751e8b465ee728b)
Start importing Assets/ATLAS/Customizable Kitchen Pack/Materials/Seamless/Metal/Metal_Scratched002.mat using Guid(471f8e04b6f28f34fbbb3b5b9d3d7244) Importer(815301076,1909f56bfc062723c751e8b465ee728b)  -> (artifact id: '8e4df3a87b466afe4db1e98c9785d425') in 0.008100 seconds
Number of updated asset objects reloaded before import = 0
Number of asset objects unloaded after import = 3
========================================================================
Received Import Request.
  Time since last request: 0.000024 seconds.
  path: Assets/ATLAS/Customizable Kitchen Pack/Materials/Seamless/Metal/Metal_Scratched003.mat
  artifactKey: Guid(f0cb5e039f11cea4b86ab9771d153eb0) Importer(815301076,1909f56bfc062723c751e8b465ee728b)
Start importing Assets/ATLAS/Customizable Kitchen Pack/Materials/Seamless/Metal/Metal_Scratched003.mat using Guid(f0cb5e039f11cea4b86ab9771d153eb0) Importer(815301076,1909f56bfc062723c751e8b465ee728b)  -> (artifact id: 'e6b2ef27da6dbddcf939576d183331ee') in 0.008941 seconds
Number of updated asset objects reloaded before import = 0
Number of asset objects unloaded after import = 3
========================================================================
Received Import Request.
  Time since last request: 64.626430 seconds.
  path: Assets/ATLAS/Customizable Kitchen Pack/Materials/Seamless/Granite/Countertop_Granite_Dark002.mat
  artifactKey: Guid(6c8c2dddf9d442a478147734c1a18793) Importer(815301076,1909f56bfc062723c751e8b465ee728b)
Start importing Assets/ATLAS/Customizable Kitchen Pack/Materials/Seamless/Granite/Countertop_Granite_Dark002.mat using Guid(6c8c2dddf9d442a478147734c1a18793) Importer(815301076,1909f56bfc062723c751e8b465ee728b)  -> (artifact id: '375bbaa296b91b66e42a77de2bef8a57') in 0.005943 seconds
Number of updated asset objects reloaded before import = 0
Number of asset objects unloaded after import = 3
========================================================================
Received Import Request.
  Time since last request: 0.107147 seconds.
  path: Assets/ATLAS/Customizable Kitchen Pack/Materials/Seamless/Granite/Countertop_Granite_Dark003.mat
  artifactKey: Guid(c0a49868309264a4c927eda7ad96b804) Importer(815301076,1909f56bfc062723c751e8b465ee728b)
Start importing Assets/ATLAS/Customizable Kitchen Pack/Materials/Seamless/Granite/Countertop_Granite_Dark003.mat using Guid(c0a49868309264a4c927eda7ad96b804) Importer(815301076,1909f56bfc062723c751e8b465ee728b)  -> (artifact id: '288924c893d31398ef7a15f46a74a5ce') in 0.007939 seconds
Number of updated asset objects reloaded before import = 0
Number of asset objects unloaded after import = 3
========================================================================
Received Import Request.
  Time since last request: 0.109167 seconds.
  path: Assets/ATLAS/Customizable Kitchen Pack/Materials/Seamless/Granite/Countertop_Granite_Dark008.mat
  artifactKey: Guid(e5308786a0c02d344b68a5fb050fecc7) Importer(815301076,1909f56bfc062723c751e8b465ee728b)
Start importing Assets/ATLAS/Customizable Kitchen Pack/Materials/Seamless/Granite/Countertop_Granite_Dark008.mat using Guid(e5308786a0c02d344b68a5fb050fecc7) Importer(815301076,1909f56bfc062723c751e8b465ee728b)  -> (artifact id: '64f2392ee289ed7d8d9d5b12d9b5d4d1') in 0.007118 seconds
Number of updated asset objects reloaded before import = 0
Number of asset objects unloaded after import = 3
========================================================================
Received Import Request.
  Time since last request: 0.110094 seconds.
  path: Assets/ATLAS/Customizable Kitchen Pack/Materials/Seamless/Granite/Countertop_Granite_Light003.mat
  artifactKey: Guid(e42c3656c8c2df84a9d71cf28efc7c39) Importer(815301076,1909f56bfc062723c751e8b465ee728b)
Start importing Assets/ATLAS/Customizable Kitchen Pack/Materials/Seamless/Granite/Countertop_Granite_Light003.mat using Guid(e42c3656c8c2df84a9d71cf28efc7c39) Importer(815301076,1909f56bfc062723c751e8b465ee728b)  -> (artifact id: 'f8584d6af83e820d60ec9df621ec1a83') in 0.009227 seconds
Number of updated asset objects reloaded before import = 0
Number of asset objects unloaded after import = 3
========================================================================
Received Import Request.
  Time since last request: 0.000037 seconds.
  path: Assets/ATLAS/Customizable Kitchen Pack/Materials/Seamless/Granite/Countertop_Granite_Medium007.mat
  artifactKey: Guid(b5847bb76da61b7459d01b2984efb21f) Importer(815301076,1909f56bfc062723c751e8b465ee728b)
Start importing Assets/ATLAS/Customizable Kitchen Pack/Materials/Seamless/Granite/Countertop_Granite_Medium007.mat using Guid(b5847bb76da61b7459d01b2984efb21f) Importer(815301076,1909f56bfc062723c751e8b465ee728b)  -> (artifact id: '3f0621256ecec540b6c6ed5581b210aa') in 0.008726 seconds
Number of updated asset objects reloaded before import = 0
Number of asset objects unloaded after import = 3
========================================================================
Received Import Request.
  Time since last request: 0.000020 seconds.
  path: Assets/ATLAS/Customizable Kitchen Pack/Materials/Seamless/Granite/Countertop_Granite_Medium003.mat
  artifactKey: Guid(230b862e8c108c8458341f79d227e17f) Importer(815301076,1909f56bfc062723c751e8b465ee728b)
Start importing Assets/ATLAS/Customizable Kitchen Pack/Materials/Seamless/Granite/Countertop_Granite_Medium003.mat using Guid(230b862e8c108c8458341f79d227e17f) Importer(815301076,1909f56bfc062723c751e8b465ee728b)  -> (artifact id: 'a5c9c2e8e76a294cafbf17314ecb9caa') in 0.006711 seconds
Number of updated asset objects reloaded before import = 0
Number of asset objects unloaded after import = 3
========================================================================
Received Import Request.
  Time since last request: 0.000022 seconds.
  path: Assets/ATLAS/Customizable Kitchen Pack/Materials/Seamless/Granite/Countertop_Granite_Medium009.mat
  artifactKey: Guid(cb1775778f4def04fa73b62abf8cb518) Importer(815301076,1909f56bfc062723c751e8b465ee728b)
Start importing Assets/ATLAS/Customizable Kitchen Pack/Materials/Seamless/Granite/Countertop_Granite_Medium009.mat using Guid(cb1775778f4def04fa73b62abf8cb518) Importer(815301076,1909f56bfc062723c751e8b465ee728b)  -> (artifact id: 'e57d925b567d391a69c352fb1a2db27a') in 0.006773 seconds
Number of updated asset objects reloaded before import = 0
Number of asset objects unloaded after import = 3
========================================================================
Received Import Request.
  Time since last request: 0.000030 seconds.
  path: Assets/ATLAS/Customizable Kitchen Pack/Materials/Seamless/Granite/Countertop_Granite_Medium001.mat
  artifactKey: Guid(880d67f877015b54c86b1576e1fcbdc9) Importer(815301076,1909f56bfc062723c751e8b465ee728b)
Start importing Assets/ATLAS/Customizable Kitchen Pack/Materials/Seamless/Granite/Countertop_Granite_Medium001.mat using Guid(880d67f877015b54c86b1576e1fcbdc9) Importer(815301076,1909f56bfc062723c751e8b465ee728b)  -> (artifact id: '7747893bd9a8d874fa17a061de951c08') in 0.007475 seconds
Number of updated asset objects reloaded before import = 0
Number of asset objects unloaded after import = 3
========================================================================
Received Import Request.
  Time since last request: 0.000023 seconds.
  path: Assets/ATLAS/Customizable Kitchen Pack/Materials/Seamless/Granite/Countertop_Granite_Medium006.mat
  artifactKey: Guid(6884d924c3cea55479bec1b9aa43233d) Importer(815301076,1909f56bfc062723c751e8b465ee728b)
Start importing Assets/ATLAS/Customizable Kitchen Pack/Materials/Seamless/Granite/Countertop_Granite_Medium006.mat using Guid(6884d924c3cea55479bec1b9aa43233d) Importer(815301076,1909f56bfc062723c751e8b465ee728b)  -> (artifact id: '5dd062b7b9586635f0616343f9e24510') in 0.007624 seconds
Number of updated asset objects reloaded before import = 0
Number of asset objects unloaded after import = 3
========================================================================
Received Import Request.
  Time since last request: 0.000023 seconds.
  path: Assets/ATLAS/Customizable Kitchen Pack/Materials/Seamless/Granite/Countertop_Granite_Light004.mat
  artifactKey: Guid(265cb201a9f60b341b5e5de13f843511) Importer(815301076,1909f56bfc062723c751e8b465ee728b)
Start importing Assets/ATLAS/Customizable Kitchen Pack/Materials/Seamless/Granite/Countertop_Granite_Light004.mat using Guid(265cb201a9f60b341b5e5de13f843511) Importer(815301076,1909f56bfc062723c751e8b465ee728b)  -> (artifact id: '07d0ee85bd2846c314355551e56a446a') in 0.008160 seconds
Number of updated asset objects reloaded before import = 0
Number of asset objects unloaded after import = 3
========================================================================
Received Import Request.
  Time since last request: 0.000016 seconds.
  path: Assets/ATLAS/Customizable Kitchen Pack/Materials/Seamless/Granite/Countertop_Granite_Medium005.mat
  artifactKey: Guid(6d9d55628b244684facf5ec280711795) Importer(815301076,1909f56bfc062723c751e8b465ee728b)
Start importing Assets/ATLAS/Customizable Kitchen Pack/Materials/Seamless/Granite/Countertop_Granite_Medium005.mat using Guid(6d9d55628b244684facf5ec280711795) Importer(815301076,1909f56bfc062723c751e8b465ee728b)  -> (artifact id: 'd55f05602b450d575675c7f60729dd98') in 0.007959 seconds
Number of updated asset objects reloaded before import = 0
Number of asset objects unloaded after import = 3
========================================================================
Received Import Request.
  Time since last request: 0.000021 seconds.
  path: Assets/ATLAS/Customizable Kitchen Pack/Materials/Seamless/Granite/Countertop_Granite_Medium004.mat
  artifactKey: Guid(a58bd4e8b35632e4aacedaeb95d2f6e6) Importer(815301076,1909f56bfc062723c751e8b465ee728b)
Start importing Assets/ATLAS/Customizable Kitchen Pack/Materials/Seamless/Granite/Countertop_Granite_Medium004.mat using Guid(a58bd4e8b35632e4aacedaeb95d2f6e6) Importer(815301076,1909f56bfc062723c751e8b465ee728b)  -> (artifact id: '3c10fdb4889952fd00ad3bc67e474047') in 0.007602 seconds
Number of updated asset objects reloaded before import = 0
Number of asset objects unloaded after import = 3
========================================================================
Received Import Request.
  Time since last request: 0.000019 seconds.
  path: Assets/ATLAS/Customizable Kitchen Pack/Materials/Seamless/Granite/Countertop_Granite_Medium010.mat
  artifactKey: Guid(b820a282857ba2149893400049d3d706) Importer(815301076,1909f56bfc062723c751e8b465ee728b)
Start importing Assets/ATLAS/Customizable Kitchen Pack/Materials/Seamless/Granite/Countertop_Granite_Medium010.mat using Guid(b820a282857ba2149893400049d3d706) Importer(815301076,1909f56bfc062723c751e8b465ee728b)  -> (artifact id: 'af6f586096866e9694535313195543a4') in 0.006802 seconds
Number of updated asset objects reloaded before import = 0
Number of asset objects unloaded after import = 3
========================================================================
Received Import Request.
  Time since last request: 22.307140 seconds.
  path: Assets/ATLAS/Customizable Kitchen Pack/Textures/Seamless/Granite/PNG/Countertop_Granite_Dark005.png
  artifactKey: Guid(cd161fce3f9b870468459c2e7d09a87b) Importer(815301076,1909f56bfc062723c751e8b465ee728b)
Start importing Assets/ATLAS/Customizable Kitchen Pack/Textures/Seamless/Granite/PNG/Countertop_Granite_Dark005.png using Guid(cd161fce3f9b870468459c2e7d09a87b) Importer(815301076,1909f56bfc062723c751e8b465ee728b)  -> (artifact id: '3746ca7d03c4b35b19ca32aa0f5b2196') in 0.027756 seconds
Number of updated asset objects reloaded before import = 0
Number of asset objects unloaded after import = 2
========================================================================
Received Import Request.
  Time since last request: 0.000278 seconds.
  path: Assets/ATLAS/Customizable Kitchen Pack/Textures/Seamless/Granite/PNG/Countertop_Granite_Light004.png
  artifactKey: Guid(1e4f007d7f925fa4b92a430e1df3b8a8) Importer(815301076,1909f56bfc062723c751e8b465ee728b)
Start importing Assets/ATLAS/Customizable Kitchen Pack/Textures/Seamless/Granite/PNG/Countertop_Granite_Light004.png using Guid(1e4f007d7f925fa4b92a430e1df3b8a8) Importer(815301076,1909f56bfc062723c751e8b465ee728b)  -> (artifact id: '28c91d3991c10cb0cbf673b4e1ac9bf1') in 0.026764 seconds
Number of updated asset objects reloaded before import = 0
Number of asset objects unloaded after import = 2
========================================================================
Received Import Request.
  Time since last request: 0.000022 seconds.
  path: Assets/ATLAS/Customizable Kitchen Pack/Textures/Seamless/Granite/PNG/Countertop_Granite_Dark009.png
  artifactKey: Guid(c6c8e35d0aea2a0418a82848e8e41573) Importer(815301076,1909f56bfc062723c751e8b465ee728b)
Start importing Assets/ATLAS/Customizable Kitchen Pack/Textures/Seamless/Granite/PNG/Countertop_Granite_Dark009.png using Guid(c6c8e35d0aea2a0418a82848e8e41573) Importer(815301076,1909f56bfc062723c751e8b465ee728b)  -> (artifact id: 'bab6d0c34945db7a20bf45e0e5edc1bc') in 0.018995 seconds
Number of updated asset objects reloaded before import = 0
Number of asset objects unloaded after import = 2
========================================================================
Received Import Request.
  Time since last request: 0.000049 seconds.
  path: Assets/ATLAS/Customizable Kitchen Pack/Textures/Seamless/Granite/PSD/Countertop_Granite_Medium001.psd
  artifactKey: Guid(8702e8c76068f144b8aed30676054721) Importer(815301076,1909f56bfc062723c751e8b465ee728b)
Start importing Assets/ATLAS/Customizable Kitchen Pack/Textures/Seamless/Granite/PSD/Countertop_Granite_Medium001.psd using Guid(8702e8c76068f144b8aed30676054721) Importer(815301076,1909f56bfc062723c751e8b465ee728b)  -> (artifact id: 'cb40fadfef0cabe74f4b72e71811e319') in 0.022675 seconds
Number of updated asset objects reloaded before import = 0
Number of asset objects unloaded after import = 2
========================================================================
Received Import Request.
  Time since last request: 0.000052 seconds.
  path: Assets/ATLAS/Customizable Kitchen Pack/Textures/Seamless/Granite/PNG/Countertop_Granite_Dark006.png
  artifactKey: Guid(7e5ca541c7df5764fa5a283dd00f393f) Importer(815301076,1909f56bfc062723c751e8b465ee728b)
Start importing Assets/ATLAS/Customizable Kitchen Pack/Textures/Seamless/Granite/PNG/Countertop_Granite_Dark006.png using Guid(7e5ca541c7df5764fa5a283dd00f393f) Importer(815301076,1909f56bfc062723c751e8b465ee728b)  -> (artifact id: 'e8072a85682b1240335c7ddf25fe79f2') in 0.013654 seconds
Number of updated asset objects reloaded before import = 0
Number of asset objects unloaded after import = 2
========================================================================
Received Import Request.
  Time since last request: 0.000016 seconds.
  path: Assets/ATLAS/Customizable Kitchen Pack/Textures/Seamless/Granite/PSD/Countertop_Granite_Light002.psd
  artifactKey: Guid(4f618524778a6314283d1a581441dd5b) Importer(815301076,1909f56bfc062723c751e8b465ee728b)
Start importing Assets/ATLAS/Customizable Kitchen Pack/Textures/Seamless/Granite/PSD/Countertop_Granite_Light002.psd using Guid(4f618524778a6314283d1a581441dd5b) Importer(815301076,1909f56bfc062723c751e8b465ee728b)  -> (artifact id: '1f8fe5d618d6463f09da47aa92bd419a') in 0.013315 seconds
Number of updated asset objects reloaded before import = 0
Number of asset objects unloaded after import = 2
========================================================================
Received Import Request.
  Time since last request: 0.233208 seconds.
  path: Assets/ATLAS/Customizable Kitchen Pack/Textures/Seamless/Granite/PSD/Countertop_Granite_Medium004.psd
  artifactKey: Guid(ca1593a9a32a6af4e902a953e47c2a8a) Importer(815301076,1909f56bfc062723c751e8b465ee728b)
Start importing Assets/ATLAS/Customizable Kitchen Pack/Textures/Seamless/Granite/PSD/Countertop_Granite_Medium004.psd using Guid(ca1593a9a32a6af4e902a953e47c2a8a) Importer(815301076,1909f56bfc062723c751e8b465ee728b)  -> (artifact id: 'd88278dde6843d7e5547798732e6b180') in 0.015192 seconds
Number of updated asset objects reloaded before import = 0
Number of asset objects unloaded after import = 2
========================================================================
Received Import Request.
  Time since last request: 0.034223 seconds.
  path: Assets/ATLAS/Customizable Kitchen Pack/Textures/Seamless/Granite/PSD/Countertop_Granite_Medium008.psd
  artifactKey: Guid(abd039cb5cf7a16408cbbfde18e76ed4) Importer(815301076,1909f56bfc062723c751e8b465ee728b)
Start importing Assets/ATLAS/Customizable Kitchen Pack/Textures/Seamless/Granite/PSD/Countertop_Granite_Medium008.psd using Guid(abd039cb5cf7a16408cbbfde18e76ed4) Importer(815301076,1909f56bfc062723c751e8b465ee728b)  -> (artifact id: 'c0c6753abe34680aaee16b1c0a239a41') in 0.013000 seconds
Number of updated asset objects reloaded before import = 0
Number of asset objects unloaded after import = 2
========================================================================
Received Import Request.
  Time since last request: 0.013579 seconds.
  path: Assets/ATLAS/Customizable Kitchen Pack/Textures/Seamless/Granite/PSD/Countertop_Granite_Medium010.psd
  artifactKey: Guid(3a2a9dcf19efb6f42af7b7393c4dc413) Importer(815301076,1909f56bfc062723c751e8b465ee728b)
Start importing Assets/ATLAS/Customizable Kitchen Pack/Textures/Seamless/Granite/PSD/Countertop_Granite_Medium010.psd using Guid(3a2a9dcf19efb6f42af7b7393c4dc413) Importer(815301076,1909f56bfc062723c751e8b465ee728b)  -> (artifact id: '4d7af17d350a5339bdfe3e7622760f54') in 0.015688 seconds
Number of updated asset objects reloaded before import = 0
Number of asset objects unloaded after import = 2
========================================================================
Received Import Request.
  Time since last request: 0.000018 seconds.
  path: Assets/ATLAS/Customizable Kitchen Pack/Textures/Seamless/Granite/PNG/Countertop_Granite_Medium012.png
  artifactKey: Guid(4ced58f45536b9348805ce255d94d259) Importer(815301076,1909f56bfc062723c751e8b465ee728b)
Start importing Assets/ATLAS/Customizable Kitchen Pack/Textures/Seamless/Granite/PNG/Countertop_Granite_Medium012.png using Guid(4ced58f45536b9348805ce255d94d259) Importer(815301076,1909f56bfc062723c751e8b465ee728b)  -> (artifact id: '79977671519380a64925e945b4c7e77a') in 0.013346 seconds
Number of updated asset objects reloaded before import = 0
Number of asset objects unloaded after import = 2
========================================================================
Received Import Request.
  Time since last request: 2.504966 seconds.
  path: Assets/ATLAS/Customizable Kitchen Pack/Textures/Seamless/Marble/PNG/Countertop_Marble_Dark003.png
  artifactKey: Guid(4240168522c864145b5fce247d202881) Importer(815301076,1909f56bfc062723c751e8b465ee728b)
Start importing Assets/ATLAS/Customizable Kitchen Pack/Textures/Seamless/Marble/PNG/Countertop_Marble_Dark003.png using Guid(4240168522c864145b5fce247d202881) Importer(815301076,1909f56bfc062723c751e8b465ee728b)  -> (artifact id: 'accf95f3eebf4ac1fdb40c198d7b9975') in 0.018479 seconds
Number of updated asset objects reloaded before import = 0
Number of asset objects unloaded after import = 2
========================================================================
Received Import Request.
  Time since last request: 0.000017 seconds.
  path: Assets/ATLAS/Customizable Kitchen Pack/Textures/Seamless/Marble/PSD/Countertop_Marble_Dark004.psd
  artifactKey: Guid(db85b476d9ae88b4e8c8fd8aafd8f372) Importer(815301076,1909f56bfc062723c751e8b465ee728b)
Start importing Assets/ATLAS/Customizable Kitchen Pack/Textures/Seamless/Marble/PSD/Countertop_Marble_Dark004.psd using Guid(db85b476d9ae88b4e8c8fd8aafd8f372) Importer(815301076,1909f56bfc062723c751e8b465ee728b)  -> (artifact id: 'e7668d5a29e80de61f28532ec1d99b27') in 0.015873 seconds
Number of updated asset objects reloaded before import = 0
Number of asset objects unloaded after import = 2
========================================================================
Received Import Request.
  Time since last request: 0.000564 seconds.
  path: Assets/ATLAS/Customizable Kitchen Pack/Textures/Seamless/Marble/PNG/Countertop_Marble_Light001.png
  artifactKey: Guid(a7c4fb1fd49046641a6a8fece75ac5c6) Importer(815301076,1909f56bfc062723c751e8b465ee728b)
Start importing Assets/ATLAS/Customizable Kitchen Pack/Textures/Seamless/Marble/PNG/Countertop_Marble_Light001.png using Guid(a7c4fb1fd49046641a6a8fece75ac5c6) Importer(815301076,1909f56bfc062723c751e8b465ee728b)  -> (artifact id: '70da00f8f1d001110d13525dd4d85223') in 0.018911 seconds
Number of updated asset objects reloaded before import = 0
Number of asset objects unloaded after import = 2
========================================================================
Received Import Request.
  Time since last request: 0.002222 seconds.
  path: Assets/ATLAS/Customizable Kitchen Pack/Textures/Seamless/Marble/PNG/Countertop_Marble_Light004.png
  artifactKey: Guid(3a68a9973865ba54184fae914fc0496a) Importer(815301076,1909f56bfc062723c751e8b465ee728b)
Start importing Assets/ATLAS/Customizable Kitchen Pack/Textures/Seamless/Marble/PNG/Countertop_Marble_Light004.png using Guid(3a68a9973865ba54184fae914fc0496a) Importer(815301076,1909f56bfc062723c751e8b465ee728b)  -> (artifact id: '72b12c174c1a110e9017f5e73ba7cb48') in 0.017349 seconds
Number of updated asset objects reloaded before import = 0
Number of asset objects unloaded after import = 2
========================================================================
Received Import Request.
  Time since last request: 0.000026 seconds.
  path: Assets/ATLAS/Customizable Kitchen Pack/Textures/Seamless/Marble/PNG/Countertop_Marble_Medium002.png
  artifactKey: Guid(6bd76a44b1858f64ab041ef71cf7ceb4) Importer(815301076,1909f56bfc062723c751e8b465ee728b)
Start importing Assets/ATLAS/Customizable Kitchen Pack/Textures/Seamless/Marble/PNG/Countertop_Marble_Medium002.png using Guid(6bd76a44b1858f64ab041ef71cf7ceb4) Importer(815301076,1909f56bfc062723c751e8b465ee728b)  -> (artifact id: '12207cd2df147f86ca9a961ed697fa44') in 0.020635 seconds
Number of updated asset objects reloaded before import = 0
Number of asset objects unloaded after import = 2
========================================================================
Received Import Request.
  Time since last request: 0.827615 seconds.
  path: Assets/ATLAS/Customizable Kitchen Pack/Textures/Seamless/Stone/PSD/Countertop_Stone_Medium002.psd
  artifactKey: Guid(011de97a462343348942b07ae9393e56) Importer(815301076,1909f56bfc062723c751e8b465ee728b)
Start importing Assets/ATLAS/Customizable Kitchen Pack/Textures/Seamless/Stone/PSD/Countertop_Stone_Medium002.psd using Guid(011de97a462343348942b07ae9393e56) Importer(815301076,1909f56bfc062723c751e8b465ee728b)  -> (artifact id: 'af3a835c0f32095e12c692abdcae50f6') in 0.040666 seconds
Number of updated asset objects reloaded before import = 0
Number of asset objects unloaded after import = 2
========================================================================
Received Import Request.
  Time since last request: 0.000019 seconds.
  path: Assets/ATLAS/Customizable Kitchen Pack/Textures/Seamless/Striped/PSD/Countertop_Striped001.psd
  artifactKey: Guid(2ac772a361aee5b4cb6fa42b95be8e68) Importer(815301076,1909f56bfc062723c751e8b465ee728b)
Start importing Assets/ATLAS/Customizable Kitchen Pack/Textures/Seamless/Striped/PSD/Countertop_Striped001.psd using Guid(2ac772a361aee5b4cb6fa42b95be8e68) Importer(815301076,1909f56bfc062723c751e8b465ee728b)  -> (artifact id: 'c08783a214d03cd08df09d973fcb0890') in 0.024881 seconds
Number of updated asset objects reloaded before import = 0
Number of asset objects unloaded after import = 2
========================================================================
Received Import Request.
  Time since last request: 54.624548 seconds.
  path: Assets/Alstrainfinite/KitchenAppliances/Prefabs/Stove.prefab
  artifactKey: Guid(158f818f5cdf7f54f8cb6f3b74f535c8) Importer(815301076,1909f56bfc062723c751e8b465ee728b)
Start importing Assets/Alstrainfinite/KitchenAppliances/Prefabs/Stove.prefab using Guid(158f818f5cdf7f54f8cb6f3b74f535c8) Importer(815301076,1909f56bfc062723c751e8b465ee728b)  -> (artifact id: '2448974da3bfbc08a57b204c47dae259') in 0.026276 seconds
Number of updated asset objects reloaded before import = 0
Number of asset objects unloaded after import = 89
========================================================================
Received Import Request.
  Time since last request: 0.000108 seconds.
  path: Assets/Alstrainfinite/KitchenAppliances/Prefabs/Washer.prefab
  artifactKey: Guid(f767cce13dd852b4cbd5894364ae969e) Importer(815301076,1909f56bfc062723c751e8b465ee728b)
Start importing Assets/Alstrainfinite/KitchenAppliances/Prefabs/Washer.prefab using Guid(f767cce13dd852b4cbd5894364ae969e) Importer(815301076,1909f56bfc062723c751e8b465ee728b)  -> (artifact id: '753a60278c9c7e5d0584f1fd367ec55d') in 0.033757 seconds
Number of updated asset objects reloaded before import = 0
Number of asset objects unloaded after import = 26
Editor requested this worker to shutdown with reason: Scaling down because of idle timeout
TcpMessagingSession - receive error: operation aborted. errorcode: 995, details: The I/O operation has been aborted because of either a thread exit or an application request.
AssetImportWorker is now disconnected from the server
Process exiting
Exiting without the bug reporter. Application will terminate with return code 0