Using pre-set license
Built from '2022.3/staging' branch; Version is '2022.3.9f1 (ea401c316338) revision 15351836'; Using compiler version '192829333'; Build Type 'Release'
OS: 'Windows 11  (10.0.22000) 64bit Professional' Language: 'en' Physical Memory: 16222 MB
BatchMode: 1, IsHumanControllingUs: 0, StartBugReporterOnCrash: 0, Is64bit: 1, IsPro: 1

COMMAND LINE ARGUMENTS:
C:\Program Files\Unity\Hub\Editor\2022.3.9f1\Editor\Unity.exe
-adb2
-batchMode
-noUpm
-name
AssetImportWorker25
-projectPath
C:/Users/User/Desktop/ca-piotrWarkocki2003/Create with VR/VR Room-Piotr
-logFile
Logs/AssetImportWorker25.log
-srvPort
65084
Successfully changed project path to: C:/Users/User/Desktop/ca-piotrWarkocki2003/Create with VR/VR Room-Piotr
C:/Users/User/Desktop/ca-piotrWarkocki2003/Create with VR/VR Room-Piotr
[UnityMemory] Configuration Parameters - Can be set up in boot.config
    "memorysetup-bucket-allocator-granularity=16"
    "memorysetup-bucket-allocator-bucket-count=8"
    "memorysetup-bucket-allocator-block-size=33554432"
    "memorysetup-bucket-allocator-block-count=8"
    "memorysetup-main-allocator-block-size=16777216"
    "memorysetup-thread-allocator-block-size=16777216"
    "memorysetup-gfx-main-allocator-block-size=16777216"
    "memorysetup-gfx-thread-allocator-block-size=16777216"
    "memorysetup-cache-allocator-block-size=4194304"
    "memorysetup-typetree-allocator-block-size=2097152"
    "memorysetup-profiler-bucket-allocator-granularity=16"
    "memorysetup-profiler-bucket-allocator-bucket-count=8"
    "memorysetup-profiler-bucket-allocator-block-size=33554432"
    "memorysetup-profiler-bucket-allocator-block-count=8"
    "memorysetup-profiler-allocator-block-size=16777216"
    "memorysetup-profiler-editor-allocator-block-size=1048576"
    "memorysetup-temp-allocator-size-main=16777216"
    "memorysetup-job-temp-allocator-block-size=2097152"
    "memorysetup-job-temp-allocator-block-size-background=1048576"
    "memorysetup-job-temp-allocator-reduction-small-platforms=262144"
    "memorysetup-allocator-temp-initial-block-size-main=262144"
    "memorysetup-allocator-temp-initial-block-size-worker=262144"
    "memorysetup-temp-allocator-size-background-worker=32768"
    "memorysetup-temp-allocator-size-job-worker=262144"
    "memorysetup-temp-allocator-size-preload-manager=33554432"
    "memorysetup-temp-allocator-size-nav-mesh-worker=65536"
    "memorysetup-temp-allocator-size-audio-worker=65536"
    "memorysetup-temp-allocator-size-cloud-worker=32768"
    "memorysetup-temp-allocator-size-gi-baking-worker=262144"
    "memorysetup-temp-allocator-size-gfx=262144"
Player connection [25784] Host "[IP] 172.17.122.121 [Port] 0 [Flags] 2 [Guid] 1852611020 [EditorId] 1852611020 [Version] 1048832 [Id] WindowsEditor(7,Piotr-Laptop) [Debug] 1 [PackageName] WindowsEditor [ProjectName] Editor" joined multi-casting on [225.0.0.222:54997]...

Player connection [25784] Host "[IP] 172.17.122.121 [Port] 0 [Flags] 2 [Guid] 1852611020 [EditorId] 1852611020 [Version] 1048832 [Id] WindowsEditor(7,Piotr-Laptop) [Debug] 1 [PackageName] WindowsEditor [ProjectName] Editor" joined alternative multi-casting on [225.0.0.222:34997]...

[Physics::Module] Initialized MultithreadedJobDispatcher with 11 workers.
Refreshing native plugins compatible for Editor in 19.63 ms, found 10 plugins.
Preloading 1 native plugins for Editor in 0.39 ms.
Initialize engine version: 2022.3.9f1 (ea401c316338)
[Subsystems] Discovering subsystems at path C:/Program Files/Unity/Hub/Editor/2022.3.9f1/Editor/Data/Resources/UnitySubsystems
[Subsystems] Discovering subsystems at path C:/Users/User/Desktop/ca-piotrWarkocki2003/Create with VR/VR Room-Piotr/Assets
GfxDevice: creating device client; threaded=0; jobified=0
Direct3D:
    Version:  Direct3D 11.0 [level 11.1]
    Renderer: NVIDIA GeForce RTX 2080 Super (ID=0x1ed3)
    Vendor:   NVIDIA
    VRAM:     8010 MB
    Driver:   30.0.15.1278
Initialize mono
Mono path[0] = 'C:/Program Files/Unity/Hub/Editor/2022.3.9f1/Editor/Data/Managed'
Mono path[1] = 'C:/Program Files/Unity/Hub/Editor/2022.3.9f1/Editor/Data/MonoBleedingEdge/lib/mono/unityjit-win32'
Mono config path = 'C:/Program Files/Unity/Hub/Editor/2022.3.9f1/Editor/Data/MonoBleedingEdge/etc'
Using monoOptions --debugger-agent=transport=dt_socket,embedding=1,server=y,suspend=n,address=127.0.0.1:56460
Begin MonoManager ReloadAssembly
Registering precompiled unity dll's ...
Register platform support module: C:/Program Files/Unity/Hub/Editor/2022.3.9f1/Editor/Data/PlaybackEngines/WindowsStandaloneSupport/UnityEditor.WindowsStandalone.Extensions.dll
Registered in 0.006807 seconds.
- Loaded All Assemblies, in  0.363 seconds
Native extension for WindowsStandalone target not found
Mono: successfully reloaded assembly
- Finished resetting the current domain, in  0.248 seconds
Domain Reload Profiling: 609ms
	BeginReloadAssembly (122ms)
		ExecutionOrderSort (0ms)
		DisableScriptedObjects (0ms)
		BackupInstance (0ms)
		ReleaseScriptingObjects (0ms)
		CreateAndSetChildDomain (1ms)
	RebuildCommonClasses (35ms)
	RebuildNativeTypeToScriptingClass (13ms)
	initialDomainReloadingComplete (51ms)
	LoadAllAssembliesAndSetupDomain (140ms)
		LoadAssemblies (119ms)
		RebuildTransferFunctionScriptingTraits (0ms)
		AnalyzeDomain (138ms)
			TypeCache.Refresh (137ms)
				TypeCache.ScanAssembly (119ms)
			ScanForSourceGeneratedMonoScriptInfo (0ms)
			ResolveRequiredComponents (0ms)
	FinalizeReload (248ms)
		ReleaseScriptCaches (0ms)
		RebuildScriptCaches (0ms)
		SetupLoadedEditorAssemblies (196ms)
			LogAssemblyErrors (0ms)
			InitializePlatformSupportModulesInManaged (8ms)
			SetLoadedEditorAssemblies (8ms)
			RefreshPlugins (0ms)
			BeforeProcessingInitializeOnLoad (3ms)
			ProcessInitializeOnLoadAttributes (131ms)
			ProcessInitializeOnLoadMethodAttributes (47ms)
			AfterProcessingInitializeOnLoad (0ms)
			EditorAssembliesLoaded (0ms)
		ExecutionOrderSort2 (0ms)
		AwakeInstancesAfterBackupRestoration (0ms)
========================================================================
Worker process is ready to serve import requests
Begin MonoManager ReloadAssembly
- Loaded All Assemblies, in  0.737 seconds
Refreshing native plugins compatible for Editor in 12.76 ms, found 10 plugins.
Native extension for WindowsStandalone target not found
Package Manager log level set to [2]
[Package Manager] Server::EnsureServerProcessIsRunning -- launch failed, reason: Unity was launched with the -noUpm command-line argument
[Package Manager] UpmClient::Send -- Unable to send message (not connected to UPM process).
[Package Manager] Cannot connect to Unity Package Manager local server
[Package Manager] Server::EnsureServerProcessIsRunning -- launch failed, reason: Unity was launched with the -noUpm command-line argument
[Package Manager] UpmClient::Send -- Unable to send message (not connected to UPM process).
[Package Manager] Cannot connect to Unity Package Manager local server
Mono: successfully reloaded assembly
[Package Manager] Server::EnsureServerProcessIsRunning -- launch failed, reason: Unity was launched with the -noUpm command-line argument
[Package Manager] UpmClient::Send -- Unable to send message (not connected to UPM process).
[Package Manager] Cannot connect to Unity Package Manager local server
[Package Manager] Server::EnsureServerProcessIsRunning -- launch failed, reason: Unity was launched with the -noUpm command-line argument
[Package Manager] UpmClient::Send -- Unable to send message (not connected to UPM process).
[Package Manager] Cannot connect to Unity Package Manager local server
- Finished resetting the current domain, in  0.961 seconds
Domain Reload Profiling: 1693ms
	BeginReloadAssembly (156ms)
		ExecutionOrderSort (0ms)
		DisableScriptedObjects (7ms)
		BackupInstance (0ms)
		ReleaseScriptingObjects (0ms)
		CreateAndSetChildDomain (28ms)
	RebuildCommonClasses (43ms)
	RebuildNativeTypeToScriptingClass (14ms)
	initialDomainReloadingComplete (44ms)
	LoadAllAssembliesAndSetupDomain (474ms)
		LoadAssemblies (316ms)
		RebuildTransferFunctionScriptingTraits (0ms)
		AnalyzeDomain (243ms)
			TypeCache.Refresh (203ms)
				TypeCache.ScanAssembly (184ms)
			ScanForSourceGeneratedMonoScriptInfo (27ms)
			ResolveRequiredComponents (12ms)
	FinalizeReload (962ms)
		ReleaseScriptCaches (0ms)
		RebuildScriptCaches (0ms)
		SetupLoadedEditorAssemblies (733ms)
			LogAssemblyErrors (0ms)
			InitializePlatformSupportModulesInManaged (8ms)
			SetLoadedEditorAssemblies (5ms)
			RefreshPlugins (0ms)
			BeforeProcessingInitializeOnLoad (110ms)
			ProcessInitializeOnLoadAttributes (494ms)
			ProcessInitializeOnLoadMethodAttributes (109ms)
			AfterProcessingInitializeOnLoad (7ms)
			EditorAssembliesLoaded (0ms)
		ExecutionOrderSort2 (0ms)
		AwakeInstancesAfterBackupRestoration (6ms)
Launched and connected shader compiler UnityShaderCompiler.exe after 0.04 seconds
Refreshing native plugins compatible for Editor in 19.36 ms, found 10 plugins.
Preloading 1 native plugins for Editor in 0.07 ms.
Unloading 6159 Unused Serialized files (Serialized files now loaded: 0)
Unloading 108 unused Assets / (368.0 KB). Loaded Objects now: 6623.
Memory consumption went from 232.3 MB to 231.9 MB.
Total: 6.076700 ms (FindLiveObjects: 0.893600 ms CreateObjectMapping: 0.742100 ms MarkObjects: 4.134900 ms  DeleteObjects: 0.305100 ms)

AssetImportParameters requested are different than current active one (requested -> active):
  custom:container-demuxer-ogg: 62fdf1f143b41e24485cea50d1cbac27 -> 
  custom:video-decoder-ogg-theora: a1e56fd34408186e4bbccfd4996cb3dc -> 
  custom:framework-win-MediaFoundation: 216162199b28c13a410421893ffa2e32 -> 
  custom:CustomObjectIndexerAttribute: a3ef5dd2817f97addfee359851a9dba5 -> 
  custom:container-demuxer-webm: 4f35f7cbe854078d1ac9338744f61a02 -> 
  custom:container-muxer-webm: aa71ff27fc2769a1b78a27578f13a17b -> 
  custom:video-decoder-webm-vp8: 9c59270c3fd7afecdb556c50c9e8de78 -> 
  custom:SearchIndexIgnoredProperties: e643bd26f0fe6173181afceb89e7c659 -> 
  custom:AudioImporter_EditorPlatform: d09bf68614088b80899f8185d706f6e7 -> 
  custom:video-encoder-webm-vp8: eb34c28f22e8b96e1ab97ce403110664 -> 
  custom:audio-decoder-ogg-vorbis: bf7c407c2cedff20999df2af8eb42d56 -> 
  custom:audio-encoder-webm-vorbis: bf7c407c2cedff20999df2af8eb42d56 -> 
========================================================================
Received Import Request.
  Time since last request: 68501.308743 seconds.
  path: Assets/ATLAS/Customizable Kitchen Pack/Textures/Seamless/Granite/PNG/Countertop_Granite_Dark003.png
  artifactKey: Guid(d966abb1532b9f24fba4e542900c399d) Importer(815301076,1909f56bfc062723c751e8b465ee728b)
Start importing Assets/ATLAS/Customizable Kitchen Pack/Textures/Seamless/Granite/PNG/Countertop_Granite_Dark003.png using Guid(d966abb1532b9f24fba4e542900c399d) Importer(815301076,1909f56bfc062723c751e8b465ee728b)  -> (artifact id: '4d9909c9a2a7b0cc5990a01bef1f132e') in 0.154430 seconds
Number of updated asset objects reloaded before import = 0
Number of asset objects unloaded after import = 2
========================================================================
Received Import Request.
  Time since last request: 0.000017 seconds.
  path: Assets/ATLAS/Customizable Kitchen Pack/Textures/Seamless/Granite/PNG/Countertop_Granite_Dark007.png
  artifactKey: Guid(92aedb1a74687f642bde83b016fb112a) Importer(815301076,1909f56bfc062723c751e8b465ee728b)
Start importing Assets/ATLAS/Customizable Kitchen Pack/Textures/Seamless/Granite/PNG/Countertop_Granite_Dark007.png using Guid(92aedb1a74687f642bde83b016fb112a) Importer(815301076,1909f56bfc062723c751e8b465ee728b)  -> (artifact id: 'bac46ad149d7b75f029194aa433af9c2') in 0.013359 seconds
Number of updated asset objects reloaded before import = 0
Number of asset objects unloaded after import = 2
========================================================================
Received Import Request.
  Time since last request: 0.000014 seconds.
  path: Assets/ATLAS/Customizable Kitchen Pack/Textures/Seamless/Granite/PSD/Countertop_Granite_Dark007.psd
  artifactKey: Guid(47b0610f73704d543af3b93ff802f6dd) Importer(815301076,1909f56bfc062723c751e8b465ee728b)
Start importing Assets/ATLAS/Customizable Kitchen Pack/Textures/Seamless/Granite/PSD/Countertop_Granite_Dark007.psd using Guid(47b0610f73704d543af3b93ff802f6dd) Importer(815301076,1909f56bfc062723c751e8b465ee728b)  -> (artifact id: '6dbc2ec576588c23f6365cb3f71db6fb') in 0.013518 seconds
Number of updated asset objects reloaded before import = 0
Number of asset objects unloaded after import = 2
========================================================================
Received Import Request.
  Time since last request: 0.226684 seconds.
  path: Assets/ATLAS/Customizable Kitchen Pack/Textures/Seamless/Granite/PSD/Countertop_Granite_Medium002.psd
  artifactKey: Guid(1e9b221316aef2b46a1c300da2aeed58) Importer(815301076,1909f56bfc062723c751e8b465ee728b)
Start importing Assets/ATLAS/Customizable Kitchen Pack/Textures/Seamless/Granite/PSD/Countertop_Granite_Medium002.psd using Guid(1e9b221316aef2b46a1c300da2aeed58) Importer(815301076,1909f56bfc062723c751e8b465ee728b)  -> (artifact id: '129e5ad53f8f048a64c5c12578ed38c8') in 0.013985 seconds
Number of updated asset objects reloaded before import = 0
Number of asset objects unloaded after import = 2
========================================================================
Received Import Request.
  Time since last request: 0.000015 seconds.
  path: Assets/ATLAS/Customizable Kitchen Pack/Textures/Seamless/Granite/PSD/Countertop_Granite_Medium005.psd
  artifactKey: Guid(4f74bd2addd83bf4595a022e01673dd8) Importer(815301076,1909f56bfc062723c751e8b465ee728b)
Start importing Assets/ATLAS/Customizable Kitchen Pack/Textures/Seamless/Granite/PSD/Countertop_Granite_Medium005.psd using Guid(4f74bd2addd83bf4595a022e01673dd8) Importer(815301076,1909f56bfc062723c751e8b465ee728b)  -> (artifact id: '439f1cb6795eb78832fad270bd8173ac') in 0.015733 seconds
Number of updated asset objects reloaded before import = 0
Number of asset objects unloaded after import = 2
========================================================================
Received Import Request.
  Time since last request: 0.011047 seconds.
  path: Assets/ATLAS/Customizable Kitchen Pack/Textures/Seamless/Granite/PNG/Countertop_Granite_Medium006.png
  artifactKey: Guid(07d56df5bbcb169428889a6f47a4899e) Importer(815301076,1909f56bfc062723c751e8b465ee728b)
Start importing Assets/ATLAS/Customizable Kitchen Pack/Textures/Seamless/Granite/PNG/Countertop_Granite_Medium006.png using Guid(07d56df5bbcb169428889a6f47a4899e) Importer(815301076,1909f56bfc062723c751e8b465ee728b)  -> (artifact id: 'aa1077d68b8b77784c6a01857967cf8a') in 0.012996 seconds
Number of updated asset objects reloaded before import = 0
Number of asset objects unloaded after import = 2
========================================================================
Received Import Request.
  Time since last request: 0.000013 seconds.
  path: Assets/ATLAS/Customizable Kitchen Pack/Textures/Seamless/Granite/PSD/Countertop_Granite_Medium009.psd
  artifactKey: Guid(6f0ce9cd01b03d648890b742b230c3f9) Importer(815301076,1909f56bfc062723c751e8b465ee728b)
Start importing Assets/ATLAS/Customizable Kitchen Pack/Textures/Seamless/Granite/PSD/Countertop_Granite_Medium009.psd using Guid(6f0ce9cd01b03d648890b742b230c3f9) Importer(815301076,1909f56bfc062723c751e8b465ee728b)  -> (artifact id: '69ca8b7fe39f5b0e4848bf63f0b6a038') in 0.013370 seconds
Number of updated asset objects reloaded before import = 0
Number of asset objects unloaded after import = 2
========================================================================
Received Import Request.
  Time since last request: 0.000017 seconds.
  path: Assets/ATLAS/Customizable Kitchen Pack/Textures/Seamless/Granite/PSD/Countertop_Granite_Medium013.psd
  artifactKey: Guid(69d2a73a36febc140be1d69754426fe2) Importer(815301076,1909f56bfc062723c751e8b465ee728b)
Start importing Assets/ATLAS/Customizable Kitchen Pack/Textures/Seamless/Granite/PSD/Countertop_Granite_Medium013.psd using Guid(69d2a73a36febc140be1d69754426fe2) Importer(815301076,1909f56bfc062723c751e8b465ee728b)  -> (artifact id: '0fe9a1ee19cf36a87056aa177d4c104d') in 0.014545 seconds
Number of updated asset objects reloaded before import = 0
Number of asset objects unloaded after import = 2
========================================================================
Received Import Request.
  Time since last request: 0.000018 seconds.
  path: Assets/ATLAS/Customizable Kitchen Pack/Textures/Seamless/Granite/PSD/Countertop_Granite_Medium011.psd
  artifactKey: Guid(61404b9c8f6c531429cad48fa52a4c75) Importer(815301076,1909f56bfc062723c751e8b465ee728b)
Start importing Assets/ATLAS/Customizable Kitchen Pack/Textures/Seamless/Granite/PSD/Countertop_Granite_Medium011.psd using Guid(61404b9c8f6c531429cad48fa52a4c75) Importer(815301076,1909f56bfc062723c751e8b465ee728b)  -> (artifact id: 'd1353f9d9eb1827d2c024d13ea978e86') in 0.011331 seconds
Number of updated asset objects reloaded before import = 0
Number of asset objects unloaded after import = 2
========================================================================
Received Import Request.
  Time since last request: 2.500389 seconds.
  path: Assets/ATLAS/Customizable Kitchen Pack/Textures/Seamless/Marble/PSD/Countertop_Marble_Dark001.psd
  artifactKey: Guid(f604cd677d5785449bd385108c58efe7) Importer(815301076,1909f56bfc062723c751e8b465ee728b)
Start importing Assets/ATLAS/Customizable Kitchen Pack/Textures/Seamless/Marble/PSD/Countertop_Marble_Dark001.psd using Guid(f604cd677d5785449bd385108c58efe7) Importer(815301076,1909f56bfc062723c751e8b465ee728b)  -> (artifact id: '97439826f7f4d24c68ae5d5884cc89a1') in 0.021420 seconds
Number of updated asset objects reloaded before import = 0
Number of asset objects unloaded after import = 2
========================================================================
Received Import Request.
  Time since last request: 0.000013 seconds.
  path: Assets/ATLAS/Customizable Kitchen Pack/Textures/Seamless/Marble/PNG/Countertop_Marble_Dark004.png
  artifactKey: Guid(5259b05603a11124db77d3c25fa82591) Importer(815301076,1909f56bfc062723c751e8b465ee728b)
Start importing Assets/ATLAS/Customizable Kitchen Pack/Textures/Seamless/Marble/PNG/Countertop_Marble_Dark004.png using Guid(5259b05603a11124db77d3c25fa82591) Importer(815301076,1909f56bfc062723c751e8b465ee728b)  -> (artifact id: '28aa62de8ae961d756063cd91d555dc1') in 0.019662 seconds
Number of updated asset objects reloaded before import = 0
Number of asset objects unloaded after import = 2
========================================================================
Received Import Request.
  Time since last request: 0.000012 seconds.
  path: Assets/ATLAS/Customizable Kitchen Pack/Textures/Seamless/Marble/PSD/Countertop_Marble_Light001.psd
  artifactKey: Guid(0643f19f6c347c7499f1e2dc26ed5833) Importer(815301076,1909f56bfc062723c751e8b465ee728b)
Start importing Assets/ATLAS/Customizable Kitchen Pack/Textures/Seamless/Marble/PSD/Countertop_Marble_Light001.psd using Guid(0643f19f6c347c7499f1e2dc26ed5833) Importer(815301076,1909f56bfc062723c751e8b465ee728b)  -> (artifact id: '76cf80ce17f88c884a50eebc0fd7ccb1') in 0.015709 seconds
Number of updated asset objects reloaded before import = 0
Number of asset objects unloaded after import = 2
========================================================================
Received Import Request.
  Time since last request: 0.000050 seconds.
  path: Assets/ATLAS/Customizable Kitchen Pack/Textures/Seamless/Marble/PSD/Countertop_Marble_Light003.psd
  artifactKey: Guid(55e77597d40879441b9429facf377ac4) Importer(815301076,1909f56bfc062723c751e8b465ee728b)
Start importing Assets/ATLAS/Customizable Kitchen Pack/Textures/Seamless/Marble/PSD/Countertop_Marble_Light003.psd using Guid(55e77597d40879441b9429facf377ac4) Importer(815301076,1909f56bfc062723c751e8b465ee728b)  -> (artifact id: 'a7356787ec09c25e5fa40c915d71c111') in 0.014847 seconds
Number of updated asset objects reloaded before import = 0
Number of asset objects unloaded after import = 2
========================================================================
Received Import Request.
  Time since last request: 0.000015 seconds.
  path: Assets/ATLAS/Customizable Kitchen Pack/Textures/Seamless/Marble/PSD/Countertop_Marble_Medium002.psd
  artifactKey: Guid(d2d84bf0b016231409e90df568e34f80) Importer(815301076,1909f56bfc062723c751e8b465ee728b)
Start importing Assets/ATLAS/Customizable Kitchen Pack/Textures/Seamless/Marble/PSD/Countertop_Marble_Medium002.psd using Guid(d2d84bf0b016231409e90df568e34f80) Importer(815301076,1909f56bfc062723c751e8b465ee728b)  -> (artifact id: '996de4dfdeefd04500af0a55e7e90e7a') in 0.021855 seconds
Number of updated asset objects reloaded before import = 0
Number of asset objects unloaded after import = 2
========================================================================
Received Import Request.
  Time since last request: 0.817798 seconds.
  path: Assets/ATLAS/Customizable Kitchen Pack/Textures/Seamless/Marble/PNG/Countertop_Marble_Medium004.png
  artifactKey: Guid(c27064ee833f64c459193b1b0a409f06) Importer(815301076,1909f56bfc062723c751e8b465ee728b)
Start importing Assets/ATLAS/Customizable Kitchen Pack/Textures/Seamless/Marble/PNG/Countertop_Marble_Medium004.png using Guid(c27064ee833f64c459193b1b0a409f06) Importer(815301076,1909f56bfc062723c751e8b465ee728b)  -> (artifact id: '83ec9d9dd2d9b9baa51f4cbe7cd39c40') in 0.028219 seconds
Number of updated asset objects reloaded before import = 0
Number of asset objects unloaded after import = 2
========================================================================
Received Import Request.
  Time since last request: 0.004873 seconds.
  path: Assets/ATLAS/Customizable Kitchen Pack/Textures/Seamless/Stone/PNG/Countertop_Stone_Medium002.png
  artifactKey: Guid(8f86f58cc266ddf4daf60f1aeabd96f4) Importer(815301076,1909f56bfc062723c751e8b465ee728b)
Start importing Assets/ATLAS/Customizable Kitchen Pack/Textures/Seamless/Stone/PNG/Countertop_Stone_Medium002.png using Guid(8f86f58cc266ddf4daf60f1aeabd96f4) Importer(815301076,1909f56bfc062723c751e8b465ee728b)  -> (artifact id: '608c2b76837bae4083364974593f0faa') in 0.032304 seconds
Number of updated asset objects reloaded before import = 0
Number of asset objects unloaded after import = 2
========================================================================
Received Import Request.
  Time since last request: 54.652503 seconds.
  path: Assets/Alstrainfinite/KitchenAppliances/Prefabs/Fridge.prefab
  artifactKey: Guid(7b5ec1159cb969d4a8fe69fddc2f17d8) Importer(815301076,1909f56bfc062723c751e8b465ee728b)
Start importing Assets/Alstrainfinite/KitchenAppliances/Prefabs/Fridge.prefab using Guid(7b5ec1159cb969d4a8fe69fddc2f17d8) Importer(815301076,1909f56bfc062723c751e8b465ee728b)  -> (artifact id: '110713217e71d909d883f1cad5468378') in 0.289782 seconds
Number of updated asset objects reloaded before import = 0
Number of asset objects unloaded after import = 32
Editor requested this worker to shutdown with reason: Scaling down because of idle timeout
TcpMessagingSession - receive error: operation aborted. errorcode: 995, details: The I/O operation has been aborted because of either a thread exit or an application request.
AssetImportWorker is now disconnected from the server
Process exiting
Exiting without the bug reporter. Application will terminate with return code 0