Using pre-set license
Built from '2022.3/staging' branch; Version is '2022.3.9f1 (ea401c316338) revision 15351836'; Using compiler version '192829333'; Build Type 'Release'
OS: 'Windows 11  (10.0.22000) 64bit Professional' Language: 'en' Physical Memory: 16222 MB
BatchMode: 1, IsHumanControllingUs: 0, StartBugReporterOnCrash: 0, Is64bit: 1, IsPro: 1

COMMAND LINE ARGUMENTS:
C:\Program Files\Unity\Hub\Editor\2022.3.9f1\Editor\Unity.exe
-adb2
-batchMode
-noUpm
-name
AssetImportWorker25
-projectPath
C:/Users/User/Desktop/ca-piotrWarkocki2003/Create with VR/VR Room-Piotr
-logFile
Logs/AssetImportWorker25.log
-srvPort
50169
Successfully changed project path to: C:/Users/User/Desktop/ca-piotrWarkocki2003/Create with VR/VR Room-Piotr
C:/Users/User/Desktop/ca-piotrWarkocki2003/Create with VR/VR Room-Piotr
[UnityMemory] Configuration Parameters - Can be set up in boot.config
    "memorysetup-bucket-allocator-granularity=16"
    "memorysetup-bucket-allocator-bucket-count=8"
    "memorysetup-bucket-allocator-block-size=33554432"
    "memorysetup-bucket-allocator-block-count=8"
    "memorysetup-main-allocator-block-size=16777216"
    "memorysetup-thread-allocator-block-size=16777216"
    "memorysetup-gfx-main-allocator-block-size=16777216"
    "memorysetup-gfx-thread-allocator-block-size=16777216"
    "memorysetup-cache-allocator-block-size=4194304"
    "memorysetup-typetree-allocator-block-size=2097152"
    "memorysetup-profiler-bucket-allocator-granularity=16"
    "memorysetup-profiler-bucket-allocator-bucket-count=8"
    "memorysetup-profiler-bucket-allocator-block-size=33554432"
    "memorysetup-profiler-bucket-allocator-block-count=8"
    "memorysetup-profiler-allocator-block-size=16777216"
    "memorysetup-profiler-editor-allocator-block-size=1048576"
    "memorysetup-temp-allocator-size-main=16777216"
    "memorysetup-job-temp-allocator-block-size=2097152"
    "memorysetup-job-temp-allocator-block-size-background=1048576"
    "memorysetup-job-temp-allocator-reduction-small-platforms=262144"
    "memorysetup-allocator-temp-initial-block-size-main=262144"
    "memorysetup-allocator-temp-initial-block-size-worker=262144"
    "memorysetup-temp-allocator-size-background-worker=32768"
    "memorysetup-temp-allocator-size-job-worker=262144"
    "memorysetup-temp-allocator-size-preload-manager=33554432"
    "memorysetup-temp-allocator-size-nav-mesh-worker=65536"
    "memorysetup-temp-allocator-size-audio-worker=65536"
    "memorysetup-temp-allocator-size-cloud-worker=32768"
    "memorysetup-temp-allocator-size-gi-baking-worker=262144"
    "memorysetup-temp-allocator-size-gfx=262144"
Player connection [12204] Host "[IP] 172.17.122.121 [Port] 0 [Flags] 2 [Guid] 924216354 [EditorId] 924216354 [Version] 1048832 [Id] WindowsEditor(7,Piotr-Laptop) [Debug] 1 [PackageName] WindowsEditor [ProjectName] Editor" joined multi-casting on [225.0.0.222:54997]...

Player connection [12204] Host "[IP] 172.17.122.121 [Port] 0 [Flags] 2 [Guid] 924216354 [EditorId] 924216354 [Version] 1048832 [Id] WindowsEditor(7,Piotr-Laptop) [Debug] 1 [PackageName] WindowsEditor [ProjectName] Editor" joined alternative multi-casting on [225.0.0.222:34997]...

[Physics::Module] Initialized MultithreadedJobDispatcher with 11 workers.
Refreshing native plugins compatible for Editor in 26.86 ms, found 10 plugins.
Preloading 1 native plugins for Editor in 0.67 ms.
Initialize engine version: 2022.3.9f1 (ea401c316338)
[Subsystems] Discovering subsystems at path C:/Program Files/Unity/Hub/Editor/2022.3.9f1/Editor/Data/Resources/UnitySubsystems
[Subsystems] Discovering subsystems at path C:/Users/User/Desktop/ca-piotrWarkocki2003/Create with VR/VR Room-Piotr/Assets
GfxDevice: creating device client; threaded=0; jobified=0
Direct3D:
    Version:  Direct3D 11.0 [level 11.1]
    Renderer: NVIDIA GeForce RTX 2080 Super (ID=0x1ed3)
    Vendor:   NVIDIA
    VRAM:     8010 MB
    Driver:   30.0.15.1278
Initialize mono
Mono path[0] = 'C:/Program Files/Unity/Hub/Editor/2022.3.9f1/Editor/Data/Managed'
Mono path[1] = 'C:/Program Files/Unity/Hub/Editor/2022.3.9f1/Editor/Data/MonoBleedingEdge/lib/mono/unityjit-win32'
Mono config path = 'C:/Program Files/Unity/Hub/Editor/2022.3.9f1/Editor/Data/MonoBleedingEdge/etc'
Using monoOptions --debugger-agent=transport=dt_socket,embedding=1,server=y,suspend=n,address=127.0.0.1:56876
Begin MonoManager ReloadAssembly
Registering precompiled unity dll's ...
Register platform support module: C:/Program Files/Unity/Hub/Editor/2022.3.9f1/Editor/Data/PlaybackEngines/WindowsStandaloneSupport/UnityEditor.WindowsStandalone.Extensions.dll
Registered in 0.007361 seconds.
- Loaded All Assemblies, in  0.400 seconds
Native extension for WindowsStandalone target not found
Mono: successfully reloaded assembly
- Finished resetting the current domain, in  0.240 seconds
Domain Reload Profiling: 639ms
	BeginReloadAssembly (157ms)
		ExecutionOrderSort (0ms)
		DisableScriptedObjects (0ms)
		BackupInstance (0ms)
		ReleaseScriptingObjects (0ms)
		CreateAndSetChildDomain (1ms)
	RebuildCommonClasses (46ms)
	RebuildNativeTypeToScriptingClass (13ms)
	initialDomainReloadingComplete (61ms)
	LoadAllAssembliesAndSetupDomain (121ms)
		LoadAssemblies (155ms)
		RebuildTransferFunctionScriptingTraits (0ms)
		AnalyzeDomain (119ms)
			TypeCache.Refresh (118ms)
				TypeCache.ScanAssembly (106ms)
			ScanForSourceGeneratedMonoScriptInfo (0ms)
			ResolveRequiredComponents (0ms)
	FinalizeReload (241ms)
		ReleaseScriptCaches (0ms)
		RebuildScriptCaches (0ms)
		SetupLoadedEditorAssemblies (188ms)
			LogAssemblyErrors (0ms)
			InitializePlatformSupportModulesInManaged (8ms)
			SetLoadedEditorAssemblies (6ms)
			RefreshPlugins (0ms)
			BeforeProcessingInitializeOnLoad (2ms)
			ProcessInitializeOnLoadAttributes (127ms)
			ProcessInitializeOnLoadMethodAttributes (45ms)
			AfterProcessingInitializeOnLoad (0ms)
			EditorAssembliesLoaded (0ms)
		ExecutionOrderSort2 (0ms)
		AwakeInstancesAfterBackupRestoration (0ms)
========================================================================
Worker process is ready to serve import requests
Begin MonoManager ReloadAssembly
- Loaded All Assemblies, in  0.670 seconds
Refreshing native plugins compatible for Editor in 13.53 ms, found 10 plugins.
Native extension for WindowsStandalone target not found
Package Manager log level set to [2]
[Package Manager] Server::EnsureServerProcessIsRunning -- launch failed, reason: Unity was launched with the -noUpm command-line argument
[Package Manager] UpmClient::Send -- Unable to send message (not connected to UPM process).
[Package Manager] Cannot connect to Unity Package Manager local server
[Package Manager] Server::EnsureServerProcessIsRunning -- launch failed, reason: Unity was launched with the -noUpm command-line argument
[Package Manager] UpmClient::Send -- Unable to send message (not connected to UPM process).
[Package Manager] Cannot connect to Unity Package Manager local server
Mono: successfully reloaded assembly
[Package Manager] Server::EnsureServerProcessIsRunning -- launch failed, reason: Unity was launched with the -noUpm command-line argument
[Package Manager] UpmClient::Send -- Unable to send message (not connected to UPM process).
[Package Manager] Cannot connect to Unity Package Manager local server
[Package Manager] Server::EnsureServerProcessIsRunning -- launch failed, reason: Unity was launched with the -noUpm command-line argument
[Package Manager] UpmClient::Send -- Unable to send message (not connected to UPM process).
[Package Manager] Cannot connect to Unity Package Manager local server
- Finished resetting the current domain, in  0.815 seconds
Domain Reload Profiling: 1482ms
	BeginReloadAssembly (152ms)
		ExecutionOrderSort (0ms)
		DisableScriptedObjects (6ms)
		BackupInstance (0ms)
		ReleaseScriptingObjects (0ms)
		CreateAndSetChildDomain (18ms)
	RebuildCommonClasses (41ms)
	RebuildNativeTypeToScriptingClass (12ms)
	initialDomainReloadingComplete (37ms)
	LoadAllAssembliesAndSetupDomain (423ms)
		LoadAssemblies (297ms)
		RebuildTransferFunctionScriptingTraits (0ms)
		AnalyzeDomain (220ms)
			TypeCache.Refresh (183ms)
				TypeCache.ScanAssembly (166ms)
			ScanForSourceGeneratedMonoScriptInfo (25ms)
			ResolveRequiredComponents (11ms)
	FinalizeReload (816ms)
		ReleaseScriptCaches (0ms)
		RebuildScriptCaches (0ms)
		SetupLoadedEditorAssemblies (638ms)
			LogAssemblyErrors (0ms)
			InitializePlatformSupportModulesInManaged (5ms)
			SetLoadedEditorAssemblies (3ms)
			RefreshPlugins (0ms)
			BeforeProcessingInitializeOnLoad (86ms)
			ProcessInitializeOnLoadAttributes (419ms)
			ProcessInitializeOnLoadMethodAttributes (117ms)
			AfterProcessingInitializeOnLoad (8ms)
			EditorAssembliesLoaded (0ms)
		ExecutionOrderSort2 (0ms)
		AwakeInstancesAfterBackupRestoration (8ms)
Launched and connected shader compiler UnityShaderCompiler.exe after 0.04 seconds
Refreshing native plugins compatible for Editor in 13.90 ms, found 10 plugins.
Preloading 1 native plugins for Editor in 0.06 ms.
Unloading 6158 Unused Serialized files (Serialized files now loaded: 0)
Unloading 108 unused Assets / (367.7 KB). Loaded Objects now: 6619.
Memory consumption went from 225.3 MB to 225.0 MB.
Total: 3.792600 ms (FindLiveObjects: 0.471400 ms CreateObjectMapping: 0.509400 ms MarkObjects: 2.588100 ms  DeleteObjects: 0.222700 ms)

AssetImportParameters requested are different than current active one (requested -> active):
  custom:container-demuxer-ogg: 62fdf1f143b41e24485cea50d1cbac27 -> 
  custom:video-decoder-ogg-theora: a1e56fd34408186e4bbccfd4996cb3dc -> 
  custom:framework-win-MediaFoundation: 216162199b28c13a410421893ffa2e32 -> 
  custom:CustomObjectIndexerAttribute: a3ef5dd2817f97addfee359851a9dba5 -> 
  custom:container-demuxer-webm: 4f35f7cbe854078d1ac9338744f61a02 -> 
  custom:container-muxer-webm: aa71ff27fc2769a1b78a27578f13a17b -> 
  custom:video-decoder-webm-vp8: 9c59270c3fd7afecdb556c50c9e8de78 -> 
  custom:SearchIndexIgnoredProperties: e643bd26f0fe6173181afceb89e7c659 -> 
  custom:AudioImporter_EditorPlatform: d09bf68614088b80899f8185d706f6e7 -> 
  custom:video-encoder-webm-vp8: eb34c28f22e8b96e1ab97ce403110664 -> 
  custom:audio-decoder-ogg-vorbis: bf7c407c2cedff20999df2af8eb42d56 -> 
  custom:audio-encoder-webm-vorbis: bf7c407c2cedff20999df2af8eb42d56 -> 
========================================================================
Received Import Request.
  Time since last request: 23421.326523 seconds.
  path: Assets/ADI/Voxel Office Props/Materials/modelLitRed.mat
  artifactKey: Guid(1d6d0a96761d42e47bd466b7f94e2ef6) Importer(815301076,1909f56bfc062723c751e8b465ee728b)
Start importing Assets/ADI/Voxel Office Props/Materials/modelLitRed.mat using Guid(1d6d0a96761d42e47bd466b7f94e2ef6) Importer(815301076,1909f56bfc062723c751e8b465ee728b)  -> (artifact id: '52aaafc032fb63d0d0f71168feb922f8') in 0.272664 seconds
Number of updated asset objects reloaded before import = 0
Number of asset objects unloaded after import = 4
========================================================================
Received Import Request.
  Time since last request: 369.451396 seconds.
  path: Assets/ADI/Voxel Office Props/Prefabs/chair1.prefab
  artifactKey: Guid(1dd53bfeddd31c8438f1ccec6faf5f1d) Importer(815301076,1909f56bfc062723c751e8b465ee728b)
Start importing Assets/ADI/Voxel Office Props/Prefabs/chair1.prefab using Guid(1dd53bfeddd31c8438f1ccec6faf5f1d) Importer(815301076,1909f56bfc062723c751e8b465ee728b)  -> (artifact id: '5085755f05dd1de4ed383d807aa577b4') in 0.029244 seconds
Number of updated asset objects reloaded before import = 0
Number of asset objects unloaded after import = 21
========================================================================
Received Import Request.
  Time since last request: 0.091074 seconds.
  path: Assets/ADI/Voxel Office Props/Prefabs/desk1.prefab
  artifactKey: Guid(e1adc2d31fac236438c87e79d5c31628) Importer(815301076,1909f56bfc062723c751e8b465ee728b)
Start importing Assets/ADI/Voxel Office Props/Prefabs/desk1.prefab using Guid(e1adc2d31fac236438c87e79d5c31628) Importer(815301076,1909f56bfc062723c751e8b465ee728b)  -> (artifact id: '702b52e1229430f8ed142036f9fc257c') in 0.010086 seconds
Number of updated asset objects reloaded before import = 0
Number of asset objects unloaded after import = 11
========================================================================
Received Import Request.
  Time since last request: 0.095279 seconds.
  path: Assets/ADI/Voxel Office Props/Prefabs/documents.prefab
  artifactKey: Guid(9ae45fdfc92844d42a484dd8a4e0ae0d) Importer(815301076,1909f56bfc062723c751e8b465ee728b)
Start importing Assets/ADI/Voxel Office Props/Prefabs/documents.prefab using Guid(9ae45fdfc92844d42a484dd8a4e0ae0d) Importer(815301076,1909f56bfc062723c751e8b465ee728b)  -> (artifact id: '804e81b4e34cd14adac47ebc9a44267c') in 0.008732 seconds
Number of updated asset objects reloaded before import = 0
Number of asset objects unloaded after import = 11
========================================================================
Received Import Request.
  Time since last request: 0.104082 seconds.
  path: Assets/ADI/Voxel Office Props/Prefabs/diary.prefab
  artifactKey: Guid(365bf82b196f6a4408757cf51eadbc78) Importer(815301076,1909f56bfc062723c751e8b465ee728b)
Start importing Assets/ADI/Voxel Office Props/Prefabs/diary.prefab using Guid(365bf82b196f6a4408757cf51eadbc78) Importer(815301076,1909f56bfc062723c751e8b465ee728b)  -> (artifact id: '0bf853b32fab492a9dd172606c764360') in 0.010080 seconds
Number of updated asset objects reloaded before import = 0
Number of asset objects unloaded after import = 11
========================================================================
Received Import Request.
  Time since last request: 0.000024 seconds.
  path: Assets/ADI/Voxel Office Props/Prefabs/printer2.prefab
  artifactKey: Guid(f91c6e282a539734e94d481779bb454d) Importer(815301076,1909f56bfc062723c751e8b465ee728b)
Start importing Assets/ADI/Voxel Office Props/Prefabs/printer2.prefab using Guid(f91c6e282a539734e94d481779bb454d) Importer(815301076,1909f56bfc062723c751e8b465ee728b)  -> (artifact id: '696f0f11cff0eb0dd06ced9ac0c7b928') in 0.020890 seconds
Number of updated asset objects reloaded before import = 0
Number of asset objects unloaded after import = 12
========================================================================
Received Import Request.
  Time since last request: 0.000027 seconds.
  path: Assets/ADI/Voxel Office Props/Prefabs/printer.prefab
  artifactKey: Guid(79a5b937093a5864d91d9a3a836ff1d7) Importer(815301076,1909f56bfc062723c751e8b465ee728b)
Start importing Assets/ADI/Voxel Office Props/Prefabs/printer.prefab using Guid(79a5b937093a5864d91d9a3a836ff1d7) Importer(815301076,1909f56bfc062723c751e8b465ee728b)  -> (artifact id: '02e23b27a94708530cc37ce303d466f8') in 0.013052 seconds
Number of updated asset objects reloaded before import = 0
Number of asset objects unloaded after import = 12
========================================================================
Received Import Request.
  Time since last request: 0.000018 seconds.
  path: Assets/ADI/Voxel Office Props/Prefabs/pc.prefab
  artifactKey: Guid(f92a252e273fcb349b88813895ab0264) Importer(815301076,1909f56bfc062723c751e8b465ee728b)
Start importing Assets/ADI/Voxel Office Props/Prefabs/pc.prefab using Guid(f92a252e273fcb349b88813895ab0264) Importer(815301076,1909f56bfc062723c751e8b465ee728b)  -> (artifact id: '34dea716dd8cad467dc3f57bb0e62890') in 0.012862 seconds
Number of updated asset objects reloaded before import = 0
Number of asset objects unloaded after import = 12
========================================================================
Received Import Request.
  Time since last request: 0.000017 seconds.
  path: Assets/ADI/Voxel Office Props/Prefabs/desk2.prefab
  artifactKey: Guid(e8b9880a656da594ca6814ff9177bc1c) Importer(815301076,1909f56bfc062723c751e8b465ee728b)
Start importing Assets/ADI/Voxel Office Props/Prefabs/desk2.prefab using Guid(e8b9880a656da594ca6814ff9177bc1c) Importer(815301076,1909f56bfc062723c751e8b465ee728b)  -> (artifact id: 'fbc34a819daaf469193573388c568078') in 0.010852 seconds
Number of updated asset objects reloaded before import = 0
Number of asset objects unloaded after import = 17
========================================================================
Received Import Request.
  Time since last request: 0.000020 seconds.
  path: Assets/ADI/Voxel Office Props/Prefabs/waterCooler.prefab
  artifactKey: Guid(a5175282aa463ff41a8fbb002ea1a60a) Importer(815301076,1909f56bfc062723c751e8b465ee728b)
Start importing Assets/ADI/Voxel Office Props/Prefabs/waterCooler.prefab using Guid(a5175282aa463ff41a8fbb002ea1a60a) Importer(815301076,1909f56bfc062723c751e8b465ee728b)  -> (artifact id: 'fadc1238a3353689a5f19f05a4be05f0') in 0.008325 seconds
Number of updated asset objects reloaded before import = 0
Number of asset objects unloaded after import = 13
========================================================================
Received Import Request.
  Time since last request: 0.000016 seconds.
  path: Assets/ADI/Voxel Office Props/Prefabs/tableCentre.prefab
  artifactKey: Guid(1e84a5c2113512345bfbace90f70fbe6) Importer(815301076,1909f56bfc062723c751e8b465ee728b)
Start importing Assets/ADI/Voxel Office Props/Prefabs/tableCentre.prefab using Guid(1e84a5c2113512345bfbace90f70fbe6) Importer(815301076,1909f56bfc062723c751e8b465ee728b)  -> (artifact id: '17f136a563459299b3bcec55e7236846') in 0.008977 seconds
Number of updated asset objects reloaded before import = 0
Number of asset objects unloaded after import = 11
========================================================================
Received Import Request.
  Time since last request: 0.000017 seconds.
  path: Assets/ADI/Voxel Office Props/Prefabs/fillingCabinetOpenable.prefab
  artifactKey: Guid(eb55cfc53f8a91b42b7c4e471bb2b538) Importer(815301076,1909f56bfc062723c751e8b465ee728b)
Start importing Assets/ADI/Voxel Office Props/Prefabs/fillingCabinetOpenable.prefab using Guid(eb55cfc53f8a91b42b7c4e471bb2b538) Importer(815301076,1909f56bfc062723c751e8b465ee728b)  -> (artifact id: 'ed12cab1f4765b362e6a3631fa7e5d30') in 0.010233 seconds
Number of updated asset objects reloaded before import = 0
Number of asset objects unloaded after import = 39
========================================================================
Received Import Request.
  Time since last request: 0.000019 seconds.
  path: Assets/ADI/Voxel Office Props/Prefabs/keypad.prefab
  artifactKey: Guid(769d0371e7869b74db5b2dd0139d5279) Importer(815301076,1909f56bfc062723c751e8b465ee728b)
Start importing Assets/ADI/Voxel Office Props/Prefabs/keypad.prefab using Guid(769d0371e7869b74db5b2dd0139d5279) Importer(815301076,1909f56bfc062723c751e8b465ee728b)  -> (artifact id: '86771bc7a5d919598d9f2ec23825583d') in 0.012258 seconds
Number of updated asset objects reloaded before import = 0
Number of asset objects unloaded after import = 12
========================================================================
Received Import Request.
  Time since last request: 0.000016 seconds.
  path: Assets/ADI/Voxel Office Props/Prefabs/tableEnd.prefab
  artifactKey: Guid(d7d2539748bafe84c9bdd4224d951310) Importer(815301076,1909f56bfc062723c751e8b465ee728b)
Start importing Assets/ADI/Voxel Office Props/Prefabs/tableEnd.prefab using Guid(d7d2539748bafe84c9bdd4224d951310) Importer(815301076,1909f56bfc062723c751e8b465ee728b)  -> (artifact id: 'd50654bd1f025a6c927abd0205718aa7') in 0.009145 seconds
Number of updated asset objects reloaded before import = 0
Number of asset objects unloaded after import = 11
========================================================================
Received Import Request.
  Time since last request: 0.000020 seconds.
  path: Assets/ADI/Voxel Office Props/Prefabs/recycleBin.prefab
  artifactKey: Guid(1dfa42bb9327d20498f83b251b090304) Importer(815301076,1909f56bfc062723c751e8b465ee728b)
Start importing Assets/ADI/Voxel Office Props/Prefabs/recycleBin.prefab using Guid(1dfa42bb9327d20498f83b251b090304) Importer(815301076,1909f56bfc062723c751e8b465ee728b)  -> (artifact id: 'c7a31e44cc14f7b871d4ce74d9978eff') in 0.009555 seconds
Number of updated asset objects reloaded before import = 0
Number of asset objects unloaded after import = 11
========================================================================
Received Import Request.
  Time since last request: 52.949494 seconds.
  path: Assets/_Course Library/_Prefabs/Objects/Miscellaneous/Object_MagnifyingGlass.prefab
  artifactKey: Guid(33dc28eb77358df4394d6ecb6e5a188b) Importer(815301076,1909f56bfc062723c751e8b465ee728b)
Start importing Assets/_Course Library/_Prefabs/Objects/Miscellaneous/Object_MagnifyingGlass.prefab using Guid(33dc28eb77358df4394d6ecb6e5a188b) Importer(815301076,1909f56bfc062723c751e8b465ee728b)  -> (artifact id: 'bc41394d6af9ea3d968146668e7d8de5') in 0.017499 seconds
Number of updated asset objects reloaded before import = 0
Number of asset objects unloaded after import = 33
========================================================================
Received Import Request.
  Time since last request: 4.742681 seconds.
  path: Assets/_Course Library/_Prefabs/Objects/Fruit/Food_Orange.prefab
  artifactKey: Guid(09bd87055b19ae4469a98d1af1a6c792) Importer(815301076,1909f56bfc062723c751e8b465ee728b)
Start importing Assets/_Course Library/_Prefabs/Objects/Fruit/Food_Orange.prefab using Guid(09bd87055b19ae4469a98d1af1a6c792) Importer(815301076,1909f56bfc062723c751e8b465ee728b)  -> (artifact id: '32608771fa382ed280ea58b171a1050d') in 0.025320 seconds
Number of updated asset objects reloaded before import = 0
Number of asset objects unloaded after import = 11
========================================================================
Received Import Request.
  Time since last request: 1.789476 seconds.
  path: Assets/_Course Library/_Prefabs/Objects/Candles/Lightsource_Candle_Pink.prefab
  artifactKey: Guid(04b79e8ccd1ac574e89182d359c0ee81) Importer(815301076,1909f56bfc062723c751e8b465ee728b)
Start importing Assets/_Course Library/_Prefabs/Objects/Candles/Lightsource_Candle_Pink.prefab using Guid(04b79e8ccd1ac574e89182d359c0ee81) Importer(815301076,1909f56bfc062723c751e8b465ee728b)  -> (artifact id: 'ef5811c1f0d7c902f183e611c99e0eeb') in 0.032596 seconds
Number of updated asset objects reloaded before import = 0
Number of asset objects unloaded after import = 19
========================================================================
Received Import Request.
  Time since last request: 46.212671 seconds.
  path: Assets/_Course Library/_Prefabs/Lighting/Lamp_Floor_Square.prefab
  artifactKey: Guid(f5645f5704d903542ae27070cbb0b9c0) Importer(815301076,1909f56bfc062723c751e8b465ee728b)
Start importing Assets/_Course Library/_Prefabs/Lighting/Lamp_Floor_Square.prefab using Guid(f5645f5704d903542ae27070cbb0b9c0) Importer(815301076,1909f56bfc062723c751e8b465ee728b)  -> (artifact id: '2c0858579657daf86a798964e72ea353') in 0.017654 seconds
Number of updated asset objects reloaded before import = 0
Number of asset objects unloaded after import = 19
========================================================================
Received Import Request.
  Time since last request: 0.092929 seconds.
  path: Assets/_Course Library/_Prefabs/Lighting/Lamp_Table_Red.prefab
  artifactKey: Guid(26d3e19b3dd80ed4eb2217904b56f876) Importer(815301076,1909f56bfc062723c751e8b465ee728b)
Start importing Assets/_Course Library/_Prefabs/Lighting/Lamp_Table_Red.prefab using Guid(26d3e19b3dd80ed4eb2217904b56f876) Importer(815301076,1909f56bfc062723c751e8b465ee728b)  -> (artifact id: '4dfa8c520235f6c95b83f7c235788097') in 0.030878 seconds
Number of updated asset objects reloaded before import = 0
Number of asset objects unloaded after import = 38
========================================================================
Received Import Request.
  Time since last request: 1.705194 seconds.
  path: Assets/_Course Library/_Prefabs/Fireplaces/Fireplace_Traditional.prefab
  artifactKey: Guid(deb9c7803f41d864c8272ceb6ff2d290) Importer(815301076,1909f56bfc062723c751e8b465ee728b)
Start importing Assets/_Course Library/_Prefabs/Fireplaces/Fireplace_Traditional.prefab using Guid(deb9c7803f41d864c8272ceb6ff2d290) Importer(815301076,1909f56bfc062723c751e8b465ee728b)  -> (artifact id: '3b5448ac955ae9db757ed02b3ce63a5b') in 0.025176 seconds
Number of updated asset objects reloaded before import = 0
Number of asset objects unloaded after import = 115
========================================================================
Received Import Request.
  Time since last request: 14.097068 seconds.
  path: Assets/_Course Library/_Prefabs/Controls/Control_Button_Pause.prefab
  artifactKey: Guid(f23518a35037252409252c1ade394e8a) Importer(815301076,1909f56bfc062723c751e8b465ee728b)
Start importing Assets/_Course Library/_Prefabs/Controls/Control_Button_Pause.prefab using Guid(f23518a35037252409252c1ade394e8a) Importer(815301076,1909f56bfc062723c751e8b465ee728b)  -> (artifact id: 'f26682e13f767f83492cd9e1521ff4cc') in 0.012248 seconds
Number of updated asset objects reloaded before import = 0
Number of asset objects unloaded after import = 11
========================================================================
Received Import Request.
  Time since last request: 0.103557 seconds.
  path: Assets/_Course Library/_Prefabs/Controls/Control_Button_Stop.prefab
  artifactKey: Guid(091cd3f1c6fbcb840baf5816764a8527) Importer(815301076,1909f56bfc062723c751e8b465ee728b)
Start importing Assets/_Course Library/_Prefabs/Controls/Control_Button_Stop.prefab using Guid(091cd3f1c6fbcb840baf5816764a8527) Importer(815301076,1909f56bfc062723c751e8b465ee728b)  -> (artifact id: '0c89516eacb05513c3706dd501c9da79') in 0.013256 seconds
Number of updated asset objects reloaded before import = 0
Number of asset objects unloaded after import = 11
========================================================================
Received Import Request.
  Time since last request: 0.000023 seconds.
  path: Assets/_Course Library/_Prefabs/Controls/Control_Slider_Gray.prefab
  artifactKey: Guid(87ca67a8e46a8f54b853a2f5381e91c5) Importer(815301076,1909f56bfc062723c751e8b465ee728b)
Start importing Assets/_Course Library/_Prefabs/Controls/Control_Slider_Gray.prefab using Guid(87ca67a8e46a8f54b853a2f5381e91c5) Importer(815301076,1909f56bfc062723c751e8b465ee728b)  -> (artifact id: 'a95f6e9a663f343b25aff47186b4aceb') in 0.013348 seconds
Number of updated asset objects reloaded before import = 0
Number of asset objects unloaded after import = 19
========================================================================
Received Import Request.
  Time since last request: 7.195316 seconds.
  path: Assets/_Course Library/_Prefabs/Bins/Bin_Square_Gray.prefab
  artifactKey: Guid(0fee49bb1b67cbb4ab05a192352fd7c9) Importer(815301076,1909f56bfc062723c751e8b465ee728b)
Start importing Assets/_Course Library/_Prefabs/Bins/Bin_Square_Gray.prefab using Guid(0fee49bb1b67cbb4ab05a192352fd7c9) Importer(815301076,1909f56bfc062723c751e8b465ee728b)  -> (artifact id: '1db2c53c8fff17b0a0ea8fbc7c47c703') in 0.047065 seconds
Number of updated asset objects reloaded before import = 0
Number of asset objects unloaded after import = 15
========================================================================
Received Import Request.
  Time since last request: 33.680591 seconds.
  path: Assets/_Course Library/_Prefabs/Storage/Drawers_Modern_Dark.prefab
  artifactKey: Guid(f2a2e305f7be1c94f8797498da715c01) Importer(815301076,1909f56bfc062723c751e8b465ee728b)
Start importing Assets/_Course Library/_Prefabs/Storage/Drawers_Modern_Dark.prefab using Guid(f2a2e305f7be1c94f8797498da715c01) Importer(815301076,1909f56bfc062723c751e8b465ee728b)  -> (artifact id: '32f21c1222750fdda21e76ee51c38a96') in 0.047394 seconds
Number of updated asset objects reloaded before import = 0
Number of asset objects unloaded after import = 56
========================================================================
Received Import Request.
  Time since last request: 0.000017 seconds.
  path: Assets/_Course Library/_Prefabs/Storage/Shelving_Traditional.prefab
  artifactKey: Guid(fc29def7fd957db4085fce30f5fcefcc) Importer(815301076,1909f56bfc062723c751e8b465ee728b)
Start importing Assets/_Course Library/_Prefabs/Storage/Shelving_Traditional.prefab using Guid(fc29def7fd957db4085fce30f5fcefcc) Importer(815301076,1909f56bfc062723c751e8b465ee728b)  -> (artifact id: 'c784c49d4fc6b23b909a1bf6796bbcc8') in 0.042228 seconds
Number of updated asset objects reloaded before import = 0
Number of asset objects unloaded after import = 11
Editor requested this worker to shutdown with reason: Scaling down because of idle timeout
TcpMessagingSession - receive error
AssetImportWorkerClient::OnTransportError - code=2 error=End of file
AssetImportWorker is now disconnected from the server
Process exiting
Exiting without the bug reporter. Application will terminate with return code 0