Using pre-set license
Built from '2022.3/staging' branch; Version is '2022.3.9f1 (ea401c316338) revision 15351836'; Using compiler version '192829333'; Build Type 'Release'
OS: 'Windows 11  (10.0.22000) 64bit Professional' Language: 'en' Physical Memory: 16222 MB
BatchMode: 1, IsHumanControllingUs: 0, StartBugReporterOnCrash: 0, Is64bit: 1, IsPro: 1

COMMAND LINE ARGUMENTS:
C:\Program Files\Unity\Hub\Editor\2022.3.9f1\Editor\Unity.exe
-adb2
-batchMode
-noUpm
-name
AssetImportWorker3
-projectPath
C:/Users/User/Desktop/ca-piotrWarkocki2003/Create with VR/VR Room-Piotr
-logFile
Logs/AssetImportWorker3.log
-srvPort
60617
Successfully changed project path to: C:/Users/User/Desktop/ca-piotrWarkocki2003/Create with VR/VR Room-Piotr
C:/Users/User/Desktop/ca-piotrWarkocki2003/Create with VR/VR Room-Piotr
[UnityMemory] Configuration Parameters - Can be set up in boot.config
    "memorysetup-bucket-allocator-granularity=16"
    "memorysetup-bucket-allocator-bucket-count=8"
    "memorysetup-bucket-allocator-block-size=33554432"
    "memorysetup-bucket-allocator-block-count=8"
    "memorysetup-main-allocator-block-size=16777216"
    "memorysetup-thread-allocator-block-size=16777216"
    "memorysetup-gfx-main-allocator-block-size=16777216"
    "memorysetup-gfx-thread-allocator-block-size=16777216"
    "memorysetup-cache-allocator-block-size=4194304"
    "memorysetup-typetree-allocator-block-size=2097152"
    "memorysetup-profiler-bucket-allocator-granularity=16"
    "memorysetup-profiler-bucket-allocator-bucket-count=8"
    "memorysetup-profiler-bucket-allocator-block-size=33554432"
    "memorysetup-profiler-bucket-allocator-block-count=8"
    "memorysetup-profiler-allocator-block-size=16777216"
    "memorysetup-profiler-editor-allocator-block-size=1048576"
    "memorysetup-temp-allocator-size-main=16777216"
    "memorysetup-job-temp-allocator-block-size=2097152"
    "memorysetup-job-temp-allocator-block-size-background=1048576"
    "memorysetup-job-temp-allocator-reduction-small-platforms=262144"
    "memorysetup-allocator-temp-initial-block-size-main=262144"
    "memorysetup-allocator-temp-initial-block-size-worker=262144"
    "memorysetup-temp-allocator-size-background-worker=32768"
    "memorysetup-temp-allocator-size-job-worker=262144"
    "memorysetup-temp-allocator-size-preload-manager=33554432"
    "memorysetup-temp-allocator-size-nav-mesh-worker=65536"
    "memorysetup-temp-allocator-size-audio-worker=65536"
    "memorysetup-temp-allocator-size-cloud-worker=32768"
    "memorysetup-temp-allocator-size-gi-baking-worker=262144"
    "memorysetup-temp-allocator-size-gfx=262144"
Player connection [4484] Host "[IP] 172.17.122.121 [Port] 0 [Flags] 2 [Guid] 2761098784 [EditorId] 2761098784 [Version] 1048832 [Id] WindowsEditor(7,Piotr-Laptop) [Debug] 1 [PackageName] WindowsEditor [ProjectName] Editor" joined multi-casting on [225.0.0.222:54997]...

Player connection [4484] Host "[IP] 172.17.122.121 [Port] 0 [Flags] 2 [Guid] 2761098784 [EditorId] 2761098784 [Version] 1048832 [Id] WindowsEditor(7,Piotr-Laptop) [Debug] 1 [PackageName] WindowsEditor [ProjectName] Editor" joined alternative multi-casting on [225.0.0.222:34997]...

[Physics::Module] Initialized MultithreadedJobDispatcher with 11 workers.
Refreshing native plugins compatible for Editor in 20.74 ms, found 10 plugins.
Preloading 1 native plugins for Editor in 0.44 ms.
Initialize engine version: 2022.3.9f1 (ea401c316338)
[Subsystems] Discovering subsystems at path C:/Program Files/Unity/Hub/Editor/2022.3.9f1/Editor/Data/Resources/UnitySubsystems
[Subsystems] Discovering subsystems at path C:/Users/User/Desktop/ca-piotrWarkocki2003/Create with VR/VR Room-Piotr/Assets
GfxDevice: creating device client; threaded=0; jobified=0
Direct3D:
    Version:  Direct3D 11.0 [level 11.1]
    Renderer: NVIDIA GeForce RTX 2080 Super (ID=0x1ed3)
    Vendor:   NVIDIA
    VRAM:     8010 MB
    Driver:   30.0.15.1278
Initialize mono
Mono path[0] = 'C:/Program Files/Unity/Hub/Editor/2022.3.9f1/Editor/Data/Managed'
Mono path[1] = 'C:/Program Files/Unity/Hub/Editor/2022.3.9f1/Editor/Data/MonoBleedingEdge/lib/mono/unityjit-win32'
Mono config path = 'C:/Program Files/Unity/Hub/Editor/2022.3.9f1/Editor/Data/MonoBleedingEdge/etc'
Using monoOptions --debugger-agent=transport=dt_socket,embedding=1,server=y,suspend=n,address=127.0.0.1:56560
Begin MonoManager ReloadAssembly
Registering precompiled unity dll's ...
Register platform support module: C:/Program Files/Unity/Hub/Editor/2022.3.9f1/Editor/Data/PlaybackEngines/WindowsStandaloneSupport/UnityEditor.WindowsStandalone.Extensions.dll
Registered in 0.006991 seconds.
- Loaded All Assemblies, in  0.367 seconds
Native extension for WindowsStandalone target not found
Mono: successfully reloaded assembly
- Finished resetting the current domain, in  0.252 seconds
Domain Reload Profiling: 618ms
	BeginReloadAssembly (109ms)
		ExecutionOrderSort (0ms)
		DisableScriptedObjects (0ms)
		BackupInstance (0ms)
		ReleaseScriptingObjects (0ms)
		CreateAndSetChildDomain (1ms)
	RebuildCommonClasses (40ms)
	RebuildNativeTypeToScriptingClass (13ms)
	initialDomainReloadingComplete (59ms)
	LoadAllAssembliesAndSetupDomain (143ms)
		LoadAssemblies (107ms)
		RebuildTransferFunctionScriptingTraits (0ms)
		AnalyzeDomain (142ms)
			TypeCache.Refresh (141ms)
				TypeCache.ScanAssembly (126ms)
			ScanForSourceGeneratedMonoScriptInfo (0ms)
			ResolveRequiredComponents (0ms)
	FinalizeReload (253ms)
		ReleaseScriptCaches (0ms)
		RebuildScriptCaches (0ms)
		SetupLoadedEditorAssemblies (196ms)
			LogAssemblyErrors (0ms)
			InitializePlatformSupportModulesInManaged (8ms)
			SetLoadedEditorAssemblies (6ms)
			RefreshPlugins (0ms)
			BeforeProcessingInitializeOnLoad (3ms)
			ProcessInitializeOnLoadAttributes (131ms)
			ProcessInitializeOnLoadMethodAttributes (48ms)
			AfterProcessingInitializeOnLoad (0ms)
			EditorAssembliesLoaded (0ms)
		ExecutionOrderSort2 (0ms)
		AwakeInstancesAfterBackupRestoration (0ms)
========================================================================
Worker process is ready to serve import requests
Begin MonoManager ReloadAssembly
- Loaded All Assemblies, in  0.735 seconds
Refreshing native plugins compatible for Editor in 15.63 ms, found 10 plugins.
Native extension for WindowsStandalone target not found
Package Manager log level set to [2]
[Package Manager] Server::EnsureServerProcessIsRunning -- launch failed, reason: Unity was launched with the -noUpm command-line argument
[Package Manager] UpmClient::Send -- Unable to send message (not connected to UPM process).
[Package Manager] Cannot connect to Unity Package Manager local server
[Package Manager] Server::EnsureServerProcessIsRunning -- launch failed, reason: Unity was launched with the -noUpm command-line argument
[Package Manager] UpmClient::Send -- Unable to send message (not connected to UPM process).
[Package Manager] Cannot connect to Unity Package Manager local server
Mono: successfully reloaded assembly
[Package Manager] Server::EnsureServerProcessIsRunning -- launch failed, reason: Unity was launched with the -noUpm command-line argument
[Package Manager] UpmClient::Send -- Unable to send message (not connected to UPM process).
[Package Manager] Cannot connect to Unity Package Manager local server
[Package Manager] Server::EnsureServerProcessIsRunning -- launch failed, reason: Unity was launched with the -noUpm command-line argument
[Package Manager] UpmClient::Send -- Unable to send message (not connected to UPM process).
[Package Manager] Cannot connect to Unity Package Manager local server
- Finished resetting the current domain, in  0.834 seconds
Domain Reload Profiling: 1564ms
	BeginReloadAssembly (144ms)
		ExecutionOrderSort (0ms)
		DisableScriptedObjects (4ms)
		BackupInstance (0ms)
		ReleaseScriptingObjects (0ms)
		CreateAndSetChildDomain (20ms)
	RebuildCommonClasses (32ms)
	RebuildNativeTypeToScriptingClass (10ms)
	initialDomainReloadingComplete (44ms)
	LoadAllAssembliesAndSetupDomain (500ms)
		LoadAssemblies (321ms)
		RebuildTransferFunctionScriptingTraits (0ms)
		AnalyzeDomain (260ms)
			TypeCache.Refresh (213ms)
				TypeCache.ScanAssembly (192ms)
			ScanForSourceGeneratedMonoScriptInfo (31ms)
			ResolveRequiredComponents (16ms)
	FinalizeReload (834ms)
		ReleaseScriptCaches (0ms)
		RebuildScriptCaches (0ms)
		SetupLoadedEditorAssemblies (646ms)
			LogAssemblyErrors (0ms)
			InitializePlatformSupportModulesInManaged (5ms)
			SetLoadedEditorAssemblies (3ms)
			RefreshPlugins (0ms)
			BeforeProcessingInitializeOnLoad (93ms)
			ProcessInitializeOnLoadAttributes (439ms)
			ProcessInitializeOnLoadMethodAttributes (97ms)
			AfterProcessingInitializeOnLoad (9ms)
			EditorAssembliesLoaded (0ms)
		ExecutionOrderSort2 (0ms)
		AwakeInstancesAfterBackupRestoration (7ms)
Launched and connected shader compiler UnityShaderCompiler.exe after 0.04 seconds
Refreshing native plugins compatible for Editor in 18.54 ms, found 10 plugins.
Preloading 1 native plugins for Editor in 0.07 ms.
Unloading 6158 Unused Serialized files (Serialized files now loaded: 0)
Unloading 108 unused Assets / (367.7 KB). Loaded Objects now: 6619.
Memory consumption went from 225.2 MB to 224.9 MB.
Total: 5.448200 ms (FindLiveObjects: 0.551900 ms CreateObjectMapping: 0.550900 ms MarkObjects: 4.113600 ms  DeleteObjects: 0.230800 ms)

AssetImportParameters requested are different than current active one (requested -> active):
  custom:container-demuxer-ogg: 62fdf1f143b41e24485cea50d1cbac27 -> 
  custom:video-decoder-ogg-theora: a1e56fd34408186e4bbccfd4996cb3dc -> 
  custom:framework-win-MediaFoundation: 216162199b28c13a410421893ffa2e32 -> 
  custom:CustomObjectIndexerAttribute: a3ef5dd2817f97addfee359851a9dba5 -> 
  custom:container-demuxer-webm: 4f35f7cbe854078d1ac9338744f61a02 -> 
  custom:container-muxer-webm: aa71ff27fc2769a1b78a27578f13a17b -> 
  custom:video-decoder-webm-vp8: 9c59270c3fd7afecdb556c50c9e8de78 -> 
  custom:SearchIndexIgnoredProperties: e643bd26f0fe6173181afceb89e7c659 -> 
  custom:AudioImporter_EditorPlatform: d09bf68614088b80899f8185d706f6e7 -> 
  custom:video-encoder-webm-vp8: eb34c28f22e8b96e1ab97ce403110664 -> 
  custom:audio-decoder-ogg-vorbis: bf7c407c2cedff20999df2af8eb42d56 -> 
  custom:audio-encoder-webm-vorbis: bf7c407c2cedff20999df2af8eb42d56 -> 
========================================================================
Received Import Request.
  Time since last request: 3006.309780 seconds.
  path: Assets/Furniture/Source/Textures/2SeatD_BaseColor.tga
  artifactKey: Guid(ec322fd5963e8974fbc52de2bb31d3d5) Importer(815301076,1909f56bfc062723c751e8b465ee728b)
Start importing Assets/Furniture/Source/Textures/2SeatD_BaseColor.tga using Guid(ec322fd5963e8974fbc52de2bb31d3d5) Importer(815301076,1909f56bfc062723c751e8b465ee728b)  -> (artifact id: '3d8c226c2f28708ec3e76c8d23a34771') in 0.129625 seconds
Number of updated asset objects reloaded before import = 0
Number of asset objects unloaded after import = 2
========================================================================
Received Import Request.
  Time since last request: 0.000032 seconds.
  path: Assets/Furniture/Source/Textures/closet_BaseColor.tga
  artifactKey: Guid(b30fe4002f5cf234e8a13f459c809505) Importer(815301076,1909f56bfc062723c751e8b465ee728b)
Start importing Assets/Furniture/Source/Textures/closet_BaseColor.tga using Guid(b30fe4002f5cf234e8a13f459c809505) Importer(815301076,1909f56bfc062723c751e8b465ee728b)  -> (artifact id: 'e8392772a7a2c80b1d0e2f5c2c98f1ba') in 0.027502 seconds
Number of updated asset objects reloaded before import = 0
Number of asset objects unloaded after import = 2
========================================================================
Received Import Request.
  Time since last request: 0.000026 seconds.
  path: Assets/Furniture/Source/Textures/closet3_Normal.png
  artifactKey: Guid(9b9805e3413e736459fea4fb7f7cbccd) Importer(815301076,1909f56bfc062723c751e8b465ee728b)
Start importing Assets/Furniture/Source/Textures/closet3_Normal.png using Guid(9b9805e3413e736459fea4fb7f7cbccd) Importer(815301076,1909f56bfc062723c751e8b465ee728b)  -> (artifact id: '2802328f2a92ffcc90266c14306eb9d3') in 0.055210 seconds
Number of updated asset objects reloaded before import = 0
Number of asset objects unloaded after import = 2
========================================================================
Received Import Request.
  Time since last request: 0.000024 seconds.
  path: Assets/Furniture/Source/Textures/chair_chair_Metallic.tga
  artifactKey: Guid(8cc7c3d1a987f8944896f44f18284a51) Importer(815301076,1909f56bfc062723c751e8b465ee728b)
Start importing Assets/Furniture/Source/Textures/chair_chair_Metallic.tga using Guid(8cc7c3d1a987f8944896f44f18284a51) Importer(815301076,1909f56bfc062723c751e8b465ee728b)  -> (artifact id: '08d756e69aa87e9ee810c73bb23a1bad') in 0.018314 seconds
Number of updated asset objects reloaded before import = 0
Number of asset objects unloaded after import = 2
========================================================================
Received Import Request.
  Time since last request: 0.000017 seconds.
  path: Assets/Furniture/Source/Textures/closet2_BaseColor.tga
  artifactKey: Guid(3cf2e71fd5326784aba059aa990ce25c) Importer(815301076,1909f56bfc062723c751e8b465ee728b)
Start importing Assets/Furniture/Source/Textures/closet2_BaseColor.tga using Guid(3cf2e71fd5326784aba059aa990ce25c) Importer(815301076,1909f56bfc062723c751e8b465ee728b)  -> (artifact id: 'cc4823ab7330d15be92fcf3d7b739596') in 0.019067 seconds
Number of updated asset objects reloaded before import = 0
Number of asset objects unloaded after import = 2
========================================================================
Received Import Request.
  Time since last request: 122.918774 seconds.
  path: Assets/Furniture/Source/Textures/fotel2_mask.tga
  artifactKey: Guid(0fb7f90caa5da0a47a20c31f8d66dfdb) Importer(815301076,1909f56bfc062723c751e8b465ee728b)
Start importing Assets/Furniture/Source/Textures/fotel2_mask.tga using Guid(0fb7f90caa5da0a47a20c31f8d66dfdb) Importer(815301076,1909f56bfc062723c751e8b465ee728b)  -> (artifact id: 'd56c45af32ecc01ef9a2711b1c11f348') in 0.018018 seconds
Number of updated asset objects reloaded before import = 0
Number of asset objects unloaded after import = 2
========================================================================
Received Import Request.
  Time since last request: 0.104475 seconds.
  path: Assets/Furniture/Source/Textures/fotel2D_BaseColor.tga
  artifactKey: Guid(bc479da0ad59e3f4180fba37878275f1) Importer(815301076,1909f56bfc062723c751e8b465ee728b)
Start importing Assets/Furniture/Source/Textures/fotel2D_BaseColor.tga using Guid(bc479da0ad59e3f4180fba37878275f1) Importer(815301076,1909f56bfc062723c751e8b465ee728b)  -> (artifact id: 'b4c91fdb4f8ca4ffa281d239dc2a5e75') in 0.022300 seconds
Number of updated asset objects reloaded before import = 0
Number of asset objects unloaded after import = 2
========================================================================
Received Import Request.
  Time since last request: 0.000015 seconds.
  path: Assets/Furniture/Source/Textures/fotel2D_Normal.tga
  artifactKey: Guid(69935d7f86f2bed45886b2eb30177bdc) Importer(815301076,1909f56bfc062723c751e8b465ee728b)
Start importing Assets/Furniture/Source/Textures/fotel2D_Normal.tga using Guid(69935d7f86f2bed45886b2eb30177bdc) Importer(815301076,1909f56bfc062723c751e8b465ee728b)  -> (artifact id: '2feada64e50131ae235baa6a4bd9785b') in 0.037026 seconds
Number of updated asset objects reloaded before import = 0
Number of asset objects unloaded after import = 2
========================================================================
Received Import Request.
  Time since last request: 0.171501 seconds.
  path: Assets/Furniture/Source/Textures/Kom_mask.tga
  artifactKey: Guid(0077365039974c643b5e82731ad9261e) Importer(815301076,1909f56bfc062723c751e8b465ee728b)
Start importing Assets/Furniture/Source/Textures/Kom_mask.tga using Guid(0077365039974c643b5e82731ad9261e) Importer(815301076,1909f56bfc062723c751e8b465ee728b)  -> (artifact id: '99b4c42f7ee03dc1b88ee6506141bfb4') in 0.014867 seconds
Number of updated asset objects reloaded before import = 0
Number of asset objects unloaded after import = 2
========================================================================
Received Import Request.
  Time since last request: 0.059930 seconds.
  path: Assets/Furniture/Source/Textures/komm2_mask.tga
  artifactKey: Guid(a1668777f602f39458d5e305d1360da7) Importer(815301076,1909f56bfc062723c751e8b465ee728b)
Start importing Assets/Furniture/Source/Textures/komm2_mask.tga using Guid(a1668777f602f39458d5e305d1360da7) Importer(815301076,1909f56bfc062723c751e8b465ee728b)  -> (artifact id: '51ddae1892ef21fe2e7c2a5fa096102b') in 0.016906 seconds
Number of updated asset objects reloaded before import = 0
Number of asset objects unloaded after import = 2
========================================================================
Received Import Request.
  Time since last request: 0.000013 seconds.
  path: Assets/Furniture/Source/Textures/komm2_Normal.png
  artifactKey: Guid(b30f3540dbfc6ab49aceb559e7a42da8) Importer(815301076,1909f56bfc062723c751e8b465ee728b)
Start importing Assets/Furniture/Source/Textures/komm2_Normal.png using Guid(b30f3540dbfc6ab49aceb559e7a42da8) Importer(815301076,1909f56bfc062723c751e8b465ee728b)  -> (artifact id: '16dda9895ff36491b3be3cd5a70f1be8') in 0.013383 seconds
Number of updated asset objects reloaded before import = 0
Number of asset objects unloaded after import = 2
========================================================================
Received Import Request.
  Time since last request: 1.121640 seconds.
  path: Assets/Furniture/Source/Textures/MetalTable_mask.tga
  artifactKey: Guid(e529ab6846575444c8abcdcd06938b34) Importer(815301076,1909f56bfc062723c751e8b465ee728b)
Start importing Assets/Furniture/Source/Textures/MetalTable_mask.tga using Guid(e529ab6846575444c8abcdcd06938b34) Importer(815301076,1909f56bfc062723c751e8b465ee728b)  -> (artifact id: '44784df807df141d84b7c0f4b3a0b7d5') in 0.017244 seconds
Number of updated asset objects reloaded before import = 0
Number of asset objects unloaded after import = 2
========================================================================
Received Import Request.
  Time since last request: 0.000017 seconds.
  path: Assets/Furniture/Source/Textures/MetalTable_Normal.tga
  artifactKey: Guid(21546a25b584c5047a08184b300200c2) Importer(815301076,1909f56bfc062723c751e8b465ee728b)
Start importing Assets/Furniture/Source/Textures/MetalTable_Normal.tga using Guid(21546a25b584c5047a08184b300200c2) Importer(815301076,1909f56bfc062723c751e8b465ee728b)  -> (artifact id: 'e73dade566abb7ffe3027ffb915c34d6') in 0.013264 seconds
Number of updated asset objects reloaded before import = 0
Number of asset objects unloaded after import = 2
========================================================================
Received Import Request.
  Time since last request: 0.325968 seconds.
  path: Assets/Furniture/Source/Textures/RoundTable_mask.tga
  artifactKey: Guid(2d82b954c8fa37e4dadbd2bdc219ea2f) Importer(815301076,1909f56bfc062723c751e8b465ee728b)
Start importing Assets/Furniture/Source/Textures/RoundTable_mask.tga using Guid(2d82b954c8fa37e4dadbd2bdc219ea2f) Importer(815301076,1909f56bfc062723c751e8b465ee728b)  -> (artifact id: 'fc0cfca0869f2730ca2df1bfc1849c2d') in 0.018377 seconds
Number of updated asset objects reloaded before import = 0
Number of asset objects unloaded after import = 2
========================================================================
Received Import Request.
  Time since last request: 0.000039 seconds.
  path: Assets/Furniture/Source/Textures/RoundTable_Normal.tga
  artifactKey: Guid(c769d772c3e960b4cb4fde9b52101b27) Importer(815301076,1909f56bfc062723c751e8b465ee728b)
Start importing Assets/Furniture/Source/Textures/RoundTable_Normal.tga using Guid(c769d772c3e960b4cb4fde9b52101b27) Importer(815301076,1909f56bfc062723c751e8b465ee728b)  -> (artifact id: '398c436d252f6a8a9107b6d159ee199d') in 0.014380 seconds
Number of updated asset objects reloaded before import = 0
Number of asset objects unloaded after import = 2
========================================================================
Received Import Request.
  Time since last request: 43.682916 seconds.
  path: Assets/Challenges/02_3DPainting/Prefabs/Cube.prefab
  artifactKey: Guid(d5ce24e5a4b7c204f91c5fcf332df0e0) Importer(815301076,1909f56bfc062723c751e8b465ee728b)
Start importing Assets/Challenges/02_3DPainting/Prefabs/Cube.prefab using Guid(d5ce24e5a4b7c204f91c5fcf332df0e0) Importer(815301076,1909f56bfc062723c751e8b465ee728b)  -> (artifact id: '2665f496097bbfd6d5ff3db3761c75de') in 0.262885 seconds
Number of updated asset objects reloaded before import = 0
Number of asset objects unloaded after import = 9
========================================================================
Received Import Request.
  Time since last request: 0.000027 seconds.
  path: Assets/_Course Library/Audio/Music/Music_Classical_Beethoven_Moonlight-Sonata.ogg
  artifactKey: Guid(17e53586d00594414b8cb9c4bf7cfd7e) Importer(815301076,1909f56bfc062723c751e8b465ee728b)
Start importing Assets/_Course Library/Audio/Music/Music_Classical_Beethoven_Moonlight-Sonata.ogg using Guid(17e53586d00594414b8cb9c4bf7cfd7e) Importer(815301076,1909f56bfc062723c751e8b465ee728b)  -> (artifact id: 'e33a3d297df1329179c8fe61a888a324') in 0.021854 seconds
Number of updated asset objects reloaded before import = 0
Number of asset objects unloaded after import = 2
========================================================================
Received Import Request.
  Time since last request: 0.000031 seconds.
  path: Assets/Furniture/Source/Mesh/3Seat2.fbx
  artifactKey: Guid(fd8712e1a3b95bf408cf1bf15fb9a131) Importer(815301076,1909f56bfc062723c751e8b465ee728b)
Start importing Assets/Furniture/Source/Mesh/3Seat2.fbx using Guid(fd8712e1a3b95bf408cf1bf15fb9a131) Importer(815301076,1909f56bfc062723c751e8b465ee728b)  -> (artifact id: '5d107663294f45c334cf311603ee3c07') in 0.046733 seconds
Number of updated asset objects reloaded before import = 0
Number of asset objects unloaded after import = 13
Editor requested this worker to shutdown with reason: Scaling down because of idle timeout
TcpMessagingSession - receive error
AssetImportWorkerClient::OnTransportError - code=2 error=End of file
AssetImportWorker is now disconnected from the server
Process exiting
Exiting without the bug reporter. Application will terminate with return code 0