Using pre-set license
Built from '2022.3/staging' branch; Version is '2022.3.9f1 (ea401c316338) revision 15351836'; Using compiler version '192829333'; Build Type 'Release'
OS: 'Windows 11  (10.0.22000) 64bit Professional' Language: 'en' Physical Memory: 16222 MB
BatchMode: 1, IsHumanControllingUs: 0, StartBugReporterOnCrash: 0, Is64bit: 1, IsPro: 1

COMMAND LINE ARGUMENTS:
C:\Program Files\Unity\Hub\Editor\2022.3.9f1\Editor\Unity.exe
-adb2
-batchMode
-noUpm
-name
AssetImportWorker20
-projectPath
C:/Users/User/Desktop/ca-piotrWarkocki2003/Create with VR/VR Room-Piotr
-logFile
Logs/AssetImportWorker20.log
-srvPort
50169
Successfully changed project path to: C:/Users/User/Desktop/ca-piotrWarkocki2003/Create with VR/VR Room-Piotr
C:/Users/User/Desktop/ca-piotrWarkocki2003/Create with VR/VR Room-Piotr
[UnityMemory] Configuration Parameters - Can be set up in boot.config
    "memorysetup-bucket-allocator-granularity=16"
    "memorysetup-bucket-allocator-bucket-count=8"
    "memorysetup-bucket-allocator-block-size=33554432"
    "memorysetup-bucket-allocator-block-count=8"
    "memorysetup-main-allocator-block-size=16777216"
    "memorysetup-thread-allocator-block-size=16777216"
    "memorysetup-gfx-main-allocator-block-size=16777216"
    "memorysetup-gfx-thread-allocator-block-size=16777216"
    "memorysetup-cache-allocator-block-size=4194304"
    "memorysetup-typetree-allocator-block-size=2097152"
    "memorysetup-profiler-bucket-allocator-granularity=16"
    "memorysetup-profiler-bucket-allocator-bucket-count=8"
    "memorysetup-profiler-bucket-allocator-block-size=33554432"
    "memorysetup-profiler-bucket-allocator-block-count=8"
    "memorysetup-profiler-allocator-block-size=16777216"
    "memorysetup-profiler-editor-allocator-block-size=1048576"
    "memorysetup-temp-allocator-size-main=16777216"
    "memorysetup-job-temp-allocator-block-size=2097152"
    "memorysetup-job-temp-allocator-block-size-background=1048576"
    "memorysetup-job-temp-allocator-reduction-small-platforms=262144"
    "memorysetup-allocator-temp-initial-block-size-main=262144"
    "memorysetup-allocator-temp-initial-block-size-worker=262144"
    "memorysetup-temp-allocator-size-background-worker=32768"
    "memorysetup-temp-allocator-size-job-worker=262144"
    "memorysetup-temp-allocator-size-preload-manager=33554432"
    "memorysetup-temp-allocator-size-nav-mesh-worker=65536"
    "memorysetup-temp-allocator-size-audio-worker=65536"
    "memorysetup-temp-allocator-size-cloud-worker=32768"
    "memorysetup-temp-allocator-size-gi-baking-worker=262144"
    "memorysetup-temp-allocator-size-gfx=262144"
Player connection [16552] Host "[IP] 172.17.122.121 [Port] 0 [Flags] 2 [Guid] 4015130866 [EditorId] 4015130866 [Version] 1048832 [Id] WindowsEditor(7,Piotr-Laptop) [Debug] 1 [PackageName] WindowsEditor [ProjectName] Editor" joined multi-casting on [225.0.0.222:54997]...

Player connection [16552] Host "[IP] 172.17.122.121 [Port] 0 [Flags] 2 [Guid] 4015130866 [EditorId] 4015130866 [Version] 1048832 [Id] WindowsEditor(7,Piotr-Laptop) [Debug] 1 [PackageName] WindowsEditor [ProjectName] Editor" joined alternative multi-casting on [225.0.0.222:34997]...

[Physics::Module] Initialized MultithreadedJobDispatcher with 11 workers.
Refreshing native plugins compatible for Editor in 20.19 ms, found 10 plugins.
Preloading 1 native plugins for Editor in 0.43 ms.
Initialize engine version: 2022.3.9f1 (ea401c316338)
[Subsystems] Discovering subsystems at path C:/Program Files/Unity/Hub/Editor/2022.3.9f1/Editor/Data/Resources/UnitySubsystems
[Subsystems] Discovering subsystems at path C:/Users/User/Desktop/ca-piotrWarkocki2003/Create with VR/VR Room-Piotr/Assets
GfxDevice: creating device client; threaded=0; jobified=0
Direct3D:
    Version:  Direct3D 11.0 [level 11.1]
    Renderer: NVIDIA GeForce RTX 2080 Super (ID=0x1ed3)
    Vendor:   NVIDIA
    VRAM:     8010 MB
    Driver:   30.0.15.1278
Initialize mono
Mono path[0] = 'C:/Program Files/Unity/Hub/Editor/2022.3.9f1/Editor/Data/Managed'
Mono path[1] = 'C:/Program Files/Unity/Hub/Editor/2022.3.9f1/Editor/Data/MonoBleedingEdge/lib/mono/unityjit-win32'
Mono config path = 'C:/Program Files/Unity/Hub/Editor/2022.3.9f1/Editor/Data/MonoBleedingEdge/etc'
Using monoOptions --debugger-agent=transport=dt_socket,embedding=1,server=y,suspend=n,address=127.0.0.1:56412
Begin MonoManager ReloadAssembly
Registering precompiled unity dll's ...
Register platform support module: C:/Program Files/Unity/Hub/Editor/2022.3.9f1/Editor/Data/PlaybackEngines/WindowsStandaloneSupport/UnityEditor.WindowsStandalone.Extensions.dll
Registered in 0.005940 seconds.
- Loaded All Assemblies, in  0.312 seconds
Native extension for WindowsStandalone target not found
Mono: successfully reloaded assembly
- Finished resetting the current domain, in  0.224 seconds
Domain Reload Profiling: 535ms
	BeginReloadAssembly (87ms)
		ExecutionOrderSort (0ms)
		DisableScriptedObjects (0ms)
		BackupInstance (0ms)
		ReleaseScriptingObjects (0ms)
		CreateAndSetChildDomain (1ms)
	RebuildCommonClasses (42ms)
	RebuildNativeTypeToScriptingClass (10ms)
	initialDomainReloadingComplete (50ms)
	LoadAllAssembliesAndSetupDomain (121ms)
		LoadAssemblies (85ms)
		RebuildTransferFunctionScriptingTraits (0ms)
		AnalyzeDomain (120ms)
			TypeCache.Refresh (119ms)
				TypeCache.ScanAssembly (107ms)
			ScanForSourceGeneratedMonoScriptInfo (0ms)
			ResolveRequiredComponents (0ms)
	FinalizeReload (225ms)
		ReleaseScriptCaches (0ms)
		RebuildScriptCaches (0ms)
		SetupLoadedEditorAssemblies (173ms)
			LogAssemblyErrors (0ms)
			InitializePlatformSupportModulesInManaged (8ms)
			SetLoadedEditorAssemblies (6ms)
			RefreshPlugins (0ms)
			BeforeProcessingInitializeOnLoad (2ms)
			ProcessInitializeOnLoadAttributes (113ms)
			ProcessInitializeOnLoadMethodAttributes (44ms)
			AfterProcessingInitializeOnLoad (0ms)
			EditorAssembliesLoaded (0ms)
		ExecutionOrderSort2 (0ms)
		AwakeInstancesAfterBackupRestoration (0ms)
========================================================================
Worker process is ready to serve import requests
Begin MonoManager ReloadAssembly
- Loaded All Assemblies, in  0.651 seconds
Refreshing native plugins compatible for Editor in 12.18 ms, found 10 plugins.
Native extension for WindowsStandalone target not found
Package Manager log level set to [2]
[Package Manager] Server::EnsureServerProcessIsRunning -- launch failed, reason: Unity was launched with the -noUpm command-line argument
[Package Manager] UpmClient::Send -- Unable to send message (not connected to UPM process).
[Package Manager] Cannot connect to Unity Package Manager local server
[Package Manager] Server::EnsureServerProcessIsRunning -- launch failed, reason: Unity was launched with the -noUpm command-line argument
[Package Manager] UpmClient::Send -- Unable to send message (not connected to UPM process).
[Package Manager] Cannot connect to Unity Package Manager local server
Mono: successfully reloaded assembly
[Package Manager] Server::EnsureServerProcessIsRunning -- launch failed, reason: Unity was launched with the -noUpm command-line argument
[Package Manager] UpmClient::Send -- Unable to send message (not connected to UPM process).
[Package Manager] Cannot connect to Unity Package Manager local server
[Package Manager] Server::EnsureServerProcessIsRunning -- launch failed, reason: Unity was launched with the -noUpm command-line argument
[Package Manager] UpmClient::Send -- Unable to send message (not connected to UPM process).
[Package Manager] Cannot connect to Unity Package Manager local server
- Finished resetting the current domain, in  0.665 seconds
Domain Reload Profiling: 1312ms
	BeginReloadAssembly (122ms)
		ExecutionOrderSort (0ms)
		DisableScriptedObjects (4ms)
		BackupInstance (0ms)
		ReleaseScriptingObjects (0ms)
		CreateAndSetChildDomain (17ms)
	RebuildCommonClasses (30ms)
	RebuildNativeTypeToScriptingClass (10ms)
	initialDomainReloadingComplete (37ms)
	LoadAllAssembliesAndSetupDomain (448ms)
		LoadAssemblies (297ms)
		RebuildTransferFunctionScriptingTraits (0ms)
		AnalyzeDomain (222ms)
			TypeCache.Refresh (185ms)
				TypeCache.ScanAssembly (168ms)
			ScanForSourceGeneratedMonoScriptInfo (25ms)
			ResolveRequiredComponents (11ms)
	FinalizeReload (666ms)
		ReleaseScriptCaches (0ms)
		RebuildScriptCaches (0ms)
		SetupLoadedEditorAssemblies (511ms)
			LogAssemblyErrors (0ms)
			InitializePlatformSupportModulesInManaged (6ms)
			SetLoadedEditorAssemblies (7ms)
			RefreshPlugins (0ms)
			BeforeProcessingInitializeOnLoad (75ms)
			ProcessInitializeOnLoadAttributes (334ms)
			ProcessInitializeOnLoadMethodAttributes (82ms)
			AfterProcessingInitializeOnLoad (7ms)
			EditorAssembliesLoaded (0ms)
		ExecutionOrderSort2 (0ms)
		AwakeInstancesAfterBackupRestoration (5ms)
Launched and connected shader compiler UnityShaderCompiler.exe after 0.04 seconds
Refreshing native plugins compatible for Editor in 12.82 ms, found 10 plugins.
Preloading 1 native plugins for Editor in 0.05 ms.
Unloading 6158 Unused Serialized files (Serialized files now loaded: 0)
Unloading 108 unused Assets / (367.7 KB). Loaded Objects now: 6619.
Memory consumption went from 225.1 MB to 224.7 MB.
Total: 3.752800 ms (FindLiveObjects: 0.494700 ms CreateObjectMapping: 0.561400 ms MarkObjects: 2.484400 ms  DeleteObjects: 0.211500 ms)

AssetImportParameters requested are different than current active one (requested -> active):
  custom:container-demuxer-ogg: 62fdf1f143b41e24485cea50d1cbac27 -> 
  custom:video-decoder-ogg-theora: a1e56fd34408186e4bbccfd4996cb3dc -> 
  custom:framework-win-MediaFoundation: 216162199b28c13a410421893ffa2e32 -> 
  custom:CustomObjectIndexerAttribute: a3ef5dd2817f97addfee359851a9dba5 -> 
  custom:container-demuxer-webm: 4f35f7cbe854078d1ac9338744f61a02 -> 
  custom:container-muxer-webm: aa71ff27fc2769a1b78a27578f13a17b -> 
  custom:video-decoder-webm-vp8: 9c59270c3fd7afecdb556c50c9e8de78 -> 
  custom:SearchIndexIgnoredProperties: e643bd26f0fe6173181afceb89e7c659 -> 
  custom:AudioImporter_EditorPlatform: d09bf68614088b80899f8185d706f6e7 -> 
  custom:video-encoder-webm-vp8: eb34c28f22e8b96e1ab97ce403110664 -> 
  custom:audio-decoder-ogg-vorbis: bf7c407c2cedff20999df2af8eb42d56 -> 
  custom:audio-encoder-webm-vorbis: bf7c407c2cedff20999df2af8eb42d56 -> 
========================================================================
Received Import Request.
  Time since last request: 23223.131234 seconds.
  path: Assets/Japan2.mat
  artifactKey: Guid(af9c6cd1300610849b1356cb3ebf0ca3) Importer(815301076,1909f56bfc062723c751e8b465ee728b)
Start importing Assets/Japan2.mat using Guid(af9c6cd1300610849b1356cb3ebf0ca3) Importer(815301076,1909f56bfc062723c751e8b465ee728b)  -> (artifact id: 'f908de409f67a2beb6c4fb52dd5b5f8d') in 0.285797 seconds
Number of updated asset objects reloaded before import = 0
Number of asset objects unloaded after import = 3
========================================================================
Received Import Request.
  Time since last request: 54.807350 seconds.
  path: Assets/Oculus/Spatializer/scenes/sounds/vocal1.ogg
  artifactKey: Guid(33a0d552717ab4c2e87a77c856d9aaf3) Importer(815301076,1909f56bfc062723c751e8b465ee728b)
Start importing Assets/Oculus/Spatializer/scenes/sounds/vocal1.ogg using Guid(33a0d552717ab4c2e87a77c856d9aaf3) Importer(815301076,1909f56bfc062723c751e8b465ee728b)  -> (artifact id: '5c793d6292bd7274d0c14e8f35a5dc76') in 0.034364 seconds
Number of updated asset objects reloaded before import = 0
Number of asset objects unloaded after import = 2
========================================================================
Received Import Request.
  Time since last request: 3.690719 seconds.
  path: Assets/ADI/Voxel Office Props/Models/chairBack1.obj
  artifactKey: Guid(d15483e18c4f458488489d7e895c3879) Importer(815301076,1909f56bfc062723c751e8b465ee728b)
Start importing Assets/ADI/Voxel Office Props/Models/chairBack1.obj using Guid(d15483e18c4f458488489d7e895c3879) Importer(815301076,1909f56bfc062723c751e8b465ee728b)  -> (artifact id: '5abeb0a35fc8d17d485cba22ad457239') in 0.038302 seconds
Number of updated asset objects reloaded before import = 0
Number of asset objects unloaded after import = 10
========================================================================
Received Import Request.
  Time since last request: 0.072339 seconds.
  path: Assets/ADI/Voxel Office Props/Models/chairBack2.obj
  artifactKey: Guid(acb4744b07591f848b9849dc9654d7a1) Importer(815301076,1909f56bfc062723c751e8b465ee728b)
Start importing Assets/ADI/Voxel Office Props/Models/chairBack2.obj using Guid(acb4744b07591f848b9849dc9654d7a1) Importer(815301076,1909f56bfc062723c751e8b465ee728b)  -> (artifact id: '6f4c1ce993a1f3776dba4c0f54477b1a') in 0.017681 seconds
Number of updated asset objects reloaded before import = 0
Number of asset objects unloaded after import = 10
========================================================================
Received Import Request.
  Time since last request: 0.091607 seconds.
  path: Assets/ADI/Voxel Office Props/Models/documents.obj
  artifactKey: Guid(7d0a8867ee1f5ef4cb7686c682dbf563) Importer(815301076,1909f56bfc062723c751e8b465ee728b)
Start importing Assets/ADI/Voxel Office Props/Models/documents.obj using Guid(7d0a8867ee1f5ef4cb7686c682dbf563) Importer(815301076,1909f56bfc062723c751e8b465ee728b)  -> (artifact id: '1bf0e108cf2816ed06429beceaee0afa') in 0.013024 seconds
Number of updated asset objects reloaded before import = 0
Number of asset objects unloaded after import = 10
========================================================================
Received Import Request.
  Time since last request: 0.096755 seconds.
  path: Assets/ADI/Voxel Office Props/Models/fillingCabinetDrawDocs.obj
  artifactKey: Guid(950f8264316af2649a6a87601ee42391) Importer(815301076,1909f56bfc062723c751e8b465ee728b)
Start importing Assets/ADI/Voxel Office Props/Models/fillingCabinetDrawDocs.obj using Guid(950f8264316af2649a6a87601ee42391) Importer(815301076,1909f56bfc062723c751e8b465ee728b)  -> (artifact id: '20442d07001248962311d640f73ddd6a') in 0.021614 seconds
Number of updated asset objects reloaded before import = 0
Number of asset objects unloaded after import = 10
========================================================================
Received Import Request.
  Time since last request: 0.000024 seconds.
  path: Assets/ADI/Voxel Office Props/Models/keypad.obj
  artifactKey: Guid(8d7d41194e14da84182b2170f5d75ea7) Importer(815301076,1909f56bfc062723c751e8b465ee728b)
Start importing Assets/ADI/Voxel Office Props/Models/keypad.obj using Guid(8d7d41194e14da84182b2170f5d75ea7) Importer(815301076,1909f56bfc062723c751e8b465ee728b)  -> (artifact id: 'df84b23f99bbc125261ef40b7e95bab1') in 0.015192 seconds
Number of updated asset objects reloaded before import = 0
Number of asset objects unloaded after import = 10
========================================================================
Received Import Request.
  Time since last request: 0.000015 seconds.
  path: Assets/ADI/Voxel Office Props/Models/keyboard.obj
  artifactKey: Guid(4c6f6c569f9f6cd4aa36702def42c80c) Importer(815301076,1909f56bfc062723c751e8b465ee728b)
Start importing Assets/ADI/Voxel Office Props/Models/keyboard.obj using Guid(4c6f6c569f9f6cd4aa36702def42c80c) Importer(815301076,1909f56bfc062723c751e8b465ee728b)  -> (artifact id: '90bd65ec21e6d624a57703a2079b92bc') in 0.015341 seconds
Number of updated asset objects reloaded before import = 0
Number of asset objects unloaded after import = 10
========================================================================
Received Import Request.
  Time since last request: 0.000019 seconds.
  path: Assets/ADI/Voxel Office Props/Models/laptop.obj
  artifactKey: Guid(e5948365778fafb40a1465acdd6674f6) Importer(815301076,1909f56bfc062723c751e8b465ee728b)
Start importing Assets/ADI/Voxel Office Props/Models/laptop.obj using Guid(e5948365778fafb40a1465acdd6674f6) Importer(815301076,1909f56bfc062723c751e8b465ee728b)  -> (artifact id: 'f762c03ced55a8732f548294d0e1fd35') in 0.015357 seconds
Number of updated asset objects reloaded before import = 0
Number of asset objects unloaded after import = 10
========================================================================
Received Import Request.
  Time since last request: 0.000013 seconds.
  path: Assets/ADI/Voxel Office Props/Models/pc.obj
  artifactKey: Guid(6c57c3bd7c5d3cb44976f1e68ce0edb3) Importer(815301076,1909f56bfc062723c751e8b465ee728b)
Start importing Assets/ADI/Voxel Office Props/Models/pc.obj using Guid(6c57c3bd7c5d3cb44976f1e68ce0edb3) Importer(815301076,1909f56bfc062723c751e8b465ee728b)  -> (artifact id: 'b1fc7fa7346cfd0fe81490f858aa379a') in 0.014940 seconds
Number of updated asset objects reloaded before import = 0
Number of asset objects unloaded after import = 10
========================================================================
Received Import Request.
  Time since last request: 0.000015 seconds.
  path: Assets/ADI/Voxel Office Props/Models/phone.obj
  artifactKey: Guid(8c5485112596bc249a989d0b9bc605c9) Importer(815301076,1909f56bfc062723c751e8b465ee728b)
Start importing Assets/ADI/Voxel Office Props/Models/phone.obj using Guid(8c5485112596bc249a989d0b9bc605c9) Importer(815301076,1909f56bfc062723c751e8b465ee728b)  -> (artifact id: 'b40c3fc4b73e53a5cc06a8a24b7db4a0') in 0.017028 seconds
Number of updated asset objects reloaded before import = 0
Number of asset objects unloaded after import = 10
========================================================================
Received Import Request.
  Time since last request: 0.000027 seconds.
  path: Assets/ADI/Voxel Office Props/Models/diary.obj
  artifactKey: Guid(c7e8d1fcae89b904fb8d4e3365ec06b6) Importer(815301076,1909f56bfc062723c751e8b465ee728b)
Start importing Assets/ADI/Voxel Office Props/Models/diary.obj using Guid(c7e8d1fcae89b904fb8d4e3365ec06b6) Importer(815301076,1909f56bfc062723c751e8b465ee728b)  -> (artifact id: 'ea26e407c205ff1186e3110796c87505') in 0.016894 seconds
Number of updated asset objects reloaded before import = 0
Number of asset objects unloaded after import = 10
========================================================================
Received Import Request.
  Time since last request: 0.000017 seconds.
  path: Assets/ADI/Voxel Office Props/Models/smartPhone.obj
  artifactKey: Guid(a7903522ce785ee449760ce2b5892092) Importer(815301076,1909f56bfc062723c751e8b465ee728b)
Start importing Assets/ADI/Voxel Office Props/Models/smartPhone.obj using Guid(a7903522ce785ee449760ce2b5892092) Importer(815301076,1909f56bfc062723c751e8b465ee728b)  -> (artifact id: 'a65a8fd978ce22f0234efafcc4354ca8') in 0.015350 seconds
Number of updated asset objects reloaded before import = 0
Number of asset objects unloaded after import = 10
========================================================================
Received Import Request.
  Time since last request: 0.000016 seconds.
  path: Assets/ADI/Voxel Office Props/Models/tableEndLit.obj
  artifactKey: Guid(e450c1265206c30418da824a4561ff84) Importer(815301076,1909f56bfc062723c751e8b465ee728b)
Start importing Assets/ADI/Voxel Office Props/Models/tableEndLit.obj using Guid(e450c1265206c30418da824a4561ff84) Importer(815301076,1909f56bfc062723c751e8b465ee728b)  -> (artifact id: 'b91bade6fa4c0dbb5062cf1e800c12ae') in 0.017518 seconds
Number of updated asset objects reloaded before import = 0
Number of asset objects unloaded after import = 10
========================================================================
Received Import Request.
  Time since last request: 0.000017 seconds.
  path: Assets/ADI/Voxel Office Props/Models/projector.obj
  artifactKey: Guid(147e35324013e63498a57d22c170d631) Importer(815301076,1909f56bfc062723c751e8b465ee728b)
Start importing Assets/ADI/Voxel Office Props/Models/projector.obj using Guid(147e35324013e63498a57d22c170d631) Importer(815301076,1909f56bfc062723c751e8b465ee728b)  -> (artifact id: 'c37f87a073e7a5290dd94759ddb1edf6') in 0.017851 seconds
Number of updated asset objects reloaded before import = 0
Number of asset objects unloaded after import = 10
========================================================================
Received Import Request.
  Time since last request: 0.000024 seconds.
  path: Assets/ADI/Voxel Office Props/Models/tableEnd.obj
  artifactKey: Guid(af62ecfab9c43484bba3fc1c06d65cf1) Importer(815301076,1909f56bfc062723c751e8b465ee728b)
Start importing Assets/ADI/Voxel Office Props/Models/tableEnd.obj using Guid(af62ecfab9c43484bba3fc1c06d65cf1) Importer(815301076,1909f56bfc062723c751e8b465ee728b)  -> (artifact id: '748faab43bce67d7782bfabec6d79c52') in 0.016525 seconds
Number of updated asset objects reloaded before import = 0
Number of asset objects unloaded after import = 10
========================================================================
Received Import Request.
  Time since last request: 0.000021 seconds.
  path: Assets/ADI/Voxel Office Props/Models/tableCentre.obj
  artifactKey: Guid(71d71b0e645b8794eb00f9e5c9264fe2) Importer(815301076,1909f56bfc062723c751e8b465ee728b)
Start importing Assets/ADI/Voxel Office Props/Models/tableCentre.obj using Guid(71d71b0e645b8794eb00f9e5c9264fe2) Importer(815301076,1909f56bfc062723c751e8b465ee728b)  -> (artifact id: '7d72b98fddaaabd09a582f9a230571e9') in 0.015530 seconds
Number of updated asset objects reloaded before import = 0
Number of asset objects unloaded after import = 10
========================================================================
Received Import Request.
  Time since last request: 0.000016 seconds.
  path: Assets/ADI/Voxel Office Props/Models/chairBase.obj
  artifactKey: Guid(af425758750c7ad43ab4577686d45f94) Importer(815301076,1909f56bfc062723c751e8b465ee728b)
Start importing Assets/ADI/Voxel Office Props/Models/chairBase.obj using Guid(af425758750c7ad43ab4577686d45f94) Importer(815301076,1909f56bfc062723c751e8b465ee728b)  -> (artifact id: 'afba97d11cfd2a4a89fe1357a289a88e') in 0.016695 seconds
Number of updated asset objects reloaded before import = 0
Number of asset objects unloaded after import = 10
========================================================================
Received Import Request.
  Time since last request: 2.354250 seconds.
  path: Assets/ADI/Voxel Office Props/Prefabs/chair1.prefab
  artifactKey: Guid(1dd53bfeddd31c8438f1ccec6faf5f1d) Importer(815301076,1909f56bfc062723c751e8b465ee728b)
Start importing Assets/ADI/Voxel Office Props/Prefabs/chair1.prefab using Guid(1dd53bfeddd31c8438f1ccec6faf5f1d) Importer(815301076,1909f56bfc062723c751e8b465ee728b)  -> (artifact id: '76092d77ce64d435ce8a56bc3a90a188') in 0.010565 seconds
Number of updated asset objects reloaded before import = 0
Number of asset objects unloaded after import = 20
========================================================================
Received Import Request.
  Time since last request: 0.000015 seconds.
  path: Assets/ADI/Voxel Office Props/Prefabs/pc.prefab
  artifactKey: Guid(f92a252e273fcb349b88813895ab0264) Importer(815301076,1909f56bfc062723c751e8b465ee728b)
Start importing Assets/ADI/Voxel Office Props/Prefabs/pc.prefab using Guid(f92a252e273fcb349b88813895ab0264) Importer(815301076,1909f56bfc062723c751e8b465ee728b)  -> (artifact id: 'b7ba4a5b9a696f6f9897ba5f7445d049') in 0.010510 seconds
Number of updated asset objects reloaded before import = 0
Number of asset objects unloaded after import = 12
========================================================================
Received Import Request.
  Time since last request: 0.000016 seconds.
  path: Assets/ADI/Voxel Office Props/Prefabs/printer2.prefab
  artifactKey: Guid(f91c6e282a539734e94d481779bb454d) Importer(815301076,1909f56bfc062723c751e8b465ee728b)
Start importing Assets/ADI/Voxel Office Props/Prefabs/printer2.prefab using Guid(f91c6e282a539734e94d481779bb454d) Importer(815301076,1909f56bfc062723c751e8b465ee728b)  -> (artifact id: '7c8d73f53db28aa06d1ef794c915b99b') in 0.008850 seconds
Number of updated asset objects reloaded before import = 0
Number of asset objects unloaded after import = 12
========================================================================
Received Import Request.
  Time since last request: 0.000018 seconds.
  path: Assets/ADI/Voxel Office Props/Prefabs/fillingCabinet.prefab
  artifactKey: Guid(2733057fdfdc3394bb27c77a4a5f5c5e) Importer(815301076,1909f56bfc062723c751e8b465ee728b)
Start importing Assets/ADI/Voxel Office Props/Prefabs/fillingCabinet.prefab using Guid(2733057fdfdc3394bb27c77a4a5f5c5e) Importer(815301076,1909f56bfc062723c751e8b465ee728b)  -> (artifact id: 'f0a9589549d87f375f3ff2f7b0efa034') in 0.008844 seconds
Number of updated asset objects reloaded before import = 0
Number of asset objects unloaded after import = 10
========================================================================
Received Import Request.
  Time since last request: 0.000021 seconds.
  path: Assets/ADI/Voxel Office Props/Prefabs/waterCooler.prefab
  artifactKey: Guid(a5175282aa463ff41a8fbb002ea1a60a) Importer(815301076,1909f56bfc062723c751e8b465ee728b)
Start importing Assets/ADI/Voxel Office Props/Prefabs/waterCooler.prefab using Guid(a5175282aa463ff41a8fbb002ea1a60a) Importer(815301076,1909f56bfc062723c751e8b465ee728b)  -> (artifact id: '978ede5320f0c4e68e90e58a0f87ce15') in 0.009480 seconds
Number of updated asset objects reloaded before import = 0
Number of asset objects unloaded after import = 12
========================================================================
Received Import Request.
  Time since last request: 0.000020 seconds.
  path: Assets/ADI/Voxel Office Props/Prefabs/tableCentre.prefab
  artifactKey: Guid(1e84a5c2113512345bfbace90f70fbe6) Importer(815301076,1909f56bfc062723c751e8b465ee728b)
Start importing Assets/ADI/Voxel Office Props/Prefabs/tableCentre.prefab using Guid(1e84a5c2113512345bfbace90f70fbe6) Importer(815301076,1909f56bfc062723c751e8b465ee728b)  -> (artifact id: '5dbc74143771cc2fb206d067038ffa6a') in 0.008076 seconds
Number of updated asset objects reloaded before import = 0
Number of asset objects unloaded after import = 10
========================================================================
Received Import Request.
  Time since last request: 0.000019 seconds.
  path: Assets/ADI/Voxel Office Props/Prefabs/tableEndLit.prefab
  artifactKey: Guid(933c5ab141b1aec46b263105a2d58288) Importer(815301076,1909f56bfc062723c751e8b465ee728b)
Start importing Assets/ADI/Voxel Office Props/Prefabs/tableEndLit.prefab using Guid(933c5ab141b1aec46b263105a2d58288) Importer(815301076,1909f56bfc062723c751e8b465ee728b)  -> (artifact id: '26212801c5796d7dd08984ec333eb7d6') in 0.008038 seconds
Number of updated asset objects reloaded before import = 0
Number of asset objects unloaded after import = 15
========================================================================
Received Import Request.
  Time since last request: 0.000018 seconds.
  path: Assets/ADI/Voxel Office Props/Prefabs/chair2.prefab
  artifactKey: Guid(a4c2179339aeac042866203c940e0718) Importer(815301076,1909f56bfc062723c751e8b465ee728b)
Start importing Assets/ADI/Voxel Office Props/Prefabs/chair2.prefab using Guid(a4c2179339aeac042866203c940e0718) Importer(815301076,1909f56bfc062723c751e8b465ee728b)  -> (artifact id: 'af59f4b4d9315c4a298671c00d7701f9') in 0.009092 seconds
Number of updated asset objects reloaded before import = 0
Number of asset objects unloaded after import = 20
========================================================================
Received Import Request.
  Time since last request: 0.000063 seconds.
  path: Assets/ADI/Voxel Office Props/Prefabs/desk1.prefab
  artifactKey: Guid(e1adc2d31fac236438c87e79d5c31628) Importer(815301076,1909f56bfc062723c751e8b465ee728b)
Start importing Assets/ADI/Voxel Office Props/Prefabs/desk1.prefab using Guid(e1adc2d31fac236438c87e79d5c31628) Importer(815301076,1909f56bfc062723c751e8b465ee728b)  -> (artifact id: 'e00f05f67bdaf24a9d11140672babe55') in 0.009109 seconds
Number of updated asset objects reloaded before import = 0
Number of asset objects unloaded after import = 10
========================================================================
Received Import Request.
  Time since last request: 0.000030 seconds.
  path: Assets/ADI/Voxel Office Props/Prefabs/fillingCabinetOpenable.prefab
  artifactKey: Guid(eb55cfc53f8a91b42b7c4e471bb2b538) Importer(815301076,1909f56bfc062723c751e8b465ee728b)
Start importing Assets/ADI/Voxel Office Props/Prefabs/fillingCabinetOpenable.prefab using Guid(eb55cfc53f8a91b42b7c4e471bb2b538) Importer(815301076,1909f56bfc062723c751e8b465ee728b)  -> (artifact id: 'fb438c174878e034de94ee746892998e') in 0.008439 seconds
Number of updated asset objects reloaded before import = 0
Number of asset objects unloaded after import = 38
========================================================================
Received Import Request.
  Time since last request: 0.000023 seconds.
  path: Assets/ADI/Voxel Office Props/Prefabs/keypad.prefab
  artifactKey: Guid(769d0371e7869b74db5b2dd0139d5279) Importer(815301076,1909f56bfc062723c751e8b465ee728b)
Start importing Assets/ADI/Voxel Office Props/Prefabs/keypad.prefab using Guid(769d0371e7869b74db5b2dd0139d5279) Importer(815301076,1909f56bfc062723c751e8b465ee728b)  -> (artifact id: '8c5c3f8e7612249243e25077fad04fdd') in 0.011845 seconds
Number of updated asset objects reloaded before import = 0
Number of asset objects unloaded after import = 12
========================================================================
Received Import Request.
  Time since last request: 0.000023 seconds.
  path: Assets/ADI/Voxel Office Props/Prefabs/tableEnd.prefab
  artifactKey: Guid(d7d2539748bafe84c9bdd4224d951310) Importer(815301076,1909f56bfc062723c751e8b465ee728b)
Start importing Assets/ADI/Voxel Office Props/Prefabs/tableEnd.prefab using Guid(d7d2539748bafe84c9bdd4224d951310) Importer(815301076,1909f56bfc062723c751e8b465ee728b)  -> (artifact id: '0fec674b9cce30f4e0bad83d9addd476') in 0.009643 seconds
Number of updated asset objects reloaded before import = 0
Number of asset objects unloaded after import = 10
========================================================================
Received Import Request.
  Time since last request: 0.000019 seconds.
  path: Assets/ADI/Voxel Office Props/Prefabs/laptop.prefab
  artifactKey: Guid(390b7f13f064f5745b7c4ac57b227424) Importer(815301076,1909f56bfc062723c751e8b465ee728b)
Start importing Assets/ADI/Voxel Office Props/Prefabs/laptop.prefab using Guid(390b7f13f064f5745b7c4ac57b227424) Importer(815301076,1909f56bfc062723c751e8b465ee728b)  -> (artifact id: '381f4adfc116059877e671c16ba61d7d') in 0.009385 seconds
Number of updated asset objects reloaded before import = 0
Number of asset objects unloaded after import = 12
========================================================================
Received Import Request.
  Time since last request: 0.000023 seconds.
  path: Assets/ADI/Voxel Office Props/Prefabs/tableCentreLit.prefab
  artifactKey: Guid(c1d75a91ec5a28c4689c58e8f48d944c) Importer(815301076,1909f56bfc062723c751e8b465ee728b)
Start importing Assets/ADI/Voxel Office Props/Prefabs/tableCentreLit.prefab using Guid(c1d75a91ec5a28c4689c58e8f48d944c) Importer(815301076,1909f56bfc062723c751e8b465ee728b)  -> (artifact id: '095978e4a2db55871b47aaa5851024ff') in 0.009539 seconds
Number of updated asset objects reloaded before import = 0
Number of asset objects unloaded after import = 15
========================================================================
Received Import Request.
  Time since last request: 14.723139 seconds.
  path: Assets/textures 1/DefaultMaterial_normal.png
  artifactKey: Guid(3a05ce20d0eeb6543b6e61f760553869) Importer(815301076,1909f56bfc062723c751e8b465ee728b)
Start importing Assets/textures 1/DefaultMaterial_normal.png using Guid(3a05ce20d0eeb6543b6e61f760553869) Importer(815301076,1909f56bfc062723c751e8b465ee728b)  -> (artifact id: '724c78855dc6a251f0fcceac1ca7edcd') in 0.048716 seconds
Number of updated asset objects reloaded before import = 0
Number of asset objects unloaded after import = 2
========================================================================
Received Import Request.
  Time since last request: 0.000029 seconds.
  path: Assets/textures 1/DefaultMaterial_roughness.jpeg
  artifactKey: Guid(b272d1fba344de446b3854fe821cd2aa) Importer(815301076,1909f56bfc062723c751e8b465ee728b)
Start importing Assets/textures 1/DefaultMaterial_roughness.jpeg using Guid(b272d1fba344de446b3854fe821cd2aa) Importer(815301076,1909f56bfc062723c751e8b465ee728b)  -> (artifact id: '6aa57cf1b2dc4e1392993cf7296408b3') in 0.025049 seconds
Number of updated asset objects reloaded before import = 0
Number of asset objects unloaded after import = 2
========================================================================
Received Import Request.
  Time since last request: 0.000019 seconds.
  path: Assets/ADI/Voxel Office Props/Materials/emmisionLayer.png
  artifactKey: Guid(14f1ebd14e552754e81784d7991ef473) Importer(815301076,1909f56bfc062723c751e8b465ee728b)
Start importing Assets/ADI/Voxel Office Props/Materials/emmisionLayer.png using Guid(14f1ebd14e552754e81784d7991ef473) Importer(815301076,1909f56bfc062723c751e8b465ee728b)  -> (artifact id: '8117a9f675d65ffcc56083ca9c9f3c2c') in 0.021415 seconds
Number of updated asset objects reloaded before import = 0
Number of asset objects unloaded after import = 2
========================================================================
Received Import Request.
  Time since last request: 115.815484 seconds.
  path: Assets/ADI/Voxel Office Props/Models/Materials/chairBack1Mat.mat
  artifactKey: Guid(56d9309cc2dab92418d94e9ab68bc942) Importer(815301076,1909f56bfc062723c751e8b465ee728b)
Start importing Assets/ADI/Voxel Office Props/Models/Materials/chairBack1Mat.mat using Guid(56d9309cc2dab92418d94e9ab68bc942) Importer(815301076,1909f56bfc062723c751e8b465ee728b)  -> (artifact id: 'f2e447de9d4d89a5db78d24b182ee280') in 0.007027 seconds
Number of updated asset objects reloaded before import = 0
Number of asset objects unloaded after import = 2
========================================================================
Received Import Request.
  Time since last request: 0.103866 seconds.
  path: Assets/ADI/Voxel Office Props/Models/Materials/chairBaseMat.mat
  artifactKey: Guid(3df406c59a01f734f81beb6c0fa3e765) Importer(815301076,1909f56bfc062723c751e8b465ee728b)
Start importing Assets/ADI/Voxel Office Props/Models/Materials/chairBaseMat.mat using Guid(3df406c59a01f734f81beb6c0fa3e765) Importer(815301076,1909f56bfc062723c751e8b465ee728b)  -> (artifact id: '43b3afbc9739a5037a3b0262bf16a947') in 0.007900 seconds
Number of updated asset objects reloaded before import = 0
Number of asset objects unloaded after import = 2
========================================================================
Received Import Request.
  Time since last request: 0.116454 seconds.
  path: Assets/ADI/Voxel Office Props/Models/Materials/documentsMat.mat
  artifactKey: Guid(fa2ae44165b4cc04b9dbd61401b44cf6) Importer(815301076,1909f56bfc062723c751e8b465ee728b)
Start importing Assets/ADI/Voxel Office Props/Models/Materials/documentsMat.mat using Guid(fa2ae44165b4cc04b9dbd61401b44cf6) Importer(815301076,1909f56bfc062723c751e8b465ee728b)  -> (artifact id: '6aab919dee4eae17c6fb4ba90cf3abd9') in 0.008113 seconds
Number of updated asset objects reloaded before import = 0
Number of asset objects unloaded after import = 2
========================================================================
Received Import Request.
  Time since last request: 0.126192 seconds.
  path: Assets/ADI/Voxel Office Props/Models/Materials/fillingCabinetDrawMat.mat
  artifactKey: Guid(4a557f2f79ca00d4b94806ba0bf73c62) Importer(815301076,1909f56bfc062723c751e8b465ee728b)
Start importing Assets/ADI/Voxel Office Props/Models/Materials/fillingCabinetDrawMat.mat using Guid(4a557f2f79ca00d4b94806ba0bf73c62) Importer(815301076,1909f56bfc062723c751e8b465ee728b)  -> (artifact id: 'f6504d7837cf06b770cd1df69c1bf2ea') in 0.008393 seconds
Number of updated asset objects reloaded before import = 0
Number of asset objects unloaded after import = 2
========================================================================
Received Import Request.
  Time since last request: 0.000021 seconds.
  path: Assets/ADI/Voxel Office Props/Models/Materials/smartPhoneLockedMat.mat
  artifactKey: Guid(575949a3f4e06eb4daff86d6afac426a) Importer(815301076,1909f56bfc062723c751e8b465ee728b)
Start importing Assets/ADI/Voxel Office Props/Models/Materials/smartPhoneLockedMat.mat using Guid(575949a3f4e06eb4daff86d6afac426a) Importer(815301076,1909f56bfc062723c751e8b465ee728b)  -> (artifact id: '5304bc7aa16d39d4e34f4a7e3f8ed345') in 0.010956 seconds
Number of updated asset objects reloaded before import = 0
Number of asset objects unloaded after import = 2
========================================================================
Received Import Request.
  Time since last request: 0.000026 seconds.
  path: Assets/ADI/Voxel Office Props/Models/Materials/printer2Mat.mat
  artifactKey: Guid(a6aee0725fef4964aa4a44eec952cbef) Importer(815301076,1909f56bfc062723c751e8b465ee728b)
Start importing Assets/ADI/Voxel Office Props/Models/Materials/printer2Mat.mat using Guid(a6aee0725fef4964aa4a44eec952cbef) Importer(815301076,1909f56bfc062723c751e8b465ee728b)  -> (artifact id: '5114c914cc981874971df3eb85314d2a') in 0.007672 seconds
Number of updated asset objects reloaded before import = 0
Number of asset objects unloaded after import = 2
========================================================================
Received Import Request.
  Time since last request: 0.000024 seconds.
  path: Assets/ADI/Voxel Office Props/Models/Materials/printerMat.mat
  artifactKey: Guid(b4225431b632ffc4a853ac28e67891b2) Importer(815301076,1909f56bfc062723c751e8b465ee728b)
Start importing Assets/ADI/Voxel Office Props/Models/Materials/printerMat.mat using Guid(b4225431b632ffc4a853ac28e67891b2) Importer(815301076,1909f56bfc062723c751e8b465ee728b)  -> (artifact id: '427467056fb0f65f288930eebbd9d931') in 0.010156 seconds
Number of updated asset objects reloaded before import = 0
Number of asset objects unloaded after import = 2
========================================================================
Received Import Request.
  Time since last request: 0.000021 seconds.
  path: Assets/ADI/Voxel Office Props/Models/Materials/desk1Mat.mat
  artifactKey: Guid(313ef8fc8eeb9ce469d7a23c525bfcee) Importer(815301076,1909f56bfc062723c751e8b465ee728b)
Start importing Assets/ADI/Voxel Office Props/Models/Materials/desk1Mat.mat using Guid(313ef8fc8eeb9ce469d7a23c525bfcee) Importer(815301076,1909f56bfc062723c751e8b465ee728b)  -> (artifact id: '2c197460e45d23800bb4fb2ac78b396a') in 0.008438 seconds
Number of updated asset objects reloaded before import = 0
Number of asset objects unloaded after import = 2
========================================================================
Received Import Request.
  Time since last request: 0.000023 seconds.
  path: Assets/ADI/Voxel Office Props/Models/Materials/fillingCabinetNoDrawsMat.mat
  artifactKey: Guid(441fc74832b5da141a0b2b81614e671f) Importer(815301076,1909f56bfc062723c751e8b465ee728b)
Start importing Assets/ADI/Voxel Office Props/Models/Materials/fillingCabinetNoDrawsMat.mat using Guid(441fc74832b5da141a0b2b81614e671f) Importer(815301076,1909f56bfc062723c751e8b465ee728b)  -> (artifact id: '709a20f9b9976687a14d65d926f683f4') in 0.015640 seconds
Number of updated asset objects reloaded before import = 0
Number of asset objects unloaded after import = 2
========================================================================
Received Import Request.
  Time since last request: 0.000016 seconds.
  path: Assets/ADI/Voxel Office Props/Models/Materials/tableCentreMat.mat
  artifactKey: Guid(894c74437e6373d48baf556f4af96f2d) Importer(815301076,1909f56bfc062723c751e8b465ee728b)
Start importing Assets/ADI/Voxel Office Props/Models/Materials/tableCentreMat.mat using Guid(894c74437e6373d48baf556f4af96f2d) Importer(815301076,1909f56bfc062723c751e8b465ee728b)  -> (artifact id: '1e89e07ebaa089b045c8899136ce6d2d') in 0.011185 seconds
Number of updated asset objects reloaded before import = 0
Number of asset objects unloaded after import = 2
========================================================================
Received Import Request.
  Time since last request: 0.000016 seconds.
  path: Assets/ADI/Voxel Office Props/Models/Materials/laptopMat.mat
  artifactKey: Guid(3de5e8cb9e06b0840836940cd9b622ab) Importer(815301076,1909f56bfc062723c751e8b465ee728b)
Start importing Assets/ADI/Voxel Office Props/Models/Materials/laptopMat.mat using Guid(3de5e8cb9e06b0840836940cd9b622ab) Importer(815301076,1909f56bfc062723c751e8b465ee728b)  -> (artifact id: '0f0380dbdf02cc57c61a7bdb889dfebe') in 0.009148 seconds
Number of updated asset objects reloaded before import = 0
Number of asset objects unloaded after import = 2
========================================================================
Received Import Request.
  Time since last request: 0.000016 seconds.
  path: Assets/ADI/Voxel Office Props/Models/Materials/monitorMat.mat
  artifactKey: Guid(c2db1c77661b6cd4dbe551575416f8fa) Importer(815301076,1909f56bfc062723c751e8b465ee728b)
Start importing Assets/ADI/Voxel Office Props/Models/Materials/monitorMat.mat using Guid(c2db1c77661b6cd4dbe551575416f8fa) Importer(815301076,1909f56bfc062723c751e8b465ee728b)  -> (artifact id: '61e7247ad3c7c89831c7ac07661e2b8d') in 0.009652 seconds
Number of updated asset objects reloaded before import = 0
Number of asset objects unloaded after import = 2
========================================================================
Received Import Request.
  Time since last request: 0.000024 seconds.
  path: Assets/ADI/Voxel Office Props/Models/Materials/documentTrayMat.mat
  artifactKey: Guid(3feb206f60c97a140ab90d986721541a) Importer(815301076,1909f56bfc062723c751e8b465ee728b)
Start importing Assets/ADI/Voxel Office Props/Models/Materials/documentTrayMat.mat using Guid(3feb206f60c97a140ab90d986721541a) Importer(815301076,1909f56bfc062723c751e8b465ee728b)  -> (artifact id: 'f930f7775dce206205cb9baf02ee038e') in 0.012141 seconds
Number of updated asset objects reloaded before import = 0
Number of asset objects unloaded after import = 2
========================================================================
Received Import Request.
  Time since last request: 0.000016 seconds.
  path: Assets/ADI/Voxel Office Props/Models/Materials/chairBack2Mat.mat
  artifactKey: Guid(33e591c94db973546b2970ef4567c3d5) Importer(815301076,1909f56bfc062723c751e8b465ee728b)
Start importing Assets/ADI/Voxel Office Props/Models/Materials/chairBack2Mat.mat using Guid(33e591c94db973546b2970ef4567c3d5) Importer(815301076,1909f56bfc062723c751e8b465ee728b)  -> (artifact id: '22f66456f97e927afcc14702adb016fc') in 0.014006 seconds
Number of updated asset objects reloaded before import = 0
Number of asset objects unloaded after import = 2
========================================================================
Received Import Request.
  Time since last request: 0.000022 seconds.
  path: Assets/ADI/Voxel Office Props/Models/Materials/fillingCabinetMat.mat
  artifactKey: Guid(07de3bede9676fa4b9f7b31650af37fd) Importer(815301076,1909f56bfc062723c751e8b465ee728b)
Start importing Assets/ADI/Voxel Office Props/Models/Materials/fillingCabinetMat.mat using Guid(07de3bede9676fa4b9f7b31650af37fd) Importer(815301076,1909f56bfc062723c751e8b465ee728b)  -> (artifact id: '6cf98302ad79fecfa8574d0ca0d62229') in 0.010650 seconds
Number of updated asset objects reloaded before import = 0
Number of asset objects unloaded after import = 2
========================================================================
Received Import Request.
  Time since last request: 0.000020 seconds.
  path: Assets/ADI/Voxel Office Props/Models/Materials/tableEndLitMat.mat
  artifactKey: Guid(4c9f70124d000684284953895561d411) Importer(815301076,1909f56bfc062723c751e8b465ee728b)
Start importing Assets/ADI/Voxel Office Props/Models/Materials/tableEndLitMat.mat using Guid(4c9f70124d000684284953895561d411) Importer(815301076,1909f56bfc062723c751e8b465ee728b)  -> (artifact id: 'dc10023b5bca09c4340cee5db0c2a2e8') in 0.007474 seconds
Number of updated asset objects reloaded before import = 0
Number of asset objects unloaded after import = 2
Editor requested this worker to shutdown with reason: Scaling down because of idle timeout
TcpMessagingSession - receive error: operation aborted. errorcode: 995, details: The I/O operation has been aborted because of either a thread exit or an application request.
AssetImportWorker is now disconnected from the server
Process exiting
Exiting without the bug reporter. Application will terminate with return code 0