Using pre-set license
Built from '2022.3/staging' branch; Version is '2022.3.9f1 (ea401c316338) revision 15351836'; Using compiler version '192829333'; Build Type 'Release'
OS: 'Windows 11  (10.0.22000) 64bit Professional' Language: 'en' Physical Memory: 16222 MB
BatchMode: 1, IsHumanControllingUs: 0, StartBugReporterOnCrash: 0, Is64bit: 1, IsPro: 1

COMMAND LINE ARGUMENTS:
C:\Program Files\Unity\Hub\Editor\2022.3.9f1\Editor\Unity.exe
-adb2
-batchMode
-noUpm
-name
AssetImportWorker17
-projectPath
C:/Users/User/Desktop/ca-piotrWarkocki2003/Create with VR/VR Room-Piotr
-logFile
Logs/AssetImportWorker17.log
-srvPort
50169
Successfully changed project path to: C:/Users/User/Desktop/ca-piotrWarkocki2003/Create with VR/VR Room-Piotr
C:/Users/User/Desktop/ca-piotrWarkocki2003/Create with VR/VR Room-Piotr
[UnityMemory] Configuration Parameters - Can be set up in boot.config
    "memorysetup-bucket-allocator-granularity=16"
    "memorysetup-bucket-allocator-bucket-count=8"
    "memorysetup-bucket-allocator-block-size=33554432"
    "memorysetup-bucket-allocator-block-count=8"
    "memorysetup-main-allocator-block-size=16777216"
    "memorysetup-thread-allocator-block-size=16777216"
    "memorysetup-gfx-main-allocator-block-size=16777216"
    "memorysetup-gfx-thread-allocator-block-size=16777216"
    "memorysetup-cache-allocator-block-size=4194304"
    "memorysetup-typetree-allocator-block-size=2097152"
    "memorysetup-profiler-bucket-allocator-granularity=16"
    "memorysetup-profiler-bucket-allocator-bucket-count=8"
    "memorysetup-profiler-bucket-allocator-block-size=33554432"
    "memorysetup-profiler-bucket-allocator-block-count=8"
    "memorysetup-profiler-allocator-block-size=16777216"
    "memorysetup-profiler-editor-allocator-block-size=1048576"
    "memorysetup-temp-allocator-size-main=16777216"
    "memorysetup-job-temp-allocator-block-size=2097152"
    "memorysetup-job-temp-allocator-block-size-background=1048576"
    "memorysetup-job-temp-allocator-reduction-small-platforms=262144"
    "memorysetup-allocator-temp-initial-block-size-main=262144"
    "memorysetup-allocator-temp-initial-block-size-worker=262144"
    "memorysetup-temp-allocator-size-background-worker=32768"
    "memorysetup-temp-allocator-size-job-worker=262144"
    "memorysetup-temp-allocator-size-preload-manager=33554432"
    "memorysetup-temp-allocator-size-nav-mesh-worker=65536"
    "memorysetup-temp-allocator-size-audio-worker=65536"
    "memorysetup-temp-allocator-size-cloud-worker=32768"
    "memorysetup-temp-allocator-size-gi-baking-worker=262144"
    "memorysetup-temp-allocator-size-gfx=262144"
Player connection [10980] Host "[IP] 172.17.122.121 [Port] 0 [Flags] 2 [Guid] 1142139608 [EditorId] 1142139608 [Version] 1048832 [Id] WindowsEditor(7,Piotr-Laptop) [Debug] 1 [PackageName] WindowsEditor [ProjectName] Editor" joined multi-casting on [225.0.0.222:54997]...

Player connection [10980] Host "[IP] 172.17.122.121 [Port] 0 [Flags] 2 [Guid] 1142139608 [EditorId] 1142139608 [Version] 1048832 [Id] WindowsEditor(7,Piotr-Laptop) [Debug] 1 [PackageName] WindowsEditor [ProjectName] Editor" joined alternative multi-casting on [225.0.0.222:34997]...

[Physics::Module] Initialized MultithreadedJobDispatcher with 11 workers.
Refreshing native plugins compatible for Editor in 27.14 ms, found 10 plugins.
Preloading 1 native plugins for Editor in 0.50 ms.
Initialize engine version: 2022.3.9f1 (ea401c316338)
[Subsystems] Discovering subsystems at path C:/Program Files/Unity/Hub/Editor/2022.3.9f1/Editor/Data/Resources/UnitySubsystems
[Subsystems] Discovering subsystems at path C:/Users/User/Desktop/ca-piotrWarkocki2003/Create with VR/VR Room-Piotr/Assets
GfxDevice: creating device client; threaded=0; jobified=0
Direct3D:
    Version:  Direct3D 11.0 [level 11.1]
    Renderer: NVIDIA GeForce RTX 2080 Super (ID=0x1ed3)
    Vendor:   NVIDIA
    VRAM:     8010 MB
    Driver:   30.0.15.1278
Initialize mono
Mono path[0] = 'C:/Program Files/Unity/Hub/Editor/2022.3.9f1/Editor/Data/Managed'
Mono path[1] = 'C:/Program Files/Unity/Hub/Editor/2022.3.9f1/Editor/Data/MonoBleedingEdge/lib/mono/unityjit-win32'
Mono config path = 'C:/Program Files/Unity/Hub/Editor/2022.3.9f1/Editor/Data/MonoBleedingEdge/etc'
Using monoOptions --debugger-agent=transport=dt_socket,embedding=1,server=y,suspend=n,address=127.0.0.1:56824
Begin MonoManager ReloadAssembly
Registering precompiled unity dll's ...
Register platform support module: C:/Program Files/Unity/Hub/Editor/2022.3.9f1/Editor/Data/PlaybackEngines/WindowsStandaloneSupport/UnityEditor.WindowsStandalone.Extensions.dll
Registered in 0.007962 seconds.
- Loaded All Assemblies, in  0.481 seconds
Native extension for WindowsStandalone target not found
Mono: successfully reloaded assembly
- Finished resetting the current domain, in  0.302 seconds
Domain Reload Profiling: 781ms
	BeginReloadAssembly (161ms)
		ExecutionOrderSort (0ms)
		DisableScriptedObjects (0ms)
		BackupInstance (0ms)
		ReleaseScriptingObjects (0ms)
		CreateAndSetChildDomain (1ms)
	RebuildCommonClasses (50ms)
	RebuildNativeTypeToScriptingClass (15ms)
	initialDomainReloadingComplete (72ms)
	LoadAllAssembliesAndSetupDomain (180ms)
		LoadAssemblies (158ms)
		RebuildTransferFunctionScriptingTraits (0ms)
		AnalyzeDomain (178ms)
			TypeCache.Refresh (176ms)
				TypeCache.ScanAssembly (158ms)
			ScanForSourceGeneratedMonoScriptInfo (1ms)
			ResolveRequiredComponents (1ms)
	FinalizeReload (302ms)
		ReleaseScriptCaches (0ms)
		RebuildScriptCaches (0ms)
		SetupLoadedEditorAssemblies (232ms)
			LogAssemblyErrors (0ms)
			InitializePlatformSupportModulesInManaged (10ms)
			SetLoadedEditorAssemblies (8ms)
			RefreshPlugins (0ms)
			BeforeProcessingInitializeOnLoad (3ms)
			ProcessInitializeOnLoadAttributes (159ms)
			ProcessInitializeOnLoadMethodAttributes (53ms)
			AfterProcessingInitializeOnLoad (0ms)
			EditorAssembliesLoaded (0ms)
		ExecutionOrderSort2 (0ms)
		AwakeInstancesAfterBackupRestoration (0ms)
========================================================================
Worker process is ready to serve import requests
Begin MonoManager ReloadAssembly
- Loaded All Assemblies, in  0.772 seconds
Refreshing native plugins compatible for Editor in 12.91 ms, found 10 plugins.
Native extension for WindowsStandalone target not found
Package Manager log level set to [2]
[Package Manager] Server::EnsureServerProcessIsRunning -- launch failed, reason: Unity was launched with the -noUpm command-line argument
[Package Manager] UpmClient::Send -- Unable to send message (not connected to UPM process).
[Package Manager] Cannot connect to Unity Package Manager local server
[Package Manager] Server::EnsureServerProcessIsRunning -- launch failed, reason: Unity was launched with the -noUpm command-line argument
[Package Manager] UpmClient::Send -- Unable to send message (not connected to UPM process).
[Package Manager] Cannot connect to Unity Package Manager local server
Mono: successfully reloaded assembly
[Package Manager] Server::EnsureServerProcessIsRunning -- launch failed, reason: Unity was launched with the -noUpm command-line argument
[Package Manager] UpmClient::Send -- Unable to send message (not connected to UPM process).
[Package Manager] Cannot connect to Unity Package Manager local server
[Package Manager] Server::EnsureServerProcessIsRunning -- launch failed, reason: Unity was launched with the -noUpm command-line argument
[Package Manager] UpmClient::Send -- Unable to send message (not connected to UPM process).
[Package Manager] Cannot connect to Unity Package Manager local server
- Finished resetting the current domain, in  0.838 seconds
Domain Reload Profiling: 1604ms
	BeginReloadAssembly (137ms)
		ExecutionOrderSort (0ms)
		DisableScriptedObjects (5ms)
		BackupInstance (0ms)
		ReleaseScriptingObjects (0ms)
		CreateAndSetChildDomain (22ms)
	RebuildCommonClasses (37ms)
	RebuildNativeTypeToScriptingClass (16ms)
	initialDomainReloadingComplete (51ms)
	LoadAllAssembliesAndSetupDomain (525ms)
		LoadAssemblies (309ms)
		RebuildTransferFunctionScriptingTraits (0ms)
		AnalyzeDomain (294ms)
			TypeCache.Refresh (247ms)
				TypeCache.ScanAssembly (228ms)
			ScanForSourceGeneratedMonoScriptInfo (30ms)
			ResolveRequiredComponents (16ms)
	FinalizeReload (838ms)
		ReleaseScriptCaches (0ms)
		RebuildScriptCaches (0ms)
		SetupLoadedEditorAssemblies (657ms)
			LogAssemblyErrors (0ms)
			InitializePlatformSupportModulesInManaged (5ms)
			SetLoadedEditorAssemblies (3ms)
			RefreshPlugins (0ms)
			BeforeProcessingInitializeOnLoad (86ms)
			ProcessInitializeOnLoadAttributes (436ms)
			ProcessInitializeOnLoadMethodAttributes (119ms)
			AfterProcessingInitializeOnLoad (8ms)
			EditorAssembliesLoaded (0ms)
		ExecutionOrderSort2 (0ms)
		AwakeInstancesAfterBackupRestoration (7ms)
Launched and connected shader compiler UnityShaderCompiler.exe after 0.04 seconds
Refreshing native plugins compatible for Editor in 17.94 ms, found 10 plugins.
Preloading 1 native plugins for Editor in 0.08 ms.
Unloading 6158 Unused Serialized files (Serialized files now loaded: 0)
Unloading 108 unused Assets / (367.8 KB). Loaded Objects now: 6619.
Memory consumption went from 225.0 MB to 224.7 MB.
Total: 5.774200 ms (FindLiveObjects: 0.757600 ms CreateObjectMapping: 1.028100 ms MarkObjects: 3.690100 ms  DeleteObjects: 0.297300 ms)

AssetImportParameters requested are different than current active one (requested -> active):
  custom:container-demuxer-ogg: 62fdf1f143b41e24485cea50d1cbac27 -> 
  custom:video-decoder-ogg-theora: a1e56fd34408186e4bbccfd4996cb3dc -> 
  custom:framework-win-MediaFoundation: 216162199b28c13a410421893ffa2e32 -> 
  custom:CustomObjectIndexerAttribute: a3ef5dd2817f97addfee359851a9dba5 -> 
  custom:container-demuxer-webm: 4f35f7cbe854078d1ac9338744f61a02 -> 
  custom:container-muxer-webm: aa71ff27fc2769a1b78a27578f13a17b -> 
  custom:video-decoder-webm-vp8: 9c59270c3fd7afecdb556c50c9e8de78 -> 
  custom:SearchIndexIgnoredProperties: e643bd26f0fe6173181afceb89e7c659 -> 
  custom:AudioImporter_EditorPlatform: d09bf68614088b80899f8185d706f6e7 -> 
  custom:video-encoder-webm-vp8: eb34c28f22e8b96e1ab97ce403110664 -> 
  custom:audio-decoder-ogg-vorbis: bf7c407c2cedff20999df2af8eb42d56 -> 
  custom:audio-encoder-webm-vorbis: bf7c407c2cedff20999df2af8eb42d56 -> 
========================================================================
Received Import Request.
  Time since last request: 21436.171017 seconds.
  path: Assets/Challenges/02_3DPainting/Materials/Unlit.mat
  artifactKey: Guid(fae3ce4ed00d4ed4aa7976b88c6cd658) Importer(815301076,1909f56bfc062723c751e8b465ee728b)
Start importing Assets/Challenges/02_3DPainting/Materials/Unlit.mat using Guid(fae3ce4ed00d4ed4aa7976b88c6cd658) Importer(815301076,1909f56bfc062723c751e8b465ee728b)  -> (artifact id: '4ee1b2eb518ba8868d445747eb8d9e5f') in 0.347649 seconds
Number of updated asset objects reloaded before import = 0
Number of asset objects unloaded after import = 2
========================================================================
Received Import Request.
  Time since last request: 67.183004 seconds.
  path: Assets/_Course Library/_Prefabs/Bins/Bin_Round_White.prefab
  artifactKey: Guid(f53b75d63a0f12e4f9207b643d400e0c) Importer(815301076,1909f56bfc062723c751e8b465ee728b)
Start importing Assets/_Course Library/_Prefabs/Bins/Bin_Round_White.prefab using Guid(f53b75d63a0f12e4f9207b643d400e0c) Importer(815301076,1909f56bfc062723c751e8b465ee728b)  -> (artifact id: 'cb853690ccc137ce2cefd5dbbb1bc835') in 0.037543 seconds
Number of updated asset objects reloaded before import = 0
Number of asset objects unloaded after import = 37
========================================================================
Received Import Request.
  Time since last request: 1.676468 seconds.
  path: Assets/_Course Library/Source Files/Textures
  artifactKey: Guid(88b62c0f194c71440876aed242861985) Importer(815301076,1909f56bfc062723c751e8b465ee728b)
Start importing Assets/_Course Library/Source Files/Textures using Guid(88b62c0f194c71440876aed242861985) Importer(815301076,1909f56bfc062723c751e8b465ee728b)  -> (artifact id: 'a3f214df61d04ad043eaf9bdc7afb624') in 0.000733 seconds
Number of updated asset objects reloaded before import = 0
Number of asset objects unloaded after import = 0
========================================================================
Received Import Request.
  Time since last request: 1.867603 seconds.
  path: Assets/MinimalistBedroom/Textures
  artifactKey: Guid(0ec0c4d3d1067fc4786bff461461f53c) Importer(815301076,1909f56bfc062723c751e8b465ee728b)
Start importing Assets/MinimalistBedroom/Textures using Guid(0ec0c4d3d1067fc4786bff461461f53c) Importer(815301076,1909f56bfc062723c751e8b465ee728b)  -> (artifact id: 'da2d3ca76f8e081d799a4cc4ca1be637') in 0.000430 seconds
Number of updated asset objects reloaded before import = 0
Number of asset objects unloaded after import = 0
========================================================================
Received Import Request.
  Time since last request: 1.305797 seconds.
  path: Assets/Oculus/Spatializer/scenes/Standard Assets/Character Controllers/Sources/PrototypeCharacter/Textures
  artifactKey: Guid(b365e6042890d4b1987423ed6bb8a08c) Importer(815301076,1909f56bfc062723c751e8b465ee728b)
Start importing Assets/Oculus/Spatializer/scenes/Standard Assets/Character Controllers/Sources/PrototypeCharacter/Textures using Guid(b365e6042890d4b1987423ed6bb8a08c) Importer(815301076,1909f56bfc062723c751e8b465ee728b)  -> (artifact id: 'b7ac9cfc63f69b2c99473e603efe7354') in 0.000604 seconds
Number of updated asset objects reloaded before import = 0
Number of asset objects unloaded after import = 0
========================================================================
Received Import Request.
  Time since last request: 3.214292 seconds.
  path: Assets/MinimalistBedroom/Textures/Misc/StandardTexture_1k
  artifactKey: Guid(c1056dff71f11ac46aab3ee0d81cb545) Importer(815301076,1909f56bfc062723c751e8b465ee728b)
Start importing Assets/MinimalistBedroom/Textures/Misc/StandardTexture_1k using Guid(c1056dff71f11ac46aab3ee0d81cb545) Importer(815301076,1909f56bfc062723c751e8b465ee728b)  -> (artifact id: '6345cac130c51472c70cc840e329785d') in 0.000627 seconds
Number of updated asset objects reloaded before import = 0
Number of asset objects unloaded after import = 0
========================================================================
Received Import Request.
  Time since last request: 45.281975 seconds.
  path: Assets/Challenges/01_Architecture/Materials/Tree_Leaves.mat
  artifactKey: Guid(8e1a140a925b749f2a2dae931404e219) Importer(815301076,1909f56bfc062723c751e8b465ee728b)
Start importing Assets/Challenges/01_Architecture/Materials/Tree_Leaves.mat using Guid(8e1a140a925b749f2a2dae931404e219) Importer(815301076,1909f56bfc062723c751e8b465ee728b)  -> (artifact id: '888902d1e194aa8498566e86106ffc64') in 0.011604 seconds
Number of updated asset objects reloaded before import = 0
Number of asset objects unloaded after import = 2
========================================================================
Received Import Request.
  Time since last request: 15.600129 seconds.
  path: Assets/bo2.mat
  artifactKey: Guid(0ebbb29f9428bd84295154021d4c3b5b) Importer(815301076,1909f56bfc062723c751e8b465ee728b)
Start importing Assets/bo2.mat using Guid(0ebbb29f9428bd84295154021d4c3b5b) Importer(815301076,1909f56bfc062723c751e8b465ee728b)  -> (artifact id: '91d69f0d6b242da7694b29eb727934fa') in 0.010093 seconds
Number of updated asset objects reloaded before import = 0
Number of asset objects unloaded after import = 2
========================================================================
Received Import Request.
  Time since last request: 81.751463 seconds.
  path: Assets/_Course Library/_Prefabs/Art
  artifactKey: Guid(c62afc3c4cc81429babf50436768194c) Importer(815301076,1909f56bfc062723c751e8b465ee728b)
Start importing Assets/_Course Library/_Prefabs/Art using Guid(c62afc3c4cc81429babf50436768194c) Importer(815301076,1909f56bfc062723c751e8b465ee728b)  -> (artifact id: '4646f7e2783bdc57b4cefaa39dbf0790') in 0.000595 seconds
Number of updated asset objects reloaded before import = 0
Number of asset objects unloaded after import = 0
========================================================================
Received Import Request.
  Time since last request: 0.037047 seconds.
  path: Assets/_Course Library/_Prefabs/Art/Art_Painting_Birds.prefab
  artifactKey: Guid(2cdc705002a6a784580137dd120e64e7) Importer(815301076,1909f56bfc062723c751e8b465ee728b)
Start importing Assets/_Course Library/_Prefabs/Art/Art_Painting_Birds.prefab using Guid(2cdc705002a6a784580137dd120e64e7) Importer(815301076,1909f56bfc062723c751e8b465ee728b)  -> (artifact id: 'fd1338f31f1b5c7109aa785ec56c9517') in 0.011137 seconds
Number of updated asset objects reloaded before import = 0
Number of asset objects unloaded after import = 11
========================================================================
Received Import Request.
  Time since last request: 0.103438 seconds.
  path: Assets/_Course Library/_Prefabs/Art/Art_Painting_Mountain.prefab
  artifactKey: Guid(8b55f4b13da640a458a5a4336c489584) Importer(815301076,1909f56bfc062723c751e8b465ee728b)
Start importing Assets/_Course Library/_Prefabs/Art/Art_Painting_Mountain.prefab using Guid(8b55f4b13da640a458a5a4336c489584) Importer(815301076,1909f56bfc062723c751e8b465ee728b)  -> (artifact id: 'ebff531314d29be2772b07b84387be4a') in 0.025086 seconds
Number of updated asset objects reloaded before import = 0
Number of asset objects unloaded after import = 11
========================================================================
Received Import Request.
  Time since last request: 0.000049 seconds.
  path: Assets/_Course Library/_Prefabs/Art/Art_Painting_Sunset.prefab
  artifactKey: Guid(7b844f6cdc7f1ce4fba989b2d7db9659) Importer(815301076,1909f56bfc062723c751e8b465ee728b)
Start importing Assets/_Course Library/_Prefabs/Art/Art_Painting_Sunset.prefab using Guid(7b844f6cdc7f1ce4fba989b2d7db9659) Importer(815301076,1909f56bfc062723c751e8b465ee728b)  -> (artifact id: '72af1e595d61de12a15b55e7dbdaf4a8') in 0.018506 seconds
Number of updated asset objects reloaded before import = 0
Number of asset objects unloaded after import = 11
========================================================================
Received Import Request.
  Time since last request: 275.930352 seconds.
  path: Assets/japan.jpg
  artifactKey: Guid(6783ad73e3cf1804db25084f56ee6060) Importer(815301076,1909f56bfc062723c751e8b465ee728b)
Start importing Assets/japan.jpg using Guid(6783ad73e3cf1804db25084f56ee6060) Importer(815301076,1909f56bfc062723c751e8b465ee728b)  -> (artifact id: '1c39d5eb0afbb1fb3772cc2fe5a9f800') in 0.001289 seconds
Number of updated asset objects reloaded before import = 0
Number of asset objects unloaded after import = 1
========================================================================
Received Import Request.
  Time since last request: 174.121862 seconds.
  path: Assets/japan1.jpg
  artifactKey: Guid(cbf90b3f5548e9a49bda4c1656ce2bc5) Importer(815301076,1909f56bfc062723c751e8b465ee728b)
Start importing Assets/japan1.jpg using Guid(cbf90b3f5548e9a49bda4c1656ce2bc5) Importer(815301076,1909f56bfc062723c751e8b465ee728b)  -> (artifact id: '7232b9cd066b446e89fa780dccc6cae4') in 0.021651 seconds
Number of updated asset objects reloaded before import = 0
Number of asset objects unloaded after import = 2
========================================================================
Received Import Request.
  Time since last request: 0.000024 seconds.
  path: Assets/japan3.jpg
  artifactKey: Guid(0b8ffa93db9c93140abd81d59ecc96e1) Importer(815301076,1909f56bfc062723c751e8b465ee728b)
Start importing Assets/japan3.jpg using Guid(0b8ffa93db9c93140abd81d59ecc96e1) Importer(815301076,1909f56bfc062723c751e8b465ee728b)  -> (artifact id: 'a245520db09668b049bf3a787f93b8f0') in 0.018067 seconds
Number of updated asset objects reloaded before import = 0
Number of asset objects unloaded after import = 2
========================================================================
Received Import Request.
  Time since last request: 11.560321 seconds.
  path: Assets/bo2.mat
  artifactKey: Guid(0ebbb29f9428bd84295154021d4c3b5b) Importer(815301076,1909f56bfc062723c751e8b465ee728b)
Start importing Assets/bo2.mat using Guid(0ebbb29f9428bd84295154021d4c3b5b) Importer(815301076,1909f56bfc062723c751e8b465ee728b)  -> (artifact id: '5d29aa058e94e22d9badce4be3a076ca') in 0.010372 seconds
Number of updated asset objects reloaded before import = 0
Number of asset objects unloaded after import = 3
========================================================================
Received Import Request.
  Time since last request: 13.802552 seconds.
  path: Assets/Japan1.mat
  artifactKey: Guid(1aea7b63e10dc8740939b24672f4f0ee) Importer(815301076,1909f56bfc062723c751e8b465ee728b)
Start importing Assets/Japan1.mat using Guid(1aea7b63e10dc8740939b24672f4f0ee) Importer(815301076,1909f56bfc062723c751e8b465ee728b)  -> (artifact id: 'a9c9b68712ba3a3ab24b330b2eadb9b8') in 0.011868 seconds
Number of updated asset objects reloaded before import = 0
Number of asset objects unloaded after import = 3
========================================================================
Received Import Request.
  Time since last request: 36.836730 seconds.
  path: Assets/Japan2.mat
  artifactKey: Guid(af9c6cd1300610849b1356cb3ebf0ca3) Importer(815301076,1909f56bfc062723c751e8b465ee728b)
Start importing Assets/Japan2.mat using Guid(af9c6cd1300610849b1356cb3ebf0ca3) Importer(815301076,1909f56bfc062723c751e8b465ee728b)  -> (artifact id: '0246eaf381f033c53e8616f34c7c41f7') in 0.009540 seconds
Number of updated asset objects reloaded before import = 0
Number of asset objects unloaded after import = 3
========================================================================
Received Import Request.
  Time since last request: 33.083684 seconds.
  path: Assets/_Course Library/Materials/Object Materials/New Material.mat
  artifactKey: Guid(9538fba11cf6e6741b134b72b01ce910) Importer(815301076,1909f56bfc062723c751e8b465ee728b)
Start importing Assets/_Course Library/Materials/Object Materials/New Material.mat using Guid(9538fba11cf6e6741b134b72b01ce910) Importer(815301076,1909f56bfc062723c751e8b465ee728b)  -> (artifact id: 'a0bfe7344dae99313d626d76c2349979') in 0.009590 seconds
Number of updated asset objects reloaded before import = 0
Number of asset objects unloaded after import = 3
========================================================================
Received Import Request.
  Time since last request: 81.836431 seconds.
  path: Assets/_Course Library/Source Files/Textures/New Render Texture 1.renderTexture
  artifactKey: Guid(4a2c4fa68a545f744b36e21786074f5e) Importer(815301076,1909f56bfc062723c751e8b465ee728b)
Start importing Assets/_Course Library/Source Files/Textures/New Render Texture 1.renderTexture using Guid(4a2c4fa68a545f744b36e21786074f5e) Importer(815301076,1909f56bfc062723c751e8b465ee728b)  -> (artifact id: '9c5720bcc01211cfbdd70f4fd3494a1e') in 0.014609 seconds
Number of updated asset objects reloaded before import = 0
Number of asset objects unloaded after import = 2
========================================================================
Received Import Request.
  Time since last request: 509.851459 seconds.
  path: Assets/_Course Library/_Prefabs/Lighting/Chandelier_Modern.prefab
  artifactKey: Guid(d5bb5377bb2f0bd45a41101a27ddecee) Importer(815301076,1909f56bfc062723c751e8b465ee728b)
Start importing Assets/_Course Library/_Prefabs/Lighting/Chandelier_Modern.prefab using Guid(d5bb5377bb2f0bd45a41101a27ddecee) Importer(815301076,1909f56bfc062723c751e8b465ee728b)  -> (artifact id: 'b2447602d2dd343d8ec49772c345b2e2') in 0.019113 seconds
Number of updated asset objects reloaded before import = 0
Number of asset objects unloaded after import = 16
========================================================================
Received Import Request.
  Time since last request: 0.000022 seconds.
  path: Assets/_Course Library/_Prefabs/Lighting/Chandelier_Traditional.prefab
  artifactKey: Guid(24059ac741805e844a334555559f8f53) Importer(815301076,1909f56bfc062723c751e8b465ee728b)
Start importing Assets/_Course Library/_Prefabs/Lighting/Chandelier_Traditional.prefab using Guid(24059ac741805e844a334555559f8f53) Importer(815301076,1909f56bfc062723c751e8b465ee728b)  -> (artifact id: '6d62aa066b49a6024db6c42502bebb26') in 0.014760 seconds
Number of updated asset objects reloaded before import = 0
Number of asset objects unloaded after import = 11
========================================================================
Received Import Request.
  Time since last request: 66.693822 seconds.
  path: Assets/MinimalistBedroom
  artifactKey: Guid(01a33d963096a884986a3b0335348c11) Importer(815301076,1909f56bfc062723c751e8b465ee728b)
Start importing Assets/MinimalistBedroom using Guid(01a33d963096a884986a3b0335348c11) Importer(815301076,1909f56bfc062723c751e8b465ee728b)  -> (artifact id: '8ef3cd5c7ed8dfa21e516d56099bdb64') in 0.000561 seconds
Number of updated asset objects reloaded before import = 0
Number of asset objects unloaded after import = 0
========================================================================
Received Import Request.
  Time since last request: 1.998123 seconds.
  path: Assets/MinimalistBedroom/Materials
  artifactKey: Guid(391bc144a1a682c499f128ce09a4f519) Importer(815301076,1909f56bfc062723c751e8b465ee728b)
Start importing Assets/MinimalistBedroom/Materials using Guid(391bc144a1a682c499f128ce09a4f519) Importer(815301076,1909f56bfc062723c751e8b465ee728b)  -> (artifact id: '22481bd3ba078e85639d1b70bc92ca01') in 0.000465 seconds
Number of updated asset objects reloaded before import = 0
Number of asset objects unloaded after import = 0
========================================================================
Received Import Request.
  Time since last request: 258.193352 seconds.
  path: Assets/textures
  artifactKey: Guid(eff87aa2128be264e849aa2649cb2ca5) Importer(815301076,1909f56bfc062723c751e8b465ee728b)
Start importing Assets/textures using Guid(eff87aa2128be264e849aa2649cb2ca5) Importer(815301076,1909f56bfc062723c751e8b465ee728b)  -> (artifact id: 'ac9cc19fc0dce4a5c7fa421cf81740b7') in 0.000706 seconds
Number of updated asset objects reloaded before import = 0
Number of asset objects unloaded after import = 0
========================================================================
Received Import Request.
  Time since last request: 0.132463 seconds.
  path: Assets/textures/DefaultMaterial_albedo.jpeg
  artifactKey: Guid(503527f25e7b73248983f8db39b50003) Importer(815301076,1909f56bfc062723c751e8b465ee728b)
Start importing Assets/textures/DefaultMaterial_albedo.jpeg using Guid(503527f25e7b73248983f8db39b50003) Importer(815301076,1909f56bfc062723c751e8b465ee728b)  -> (artifact id: '62355347ad1df7ead054e0ca3cc64168') in 0.018658 seconds
Number of updated asset objects reloaded before import = 0
Number of asset objects unloaded after import = 2
========================================================================
Received Import Request.
  Time since last request: 0.069237 seconds.
  path: Assets/textures/DefaultMaterial_normal.png
  artifactKey: Guid(31b1a8758409e7f458ce103ee8a2cecb) Importer(815301076,1909f56bfc062723c751e8b465ee728b)
Start importing Assets/textures/DefaultMaterial_normal.png using Guid(31b1a8758409e7f458ce103ee8a2cecb) Importer(815301076,1909f56bfc062723c751e8b465ee728b)  -> (artifact id: '9785c124730e1bcbe12f543edc1a5fee') in 0.023765 seconds
Number of updated asset objects reloaded before import = 0
Number of asset objects unloaded after import = 2
========================================================================
Received Import Request.
  Time since last request: 0.000014 seconds.
  path: Assets/textures/DefaultMaterial_opacity.jpeg
  artifactKey: Guid(8d9e8bbfbe3769d4289da7f7356cf036) Importer(815301076,1909f56bfc062723c751e8b465ee728b)
Start importing Assets/textures/DefaultMaterial_opacity.jpeg using Guid(8d9e8bbfbe3769d4289da7f7356cf036) Importer(815301076,1909f56bfc062723c751e8b465ee728b)  -> (artifact id: '5e3640011454566619ab2f054dbc4bce') in 0.018107 seconds
Number of updated asset objects reloaded before import = 0
Number of asset objects unloaded after import = 2
========================================================================
Received Import Request.
  Time since last request: 0.000023 seconds.
  path: Assets/textures/DefaultMaterial_roughness.jpeg
  artifactKey: Guid(e4efabae93301464597912fbf93a92d8) Importer(815301076,1909f56bfc062723c751e8b465ee728b)
Start importing Assets/textures/DefaultMaterial_roughness.jpeg using Guid(e4efabae93301464597912fbf93a92d8) Importer(815301076,1909f56bfc062723c751e8b465ee728b)  -> (artifact id: 'd0fe6215ad15fafb68bdc9dd9b34c7ce') in 0.024549 seconds
Number of updated asset objects reloaded before import = 0
Number of asset objects unloaded after import = 2
========================================================================
Received Import Request.
  Time since last request: 7.108723 seconds.
  path: Assets/source/model.zip
  artifactKey: Guid(4749625883c27d845a245e0684a8332c) Importer(815301076,1909f56bfc062723c751e8b465ee728b)
Start importing Assets/source/model.zip using Guid(4749625883c27d845a245e0684a8332c) Importer(815301076,1909f56bfc062723c751e8b465ee728b)  -> (artifact id: '333cfa6833296477f09dc94375e550e6') in 0.000850 seconds
Number of updated asset objects reloaded before import = 0
Number of asset objects unloaded after import = 1
========================================================================
Received Import Request.
  Time since last request: 96.678872 seconds.
  path: Assets/Japan1.mat
  artifactKey: Guid(1aea7b63e10dc8740939b24672f4f0ee) Importer(815301076,1909f56bfc062723c751e8b465ee728b)
Start importing Assets/Japan1.mat using Guid(1aea7b63e10dc8740939b24672f4f0ee) Importer(815301076,1909f56bfc062723c751e8b465ee728b)  -> (artifact id: 'a620cbf8fd80230d35807135b9ee3083') in 0.010876 seconds
Number of updated asset objects reloaded before import = 0
Number of asset objects unloaded after import = 3
========================================================================
Received Import Request.
  Time since last request: 0.000025 seconds.
  path: Assets/New Material.mat
  artifactKey: Guid(0da3f8d2e71850f42a6c0abdcc972cd9) Importer(815301076,1909f56bfc062723c751e8b465ee728b)
Start importing Assets/New Material.mat using Guid(0da3f8d2e71850f42a6c0abdcc972cd9) Importer(815301076,1909f56bfc062723c751e8b465ee728b)  -> (artifact id: 'a7d73ad5882a89b621e4ce6d8d4703df') in 0.009921 seconds
Number of updated asset objects reloaded before import = 0
Number of asset objects unloaded after import = 3
========================================================================
Received Import Request.
  Time since last request: 55.054747 seconds.
  path: Assets/MinimalistBedroom/Scenes/TheMinmalist_Mian/Global Volume Profile.asset
  artifactKey: Guid(af05d1adc087a51418aae74900693b68) Importer(815301076,1909f56bfc062723c751e8b465ee728b)
Start importing Assets/MinimalistBedroom/Scenes/TheMinmalist_Mian/Global Volume Profile.asset using Guid(af05d1adc087a51418aae74900693b68) Importer(815301076,1909f56bfc062723c751e8b465ee728b)  -> (artifact id: '41867987ef5f066066662a295eaf3dc8') in 0.003719 seconds
Number of updated asset objects reloaded before import = 0
Number of asset objects unloaded after import = 10
========================================================================
Received Import Request.
  Time since last request: 2.287382 seconds.
  path: Assets/ADI/Voxel Office Props
  artifactKey: Guid(b88a34c0dab5de44d9ecf07e2b7af39f) Importer(815301076,1909f56bfc062723c751e8b465ee728b)
Start importing Assets/ADI/Voxel Office Props using Guid(b88a34c0dab5de44d9ecf07e2b7af39f) Importer(815301076,1909f56bfc062723c751e8b465ee728b)  -> (artifact id: 'a45416480838466848e4feb6a33e2118') in 0.000419 seconds
Number of updated asset objects reloaded before import = 0
Number of asset objects unloaded after import = 0
========================================================================
Received Import Request.
  Time since last request: 1.359230 seconds.
  path: Assets/ADI/Voxel Office Props/Models
  artifactKey: Guid(0e99f7f4120b17747b350106a5783624) Importer(815301076,1909f56bfc062723c751e8b465ee728b)
Start importing Assets/ADI/Voxel Office Props/Models using Guid(0e99f7f4120b17747b350106a5783624) Importer(815301076,1909f56bfc062723c751e8b465ee728b)  -> (artifact id: 'e8cc8779d988a323057b47467cd9f4bd') in 0.000489 seconds
Number of updated asset objects reloaded before import = 0
Number of asset objects unloaded after import = 0
========================================================================
Received Import Request.
  Time since last request: 0.060493 seconds.
  path: Assets/ADI/Voxel Office Props/Models/bin.obj
  artifactKey: Guid(4bb64f27720ad814a97a28c340092cc3) Importer(815301076,1909f56bfc062723c751e8b465ee728b)
Start importing Assets/ADI/Voxel Office Props/Models/bin.obj using Guid(4bb64f27720ad814a97a28c340092cc3) Importer(815301076,1909f56bfc062723c751e8b465ee728b)  -> (artifact id: '582fca533f24ddc1b78084f2a9167f77') in 0.027643 seconds
Number of updated asset objects reloaded before import = 0
Number of asset objects unloaded after import = 10
========================================================================
Received Import Request.
  Time since last request: 0.084954 seconds.
  path: Assets/ADI/Voxel Office Props/Models/desk1.obj
  artifactKey: Guid(faf84bd1ac83e39468a24b29d415d606) Importer(815301076,1909f56bfc062723c751e8b465ee728b)
Start importing Assets/ADI/Voxel Office Props/Models/desk1.obj using Guid(faf84bd1ac83e39468a24b29d415d606) Importer(815301076,1909f56bfc062723c751e8b465ee728b)  -> (artifact id: 'cb5fe3f49909d5a2750e98a6e7be51ae') in 0.017966 seconds
Number of updated asset objects reloaded before import = 0
Number of asset objects unloaded after import = 10
========================================================================
Received Import Request.
  Time since last request: 0.091456 seconds.
  path: Assets/ADI/Voxel Office Props/Models/desk2.obj
  artifactKey: Guid(70e696659d8e2a643b9641b8b2437910) Importer(815301076,1909f56bfc062723c751e8b465ee728b)
Start importing Assets/ADI/Voxel Office Props/Models/desk2.obj using Guid(70e696659d8e2a643b9641b8b2437910) Importer(815301076,1909f56bfc062723c751e8b465ee728b)  -> (artifact id: '91b2d0112e84c5dad9f103b156ba2e37') in 0.013237 seconds
Number of updated asset objects reloaded before import = 0
Number of asset objects unloaded after import = 10
========================================================================
Received Import Request.
  Time since last request: 0.098006 seconds.
  path: Assets/ADI/Voxel Office Props/Models/fillingCabinetNoDraws.obj
  artifactKey: Guid(7e41545246e099d4da103b6631f9489b) Importer(815301076,1909f56bfc062723c751e8b465ee728b)
Start importing Assets/ADI/Voxel Office Props/Models/fillingCabinetNoDraws.obj using Guid(7e41545246e099d4da103b6631f9489b) Importer(815301076,1909f56bfc062723c751e8b465ee728b)  -> (artifact id: '32bf17a44d95e8d07f762d9912fcb993') in 0.019590 seconds
Number of updated asset objects reloaded before import = 0
Number of asset objects unloaded after import = 10
========================================================================
Received Import Request.
  Time since last request: 0.000023 seconds.
  path: Assets/ADI/Voxel Office Props/Models/lamp.obj
  artifactKey: Guid(7102cd2f50455c6459f5f9e7994db327) Importer(815301076,1909f56bfc062723c751e8b465ee728b)
Start importing Assets/ADI/Voxel Office Props/Models/lamp.obj using Guid(7102cd2f50455c6459f5f9e7994db327) Importer(815301076,1909f56bfc062723c751e8b465ee728b)  -> (artifact id: '845402185db09808655130323a9330ae') in 0.015237 seconds
Number of updated asset objects reloaded before import = 0
Number of asset objects unloaded after import = 10
========================================================================
Received Import Request.
  Time since last request: 0.000022 seconds.
  path: Assets/ADI/Voxel Office Props/Models/monitor.obj
  artifactKey: Guid(8244cab4f6e05914fad738744cafc22a) Importer(815301076,1909f56bfc062723c751e8b465ee728b)
Start importing Assets/ADI/Voxel Office Props/Models/monitor.obj using Guid(8244cab4f6e05914fad738744cafc22a) Importer(815301076,1909f56bfc062723c751e8b465ee728b)  -> (artifact id: '4571ff3504889add691037e88479d219') in 0.015880 seconds
Number of updated asset objects reloaded before import = 0
Number of asset objects unloaded after import = 10
========================================================================
Received Import Request.
  Time since last request: 0.000018 seconds.
  path: Assets/ADI/Voxel Office Props/Models/recycleBin.obj
  artifactKey: Guid(0601c3655df9cfe4db6782e99bc7c9f3) Importer(815301076,1909f56bfc062723c751e8b465ee728b)
Start importing Assets/ADI/Voxel Office Props/Models/recycleBin.obj using Guid(0601c3655df9cfe4db6782e99bc7c9f3) Importer(815301076,1909f56bfc062723c751e8b465ee728b)  -> (artifact id: 'b61aef24ef0e9027d4435b2dc1f10a4c') in 0.013690 seconds
Number of updated asset objects reloaded before import = 0
Number of asset objects unloaded after import = 10
========================================================================
Received Import Request.
  Time since last request: 0.000017 seconds.
  path: Assets/ADI/Voxel Office Props/Models/waterCooler.obj
  artifactKey: Guid(f3f538069160ced4faacf632ffd03a5a) Importer(815301076,1909f56bfc062723c751e8b465ee728b)
Start importing Assets/ADI/Voxel Office Props/Models/waterCooler.obj using Guid(f3f538069160ced4faacf632ffd03a5a) Importer(815301076,1909f56bfc062723c751e8b465ee728b)  -> (artifact id: '10925cac3746b377bffe447eb2363aaf') in 0.015877 seconds
Number of updated asset objects reloaded before import = 0
Number of asset objects unloaded after import = 10
========================================================================
Received Import Request.
  Time since last request: 0.000014 seconds.
  path: Assets/ADI/Voxel Office Props/Models/fillingCabinetDraw.obj
  artifactKey: Guid(34bae1490d55ab64db70e07599ca8ca8) Importer(815301076,1909f56bfc062723c751e8b465ee728b)
Start importing Assets/ADI/Voxel Office Props/Models/fillingCabinetDraw.obj using Guid(34bae1490d55ab64db70e07599ca8ca8) Importer(815301076,1909f56bfc062723c751e8b465ee728b)  -> (artifact id: '2fda7e599aa1649a600d79c63160cdaf') in 0.016540 seconds
Number of updated asset objects reloaded before import = 0
Number of asset objects unloaded after import = 10
========================================================================
Received Import Request.
  Time since last request: 0.000020 seconds.
  path: Assets/ADI/Voxel Office Props/Models/smartPhoneLocked.obj
  artifactKey: Guid(46b0eb3a5b4c99643835297c7f5905e6) Importer(815301076,1909f56bfc062723c751e8b465ee728b)
Start importing Assets/ADI/Voxel Office Props/Models/smartPhoneLocked.obj using Guid(46b0eb3a5b4c99643835297c7f5905e6) Importer(815301076,1909f56bfc062723c751e8b465ee728b)  -> (artifact id: '2619cc489e9ade385bfc1b9bee580fa6') in 0.016141 seconds
Number of updated asset objects reloaded before import = 0
Number of asset objects unloaded after import = 10
========================================================================
Received Import Request.
  Time since last request: 0.000020 seconds.
  path: Assets/ADI/Voxel Office Props/Models/printer2.obj
  artifactKey: Guid(d2a726cb03d910545b2e5c9705ce8ab0) Importer(815301076,1909f56bfc062723c751e8b465ee728b)
Start importing Assets/ADI/Voxel Office Props/Models/printer2.obj using Guid(d2a726cb03d910545b2e5c9705ce8ab0) Importer(815301076,1909f56bfc062723c751e8b465ee728b)  -> (artifact id: '191a112fc2bb1c8972be58b3ba5fb9db') in 0.016365 seconds
Number of updated asset objects reloaded before import = 0
Number of asset objects unloaded after import = 10
========================================================================
Received Import Request.
  Time since last request: 0.000018 seconds.
  path: Assets/ADI/Voxel Office Props/Models/fillingCabinet.obj
  artifactKey: Guid(7f06d55500b26d6429981dce62517c9f) Importer(815301076,1909f56bfc062723c751e8b465ee728b)
Start importing Assets/ADI/Voxel Office Props/Models/fillingCabinet.obj using Guid(7f06d55500b26d6429981dce62517c9f) Importer(815301076,1909f56bfc062723c751e8b465ee728b)  -> (artifact id: 'fd41b48052aea73b9e0c5f48fadb68f1') in 0.017498 seconds
Number of updated asset objects reloaded before import = 0
Number of asset objects unloaded after import = 10
========================================================================
Received Import Request.
  Time since last request: 0.000019 seconds.
  path: Assets/ADI/Voxel Office Props/Models/documentTray.obj
  artifactKey: Guid(9a8ca49c0baad9b4fa282bfde777ddea) Importer(815301076,1909f56bfc062723c751e8b465ee728b)
Start importing Assets/ADI/Voxel Office Props/Models/documentTray.obj using Guid(9a8ca49c0baad9b4fa282bfde777ddea) Importer(815301076,1909f56bfc062723c751e8b465ee728b)  -> (artifact id: 'f884faff02c92e8564824d77c96dd520') in 0.017263 seconds
Number of updated asset objects reloaded before import = 0
Number of asset objects unloaded after import = 10
========================================================================
Received Import Request.
  Time since last request: 0.000023 seconds.
  path: Assets/ADI/Voxel Office Props/Models/tableCentreLit.obj
  artifactKey: Guid(4cb1cf98bf61b04479d2a8fd58d3129c) Importer(815301076,1909f56bfc062723c751e8b465ee728b)
Start importing Assets/ADI/Voxel Office Props/Models/tableCentreLit.obj using Guid(4cb1cf98bf61b04479d2a8fd58d3129c) Importer(815301076,1909f56bfc062723c751e8b465ee728b)  -> (artifact id: 'ae6dc1d94c15aa346ecb0e889ceca44e') in 0.015706 seconds
Number of updated asset objects reloaded before import = 0
Number of asset objects unloaded after import = 10
========================================================================
Received Import Request.
  Time since last request: 0.000031 seconds.
  path: Assets/ADI/Voxel Office Props/Models/printer.obj
  artifactKey: Guid(d63661d86a71a2a4b9d00922a0123a75) Importer(815301076,1909f56bfc062723c751e8b465ee728b)
Start importing Assets/ADI/Voxel Office Props/Models/printer.obj using Guid(d63661d86a71a2a4b9d00922a0123a75) Importer(815301076,1909f56bfc062723c751e8b465ee728b)  -> (artifact id: '4276071ac8ccf23f035b0095e5426e3f') in 0.019042 seconds
Number of updated asset objects reloaded before import = 0
Number of asset objects unloaded after import = 10
========================================================================
Received Import Request.
  Time since last request: 2.378638 seconds.
  path: Assets/ADI/Voxel Office Props/Prefabs/bin.prefab
  artifactKey: Guid(cb8df2c98f82f2348957686081199aa6) Importer(815301076,1909f56bfc062723c751e8b465ee728b)
Start importing Assets/ADI/Voxel Office Props/Prefabs/bin.prefab using Guid(cb8df2c98f82f2348957686081199aa6) Importer(815301076,1909f56bfc062723c751e8b465ee728b)  -> (artifact id: 'ac51e3a265856142831e33269dc5fbee') in 0.009375 seconds
Number of updated asset objects reloaded before import = 0
Number of asset objects unloaded after import = 10
========================================================================
Received Import Request.
  Time since last request: 0.000017 seconds.
  path: Assets/ADI/Voxel Office Props/Prefabs/lamp.prefab
  artifactKey: Guid(d4e217778e534cb4fa3724d3da631d58) Importer(815301076,1909f56bfc062723c751e8b465ee728b)
Start importing Assets/ADI/Voxel Office Props/Prefabs/lamp.prefab using Guid(d4e217778e534cb4fa3724d3da631d58) Importer(815301076,1909f56bfc062723c751e8b465ee728b)  -> (artifact id: '8a287632ce48e50947900c033abb69c5') in 0.011253 seconds
Number of updated asset objects reloaded before import = 0
Number of asset objects unloaded after import = 15
========================================================================
Received Import Request.
  Time since last request: 0.000017 seconds.
  path: Assets/ADI/Voxel Office Props/Prefabs/phone.prefab
  artifactKey: Guid(06416f0090eabed4d9c9ad1ede4ed373) Importer(815301076,1909f56bfc062723c751e8b465ee728b)
Start importing Assets/ADI/Voxel Office Props/Prefabs/phone.prefab using Guid(06416f0090eabed4d9c9ad1ede4ed373) Importer(815301076,1909f56bfc062723c751e8b465ee728b)  -> (artifact id: 'b6ecba7ab1941d604b7dd0973f557169') in 0.009353 seconds
Number of updated asset objects reloaded before import = 0
Number of asset objects unloaded after import = 12
========================================================================
Received Import Request.
  Time since last request: 0.000017 seconds.
  path: Assets/ADI/Voxel Office Props/Prefabs/desk2.prefab
  artifactKey: Guid(e8b9880a656da594ca6814ff9177bc1c) Importer(815301076,1909f56bfc062723c751e8b465ee728b)
Start importing Assets/ADI/Voxel Office Props/Prefabs/desk2.prefab using Guid(e8b9880a656da594ca6814ff9177bc1c) Importer(815301076,1909f56bfc062723c751e8b465ee728b)  -> (artifact id: '8bbe7414053bfcae9f20823c7b905412') in 0.010122 seconds
Number of updated asset objects reloaded before import = 0
Number of asset objects unloaded after import = 17
========================================================================
Received Import Request.
  Time since last request: 0.000026 seconds.
  path: Assets/ADI/Voxel Office Props/Prefabs/monitor.prefab
  artifactKey: Guid(485ba0c36b8ffd8429f8d143445b0cc8) Importer(815301076,1909f56bfc062723c751e8b465ee728b)
Start importing Assets/ADI/Voxel Office Props/Prefabs/monitor.prefab using Guid(485ba0c36b8ffd8429f8d143445b0cc8) Importer(815301076,1909f56bfc062723c751e8b465ee728b)  -> (artifact id: 'd583ad44465c94d4d0e0fcacf0da00ac') in 0.009431 seconds
Number of updated asset objects reloaded before import = 0
Number of asset objects unloaded after import = 12
========================================================================
Received Import Request.
  Time since last request: 0.000020 seconds.
  path: Assets/ADI/Voxel Office Props/Prefabs/documentTray.prefab
  artifactKey: Guid(4404196afc4773241bfaf2f07b50abb6) Importer(815301076,1909f56bfc062723c751e8b465ee728b)
Start importing Assets/ADI/Voxel Office Props/Prefabs/documentTray.prefab using Guid(4404196afc4773241bfaf2f07b50abb6) Importer(815301076,1909f56bfc062723c751e8b465ee728b)  -> (artifact id: '84fea44006ea08d2e0ecd1e060111d08') in 0.008305 seconds
Number of updated asset objects reloaded before import = 0
Number of asset objects unloaded after import = 10
========================================================================
Received Import Request.
  Time since last request: 0.000018 seconds.
  path: Assets/ADI/Voxel Office Props/Prefabs/smartPhone.prefab
  artifactKey: Guid(55938a3ad12a56d45af0710ba85a7f67) Importer(815301076,1909f56bfc062723c751e8b465ee728b)
Start importing Assets/ADI/Voxel Office Props/Prefabs/smartPhone.prefab using Guid(55938a3ad12a56d45af0710ba85a7f67) Importer(815301076,1909f56bfc062723c751e8b465ee728b)  -> (artifact id: 'e25cf6cd0047cce2a77bd96f11fc3715') in 0.009447 seconds
Number of updated asset objects reloaded before import = 0
Number of asset objects unloaded after import = 12
========================================================================
Received Import Request.
  Time since last request: 0.000021 seconds.
  path: Assets/ADI/Voxel Office Props/Prefabs/printer.prefab
  artifactKey: Guid(79a5b937093a5864d91d9a3a836ff1d7) Importer(815301076,1909f56bfc062723c751e8b465ee728b)
Start importing Assets/ADI/Voxel Office Props/Prefabs/printer.prefab using Guid(79a5b937093a5864d91d9a3a836ff1d7) Importer(815301076,1909f56bfc062723c751e8b465ee728b)  -> (artifact id: '825d4578ae35d601e5d9558325e32e1f') in 0.008832 seconds
Number of updated asset objects reloaded before import = 0
Number of asset objects unloaded after import = 12
========================================================================
Received Import Request.
  Time since last request: 0.000014 seconds.
  path: Assets/ADI/Voxel Office Props/Prefabs/documents.prefab
  artifactKey: Guid(9ae45fdfc92844d42a484dd8a4e0ae0d) Importer(815301076,1909f56bfc062723c751e8b465ee728b)
Start importing Assets/ADI/Voxel Office Props/Prefabs/documents.prefab using Guid(9ae45fdfc92844d42a484dd8a4e0ae0d) Importer(815301076,1909f56bfc062723c751e8b465ee728b)  -> (artifact id: '2318ddd5274d115c4273b76265f87469') in 0.009413 seconds
Number of updated asset objects reloaded before import = 0
Number of asset objects unloaded after import = 10
========================================================================
Received Import Request.
  Time since last request: 0.000024 seconds.
  path: Assets/ADI/Voxel Office Props/Prefabs/keyboard.prefab
  artifactKey: Guid(b62a967d3de8c1046995333b45ae13f4) Importer(815301076,1909f56bfc062723c751e8b465ee728b)
Start importing Assets/ADI/Voxel Office Props/Prefabs/keyboard.prefab using Guid(b62a967d3de8c1046995333b45ae13f4) Importer(815301076,1909f56bfc062723c751e8b465ee728b)  -> (artifact id: '7fedf309abadfb58941f7357f95a7cce') in 0.009223 seconds
Number of updated asset objects reloaded before import = 0
Number of asset objects unloaded after import = 10
========================================================================
Received Import Request.
  Time since last request: 0.000018 seconds.
  path: Assets/ADI/Voxel Office Props/Prefabs/smartPhoneLocked.prefab
  artifactKey: Guid(e2b2a4dd4f183034b8cffc10fcf54e36) Importer(815301076,1909f56bfc062723c751e8b465ee728b)
Start importing Assets/ADI/Voxel Office Props/Prefabs/smartPhoneLocked.prefab using Guid(e2b2a4dd4f183034b8cffc10fcf54e36) Importer(815301076,1909f56bfc062723c751e8b465ee728b)  -> (artifact id: '9d19dcf2b245abed9466cab4012ef0b4') in 0.011107 seconds
Number of updated asset objects reloaded before import = 0
Number of asset objects unloaded after import = 10
========================================================================
Received Import Request.
  Time since last request: 0.000027 seconds.
  path: Assets/ADI/Voxel Office Props/Prefabs/projector.prefab
  artifactKey: Guid(e46c83b5705b0a9429c8836bab32da4f) Importer(815301076,1909f56bfc062723c751e8b465ee728b)
Start importing Assets/ADI/Voxel Office Props/Prefabs/projector.prefab using Guid(e46c83b5705b0a9429c8836bab32da4f) Importer(815301076,1909f56bfc062723c751e8b465ee728b)  -> (artifact id: '53e2ba22995da6e7298a0db9a9c8b99a') in 0.009643 seconds
Number of updated asset objects reloaded before import = 0
Number of asset objects unloaded after import = 12
========================================================================
Received Import Request.
  Time since last request: 0.000019 seconds.
  path: Assets/ADI/Voxel Office Props/Prefabs/recycleBin.prefab
  artifactKey: Guid(1dfa42bb9327d20498f83b251b090304) Importer(815301076,1909f56bfc062723c751e8b465ee728b)
Start importing Assets/ADI/Voxel Office Props/Prefabs/recycleBin.prefab using Guid(1dfa42bb9327d20498f83b251b090304) Importer(815301076,1909f56bfc062723c751e8b465ee728b)  -> (artifact id: 'ca87f5709486c142e1a4c1e36e9c2457') in 0.009317 seconds
Number of updated asset objects reloaded before import = 0
Number of asset objects unloaded after import = 10
========================================================================
Received Import Request.
  Time since last request: 0.000024 seconds.
  path: Assets/ADI/Voxel Office Props/Prefabs/diary.prefab
  artifactKey: Guid(365bf82b196f6a4408757cf51eadbc78) Importer(815301076,1909f56bfc062723c751e8b465ee728b)
Start importing Assets/ADI/Voxel Office Props/Prefabs/diary.prefab using Guid(365bf82b196f6a4408757cf51eadbc78) Importer(815301076,1909f56bfc062723c751e8b465ee728b)  -> (artifact id: '7fb012194db2d3aad4d239ed95e6cf87') in 0.008770 seconds
Number of updated asset objects reloaded before import = 0
Number of asset objects unloaded after import = 10
========================================================================
Received Import Request.
  Time since last request: 14.723715 seconds.
  path: Assets/textures 1/DefaultMaterial_emissive.jpeg
  artifactKey: Guid(dff9a04b75f6a2f4fae66b678b6dc64b) Importer(815301076,1909f56bfc062723c751e8b465ee728b)
Start importing Assets/textures 1/DefaultMaterial_emissive.jpeg using Guid(dff9a04b75f6a2f4fae66b678b6dc64b) Importer(815301076,1909f56bfc062723c751e8b465ee728b)  -> (artifact id: '98240f578c584dca0ec07c4217eeb831') in 0.033389 seconds
Number of updated asset objects reloaded before import = 0
Number of asset objects unloaded after import = 2
========================================================================
Received Import Request.
  Time since last request: 0.000025 seconds.
  path: Assets/textures 1/DefaultMaterial_opacity.jpeg
  artifactKey: Guid(1349e001e3e65f9409064c1506b167af) Importer(815301076,1909f56bfc062723c751e8b465ee728b)
Start importing Assets/textures 1/DefaultMaterial_opacity.jpeg using Guid(1349e001e3e65f9409064c1506b167af) Importer(815301076,1909f56bfc062723c751e8b465ee728b)  -> (artifact id: 'ba617b30b68512e994192ff4add15dee') in 0.040152 seconds
Number of updated asset objects reloaded before import = 0
Number of asset objects unloaded after import = 2
========================================================================
Received Import Request.
  Time since last request: 0.000029 seconds.
  path: Assets/ADI/Voxel Office Props/Materials/fill10.png
  artifactKey: Guid(a0865b3e1d1230548a92c01b2d79cc3e) Importer(815301076,1909f56bfc062723c751e8b465ee728b)
Start importing Assets/ADI/Voxel Office Props/Materials/fill10.png using Guid(a0865b3e1d1230548a92c01b2d79cc3e) Importer(815301076,1909f56bfc062723c751e8b465ee728b)  -> (artifact id: '7427de3f1cacd0bfda812ab684dcf396') in 0.019151 seconds
Number of updated asset objects reloaded before import = 0
Number of asset objects unloaded after import = 2
Editor requested this worker to shutdown with reason: Scaling down because of idle timeout
TcpMessagingSession - receive error: operation aborted. errorcode: 995, details: The I/O operation has been aborted because of either a thread exit or an application request.
AssetImportWorker is now disconnected from the server
Process exiting
Exiting without the bug reporter. Application will terminate with return code 0