Using pre-set license
Built from '2022.3/staging' branch; Version is '2022.3.9f1 (ea401c316338) revision 15351836'; Using compiler version '192829333'; Build Type 'Release'
OS: 'Windows 11  (10.0.22000) 64bit Professional' Language: 'en' Physical Memory: 16222 MB
BatchMode: 1, IsHumanControllingUs: 0, StartBugReporterOnCrash: 0, Is64bit: 1, IsPro: 1

COMMAND LINE ARGUMENTS:
C:\Program Files\Unity\Hub\Editor\2022.3.9f1\Editor\Unity.exe
-adb2
-batchMode
-noUpm
-name
AssetImportWorker24
-projectPath
C:/Users/User/Desktop/ca-piotrWarkocki2003/Create with VR/VR Room-Piotr
-logFile
Logs/AssetImportWorker24.log
-srvPort
65084
Successfully changed project path to: C:/Users/User/Desktop/ca-piotrWarkocki2003/Create with VR/VR Room-Piotr
C:/Users/User/Desktop/ca-piotrWarkocki2003/Create with VR/VR Room-Piotr
[UnityMemory] Configuration Parameters - Can be set up in boot.config
    "memorysetup-bucket-allocator-granularity=16"
    "memorysetup-bucket-allocator-bucket-count=8"
    "memorysetup-bucket-allocator-block-size=33554432"
    "memorysetup-bucket-allocator-block-count=8"
    "memorysetup-main-allocator-block-size=16777216"
    "memorysetup-thread-allocator-block-size=16777216"
    "memorysetup-gfx-main-allocator-block-size=16777216"
    "memorysetup-gfx-thread-allocator-block-size=16777216"
    "memorysetup-cache-allocator-block-size=4194304"
    "memorysetup-typetree-allocator-block-size=2097152"
    "memorysetup-profiler-bucket-allocator-granularity=16"
    "memorysetup-profiler-bucket-allocator-bucket-count=8"
    "memorysetup-profiler-bucket-allocator-block-size=33554432"
    "memorysetup-profiler-bucket-allocator-block-count=8"
    "memorysetup-profiler-allocator-block-size=16777216"
    "memorysetup-profiler-editor-allocator-block-size=1048576"
    "memorysetup-temp-allocator-size-main=16777216"
    "memorysetup-job-temp-allocator-block-size=2097152"
    "memorysetup-job-temp-allocator-block-size-background=1048576"
    "memorysetup-job-temp-allocator-reduction-small-platforms=262144"
    "memorysetup-allocator-temp-initial-block-size-main=262144"
    "memorysetup-allocator-temp-initial-block-size-worker=262144"
    "memorysetup-temp-allocator-size-background-worker=32768"
    "memorysetup-temp-allocator-size-job-worker=262144"
    "memorysetup-temp-allocator-size-preload-manager=33554432"
    "memorysetup-temp-allocator-size-nav-mesh-worker=65536"
    "memorysetup-temp-allocator-size-audio-worker=65536"
    "memorysetup-temp-allocator-size-cloud-worker=32768"
    "memorysetup-temp-allocator-size-gi-baking-worker=262144"
    "memorysetup-temp-allocator-size-gfx=262144"
Player connection [20200] Host "[IP] 172.17.122.121 [Port] 0 [Flags] 2 [Guid] 3595018981 [EditorId] 3595018981 [Version] 1048832 [Id] WindowsEditor(7,Piotr-Laptop) [Debug] 1 [PackageName] WindowsEditor [ProjectName] Editor" joined multi-casting on [225.0.0.222:54997]...

Player connection [20200] Host "[IP] 172.17.122.121 [Port] 0 [Flags] 2 [Guid] 3595018981 [EditorId] 3595018981 [Version] 1048832 [Id] WindowsEditor(7,Piotr-Laptop) [Debug] 1 [PackageName] WindowsEditor [ProjectName] Editor" joined alternative multi-casting on [225.0.0.222:34997]...

[Physics::Module] Initialized MultithreadedJobDispatcher with 11 workers.
Refreshing native plugins compatible for Editor in 22.00 ms, found 10 plugins.
Preloading 1 native plugins for Editor in 0.44 ms.
Initialize engine version: 2022.3.9f1 (ea401c316338)
[Subsystems] Discovering subsystems at path C:/Program Files/Unity/Hub/Editor/2022.3.9f1/Editor/Data/Resources/UnitySubsystems
[Subsystems] Discovering subsystems at path C:/Users/User/Desktop/ca-piotrWarkocki2003/Create with VR/VR Room-Piotr/Assets
GfxDevice: creating device client; threaded=0; jobified=0
Direct3D:
    Version:  Direct3D 11.0 [level 11.1]
    Renderer: NVIDIA GeForce RTX 2080 Super (ID=0x1ed3)
    Vendor:   NVIDIA
    VRAM:     8010 MB
    Driver:   30.0.15.1278
Initialize mono
Mono path[0] = 'C:/Program Files/Unity/Hub/Editor/2022.3.9f1/Editor/Data/Managed'
Mono path[1] = 'C:/Program Files/Unity/Hub/Editor/2022.3.9f1/Editor/Data/MonoBleedingEdge/lib/mono/unityjit-win32'
Mono config path = 'C:/Program Files/Unity/Hub/Editor/2022.3.9f1/Editor/Data/MonoBleedingEdge/etc'
Using monoOptions --debugger-agent=transport=dt_socket,embedding=1,server=y,suspend=n,address=127.0.0.1:56060
Begin MonoManager ReloadAssembly
Registering precompiled unity dll's ...
Register platform support module: C:/Program Files/Unity/Hub/Editor/2022.3.9f1/Editor/Data/PlaybackEngines/WindowsStandaloneSupport/UnityEditor.WindowsStandalone.Extensions.dll
Registered in 0.007597 seconds.
- Loaded All Assemblies, in  0.377 seconds
Native extension for WindowsStandalone target not found
Mono: successfully reloaded assembly
- Finished resetting the current domain, in  0.244 seconds
Domain Reload Profiling: 619ms
	BeginReloadAssembly (119ms)
		ExecutionOrderSort (0ms)
		DisableScriptedObjects (0ms)
		BackupInstance (0ms)
		ReleaseScriptingObjects (0ms)
		CreateAndSetChildDomain (1ms)
	RebuildCommonClasses (47ms)
	RebuildNativeTypeToScriptingClass (11ms)
	initialDomainReloadingComplete (56ms)
	LoadAllAssembliesAndSetupDomain (142ms)
		LoadAssemblies (116ms)
		RebuildTransferFunctionScriptingTraits (0ms)
		AnalyzeDomain (141ms)
			TypeCache.Refresh (139ms)
				TypeCache.ScanAssembly (124ms)
			ScanForSourceGeneratedMonoScriptInfo (1ms)
			ResolveRequiredComponents (1ms)
	FinalizeReload (244ms)
		ReleaseScriptCaches (0ms)
		RebuildScriptCaches (0ms)
		SetupLoadedEditorAssemblies (183ms)
			LogAssemblyErrors (0ms)
			InitializePlatformSupportModulesInManaged (8ms)
			SetLoadedEditorAssemblies (6ms)
			RefreshPlugins (0ms)
			BeforeProcessingInitializeOnLoad (2ms)
			ProcessInitializeOnLoadAttributes (123ms)
			ProcessInitializeOnLoadMethodAttributes (44ms)
			AfterProcessingInitializeOnLoad (0ms)
			EditorAssembliesLoaded (0ms)
		ExecutionOrderSort2 (0ms)
		AwakeInstancesAfterBackupRestoration (0ms)
========================================================================
Worker process is ready to serve import requests
Begin MonoManager ReloadAssembly
- Loaded All Assemblies, in  0.744 seconds
Refreshing native plugins compatible for Editor in 12.12 ms, found 10 plugins.
Native extension for WindowsStandalone target not found
Package Manager log level set to [2]
[Package Manager] Server::EnsureServerProcessIsRunning -- launch failed, reason: Unity was launched with the -noUpm command-line argument
[Package Manager] UpmClient::Send -- Unable to send message (not connected to UPM process).
[Package Manager] Cannot connect to Unity Package Manager local server
[Package Manager] Server::EnsureServerProcessIsRunning -- launch failed, reason: Unity was launched with the -noUpm command-line argument
[Package Manager] UpmClient::Send -- Unable to send message (not connected to UPM process).
[Package Manager] Cannot connect to Unity Package Manager local server
Mono: successfully reloaded assembly
[Package Manager] Server::EnsureServerProcessIsRunning -- launch failed, reason: Unity was launched with the -noUpm command-line argument
[Package Manager] UpmClient::Send -- Unable to send message (not connected to UPM process).
[Package Manager] Cannot connect to Unity Package Manager local server
[Package Manager] Server::EnsureServerProcessIsRunning -- launch failed, reason: Unity was launched with the -noUpm command-line argument
[Package Manager] UpmClient::Send -- Unable to send message (not connected to UPM process).
[Package Manager] Cannot connect to Unity Package Manager local server
- Finished resetting the current domain, in  0.951 seconds
Domain Reload Profiling: 1692ms
	BeginReloadAssembly (181ms)
		ExecutionOrderSort (0ms)
		DisableScriptedObjects (14ms)
		BackupInstance (0ms)
		ReleaseScriptingObjects (0ms)
		CreateAndSetChildDomain (22ms)
	RebuildCommonClasses (35ms)
	RebuildNativeTypeToScriptingClass (11ms)
	initialDomainReloadingComplete (45ms)
	LoadAllAssembliesAndSetupDomain (468ms)
		LoadAssemblies (323ms)
		RebuildTransferFunctionScriptingTraits (0ms)
		AnalyzeDomain (249ms)
			TypeCache.Refresh (209ms)
				TypeCache.ScanAssembly (186ms)
			ScanForSourceGeneratedMonoScriptInfo (27ms)
			ResolveRequiredComponents (12ms)
	FinalizeReload (952ms)
		ReleaseScriptCaches (0ms)
		RebuildScriptCaches (0ms)
		SetupLoadedEditorAssemblies (745ms)
			LogAssemblyErrors (0ms)
			InitializePlatformSupportModulesInManaged (8ms)
			SetLoadedEditorAssemblies (5ms)
			RefreshPlugins (0ms)
			BeforeProcessingInitializeOnLoad (121ms)
			ProcessInitializeOnLoadAttributes (487ms)
			ProcessInitializeOnLoadMethodAttributes (116ms)
			AfterProcessingInitializeOnLoad (8ms)
			EditorAssembliesLoaded (0ms)
		ExecutionOrderSort2 (0ms)
		AwakeInstancesAfterBackupRestoration (6ms)
Launched and connected shader compiler UnityShaderCompiler.exe after 0.04 seconds
Refreshing native plugins compatible for Editor in 15.58 ms, found 10 plugins.
Preloading 1 native plugins for Editor in 0.05 ms.
Unloading 6159 Unused Serialized files (Serialized files now loaded: 0)
Unloading 108 unused Assets / (367.9 KB). Loaded Objects now: 6623.
Memory consumption went from 232.3 MB to 231.9 MB.
Total: 4.447800 ms (FindLiveObjects: 0.589400 ms CreateObjectMapping: 0.578700 ms MarkObjects: 2.980400 ms  DeleteObjects: 0.298000 ms)

AssetImportParameters requested are different than current active one (requested -> active):
  custom:container-demuxer-ogg: 62fdf1f143b41e24485cea50d1cbac27 -> 
  custom:video-decoder-ogg-theora: a1e56fd34408186e4bbccfd4996cb3dc -> 
  custom:framework-win-MediaFoundation: 216162199b28c13a410421893ffa2e32 -> 
  custom:CustomObjectIndexerAttribute: a3ef5dd2817f97addfee359851a9dba5 -> 
  custom:container-demuxer-webm: 4f35f7cbe854078d1ac9338744f61a02 -> 
  custom:container-muxer-webm: aa71ff27fc2769a1b78a27578f13a17b -> 
  custom:video-decoder-webm-vp8: 9c59270c3fd7afecdb556c50c9e8de78 -> 
  custom:SearchIndexIgnoredProperties: e643bd26f0fe6173181afceb89e7c659 -> 
  custom:AudioImporter_EditorPlatform: d09bf68614088b80899f8185d706f6e7 -> 
  custom:video-encoder-webm-vp8: eb34c28f22e8b96e1ab97ce403110664 -> 
  custom:audio-decoder-ogg-vorbis: bf7c407c2cedff20999df2af8eb42d56 -> 
  custom:audio-encoder-webm-vorbis: bf7c407c2cedff20999df2af8eb42d56 -> 
========================================================================
Received Import Request.
  Time since last request: 68501.309247 seconds.
  path: Assets/ATLAS/Customizable Kitchen Pack/Textures/Seamless/Granite/PNG/Countertop_Granite_Dark004.png
  artifactKey: Guid(2d62434ff388d9647a18e827158515a0) Importer(815301076,1909f56bfc062723c751e8b465ee728b)
Start importing Assets/ATLAS/Customizable Kitchen Pack/Textures/Seamless/Granite/PNG/Countertop_Granite_Dark004.png using Guid(2d62434ff388d9647a18e827158515a0) Importer(815301076,1909f56bfc062723c751e8b465ee728b)  -> (artifact id: '3594dfd2e7e4a5c60eeacc7363e35f4c') in 0.101764 seconds
Number of updated asset objects reloaded before import = 0
Number of asset objects unloaded after import = 2
========================================================================
Received Import Request.
  Time since last request: 0.000018 seconds.
  path: Assets/ATLAS/Customizable Kitchen Pack/Textures/Seamless/Granite/PNG/Countertop_Granite_Medium001.png
  artifactKey: Guid(4f7787311e9331345b08db4426066c02) Importer(815301076,1909f56bfc062723c751e8b465ee728b)
Start importing Assets/ATLAS/Customizable Kitchen Pack/Textures/Seamless/Granite/PNG/Countertop_Granite_Medium001.png using Guid(4f7787311e9331345b08db4426066c02) Importer(815301076,1909f56bfc062723c751e8b465ee728b)  -> (artifact id: 'cecbac57fe7c8c1971f829eda83fb80a') in 0.018955 seconds
Number of updated asset objects reloaded before import = 0
Number of asset objects unloaded after import = 2
========================================================================
Received Import Request.
  Time since last request: 0.000021 seconds.
  path: Assets/ATLAS/Customizable Kitchen Pack/Textures/Seamless/Granite/PSD/Countertop_Granite_Dark009.psd
  artifactKey: Guid(334ef54db72c98f45bd08a99861c0378) Importer(815301076,1909f56bfc062723c751e8b465ee728b)
Start importing Assets/ATLAS/Customizable Kitchen Pack/Textures/Seamless/Granite/PSD/Countertop_Granite_Dark009.psd using Guid(334ef54db72c98f45bd08a99861c0378) Importer(815301076,1909f56bfc062723c751e8b465ee728b)  -> (artifact id: '02047781c0fc74277d2018d844dde976') in 0.017099 seconds
Number of updated asset objects reloaded before import = 0
Number of asset objects unloaded after import = 2
========================================================================
Received Import Request.
  Time since last request: 0.000014 seconds.
  path: Assets/ATLAS/Customizable Kitchen Pack/Textures/Seamless/Granite/PNG/Countertop_Granite_Light003.png
  artifactKey: Guid(9cd3a062cc432aa4db7c494bed7663e0) Importer(815301076,1909f56bfc062723c751e8b465ee728b)
Start importing Assets/ATLAS/Customizable Kitchen Pack/Textures/Seamless/Granite/PNG/Countertop_Granite_Light003.png using Guid(9cd3a062cc432aa4db7c494bed7663e0) Importer(815301076,1909f56bfc062723c751e8b465ee728b)  -> (artifact id: 'cb377d05370df0c8d344ebdc285b243b') in 0.014815 seconds
Number of updated asset objects reloaded before import = 0
Number of asset objects unloaded after import = 2
========================================================================
Received Import Request.
  Time since last request: 0.239208 seconds.
  path: Assets/ATLAS/Customizable Kitchen Pack/Textures/Seamless/Granite/PNG/Countertop_Granite_Medium003.png
  artifactKey: Guid(f9117aa4dc6b4544c83d768c3e0f4875) Importer(815301076,1909f56bfc062723c751e8b465ee728b)
Start importing Assets/ATLAS/Customizable Kitchen Pack/Textures/Seamless/Granite/PNG/Countertop_Granite_Medium003.png using Guid(f9117aa4dc6b4544c83d768c3e0f4875) Importer(815301076,1909f56bfc062723c751e8b465ee728b)  -> (artifact id: 'f95bd9fcb5d452a79f3dacab42a35d14') in 0.014577 seconds
Number of updated asset objects reloaded before import = 0
Number of asset objects unloaded after import = 2
========================================================================
Received Import Request.
  Time since last request: 0.036987 seconds.
  path: Assets/ATLAS/Customizable Kitchen Pack/Textures/Seamless/Granite/PSD/Countertop_Granite_Medium007.psd
  artifactKey: Guid(9d05d342398271b4586fa9641b785e71) Importer(815301076,1909f56bfc062723c751e8b465ee728b)
Start importing Assets/ATLAS/Customizable Kitchen Pack/Textures/Seamless/Granite/PSD/Countertop_Granite_Medium007.psd using Guid(9d05d342398271b4586fa9641b785e71) Importer(815301076,1909f56bfc062723c751e8b465ee728b)  -> (artifact id: '29a7ba22dc02102a74cedf2e75f8119b') in 0.013331 seconds
Number of updated asset objects reloaded before import = 0
Number of asset objects unloaded after import = 2
========================================================================
Received Import Request.
  Time since last request: 0.000011 seconds.
  path: Assets/ATLAS/Customizable Kitchen Pack/Textures/Seamless/Granite/PNG/Countertop_Granite_Medium008.png
  artifactKey: Guid(9529b974b313aba44bad177d46e9edcb) Importer(815301076,1909f56bfc062723c751e8b465ee728b)
Start importing Assets/ATLAS/Customizable Kitchen Pack/Textures/Seamless/Granite/PNG/Countertop_Granite_Medium008.png using Guid(9529b974b313aba44bad177d46e9edcb) Importer(815301076,1909f56bfc062723c751e8b465ee728b)  -> (artifact id: 'd16397b117a910bbd03c7caf3803d736') in 0.015273 seconds
Number of updated asset objects reloaded before import = 0
Number of asset objects unloaded after import = 2
========================================================================
Received Import Request.
  Time since last request: 0.000017 seconds.
  path: Assets/ATLAS/Customizable Kitchen Pack/Textures/Seamless/Granite/PNG/Countertop_Granite_Medium013.png
  artifactKey: Guid(49ae336ca9884f341980e62c97084301) Importer(815301076,1909f56bfc062723c751e8b465ee728b)
Start importing Assets/ATLAS/Customizable Kitchen Pack/Textures/Seamless/Granite/PNG/Countertop_Granite_Medium013.png using Guid(49ae336ca9884f341980e62c97084301) Importer(815301076,1909f56bfc062723c751e8b465ee728b)  -> (artifact id: '48f39007acd155098e97dc597a3f54c9') in 0.014807 seconds
Number of updated asset objects reloaded before import = 0
Number of asset objects unloaded after import = 2
========================================================================
Received Import Request.
  Time since last request: 2.518934 seconds.
  path: Assets/ATLAS/Customizable Kitchen Pack/Textures/Seamless/Marble/PNG/Countertop_Marble_Dark002.png
  artifactKey: Guid(5062f847ba5155e45a18924a54eeb721) Importer(815301076,1909f56bfc062723c751e8b465ee728b)
Start importing Assets/ATLAS/Customizable Kitchen Pack/Textures/Seamless/Marble/PNG/Countertop_Marble_Dark002.png using Guid(5062f847ba5155e45a18924a54eeb721) Importer(815301076,1909f56bfc062723c751e8b465ee728b)  -> (artifact id: 'acbba4ad6743c559b9147ef5854f6a8e') in 0.019939 seconds
Number of updated asset objects reloaded before import = 0
Number of asset objects unloaded after import = 2
========================================================================
Received Import Request.
  Time since last request: 0.019465 seconds.
  path: Assets/ATLAS/Customizable Kitchen Pack/Textures/Seamless/Marble/PSD/Countertop_Marble_Dark005.psd
  artifactKey: Guid(7deb7b58344c1894ebc55bb31b1bb710) Importer(815301076,1909f56bfc062723c751e8b465ee728b)
Start importing Assets/ATLAS/Customizable Kitchen Pack/Textures/Seamless/Marble/PSD/Countertop_Marble_Dark005.psd using Guid(7deb7b58344c1894ebc55bb31b1bb710) Importer(815301076,1909f56bfc062723c751e8b465ee728b)  -> (artifact id: 'ceb5d4c9edc3db14de0fb27567ffafa2') in 0.020078 seconds
Number of updated asset objects reloaded before import = 0
Number of asset objects unloaded after import = 2
========================================================================
Received Import Request.
  Time since last request: 0.004538 seconds.
  path: Assets/ATLAS/Customizable Kitchen Pack/Textures/Seamless/Marble/PSD/Countertop_Marble_Light004.psd
  artifactKey: Guid(6c83a2a6f279d394c9c464cdca0999f2) Importer(815301076,1909f56bfc062723c751e8b465ee728b)
Start importing Assets/ATLAS/Customizable Kitchen Pack/Textures/Seamless/Marble/PSD/Countertop_Marble_Light004.psd using Guid(6c83a2a6f279d394c9c464cdca0999f2) Importer(815301076,1909f56bfc062723c751e8b465ee728b)  -> (artifact id: 'f81b753679743ece7185bf081d9f84e4') in 0.019988 seconds
Number of updated asset objects reloaded before import = 0
Number of asset objects unloaded after import = 2
========================================================================
Received Import Request.
  Time since last request: 0.000015 seconds.
  path: Assets/ATLAS/Customizable Kitchen Pack/Textures/Seamless/Marble/PSD/Countertop_Marble_Medium001.psd
  artifactKey: Guid(5726b206a69107647a1729fcd2890126) Importer(815301076,1909f56bfc062723c751e8b465ee728b)
Start importing Assets/ATLAS/Customizable Kitchen Pack/Textures/Seamless/Marble/PSD/Countertop_Marble_Medium001.psd using Guid(5726b206a69107647a1729fcd2890126) Importer(815301076,1909f56bfc062723c751e8b465ee728b)  -> (artifact id: 'b605ec5c9fcb7c7daa8380adce710bab') in 0.019259 seconds
Number of updated asset objects reloaded before import = 0
Number of asset objects unloaded after import = 2
========================================================================
Received Import Request.
  Time since last request: 0.806501 seconds.
  path: Assets/ATLAS/Customizable Kitchen Pack/Textures/Seamless/Stone/PSD/Countertop_Stone_Medium001.psd
  artifactKey: Guid(d4a614a38d4b84245a4f612218cc2d31) Importer(815301076,1909f56bfc062723c751e8b465ee728b)
Start importing Assets/ATLAS/Customizable Kitchen Pack/Textures/Seamless/Stone/PSD/Countertop_Stone_Medium001.psd using Guid(d4a614a38d4b84245a4f612218cc2d31) Importer(815301076,1909f56bfc062723c751e8b465ee728b)  -> (artifact id: 'c75d4497c8a8cb088ccbfd6034bb52c5') in 0.047119 seconds
Number of updated asset objects reloaded before import = 0
Number of asset objects unloaded after import = 2
========================================================================
Received Import Request.
  Time since last request: 0.001562 seconds.
  path: Assets/ATLAS/Customizable Kitchen Pack/Textures/Seamless/Striped/PNG/Countertop_Striped002.png
  artifactKey: Guid(c7fdd871bc0efe74b97a0f4402199689) Importer(815301076,1909f56bfc062723c751e8b465ee728b)
Start importing Assets/ATLAS/Customizable Kitchen Pack/Textures/Seamless/Striped/PNG/Countertop_Striped002.png using Guid(c7fdd871bc0efe74b97a0f4402199689) Importer(815301076,1909f56bfc062723c751e8b465ee728b)  -> (artifact id: '0788ba37878c33bf0aa86c021dc0dc99') in 0.032470 seconds
Number of updated asset objects reloaded before import = 0
Number of asset objects unloaded after import = 2
========================================================================
Received Import Request.
  Time since last request: 54.625518 seconds.
  path: Assets/Alstrainfinite/KitchenAppliances/Prefabs/Fridge_SBS.prefab
  artifactKey: Guid(51ed19930404371458e8d3152edbad78) Importer(815301076,1909f56bfc062723c751e8b465ee728b)
Start importing Assets/Alstrainfinite/KitchenAppliances/Prefabs/Fridge_SBS.prefab using Guid(51ed19930404371458e8d3152edbad78) Importer(815301076,1909f56bfc062723c751e8b465ee728b)  -> (artifact id: '8c6a1439a71c6113276268c3cbee054f') in 0.293194 seconds
Number of updated asset objects reloaded before import = 0
Number of asset objects unloaded after import = 47
========================================================================
Received Import Request.
  Time since last request: 665.598815 seconds.
  path: Assets/_Course Library/_Prefabs/Objects/Fruit
  artifactKey: Guid(20769b66ddec54dc48feaa33866aa03d) Importer(815301076,1909f56bfc062723c751e8b465ee728b)
Start importing Assets/_Course Library/_Prefabs/Objects/Fruit using Guid(20769b66ddec54dc48feaa33866aa03d) Importer(815301076,1909f56bfc062723c751e8b465ee728b)  -> (artifact id: '57af50a680b29763f9f5da8d28b3eb18') in 0.000798 seconds
Number of updated asset objects reloaded before import = 0
Number of asset objects unloaded after import = 0
