Using pre-set license
Built from '2022.3/staging' branch; Version is '2022.3.9f1 (ea401c316338) revision 15351836'; Using compiler version '192829333'; Build Type 'Release'
OS: 'Windows 11  (10.0.22000) 64bit Professional' Language: 'en' Physical Memory: 16222 MB
BatchMode: 1, IsHumanControllingUs: 0, StartBugReporterOnCrash: 0, Is64bit: 1, IsPro: 1

COMMAND LINE ARGUMENTS:
C:\Program Files\Unity\Hub\Editor\2022.3.9f1\Editor\Unity.exe
-adb2
-batchMode
-noUpm
-name
AssetImportWorker13
-projectPath
C:/Users/User/Desktop/ca-piotrWarkocki2003/Create with VR/VR Room-Piotr
-logFile
Logs/AssetImportWorker13.log
-srvPort
50169
Successfully changed project path to: C:/Users/User/Desktop/ca-piotrWarkocki2003/Create with VR/VR Room-Piotr
C:/Users/User/Desktop/ca-piotrWarkocki2003/Create with VR/VR Room-Piotr
[UnityMemory] Configuration Parameters - Can be set up in boot.config
    "memorysetup-bucket-allocator-granularity=16"
    "memorysetup-bucket-allocator-bucket-count=8"
    "memorysetup-bucket-allocator-block-size=33554432"
    "memorysetup-bucket-allocator-block-count=8"
    "memorysetup-main-allocator-block-size=16777216"
    "memorysetup-thread-allocator-block-size=16777216"
    "memorysetup-gfx-main-allocator-block-size=16777216"
    "memorysetup-gfx-thread-allocator-block-size=16777216"
    "memorysetup-cache-allocator-block-size=4194304"
    "memorysetup-typetree-allocator-block-size=2097152"
    "memorysetup-profiler-bucket-allocator-granularity=16"
    "memorysetup-profiler-bucket-allocator-bucket-count=8"
    "memorysetup-profiler-bucket-allocator-block-size=33554432"
    "memorysetup-profiler-bucket-allocator-block-count=8"
    "memorysetup-profiler-allocator-block-size=16777216"
    "memorysetup-profiler-editor-allocator-block-size=1048576"
    "memorysetup-temp-allocator-size-main=16777216"
    "memorysetup-job-temp-allocator-block-size=2097152"
    "memorysetup-job-temp-allocator-block-size-background=1048576"
    "memorysetup-job-temp-allocator-reduction-small-platforms=262144"
    "memorysetup-allocator-temp-initial-block-size-main=262144"
    "memorysetup-allocator-temp-initial-block-size-worker=262144"
    "memorysetup-temp-allocator-size-background-worker=32768"
    "memorysetup-temp-allocator-size-job-worker=262144"
    "memorysetup-temp-allocator-size-preload-manager=33554432"
    "memorysetup-temp-allocator-size-nav-mesh-worker=65536"
    "memorysetup-temp-allocator-size-audio-worker=65536"
    "memorysetup-temp-allocator-size-cloud-worker=32768"
    "memorysetup-temp-allocator-size-gi-baking-worker=262144"
    "memorysetup-temp-allocator-size-gfx=262144"
Player connection [3416] Host "[IP] 172.17.122.121 [Port] 0 [Flags] 2 [Guid] 2556958253 [EditorId] 2556958253 [Version] 1048832 [Id] WindowsEditor(7,Piotr-Laptop) [Debug] 1 [PackageName] WindowsEditor [ProjectName] Editor" joined multi-casting on [225.0.0.222:54997]...

Player connection [3416] Host "[IP] 172.17.122.121 [Port] 0 [Flags] 2 [Guid] 2556958253 [EditorId] 2556958253 [Version] 1048832 [Id] WindowsEditor(7,Piotr-Laptop) [Debug] 1 [PackageName] WindowsEditor [ProjectName] Editor" joined alternative multi-casting on [225.0.0.222:34997]...

[Physics::Module] Initialized MultithreadedJobDispatcher with 11 workers.
Refreshing native plugins compatible for Editor in 20.31 ms, found 10 plugins.
Preloading 1 native plugins for Editor in 0.56 ms.
Initialize engine version: 2022.3.9f1 (ea401c316338)
[Subsystems] Discovering subsystems at path C:/Program Files/Unity/Hub/Editor/2022.3.9f1/Editor/Data/Resources/UnitySubsystems
[Subsystems] Discovering subsystems at path C:/Users/User/Desktop/ca-piotrWarkocki2003/Create with VR/VR Room-Piotr/Assets
GfxDevice: creating device client; threaded=0; jobified=0
Direct3D:
    Version:  Direct3D 11.0 [level 11.1]
    Renderer: NVIDIA GeForce RTX 2080 Super (ID=0x1ed3)
    Vendor:   NVIDIA
    VRAM:     8010 MB
    Driver:   30.0.15.1278
Initialize mono
Mono path[0] = 'C:/Program Files/Unity/Hub/Editor/2022.3.9f1/Editor/Data/Managed'
Mono path[1] = 'C:/Program Files/Unity/Hub/Editor/2022.3.9f1/Editor/Data/MonoBleedingEdge/lib/mono/unityjit-win32'
Mono config path = 'C:/Program Files/Unity/Hub/Editor/2022.3.9f1/Editor/Data/MonoBleedingEdge/etc'
Using monoOptions --debugger-agent=transport=dt_socket,embedding=1,server=y,suspend=n,address=127.0.0.1:56256
Begin MonoManager ReloadAssembly
Registering precompiled unity dll's ...
Register platform support module: C:/Program Files/Unity/Hub/Editor/2022.3.9f1/Editor/Data/PlaybackEngines/WindowsStandaloneSupport/UnityEditor.WindowsStandalone.Extensions.dll
Registered in 0.005993 seconds.
- Loaded All Assemblies, in  0.338 seconds
Native extension for WindowsStandalone target not found
Mono: successfully reloaded assembly
- Finished resetting the current domain, in  0.223 seconds
Domain Reload Profiling: 560ms
	BeginReloadAssembly (119ms)
		ExecutionOrderSort (0ms)
		DisableScriptedObjects (0ms)
		BackupInstance (0ms)
		ReleaseScriptingObjects (0ms)
		CreateAndSetChildDomain (1ms)
	RebuildCommonClasses (36ms)
	RebuildNativeTypeToScriptingClass (10ms)
	initialDomainReloadingComplete (48ms)
	LoadAllAssembliesAndSetupDomain (123ms)
		LoadAssemblies (116ms)
		RebuildTransferFunctionScriptingTraits (0ms)
		AnalyzeDomain (121ms)
			TypeCache.Refresh (120ms)
				TypeCache.ScanAssembly (108ms)
			ScanForSourceGeneratedMonoScriptInfo (0ms)
			ResolveRequiredComponents (0ms)
	FinalizeReload (223ms)
		ReleaseScriptCaches (0ms)
		RebuildScriptCaches (0ms)
		SetupLoadedEditorAssemblies (169ms)
			LogAssemblyErrors (0ms)
			InitializePlatformSupportModulesInManaged (8ms)
			SetLoadedEditorAssemblies (6ms)
			RefreshPlugins (0ms)
			BeforeProcessingInitializeOnLoad (2ms)
			ProcessInitializeOnLoadAttributes (116ms)
			ProcessInitializeOnLoadMethodAttributes (37ms)
			AfterProcessingInitializeOnLoad (0ms)
			EditorAssembliesLoaded (0ms)
		ExecutionOrderSort2 (0ms)
		AwakeInstancesAfterBackupRestoration (0ms)
========================================================================
Worker process is ready to serve import requests
Begin MonoManager ReloadAssembly
- Loaded All Assemblies, in  0.628 seconds
Refreshing native plugins compatible for Editor in 14.33 ms, found 10 plugins.
Native extension for WindowsStandalone target not found
Package Manager log level set to [2]
[Package Manager] Server::EnsureServerProcessIsRunning -- launch failed, reason: Unity was launched with the -noUpm command-line argument
[Package Manager] UpmClient::Send -- Unable to send message (not connected to UPM process).
[Package Manager] Cannot connect to Unity Package Manager local server
[Package Manager] Server::EnsureServerProcessIsRunning -- launch failed, reason: Unity was launched with the -noUpm command-line argument
[Package Manager] UpmClient::Send -- Unable to send message (not connected to UPM process).
[Package Manager] Cannot connect to Unity Package Manager local server
Mono: successfully reloaded assembly
[Package Manager] Server::EnsureServerProcessIsRunning -- launch failed, reason: Unity was launched with the -noUpm command-line argument
[Package Manager] UpmClient::Send -- Unable to send message (not connected to UPM process).
[Package Manager] Cannot connect to Unity Package Manager local server
[Package Manager] Server::EnsureServerProcessIsRunning -- launch failed, reason: Unity was launched with the -noUpm command-line argument
[Package Manager] UpmClient::Send -- Unable to send message (not connected to UPM process).
[Package Manager] Cannot connect to Unity Package Manager local server
- Finished resetting the current domain, in  0.796 seconds
Domain Reload Profiling: 1420ms
	BeginReloadAssembly (149ms)
		ExecutionOrderSort (0ms)
		DisableScriptedObjects (5ms)
		BackupInstance (0ms)
		ReleaseScriptingObjects (0ms)
		CreateAndSetChildDomain (22ms)
	RebuildCommonClasses (31ms)
	RebuildNativeTypeToScriptingClass (10ms)
	initialDomainReloadingComplete (41ms)
	LoadAllAssembliesAndSetupDomain (393ms)
		LoadAssemblies (276ms)
		RebuildTransferFunctionScriptingTraits (0ms)
		AnalyzeDomain (201ms)
			TypeCache.Refresh (164ms)
				TypeCache.ScanAssembly (144ms)
			ScanForSourceGeneratedMonoScriptInfo (25ms)
			ResolveRequiredComponents (11ms)
	FinalizeReload (796ms)
		ReleaseScriptCaches (0ms)
		RebuildScriptCaches (0ms)
		SetupLoadedEditorAssemblies (631ms)
			LogAssemblyErrors (0ms)
			InitializePlatformSupportModulesInManaged (6ms)
			SetLoadedEditorAssemblies (6ms)
			RefreshPlugins (0ms)
			BeforeProcessingInitializeOnLoad (154ms)
			ProcessInitializeOnLoadAttributes (368ms)
			ProcessInitializeOnLoadMethodAttributes (91ms)
			AfterProcessingInitializeOnLoad (6ms)
			EditorAssembliesLoaded (0ms)
		ExecutionOrderSort2 (0ms)
		AwakeInstancesAfterBackupRestoration (5ms)
Launched and connected shader compiler UnityShaderCompiler.exe after 0.03 seconds
Refreshing native plugins compatible for Editor in 11.74 ms, found 10 plugins.
Preloading 1 native plugins for Editor in 0.04 ms.
Unloading 6158 Unused Serialized files (Serialized files now loaded: 0)
Unloading 108 unused Assets / (367.8 KB). Loaded Objects now: 6619.
Memory consumption went from 225.0 MB to 224.6 MB.
Total: 5.193100 ms (FindLiveObjects: 0.790900 ms CreateObjectMapping: 0.515700 ms MarkObjects: 3.664000 ms  DeleteObjects: 0.221700 ms)

AssetImportParameters requested are different than current active one (requested -> active):
  custom:container-demuxer-ogg: 62fdf1f143b41e24485cea50d1cbac27 -> 
  custom:video-decoder-ogg-theora: a1e56fd34408186e4bbccfd4996cb3dc -> 
  custom:framework-win-MediaFoundation: 216162199b28c13a410421893ffa2e32 -> 
  custom:CustomObjectIndexerAttribute: a3ef5dd2817f97addfee359851a9dba5 -> 
  custom:container-demuxer-webm: 4f35f7cbe854078d1ac9338744f61a02 -> 
  custom:container-muxer-webm: aa71ff27fc2769a1b78a27578f13a17b -> 
  custom:video-decoder-webm-vp8: 9c59270c3fd7afecdb556c50c9e8de78 -> 
  custom:SearchIndexIgnoredProperties: e643bd26f0fe6173181afceb89e7c659 -> 
  custom:AudioImporter_EditorPlatform: d09bf68614088b80899f8185d706f6e7 -> 
  custom:video-encoder-webm-vp8: eb34c28f22e8b96e1ab97ce403110664 -> 
  custom:audio-decoder-ogg-vorbis: bf7c407c2cedff20999df2af8eb42d56 -> 
  custom:audio-encoder-webm-vorbis: bf7c407c2cedff20999df2af8eb42d56 -> 
========================================================================
Received Import Request.
  Time since last request: 21245.345001 seconds.
  path: Assets/_Course Library/Materials/Solid Colors/RedDark.mat
  artifactKey: Guid(ac486b295b8d54758a11e0eba1cb0d9a) Importer(815301076,1909f56bfc062723c751e8b465ee728b)
Start importing Assets/_Course Library/Materials/Solid Colors/RedDark.mat using Guid(ac486b295b8d54758a11e0eba1cb0d9a) Importer(815301076,1909f56bfc062723c751e8b465ee728b)  -> (artifact id: 'dca3c27e23882f9bc51e0cdff43c6b95') in 0.325294 seconds
Number of updated asset objects reloaded before import = 0
Number of asset objects unloaded after import = 2
========================================================================
Received Import Request.
  Time since last request: 31.316387 seconds.
  path: Assets/MinimalistBedroom/Textures/Wood/Plywood_1k/Plywood_baseColour_01_1k.png
  artifactKey: Guid(42df164a9b8849d47a6a72e6f1cafc44) Importer(815301076,1909f56bfc062723c751e8b465ee728b)
Start importing Assets/MinimalistBedroom/Textures/Wood/Plywood_1k/Plywood_baseColour_01_1k.png using Guid(42df164a9b8849d47a6a72e6f1cafc44) Importer(815301076,1909f56bfc062723c751e8b465ee728b)  -> (artifact id: '6f3cf384eae66a59ccd835d761e4aaac') in 0.024395 seconds
Number of updated asset objects reloaded before import = 0
Number of asset objects unloaded after import = 2
========================================================================
Received Import Request.
  Time since last request: 0.123594 seconds.
  path: Assets/MinimalistBedroom/Textures/Wood/Plywood_1k/Plywood_normal_1k.png
  artifactKey: Guid(fd06beb2056abfe4f86d81364b614a29) Importer(815301076,1909f56bfc062723c751e8b465ee728b)
Start importing Assets/MinimalistBedroom/Textures/Wood/Plywood_1k/Plywood_normal_1k.png using Guid(fd06beb2056abfe4f86d81364b614a29) Importer(815301076,1909f56bfc062723c751e8b465ee728b)  -> (artifact id: '629ecd42792a7411c0def73e3a45e7ce') in 0.021369 seconds
Number of updated asset objects reloaded before import = 0
Number of asset objects unloaded after import = 2
========================================================================
Received Import Request.
  Time since last request: 0.000044 seconds.
  path: Assets/MinimalistBedroom/Textures/Fabric/Suede_1k/Suede_metalic_1k.png
  artifactKey: Guid(9eee390499a6c1f4c990478f043ee5e4) Importer(815301076,1909f56bfc062723c751e8b465ee728b)
Start importing Assets/MinimalistBedroom/Textures/Fabric/Suede_1k/Suede_metalic_1k.png using Guid(9eee390499a6c1f4c990478f043ee5e4) Importer(815301076,1909f56bfc062723c751e8b465ee728b)  -> (artifact id: '623ba70a66d0fae7d202124fdb6870bf') in 0.039683 seconds
Number of updated asset objects reloaded before import = 0
Number of asset objects unloaded after import = 2
========================================================================
Received Import Request.
  Time since last request: 0.000085 seconds.
  path: Assets/MinimalistBedroom/Textures/Wood/WoodFine_1k/WoodFine_baseColour_1k.png
  artifactKey: Guid(08917c5b32ea55b4ba1e92da6d4d95cf) Importer(815301076,1909f56bfc062723c751e8b465ee728b)
Start importing Assets/MinimalistBedroom/Textures/Wood/WoodFine_1k/WoodFine_baseColour_1k.png using Guid(08917c5b32ea55b4ba1e92da6d4d95cf) Importer(815301076,1909f56bfc062723c751e8b465ee728b)  -> (artifact id: '02aa3cf2b00e140f3a2a236dcca840c0') in 0.033374 seconds
Number of updated asset objects reloaded before import = 0
Number of asset objects unloaded after import = 2
========================================================================
Received Import Request.
  Time since last request: 0.000023 seconds.
  path: Assets/MinimalistBedroom/Textures/Wood/WoodPlanks_1k/WoodPlanks_baseColour_1k.png
  artifactKey: Guid(6ab34305aa11cd94b95819be4af8f33b) Importer(815301076,1909f56bfc062723c751e8b465ee728b)
Start importing Assets/MinimalistBedroom/Textures/Wood/WoodPlanks_1k/WoodPlanks_baseColour_1k.png using Guid(6ab34305aa11cd94b95819be4af8f33b) Importer(815301076,1909f56bfc062723c751e8b465ee728b)  -> (artifact id: 'af9abbae34629204ab5e759f27d1b9dc') in 0.019378 seconds
Number of updated asset objects reloaded before import = 0
Number of asset objects unloaded after import = 2
========================================================================
Received Import Request.
  Time since last request: 0.000286 seconds.
  path: Assets/MinimalistBedroom/Textures/Misc/StandardTexture_1k/TextureComposition_Packed_BaseColour_01.png
  artifactKey: Guid(4720dbbf7bfd10b428cbeea9e8f9e2a1) Importer(815301076,1909f56bfc062723c751e8b465ee728b)
Start importing Assets/MinimalistBedroom/Textures/Misc/StandardTexture_1k/TextureComposition_Packed_BaseColour_01.png using Guid(4720dbbf7bfd10b428cbeea9e8f9e2a1) Importer(815301076,1909f56bfc062723c751e8b465ee728b)  -> (artifact id: 'e4ce7be095706be043a825cfa84d2033') in 0.014208 seconds
Number of updated asset objects reloaded before import = 0
Number of asset objects unloaded after import = 2
========================================================================
Received Import Request.
  Time since last request: 132.614596 seconds.
  path: Assets/_Course Library/Source Files/Models/Lightsource_Candle_B.fbx
  artifactKey: Guid(e201a0032a480c8428237afc249cd112) Importer(815301076,1909f56bfc062723c751e8b465ee728b)
Start importing Assets/_Course Library/Source Files/Models/Lightsource_Candle_B.fbx using Guid(e201a0032a480c8428237afc249cd112) Importer(815301076,1909f56bfc062723c751e8b465ee728b)  -> (artifact id: '2455eff64fdd0b65792e28587b6d433e') in 0.054213 seconds
Number of updated asset objects reloaded before import = 0
Number of asset objects unloaded after import = 16
========================================================================
Received Import Request.
  Time since last request: 0.065183 seconds.
  path: Assets/_Course Library/Source Files/Models/Launcher_Stapler.fbx
  artifactKey: Guid(bf503a445ac29b1479b29c1dbf0ad594) Importer(815301076,1909f56bfc062723c751e8b465ee728b)
Start importing Assets/_Course Library/Source Files/Models/Launcher_Stapler.fbx using Guid(bf503a445ac29b1479b29c1dbf0ad594) Importer(815301076,1909f56bfc062723c751e8b465ee728b)  -> (artifact id: 'd2716b99da9e67209e8d3bb2f674fda6') in 0.035267 seconds
Number of updated asset objects reloaded before import = 0
Number of asset objects unloaded after import = 16
========================================================================
Received Import Request.
  Time since last request: 0.085927 seconds.
  path: Assets/_Course Library/Source Files/Models/Lightsource_Candle.fbx
  artifactKey: Guid(f9f87b1afb8abef438118d39b7c8263b) Importer(815301076,1909f56bfc062723c751e8b465ee728b)
Start importing Assets/_Course Library/Source Files/Models/Lightsource_Candle.fbx using Guid(f9f87b1afb8abef438118d39b7c8263b) Importer(815301076,1909f56bfc062723c751e8b465ee728b)  -> (artifact id: '60cd4fdf45846550e20f6ddac484dbc6') in 0.034985 seconds
Number of updated asset objects reloaded before import = 0
Number of asset objects unloaded after import = 16
========================================================================
Received Import Request.
  Time since last request: 0.080455 seconds.
  path: Assets/_Course Library/Source Files/Models/Mirror_A_1.fbx
  artifactKey: Guid(61988a48f5676b04d9c3c7a71e21d67f) Importer(815301076,1909f56bfc062723c751e8b465ee728b)
Start importing Assets/_Course Library/Source Files/Models/Mirror_A_1.fbx using Guid(61988a48f5676b04d9c3c7a71e21d67f) Importer(815301076,1909f56bfc062723c751e8b465ee728b)  -> (artifact id: '220743dbfdcace4fca05250eae7c5d68') in 0.022241 seconds
Number of updated asset objects reloaded before import = 0
Number of asset objects unloaded after import = 9
========================================================================
Received Import Request.
  Time since last request: 0.000018 seconds.
  path: Assets/_Course Library/Source Files/Models/Fireplace_modern_Log5.FBX
  artifactKey: Guid(9f194f8008a68124eb5eac565ed9f9f9) Importer(815301076,1909f56bfc062723c751e8b465ee728b)
Start importing Assets/_Course Library/Source Files/Models/Fireplace_modern_Log5.FBX using Guid(9f194f8008a68124eb5eac565ed9f9f9) Importer(815301076,1909f56bfc062723c751e8b465ee728b)  -> (artifact id: 'd772a7ae9d1bc26791f2cbf6c676a108') in 0.026666 seconds
Number of updated asset objects reloaded before import = 0
Number of asset objects unloaded after import = 10
========================================================================
Received Import Request.
  Time since last request: 0.000023 seconds.
  path: Assets/_Course Library/Source Files/Models/Plant_Pot_Flare.fbx
  artifactKey: Guid(aec7665d811335147a2261045ef7665d) Importer(815301076,1909f56bfc062723c751e8b465ee728b)
Start importing Assets/_Course Library/Source Files/Models/Plant_Pot_Flare.fbx using Guid(aec7665d811335147a2261045ef7665d) Importer(815301076,1909f56bfc062723c751e8b465ee728b)  -> (artifact id: '246ed11db6ef063dea25c1b203d23506') in 0.024836 seconds
Number of updated asset objects reloaded before import = 0
Number of asset objects unloaded after import = 10
========================================================================
Received Import Request.
  Time since last request: 0.000022 seconds.
  path: Assets/_Course Library/Source Files/Models/Plant_Fig.fbx
  artifactKey: Guid(fd9653b2e09c81848909857cd4f4ac93) Importer(815301076,1909f56bfc062723c751e8b465ee728b)
Start importing Assets/_Course Library/Source Files/Models/Plant_Fig.fbx using Guid(fd9653b2e09c81848909857cd4f4ac93) Importer(815301076,1909f56bfc062723c751e8b465ee728b)  -> (artifact id: '29bbbf9d3c8779514ec04db7e39e1226') in 0.052853 seconds
Number of updated asset objects reloaded before import = 0
Number of asset objects unloaded after import = 10
========================================================================
Received Import Request.
  Time since last request: 0.000020 seconds.
  path: Assets/_Course Library/Source Files/Models/Plant_A.fbx
  artifactKey: Guid(9b06acb91be5c434992a9efac8d304f9) Importer(815301076,1909f56bfc062723c751e8b465ee728b)
Start importing Assets/_Course Library/Source Files/Models/Plant_A.fbx using Guid(9b06acb91be5c434992a9efac8d304f9) Importer(815301076,1909f56bfc062723c751e8b465ee728b)  -> (artifact id: 'e6f4080db87044ed4469967c141a6f3d') in 0.026276 seconds
Number of updated asset objects reloaded before import = 0
Number of asset objects unloaded after import = 10
========================================================================
Received Import Request.
  Time since last request: 0.000022 seconds.
  path: Assets/_Course Library/Source Files/Models/Fireplace_Traditional_Log1.FBX
  artifactKey: Guid(13f324d674ec7ee4db96a6efa43bea17) Importer(815301076,1909f56bfc062723c751e8b465ee728b)
Start importing Assets/_Course Library/Source Files/Models/Fireplace_Traditional_Log1.FBX using Guid(13f324d674ec7ee4db96a6efa43bea17) Importer(815301076,1909f56bfc062723c751e8b465ee728b)  -> (artifact id: '7afb3080503397e9ecc1c7d0e12b2dec') in 0.019622 seconds
Number of updated asset objects reloaded before import = 0
Number of asset objects unloaded after import = 10
========================================================================
Received Import Request.
  Time since last request: 0.000027 seconds.
  path: Assets/MinimalistBedroom/Materials/Fabric/Rug_1k/Rug_1k_01.mat
  artifactKey: Guid(95bec7fb02595b34189f1413397c30b0) Importer(815301076,1909f56bfc062723c751e8b465ee728b)
Start importing Assets/MinimalistBedroom/Materials/Fabric/Rug_1k/Rug_1k_01.mat using Guid(95bec7fb02595b34189f1413397c30b0) Importer(815301076,1909f56bfc062723c751e8b465ee728b)  -> (artifact id: '3674bb84037dd614a11ad10ac877b931') in 0.024264 seconds
Number of updated asset objects reloaded before import = 0
Number of asset objects unloaded after import = 6
========================================================================
Received Import Request.
  Time since last request: 0.000017 seconds.
  path: Assets/MinimalistBedroom/Materials/Misc/Plaster_1k/Plaster_1k_01.mat
  artifactKey: Guid(c8dd8f85fff42dd4b931aa24f8b718b2) Importer(815301076,1909f56bfc062723c751e8b465ee728b)
Start importing Assets/MinimalistBedroom/Materials/Misc/Plaster_1k/Plaster_1k_01.mat using Guid(c8dd8f85fff42dd4b931aa24f8b718b2) Importer(815301076,1909f56bfc062723c751e8b465ee728b)  -> (artifact id: '234e994f9bb266ec3e08dbde41a213f3') in 0.009479 seconds
Number of updated asset objects reloaded before import = 0
Number of asset objects unloaded after import = 5
========================================================================
Received Import Request.
  Time since last request: 0.000016 seconds.
  path: Assets/_Course Library/Source Files/Models/Fireplace_Traditional_Log2.FBX
  artifactKey: Guid(4ad293eca63c4df488d5d80413465ea8) Importer(815301076,1909f56bfc062723c751e8b465ee728b)
Start importing Assets/_Course Library/Source Files/Models/Fireplace_Traditional_Log2.FBX using Guid(4ad293eca63c4df488d5d80413465ea8) Importer(815301076,1909f56bfc062723c751e8b465ee728b)  -> (artifact id: 'e9d2d5c0333b7b9e362ffffbdf921255') in 0.019424 seconds
Number of updated asset objects reloaded before import = 0
Number of asset objects unloaded after import = 10
========================================================================
Received Import Request.
  Time since last request: 0.000016 seconds.
  path: Assets/_Course Library/Source Files/Models/Fireplace_modern_Log4.FBX
  artifactKey: Guid(cd58a5341918c884a948876bd8a90b9a) Importer(815301076,1909f56bfc062723c751e8b465ee728b)
Start importing Assets/_Course Library/Source Files/Models/Fireplace_modern_Log4.FBX using Guid(cd58a5341918c884a948876bd8a90b9a) Importer(815301076,1909f56bfc062723c751e8b465ee728b)  -> (artifact id: 'a2fcf6352e3a024bb04e98c9692455fb') in 0.023920 seconds
Number of updated asset objects reloaded before import = 0
Number of asset objects unloaded after import = 10
========================================================================
Received Import Request.
  Time since last request: 0.000017 seconds.
  path: Assets/_Course Library/Source Files/Models/Launcher_DartGun.fbx
  artifactKey: Guid(49344d184707a6d488a27aa72f9df271) Importer(815301076,1909f56bfc062723c751e8b465ee728b)
Start importing Assets/_Course Library/Source Files/Models/Launcher_DartGun.fbx using Guid(49344d184707a6d488a27aa72f9df271) Importer(815301076,1909f56bfc062723c751e8b465ee728b)  -> (artifact id: '86a330bdfba37a9189ee62b1dd6a208a') in 0.035890 seconds
Number of updated asset objects reloaded before import = 0
Number of asset objects unloaded after import = 16
========================================================================
Received Import Request.
  Time since last request: 0.000017 seconds.
  path: Assets/_Course Library/Source Files/Models/Fireplace_Traditional.fbx
  artifactKey: Guid(4a44de4be2f18c84689cc6908ee2bfdb) Importer(815301076,1909f56bfc062723c751e8b465ee728b)
Start importing Assets/_Course Library/Source Files/Models/Fireplace_Traditional.fbx using Guid(4a44de4be2f18c84689cc6908ee2bfdb) Importer(815301076,1909f56bfc062723c751e8b465ee728b)  -> (artifact id: '9c98fff1f509b50178d29c7c198decce') in 0.037617 seconds
Number of updated asset objects reloaded before import = 0
Number of asset objects unloaded after import = 17
========================================================================
Received Import Request.
  Time since last request: 0.000023 seconds.
  path: Assets/_Course Library/Source Files/Models/Fireplace_Rustic_Log1.FBX
  artifactKey: Guid(48dd0febe89c91d4d94acd05e4728627) Importer(815301076,1909f56bfc062723c751e8b465ee728b)
Start importing Assets/_Course Library/Source Files/Models/Fireplace_Rustic_Log1.FBX using Guid(48dd0febe89c91d4d94acd05e4728627) Importer(815301076,1909f56bfc062723c751e8b465ee728b)  -> (artifact id: 'dd919e8ccec83458583bdb6c9ecbda68') in 0.018118 seconds
Number of updated asset objects reloaded before import = 0
Number of asset objects unloaded after import = 10
========================================================================
Received Import Request.
  Time since last request: 0.000036 seconds.
  path: Assets/Oculus/Spatializer/scenes/materials/SpatializedObject1.mat
  artifactKey: Guid(6498d4298a35c5c44894b5f194468896) Importer(815301076,1909f56bfc062723c751e8b465ee728b)
Start importing Assets/Oculus/Spatializer/scenes/materials/SpatializedObject1.mat using Guid(6498d4298a35c5c44894b5f194468896) Importer(815301076,1909f56bfc062723c751e8b465ee728b)  -> (artifact id: '2084b0b918b763454caa9066341b31bb') in 0.008070 seconds
Number of updated asset objects reloaded before import = 0
Number of asset objects unloaded after import = 2
========================================================================
Received Import Request.
  Time since last request: 0.000015 seconds.
  path: Assets/MinimalistBedroom/Materials/Misc/StandardTexture_1k/StandardTexture_1k_02.mat
  artifactKey: Guid(e05b2ee910fd3104e82be1f4d53e2a58) Importer(815301076,1909f56bfc062723c751e8b465ee728b)
Start importing Assets/MinimalistBedroom/Materials/Misc/StandardTexture_1k/StandardTexture_1k_02.mat using Guid(e05b2ee910fd3104e82be1f4d53e2a58) Importer(815301076,1909f56bfc062723c751e8b465ee728b)  -> (artifact id: '99c52e50711f83d6ecdb59a14f15a130') in 0.008485 seconds
Number of updated asset objects reloaded before import = 0
Number of asset objects unloaded after import = 3
========================================================================
Received Import Request.
  Time since last request: 0.000024 seconds.
  path: Assets/Challenges/02_3DPainting/Materials/Trail.mat
  artifactKey: Guid(0ce30e6d3e0ceb84296f7676ec700187) Importer(815301076,1909f56bfc062723c751e8b465ee728b)
Start importing Assets/Challenges/02_3DPainting/Materials/Trail.mat using Guid(0ce30e6d3e0ceb84296f7676ec700187) Importer(815301076,1909f56bfc062723c751e8b465ee728b)  -> (artifact id: 'c3414b8f8da80c08e2a43e9e3a0c44c6') in 0.009801 seconds
Number of updated asset objects reloaded before import = 0
Number of asset objects unloaded after import = 2
========================================================================
Received Import Request.
  Time since last request: 0.000016 seconds.
  path: Assets/_Course Library/Source Files/Models/Plant_Pot_Cylinder.fbx
  artifactKey: Guid(9a839d2141cd30746b46c090e6638fbe) Importer(815301076,1909f56bfc062723c751e8b465ee728b)
Start importing Assets/_Course Library/Source Files/Models/Plant_Pot_Cylinder.fbx using Guid(9a839d2141cd30746b46c090e6638fbe) Importer(815301076,1909f56bfc062723c751e8b465ee728b)  -> (artifact id: 'c7dd4494ed3f64653c2ca071e88b00f2') in 0.018757 seconds
Number of updated asset objects reloaded before import = 0
Number of asset objects unloaded after import = 10
========================================================================
Received Import Request.
  Time since last request: 0.000017 seconds.
  path: Assets/Challenges/02_3DPainting/Materials/Transparent.mat
  artifactKey: Guid(3df5595b00276d048879f23dcddc3f99) Importer(815301076,1909f56bfc062723c751e8b465ee728b)
Start importing Assets/Challenges/02_3DPainting/Materials/Transparent.mat using Guid(3df5595b00276d048879f23dcddc3f99) Importer(815301076,1909f56bfc062723c751e8b465ee728b)  -> (artifact id: '4ee59ab74de45f0e2c008ef2eb0c0e6d') in 0.169563 seconds
Number of updated asset objects reloaded before import = 0
Number of asset objects unloaded after import = 2
========================================================================
Received Import Request.
  Time since last request: 0.000030 seconds.
  path: Assets/_Course Library/Source Files/Models/Lamp_Table1.fbx
  artifactKey: Guid(0b4f61dddebfe9549aabcb626d737600) Importer(815301076,1909f56bfc062723c751e8b465ee728b)
Start importing Assets/_Course Library/Source Files/Models/Lamp_Table1.fbx using Guid(0b4f61dddebfe9549aabcb626d737600) Importer(815301076,1909f56bfc062723c751e8b465ee728b)  -> (artifact id: '194b16b6b0f4f88a8dbccf28291164b3') in 0.068871 seconds
Number of updated asset objects reloaded before import = 0
Number of asset objects unloaded after import = 26
========================================================================
Received Import Request.
  Time since last request: 0.000037 seconds.
  path: Assets/_Course Library/Source Files/Models/Lamp_Wall_2.fbx
  artifactKey: Guid(15cd8819c9f72a845acf8ccb7487b837) Importer(815301076,1909f56bfc062723c751e8b465ee728b)
Start importing Assets/_Course Library/Source Files/Models/Lamp_Wall_2.fbx using Guid(15cd8819c9f72a845acf8ccb7487b837) Importer(815301076,1909f56bfc062723c751e8b465ee728b)  -> (artifact id: '9067d883e60b08895fdc8ce6cebe1048') in 0.045335 seconds
Number of updated asset objects reloaded before import = 0
Number of asset objects unloaded after import = 16
========================================================================
Received Import Request.
  Time since last request: 0.000029 seconds.
  path: Assets/_Course Library/Source Files/Models/Lamp_Wall_1.fbx
  artifactKey: Guid(927ae7e9d26768c478c940a750247813) Importer(815301076,1909f56bfc062723c751e8b465ee728b)
Start importing Assets/_Course Library/Source Files/Models/Lamp_Wall_1.fbx using Guid(927ae7e9d26768c478c940a750247813) Importer(815301076,1909f56bfc062723c751e8b465ee728b)  -> (artifact id: '7f8d4a5e2a15e746a1fcc484c4419b50') in 0.023114 seconds
Number of updated asset objects reloaded before import = 0
Number of asset objects unloaded after import = 9
========================================================================
Received Import Request.
  Time since last request: 0.000024 seconds.
  path: Assets/Challenges/01_Architecture/Materials/Table.mat
  artifactKey: Guid(f30ae52748ad142f9bd11efbb2dc4c28) Importer(815301076,1909f56bfc062723c751e8b465ee728b)
Start importing Assets/Challenges/01_Architecture/Materials/Table.mat using Guid(f30ae52748ad142f9bd11efbb2dc4c28) Importer(815301076,1909f56bfc062723c751e8b465ee728b)  -> (artifact id: '086f6229b04cc8f5bd9dfe45736ac334') in 0.008839 seconds
Number of updated asset objects reloaded before import = 0
Number of asset objects unloaded after import = 2
========================================================================
Received Import Request.
  Time since last request: 0.000022 seconds.
  path: Assets/_Course Library/Source Files/Models/Fireplace_Rustic_Log2.FBX
  artifactKey: Guid(2bf54ec617a5f1b4086934af4ea7a636) Importer(815301076,1909f56bfc062723c751e8b465ee728b)
Start importing Assets/_Course Library/Source Files/Models/Fireplace_Rustic_Log2.FBX using Guid(2bf54ec617a5f1b4086934af4ea7a636) Importer(815301076,1909f56bfc062723c751e8b465ee728b)  -> (artifact id: 'a98e91ded8b39794c8bddb8c20061fbe') in 0.024351 seconds
Number of updated asset objects reloaded before import = 0
Number of asset objects unloaded after import = 10
========================================================================
Received Import Request.
  Time since last request: 0.000028 seconds.
  path: Assets/_Course Library/Source Files/Models/VR_Hand_Blue.FBX
  artifactKey: Guid(1e0aa385a29277f44abdc9f94a611727) Importer(815301076,1909f56bfc062723c751e8b465ee728b)
Start importing Assets/_Course Library/Source Files/Models/VR_Hand_Blue.FBX using Guid(1e0aa385a29277f44abdc9f94a611727) Importer(815301076,1909f56bfc062723c751e8b465ee728b)  -> (artifact id: '939fc46f0f5cb961ae680036dec86688') in 0.028420 seconds
Number of updated asset objects reloaded before import = 0
Number of asset objects unloaded after import = 10
========================================================================
Received Import Request.
  Time since last request: 0.000022 seconds.
  path: Assets/_Course Library/Source Files/Models/Container_WateringCan_C.fbx
  artifactKey: Guid(73c4a3d8ff1d32744a4419c968edd5b5) Importer(815301076,1909f56bfc062723c751e8b465ee728b)
Start importing Assets/_Course Library/Source Files/Models/Container_WateringCan_C.fbx using Guid(73c4a3d8ff1d32744a4419c968edd5b5) Importer(815301076,1909f56bfc062723c751e8b465ee728b)  -> (artifact id: 'b46e4019fee82c0e157109671f9b9f60') in 0.017193 seconds
Number of updated asset objects reloaded before import = 0
Number of asset objects unloaded after import = 9
========================================================================
Received Import Request.
  Time since last request: 0.000041 seconds.
  path: Assets/_Course Library/Source Files/Models/Chandalier_Modern.fbx
  artifactKey: Guid(8c6a7cdc75fd7ed46baea0f967191dc7) Importer(815301076,1909f56bfc062723c751e8b465ee728b)
Start importing Assets/_Course Library/Source Files/Models/Chandalier_Modern.fbx using Guid(8c6a7cdc75fd7ed46baea0f967191dc7) Importer(815301076,1909f56bfc062723c751e8b465ee728b)  -> (artifact id: '260cac2c334ed5cc89605962071992fb') in 0.017220 seconds
Number of updated asset objects reloaded before import = 0
Number of asset objects unloaded after import = 9
========================================================================
Received Import Request.
  Time since last request: 0.000044 seconds.
  path: Assets/_Course Library/Source Files/Models/Chair_Traditional_B.fbx
  artifactKey: Guid(c85425214953d3e458c75798dc76fde9) Importer(815301076,1909f56bfc062723c751e8b465ee728b)
Start importing Assets/_Course Library/Source Files/Models/Chair_Traditional_B.fbx using Guid(c85425214953d3e458c75798dc76fde9) Importer(815301076,1909f56bfc062723c751e8b465ee728b)  -> (artifact id: 'd67272bb546b51eca12baf5d402311eb') in 0.016018 seconds
Number of updated asset objects reloaded before import = 0
Number of asset objects unloaded after import = 9
========================================================================
Received Import Request.
  Time since last request: 0.000018 seconds.
  path: Assets/_Course Library/Source Files/Models/Hat_Top.fbx
  artifactKey: Guid(54349d9b903e41a4ba052e4044dd8da5) Importer(815301076,1909f56bfc062723c751e8b465ee728b)
Start importing Assets/_Course Library/Source Files/Models/Hat_Top.fbx using Guid(54349d9b903e41a4ba052e4044dd8da5) Importer(815301076,1909f56bfc062723c751e8b465ee728b)  -> (artifact id: '345442223d73c0ded9495edc593fdd29') in 0.016408 seconds
Number of updated asset objects reloaded before import = 0
Number of asset objects unloaded after import = 9
========================================================================
Received Import Request.
  Time since last request: 0.000018 seconds.
  path: Assets/_Course Library/Source Files/Models/Cabinet_Traditional.fbx
  artifactKey: Guid(607380a30bf2d1d418836bcf8ea20328) Importer(815301076,1909f56bfc062723c751e8b465ee728b)
Start importing Assets/_Course Library/Source Files/Models/Cabinet_Traditional.fbx using Guid(607380a30bf2d1d418836bcf8ea20328) Importer(815301076,1909f56bfc062723c751e8b465ee728b)  -> (artifact id: '7ce3210bc0cdd9bfd641e60d481d0b9d') in 0.035742 seconds
Number of updated asset objects reloaded before import = 0
Number of asset objects unloaded after import = 21
========================================================================
Received Import Request.
  Time since last request: 0.000018 seconds.
  path: Assets/_Course Library/Source Files/Models/Container_Can_1.fbx
  artifactKey: Guid(2d4967b7adb42d540a5ff14c43037698) Importer(815301076,1909f56bfc062723c751e8b465ee728b)
Start importing Assets/_Course Library/Source Files/Models/Container_Can_1.fbx using Guid(2d4967b7adb42d540a5ff14c43037698) Importer(815301076,1909f56bfc062723c751e8b465ee728b)  -> (artifact id: '325184aa035a5558772b832cda4a9d3a') in 0.036282 seconds
Number of updated asset objects reloaded before import = 0
Number of asset objects unloaded after import = 21
========================================================================
Received Import Request.
  Time since last request: 0.000017 seconds.
  path: Assets/_Course Library/Source Files/Models/Fireplace_Traditional_Log3.FBX
  artifactKey: Guid(754f0e8ec3a9e9449819cf43f63fc25f) Importer(815301076,1909f56bfc062723c751e8b465ee728b)
Start importing Assets/_Course Library/Source Files/Models/Fireplace_Traditional_Log3.FBX using Guid(754f0e8ec3a9e9449819cf43f63fc25f) Importer(815301076,1909f56bfc062723c751e8b465ee728b)  -> (artifact id: '332189874bc9a50ae9deab11248b3063') in 0.019963 seconds
Number of updated asset objects reloaded before import = 0
Number of asset objects unloaded after import = 10
========================================================================
Received Import Request.
  Time since last request: 0.000017 seconds.
  path: Assets/_Course Library/Source Files/Models/Hat_Witch_B.fbx
  artifactKey: Guid(5df4439e1377fd54294876933414aa54) Importer(815301076,1909f56bfc062723c751e8b465ee728b)
Start importing Assets/_Course Library/Source Files/Models/Hat_Witch_B.fbx using Guid(5df4439e1377fd54294876933414aa54) Importer(815301076,1909f56bfc062723c751e8b465ee728b)  -> (artifact id: 'dedaf85cdb4e5952a63d3c025a561d03') in 0.016823 seconds
Number of updated asset objects reloaded before import = 0
Number of asset objects unloaded after import = 9
========================================================================
Received Import Request.
  Time since last request: 0.000019 seconds.
  path: Assets/_Course Library/Source Files/Models/Food_Apple.fbx
  artifactKey: Guid(849ab66be6b9d5149adcdc3fda487ea4) Importer(815301076,1909f56bfc062723c751e8b465ee728b)
Start importing Assets/_Course Library/Source Files/Models/Food_Apple.fbx using Guid(849ab66be6b9d5149adcdc3fda487ea4) Importer(815301076,1909f56bfc062723c751e8b465ee728b)  -> (artifact id: '19f541392ecd961e15bbc085676eba06') in 0.016416 seconds
Number of updated asset objects reloaded before import = 0
Number of asset objects unloaded after import = 9
========================================================================
Received Import Request.
  Time since last request: 0.000022 seconds.
  path: Assets/_Course Library/Source Files/Models/Hat_Cap.fbx
  artifactKey: Guid(60d768ce4d3e8bf4e977015d18b28e23) Importer(815301076,1909f56bfc062723c751e8b465ee728b)
Start importing Assets/_Course Library/Source Files/Models/Hat_Cap.fbx using Guid(60d768ce4d3e8bf4e977015d18b28e23) Importer(815301076,1909f56bfc062723c751e8b465ee728b)  -> (artifact id: '583854784834625b202fade3fa12cded') in 0.015373 seconds
Number of updated asset objects reloaded before import = 0
Number of asset objects unloaded after import = 9
========================================================================
Received Import Request.
  Time since last request: 0.000024 seconds.
  path: Assets/_Course Library/Source Files/Models/Hat_Witch.fbx
  artifactKey: Guid(203f50d46d6e5ac42af7ac45c9b4987a) Importer(815301076,1909f56bfc062723c751e8b465ee728b)
Start importing Assets/_Course Library/Source Files/Models/Hat_Witch.fbx using Guid(203f50d46d6e5ac42af7ac45c9b4987a) Importer(815301076,1909f56bfc062723c751e8b465ee728b)  -> (artifact id: 'ec119027d95355c3ee3aebe93593c23c') in 0.017697 seconds
Number of updated asset objects reloaded before import = 0
Number of asset objects unloaded after import = 9
========================================================================
Received Import Request.
  Time since last request: 0.000017 seconds.
  path: Assets/_Course Library/Source Files/Models/Food_Apple_B.fbx
  artifactKey: Guid(ae4c2bc1a8ad5254dbeabd398a416c3c) Importer(815301076,1909f56bfc062723c751e8b465ee728b)
Start importing Assets/_Course Library/Source Files/Models/Food_Apple_B.fbx using Guid(ae4c2bc1a8ad5254dbeabd398a416c3c) Importer(815301076,1909f56bfc062723c751e8b465ee728b)  -> (artifact id: 'b4c2ddf2758a8c2ebef61892a03c4897') in 0.017910 seconds
Number of updated asset objects reloaded before import = 0
Number of asset objects unloaded after import = 9
========================================================================
Received Import Request.
  Time since last request: 0.000015 seconds.
  path: Assets/_Course Library/Source Files/Models/VR_Hand_Yellow.FBX
  artifactKey: Guid(f35cb61652fd6b14ab1932357338e065) Importer(815301076,1909f56bfc062723c751e8b465ee728b)
Start importing Assets/_Course Library/Source Files/Models/VR_Hand_Yellow.FBX using Guid(f35cb61652fd6b14ab1932357338e065) Importer(815301076,1909f56bfc062723c751e8b465ee728b)  -> (artifact id: 'ce2158cdb34f03942db96b0662de3596') in 0.019809 seconds
Number of updated asset objects reloaded before import = 0
Number of asset objects unloaded after import = 10
========================================================================
Received Import Request.
  Time since last request: 0.000021 seconds.
  path: Assets/_Course Library/Source Files/Models/Hat_Captain_B.fbx
  artifactKey: Guid(3ba68e88150d5894ab9f81fd605819d0) Importer(815301076,1909f56bfc062723c751e8b465ee728b)
Start importing Assets/_Course Library/Source Files/Models/Hat_Captain_B.fbx using Guid(3ba68e88150d5894ab9f81fd605819d0) Importer(815301076,1909f56bfc062723c751e8b465ee728b)  -> (artifact id: '0873be357225c48cdd2b6355692a27d9') in 0.018973 seconds
Number of updated asset objects reloaded before import = 0
Number of asset objects unloaded after import = 9
========================================================================
Received Import Request.
  Time since last request: 0.000016 seconds.
  path: Assets/_Course Library/Source Files/Models/Chair_Rustic.fbx
  artifactKey: Guid(8c1fb203490f1664ba9890dee69d5a12) Importer(815301076,1909f56bfc062723c751e8b465ee728b)
Start importing Assets/_Course Library/Source Files/Models/Chair_Rustic.fbx using Guid(8c1fb203490f1664ba9890dee69d5a12) Importer(815301076,1909f56bfc062723c751e8b465ee728b)  -> (artifact id: 'c0c8b37cd480220cee4f51996e7abe96') in 0.016765 seconds
Number of updated asset objects reloaded before import = 0
Number of asset objects unloaded after import = 9
========================================================================
Received Import Request.
  Time since last request: 0.000018 seconds.
  path: Assets/_Course Library/Source Files/Models/Joystick_1.fbx
  artifactKey: Guid(555e7d4cf3ee70344a01ecaeae005ccb) Importer(815301076,1909f56bfc062723c751e8b465ee728b)
Start importing Assets/_Course Library/Source Files/Models/Joystick_1.fbx using Guid(555e7d4cf3ee70344a01ecaeae005ccb) Importer(815301076,1909f56bfc062723c751e8b465ee728b)  -> (artifact id: '18bdaff064dbd96e99a444d175853dd1') in 0.038851 seconds
Number of updated asset objects reloaded before import = 0
Number of asset objects unloaded after import = 21
========================================================================
Received Import Request.
  Time since last request: 0.000616 seconds.
  path: Assets/MinimalistBedroom/Models/Interior/Materials/No Name.mat
  artifactKey: Guid(3e23a0ee448e8854a82f5a1ac6d49f4c) Importer(815301076,1909f56bfc062723c751e8b465ee728b)
Start importing Assets/MinimalistBedroom/Models/Interior/Materials/No Name.mat using Guid(3e23a0ee448e8854a82f5a1ac6d49f4c) Importer(815301076,1909f56bfc062723c751e8b465ee728b)  -> (artifact id: '2b84d5ee599a16b016777d37ab84279f') in 0.008731 seconds
Number of updated asset objects reloaded before import = 0
Number of asset objects unloaded after import = 2
========================================================================
Received Import Request.
  Time since last request: 0.040810 seconds.
  path: Assets/_Course Library/Source Files/Models/Art_Painting_5.fbx
  artifactKey: Guid(d6abe7a25983f9c4ea3bb6f1a0ae0d9a) Importer(815301076,1909f56bfc062723c751e8b465ee728b)
Start importing Assets/_Course Library/Source Files/Models/Art_Painting_5.fbx using Guid(d6abe7a25983f9c4ea3bb6f1a0ae0d9a) Importer(815301076,1909f56bfc062723c751e8b465ee728b)  -> (artifact id: '5b2c8db8ec9414728ab5e969df2e2fef') in 0.016912 seconds
Number of updated asset objects reloaded before import = 0
Number of asset objects unloaded after import = 9
========================================================================
Received Import Request.
  Time since last request: 0.000023 seconds.
  path: Assets/_Course Library/Source Files/Models/Bin_A_2.fbx
  artifactKey: Guid(cc232384fdabfcd4495a8fc87e275cfd) Importer(815301076,1909f56bfc062723c751e8b465ee728b)
Start importing Assets/_Course Library/Source Files/Models/Bin_A_2.fbx using Guid(cc232384fdabfcd4495a8fc87e275cfd) Importer(815301076,1909f56bfc062723c751e8b465ee728b)  -> (artifact id: '73561af5bb347461eb8249e51593cafa') in 0.018001 seconds
Number of updated asset objects reloaded before import = 0
Number of asset objects unloaded after import = 9
========================================================================
Received Import Request.
  Time since last request: 0.000021 seconds.
  path: Assets/MinimalistBedroom/Models/Exterior/Materials/No Name.mat
  artifactKey: Guid(12c382dc86b01e54a8bf0142e3c7303c) Importer(815301076,1909f56bfc062723c751e8b465ee728b)
Start importing Assets/MinimalistBedroom/Models/Exterior/Materials/No Name.mat using Guid(12c382dc86b01e54a8bf0142e3c7303c) Importer(815301076,1909f56bfc062723c751e8b465ee728b)  -> (artifact id: '9ef0307f92dbc73b18894e7eea888172') in 0.008104 seconds
Number of updated asset objects reloaded before import = 0
Number of asset objects unloaded after import = 2
========================================================================
Received Import Request.
  Time since last request: 0.000015 seconds.
  path: Assets/_Course Library/Source Files/Models/Bin_A_1.fbx
  artifactKey: Guid(f2110f23f107b174186bdcb3d376b30c) Importer(815301076,1909f56bfc062723c751e8b465ee728b)
Start importing Assets/_Course Library/Source Files/Models/Bin_A_1.fbx using Guid(f2110f23f107b174186bdcb3d376b30c) Importer(815301076,1909f56bfc062723c751e8b465ee728b)  -> (artifact id: '1fba971f417d7c1b421a007027de582c') in 0.017878 seconds
Number of updated asset objects reloaded before import = 0
Number of asset objects unloaded after import = 9
========================================================================
Received Import Request.
  Time since last request: 0.000019 seconds.
  path: Assets/_Course Library/Source Files/Models/Ball_Pingpong.fbx
  artifactKey: Guid(3237f124fd401c146981f5411d5e48cb) Importer(815301076,1909f56bfc062723c751e8b465ee728b)
Start importing Assets/_Course Library/Source Files/Models/Ball_Pingpong.fbx using Guid(3237f124fd401c146981f5411d5e48cb) Importer(815301076,1909f56bfc062723c751e8b465ee728b)  -> (artifact id: 'd9a87b76fc08999a8d56c1f14cfeb909') in 0.016384 seconds
Number of updated asset objects reloaded before import = 0
Number of asset objects unloaded after import = 9
========================================================================
Received Import Request.
  Time since last request: 0.000021 seconds.
  path: Assets/_Course Library/Source Files/Models/Art_Painting_3.fbx
  artifactKey: Guid(2b2238b54f5ddf94f80c61ab243c13c3) Importer(815301076,1909f56bfc062723c751e8b465ee728b)
Start importing Assets/_Course Library/Source Files/Models/Art_Painting_3.fbx using Guid(2b2238b54f5ddf94f80c61ab243c13c3) Importer(815301076,1909f56bfc062723c751e8b465ee728b)  -> (artifact id: '4a4caf38bf498cea43ce6006c7b91b32') in 0.014954 seconds
Number of updated asset objects reloaded before import = 0
Number of asset objects unloaded after import = 9
========================================================================
Received Import Request.
  Time since last request: 0.089787 seconds.
  path: Assets/_Course Library/Source Files/Models/Button_Pause.fbx
  artifactKey: Guid(b29014f100d952745a4548e8069f1d95) Importer(815301076,1909f56bfc062723c751e8b465ee728b)
Start importing Assets/_Course Library/Source Files/Models/Button_Pause.fbx using Guid(b29014f100d952745a4548e8069f1d95) Importer(815301076,1909f56bfc062723c751e8b465ee728b)  -> (artifact id: '41b4496c57af3f453979e50dcfcd44b4') in 0.014854 seconds
Number of updated asset objects reloaded before import = 0
Number of asset objects unloaded after import = 9
========================================================================
Received Import Request.
  Time since last request: 0.041961 seconds.
  path: Assets/_Course Library/Source Files/Models/Button_Play.fbx
  artifactKey: Guid(d8793a748e79fa64fb6518525754b624) Importer(815301076,1909f56bfc062723c751e8b465ee728b)
Start importing Assets/_Course Library/Source Files/Models/Button_Play.fbx using Guid(d8793a748e79fa64fb6518525754b624) Importer(815301076,1909f56bfc062723c751e8b465ee728b)  -> (artifact id: 'a1447f578398c45992a7f9e54a35b49d') in 0.017061 seconds
Number of updated asset objects reloaded before import = 0
Number of asset objects unloaded after import = 9
========================================================================
Received Import Request.
  Time since last request: 0.970145 seconds.
  path: Assets/MinimalistBedroom/Materials/Misc/GlassFaded_02.mat
  artifactKey: Guid(f16b29304c8a02d438afcb81820eee53) Importer(815301076,1909f56bfc062723c751e8b465ee728b)
Start importing Assets/MinimalistBedroom/Materials/Misc/GlassFaded_02.mat using Guid(f16b29304c8a02d438afcb81820eee53) Importer(815301076,1909f56bfc062723c751e8b465ee728b)  -> (artifact id: '528bf50ae979239bf95e4cb6685cc0a1') in 0.020579 seconds
Number of updated asset objects reloaded before import = 0
Number of asset objects unloaded after import = 2
========================================================================
Received Import Request.
  Time since last request: 0.017214 seconds.
  path: Assets/MinimalistBedroom/Materials/Misc/GlassFaded_01.mat
  artifactKey: Guid(a122f1f7919c9e04bb73269738422ca2) Importer(815301076,1909f56bfc062723c751e8b465ee728b)
Start importing Assets/MinimalistBedroom/Materials/Misc/GlassFaded_01.mat using Guid(a122f1f7919c9e04bb73269738422ca2) Importer(815301076,1909f56bfc062723c751e8b465ee728b)  -> (artifact id: 'a9c5127b6c5f4d2c63d4e9fc5e1375cc') in 0.008519 seconds
Number of updated asset objects reloaded before import = 0
Number of asset objects unloaded after import = 2
========================================================================
Received Import Request.
  Time since last request: 0.031352 seconds.
  path: Assets/MinimalistBedroom/Materials/Misc/DirtyWindow_2k_01/DirtyWindow_01.mat
  artifactKey: Guid(83fed050d17dbde42b6cbd5871197c81) Importer(815301076,1909f56bfc062723c751e8b465ee728b)
Start importing Assets/MinimalistBedroom/Materials/Misc/DirtyWindow_2k_01/DirtyWindow_01.mat using Guid(83fed050d17dbde42b6cbd5871197c81) Importer(815301076,1909f56bfc062723c751e8b465ee728b)  -> (artifact id: 'fa0096c2eefa2e20c2bb1265c9991b42') in 0.034771 seconds
Number of updated asset objects reloaded before import = 0
Number of asset objects unloaded after import = 4
========================================================================
Received Import Request.
  Time since last request: 0.000023 seconds.
  path: Assets/MinimalistBedroom/Materials/Fabric/FabricClothes_1k/FabricClothes_1k_01.mat
  artifactKey: Guid(967a9188d3185db4dacf75304337633e) Importer(815301076,1909f56bfc062723c751e8b465ee728b)
Start importing Assets/MinimalistBedroom/Materials/Fabric/FabricClothes_1k/FabricClothes_1k_01.mat using Guid(967a9188d3185db4dacf75304337633e) Importer(815301076,1909f56bfc062723c751e8b465ee728b)  -> (artifact id: '2abc4a50fd3d8916944b7776d555eb05') in 0.021642 seconds
Number of updated asset objects reloaded before import = 0
Number of asset objects unloaded after import = 7
========================================================================
Received Import Request.
  Time since last request: 0.000019 seconds.
  path: Assets/MinimalistBedroom/Materials/Fabric/FabrickClothes_1k/FabricClothes_1k_01.mat
  artifactKey: Guid(f3df0313e1e25444c9a0ed812d6ccef4) Importer(815301076,1909f56bfc062723c751e8b465ee728b)
Start importing Assets/MinimalistBedroom/Materials/Fabric/FabrickClothes_1k/FabricClothes_1k_01.mat using Guid(f3df0313e1e25444c9a0ed812d6ccef4) Importer(815301076,1909f56bfc062723c751e8b465ee728b)  -> (artifact id: '08276fb4a821b8eaf41f34365fd55b32') in 0.011695 seconds
Number of updated asset objects reloaded before import = 0
Number of asset objects unloaded after import = 7
========================================================================
Received Import Request.
  Time since last request: 22.724970 seconds.
  path: Assets/MinimalistBedroom/Materials/Wood/WoodFine_1k/WoodFine_1k_01.mat
  artifactKey: Guid(98d32ad184097e64b8c098b9cea5a018) Importer(815301076,1909f56bfc062723c751e8b465ee728b)
Start importing Assets/MinimalistBedroom/Materials/Wood/WoodFine_1k/WoodFine_1k_01.mat using Guid(98d32ad184097e64b8c098b9cea5a018) Importer(815301076,1909f56bfc062723c751e8b465ee728b)  -> (artifact id: '390b4e309b9d6f8da7b6a1e8891d7798') in 0.035621 seconds
Number of updated asset objects reloaded before import = 0
Number of asset objects unloaded after import = 5
Editor requested this worker to shutdown with reason: Scaling down because of idle timeout
TcpMessagingSession - receive error: operation aborted. errorcode: 995, details: The I/O operation has been aborted because of either a thread exit or an application request.
AssetImportWorker is now disconnected from the server
Process exiting
Exiting without the bug reporter. Application will terminate with return code 0